[2024-01-18T21:51:33.774+0300] {processor.py:153} INFO - Started process (PID=5011) to work on /home/angry/mlops_4/airflow/dags/google_mention_score.py
[2024-01-18T21:51:33.776+0300] {processor.py:743} INFO - Processing file /home/angry/mlops_4/airflow/dags/google_mention_score.py for tasks to queue
[2024-01-18T21:51:33.777+0300] {logging_mixin.py:137} INFO - [2024-01-18T21:51:33.777+0300] {dagbag.py:532} INFO - Filling up the DagBag from /home/angry/mlops_4/airflow/dags/google_mention_score.py
[2024-01-18T21:51:33.831+0300] {processor.py:753} INFO - DAG(s) dict_keys(['Google_X_mention_score']) retrieved from /home/angry/mlops_4/airflow/dags/google_mention_score.py
[2024-01-18T21:51:34.051+0300] {logging_mixin.py:137} INFO - [2024-01-18T21:51:34.051+0300] {manager.py:504} INFO - Created Permission View: can delete on DAG:Google_X_mention_score
[2024-01-18T21:51:34.069+0300] {logging_mixin.py:137} INFO - [2024-01-18T21:51:34.068+0300] {manager.py:504} INFO - Created Permission View: can read on DAG:Google_X_mention_score
[2024-01-18T21:51:34.083+0300] {logging_mixin.py:137} INFO - [2024-01-18T21:51:34.082+0300] {manager.py:504} INFO - Created Permission View: can edit on DAG:Google_X_mention_score
[2024-01-18T21:51:34.083+0300] {logging_mixin.py:137} INFO - [2024-01-18T21:51:34.083+0300] {dag.py:2705} INFO - Sync 1 DAGs
[2024-01-18T21:51:34.102+0300] {logging_mixin.py:137} INFO - [2024-01-18T21:51:34.102+0300] {dag.py:2726} INFO - Creating ORM DAG for Google_X_mention_score
[2024-01-18T21:51:34.120+0300] {logging_mixin.py:137} INFO - [2024-01-18T21:51:34.119+0300] {dag.py:3452} INFO - Setting next_dagrun for Google_X_mention_score to 2024-01-01T00:30:00+00:00, run_after=2024-01-01T01:30:00+00:00
[2024-01-18T21:51:34.156+0300] {processor.py:175} INFO - Processing /home/angry/mlops_4/airflow/dags/google_mention_score.py took 0.391 seconds
[2024-01-18T21:51:59.847+0300] {processor.py:153} INFO - Started process (PID=5036) to work on /home/angry/mlops_4/airflow/dags/google_mention_score.py
[2024-01-18T21:51:59.850+0300] {processor.py:743} INFO - Processing file /home/angry/mlops_4/airflow/dags/google_mention_score.py for tasks to queue
[2024-01-18T21:51:59.852+0300] {logging_mixin.py:137} INFO - [2024-01-18T21:51:59.852+0300] {dagbag.py:532} INFO - Filling up the DagBag from /home/angry/mlops_4/airflow/dags/google_mention_score.py
[2024-01-18T21:51:59.937+0300] {processor.py:753} INFO - DAG(s) dict_keys(['Google_X_mention_score']) retrieved from /home/angry/mlops_4/airflow/dags/google_mention_score.py
[2024-01-18T21:51:59.958+0300] {logging_mixin.py:137} INFO - [2024-01-18T21:51:59.958+0300] {dag.py:2705} INFO - Sync 1 DAGs
[2024-01-18T21:52:00.010+0300] {logging_mixin.py:137} INFO - [2024-01-18T21:52:00.007+0300] {dag.py:3452} INFO - Setting next_dagrun for Google_X_mention_score to 2024-01-01T00:30:00+00:00, run_after=2024-01-01T01:30:00+00:00
[2024-01-18T21:52:00.065+0300] {processor.py:175} INFO - Processing /home/angry/mlops_4/airflow/dags/google_mention_score.py took 0.233 seconds
[2024-01-18T21:52:58.766+0300] {processor.py:153} INFO - Started process (PID=5090) to work on /home/angry/mlops_4/airflow/dags/google_mention_score.py
[2024-01-18T21:52:58.769+0300] {processor.py:743} INFO - Processing file /home/angry/mlops_4/airflow/dags/google_mention_score.py for tasks to queue
[2024-01-18T21:52:58.770+0300] {logging_mixin.py:137} INFO - [2024-01-18T21:52:58.770+0300] {dagbag.py:532} INFO - Filling up the DagBag from /home/angry/mlops_4/airflow/dags/google_mention_score.py
[2024-01-18T21:52:58.857+0300] {processor.py:753} INFO - DAG(s) dict_keys(['Google_X_mention_score']) retrieved from /home/angry/mlops_4/airflow/dags/google_mention_score.py
[2024-01-18T21:52:58.962+0300] {logging_mixin.py:137} INFO - [2024-01-18T21:52:58.961+0300] {dag.py:2705} INFO - Sync 1 DAGs
[2024-01-18T21:52:59.072+0300] {logging_mixin.py:137} INFO - [2024-01-18T21:52:59.072+0300] {dag.py:3452} INFO - Setting next_dagrun for Google_X_mention_score to 2024-01-01T00:30:00+00:00, run_after=2024-01-01T01:30:00+00:00
[2024-01-18T21:52:59.181+0300] {processor.py:175} INFO - Processing /home/angry/mlops_4/airflow/dags/google_mention_score.py took 0.439 seconds
[2024-01-18T21:53:56.411+0300] {processor.py:153} INFO - Started process (PID=5145) to work on /home/angry/mlops_4/airflow/dags/google_mention_score.py
[2024-01-18T21:53:56.414+0300] {processor.py:743} INFO - Processing file /home/angry/mlops_4/airflow/dags/google_mention_score.py for tasks to queue
[2024-01-18T21:53:56.423+0300] {logging_mixin.py:137} INFO - [2024-01-18T21:53:56.422+0300] {dagbag.py:532} INFO - Filling up the DagBag from /home/angry/mlops_4/airflow/dags/google_mention_score.py
[2024-01-18T21:53:56.472+0300] {processor.py:753} INFO - DAG(s) dict_keys(['Google_X_mention_score']) retrieved from /home/angry/mlops_4/airflow/dags/google_mention_score.py
[2024-01-18T21:53:56.620+0300] {logging_mixin.py:137} INFO - [2024-01-18T21:53:56.619+0300] {dag.py:2705} INFO - Sync 1 DAGs
[2024-01-18T21:53:56.716+0300] {logging_mixin.py:137} INFO - [2024-01-18T21:53:56.716+0300] {dag.py:3452} INFO - Setting next_dagrun for Google_X_mention_score to 2024-01-01T00:30:00+00:00, run_after=2024-01-01T01:30:00+00:00
[2024-01-18T21:53:56.797+0300] {processor.py:175} INFO - Processing /home/angry/mlops_4/airflow/dags/google_mention_score.py took 0.394 seconds
[2024-01-18T21:56:09.951+0300] {processor.py:153} INFO - Started process (PID=5259) to work on /home/angry/mlops_4/airflow/dags/google_mention_score.py
[2024-01-18T21:56:09.955+0300] {processor.py:743} INFO - Processing file /home/angry/mlops_4/airflow/dags/google_mention_score.py for tasks to queue
[2024-01-18T21:56:09.958+0300] {logging_mixin.py:137} INFO - [2024-01-18T21:56:09.958+0300] {dagbag.py:532} INFO - Filling up the DagBag from /home/angry/mlops_4/airflow/dags/google_mention_score.py
[2024-01-18T21:56:10.000+0300] {processor.py:753} INFO - DAG(s) dict_keys(['Google_X_mention_score']) retrieved from /home/angry/mlops_4/airflow/dags/google_mention_score.py
[2024-01-18T21:56:10.079+0300] {logging_mixin.py:137} INFO - [2024-01-18T21:56:10.079+0300] {dag.py:2705} INFO - Sync 1 DAGs
[2024-01-18T21:56:10.213+0300] {processor.py:175} INFO - Processing /home/angry/mlops_4/airflow/dags/google_mention_score.py took 0.275 seconds
[2024-01-18T21:59:05.535+0300] {processor.py:153} INFO - Started process (PID=5425) to work on /home/angry/mlops_4/airflow/dags/google_mention_score.py
[2024-01-18T21:59:05.541+0300] {processor.py:743} INFO - Processing file /home/angry/mlops_4/airflow/dags/google_mention_score.py for tasks to queue
[2024-01-18T21:59:05.545+0300] {logging_mixin.py:137} INFO - [2024-01-18T21:59:05.544+0300] {dagbag.py:532} INFO - Filling up the DagBag from /home/angry/mlops_4/airflow/dags/google_mention_score.py
[2024-01-18T21:59:05.598+0300] {processor.py:753} INFO - DAG(s) dict_keys(['Google_X_mention_score']) retrieved from /home/angry/mlops_4/airflow/dags/google_mention_score.py
[2024-01-18T21:59:05.695+0300] {logging_mixin.py:137} INFO - [2024-01-18T21:59:05.695+0300] {dag.py:2705} INFO - Sync 1 DAGs
[2024-01-18T21:59:05.922+0300] {processor.py:175} INFO - Processing /home/angry/mlops_4/airflow/dags/google_mention_score.py took 0.399 seconds
[2024-01-18T22:01:06.019+0300] {processor.py:153} INFO - Started process (PID=5543) to work on /home/angry/mlops_4/airflow/dags/google_mention_score.py
[2024-01-18T22:01:06.022+0300] {processor.py:743} INFO - Processing file /home/angry/mlops_4/airflow/dags/google_mention_score.py for tasks to queue
[2024-01-18T22:01:06.025+0300] {logging_mixin.py:137} INFO - [2024-01-18T22:01:06.024+0300] {dagbag.py:532} INFO - Filling up the DagBag from /home/angry/mlops_4/airflow/dags/google_mention_score.py
[2024-01-18T22:01:06.050+0300] {processor.py:753} INFO - DAG(s) dict_keys(['Google_X_mention_score']) retrieved from /home/angry/mlops_4/airflow/dags/google_mention_score.py
[2024-01-18T22:01:06.102+0300] {logging_mixin.py:137} INFO - [2024-01-18T22:01:06.102+0300] {dag.py:2705} INFO - Sync 1 DAGs
[2024-01-18T22:01:06.150+0300] {logging_mixin.py:137} INFO - [2024-01-18T22:01:06.149+0300] {dag.py:3452} INFO - Setting next_dagrun for Google_X_mention_score to 2024-01-01T01:30:00+00:00, run_after=2024-01-01T02:30:00+00:00
[2024-01-18T22:01:06.190+0300] {processor.py:175} INFO - Processing /home/angry/mlops_4/airflow/dags/google_mention_score.py took 0.180 seconds
[2024-01-18T22:03:14.647+0300] {processor.py:153} INFO - Started process (PID=5638) to work on /home/angry/mlops_4/airflow/dags/google_mention_score.py
[2024-01-18T22:03:14.664+0300] {processor.py:743} INFO - Processing file /home/angry/mlops_4/airflow/dags/google_mention_score.py for tasks to queue
[2024-01-18T22:03:14.671+0300] {logging_mixin.py:137} INFO - [2024-01-18T22:03:14.670+0300] {dagbag.py:532} INFO - Filling up the DagBag from /home/angry/mlops_4/airflow/dags/google_mention_score.py
[2024-01-18T22:03:14.743+0300] {processor.py:753} INFO - DAG(s) dict_keys(['Google_X_mention_score']) retrieved from /home/angry/mlops_4/airflow/dags/google_mention_score.py
[2024-01-18T22:03:14.917+0300] {logging_mixin.py:137} INFO - [2024-01-18T22:03:14.916+0300] {dag.py:2705} INFO - Sync 1 DAGs
[2024-01-18T22:03:15.185+0300] {processor.py:175} INFO - Processing /home/angry/mlops_4/airflow/dags/google_mention_score.py took 0.551 seconds
