[2024-01-18T21:36:37.425+0300] {processor.py:153} INFO - Started process (PID=3279) to work on /home/angry/mlops_4/venv4/lib/python3.10/site-packages/airflow/example_dags/plugins/event_listener.py
[2024-01-18T21:36:37.426+0300] {processor.py:743} INFO - Processing file /home/angry/mlops_4/venv4/lib/python3.10/site-packages/airflow/example_dags/plugins/event_listener.py for tasks to queue
[2024-01-18T21:36:37.428+0300] {logging_mixin.py:137} INFO - [2024-01-18T21:36:37.427+0300] {dagbag.py:532} INFO - Filling up the DagBag from /home/angry/mlops_4/venv4/lib/python3.10/site-packages/airflow/example_dags/plugins/event_listener.py
[2024-01-18T21:36:37.431+0300] {processor.py:755} WARNING - No viable dags retrieved from /home/angry/mlops_4/venv4/lib/python3.10/site-packages/airflow/example_dags/plugins/event_listener.py
[2024-01-18T21:36:37.456+0300] {processor.py:175} INFO - Processing /home/angry/mlops_4/venv4/lib/python3.10/site-packages/airflow/example_dags/plugins/event_listener.py took 0.046 seconds
[2024-01-18T21:37:28.372+0300] {processor.py:153} INFO - Started process (PID=3340) to work on /home/angry/mlops_4/venv4/lib/python3.10/site-packages/airflow/example_dags/plugins/event_listener.py
[2024-01-18T21:37:28.375+0300] {processor.py:743} INFO - Processing file /home/angry/mlops_4/venv4/lib/python3.10/site-packages/airflow/example_dags/plugins/event_listener.py for tasks to queue
[2024-01-18T21:37:28.378+0300] {logging_mixin.py:137} INFO - [2024-01-18T21:37:28.377+0300] {dagbag.py:532} INFO - Filling up the DagBag from /home/angry/mlops_4/venv4/lib/python3.10/site-packages/airflow/example_dags/plugins/event_listener.py
[2024-01-18T21:37:28.382+0300] {processor.py:755} WARNING - No viable dags retrieved from /home/angry/mlops_4/venv4/lib/python3.10/site-packages/airflow/example_dags/plugins/event_listener.py
[2024-01-18T21:37:28.405+0300] {processor.py:175} INFO - Processing /home/angry/mlops_4/venv4/lib/python3.10/site-packages/airflow/example_dags/plugins/event_listener.py took 0.041 seconds
[2024-01-18T21:38:36.785+0300] {processor.py:153} INFO - Started process (PID=4067) to work on /home/angry/mlops_4/venv4/lib/python3.10/site-packages/airflow/example_dags/plugins/event_listener.py
[2024-01-18T21:38:36.788+0300] {processor.py:743} INFO - Processing file /home/angry/mlops_4/venv4/lib/python3.10/site-packages/airflow/example_dags/plugins/event_listener.py for tasks to queue
[2024-01-18T21:38:36.790+0300] {logging_mixin.py:137} INFO - [2024-01-18T21:38:36.790+0300] {dagbag.py:532} INFO - Filling up the DagBag from /home/angry/mlops_4/venv4/lib/python3.10/site-packages/airflow/example_dags/plugins/event_listener.py
[2024-01-18T21:38:36.793+0300] {processor.py:755} WARNING - No viable dags retrieved from /home/angry/mlops_4/venv4/lib/python3.10/site-packages/airflow/example_dags/plugins/event_listener.py
[2024-01-18T21:38:36.819+0300] {processor.py:175} INFO - Processing /home/angry/mlops_4/venv4/lib/python3.10/site-packages/airflow/example_dags/plugins/event_listener.py took 0.041 seconds
[2024-01-18T21:39:44.770+0300] {processor.py:153} INFO - Started process (PID=4170) to work on /home/angry/mlops_4/venv4/lib/python3.10/site-packages/airflow/example_dags/plugins/event_listener.py
[2024-01-18T21:39:44.773+0300] {processor.py:743} INFO - Processing file /home/angry/mlops_4/venv4/lib/python3.10/site-packages/airflow/example_dags/plugins/event_listener.py for tasks to queue
[2024-01-18T21:39:44.774+0300] {logging_mixin.py:137} INFO - [2024-01-18T21:39:44.774+0300] {dagbag.py:532} INFO - Filling up the DagBag from /home/angry/mlops_4/venv4/lib/python3.10/site-packages/airflow/example_dags/plugins/event_listener.py
[2024-01-18T21:39:44.778+0300] {processor.py:755} WARNING - No viable dags retrieved from /home/angry/mlops_4/venv4/lib/python3.10/site-packages/airflow/example_dags/plugins/event_listener.py
[2024-01-18T21:39:44.801+0300] {processor.py:175} INFO - Processing /home/angry/mlops_4/venv4/lib/python3.10/site-packages/airflow/example_dags/plugins/event_listener.py took 0.038 seconds
[2024-01-18T21:40:43.108+0300] {processor.py:153} INFO - Started process (PID=4228) to work on /home/angry/mlops_4/venv4/lib/python3.10/site-packages/airflow/example_dags/plugins/event_listener.py
[2024-01-18T21:40:43.111+0300] {processor.py:743} INFO - Processing file /home/angry/mlops_4/venv4/lib/python3.10/site-packages/airflow/example_dags/plugins/event_listener.py for tasks to queue
[2024-01-18T21:40:43.113+0300] {logging_mixin.py:137} INFO - [2024-01-18T21:40:43.112+0300] {dagbag.py:532} INFO - Filling up the DagBag from /home/angry/mlops_4/venv4/lib/python3.10/site-packages/airflow/example_dags/plugins/event_listener.py
[2024-01-18T21:40:43.117+0300] {processor.py:755} WARNING - No viable dags retrieved from /home/angry/mlops_4/venv4/lib/python3.10/site-packages/airflow/example_dags/plugins/event_listener.py
[2024-01-18T21:40:43.138+0300] {processor.py:175} INFO - Processing /home/angry/mlops_4/venv4/lib/python3.10/site-packages/airflow/example_dags/plugins/event_listener.py took 0.037 seconds
[2024-01-18T21:41:50.352+0300] {processor.py:153} INFO - Started process (PID=4342) to work on /home/angry/mlops_4/venv4/lib/python3.10/site-packages/airflow/example_dags/plugins/event_listener.py
[2024-01-18T21:41:50.356+0300] {processor.py:743} INFO - Processing file /home/angry/mlops_4/venv4/lib/python3.10/site-packages/airflow/example_dags/plugins/event_listener.py for tasks to queue
[2024-01-18T21:41:50.357+0300] {logging_mixin.py:137} INFO - [2024-01-18T21:41:50.357+0300] {dagbag.py:532} INFO - Filling up the DagBag from /home/angry/mlops_4/venv4/lib/python3.10/site-packages/airflow/example_dags/plugins/event_listener.py
[2024-01-18T21:41:50.361+0300] {processor.py:755} WARNING - No viable dags retrieved from /home/angry/mlops_4/venv4/lib/python3.10/site-packages/airflow/example_dags/plugins/event_listener.py
[2024-01-18T21:41:50.382+0300] {processor.py:175} INFO - Processing /home/angry/mlops_4/venv4/lib/python3.10/site-packages/airflow/example_dags/plugins/event_listener.py took 0.038 seconds
[2024-01-18T21:42:47.253+0300] {processor.py:153} INFO - Started process (PID=4396) to work on /home/angry/mlops_4/venv4/lib/python3.10/site-packages/airflow/example_dags/plugins/event_listener.py
[2024-01-18T21:42:47.256+0300] {processor.py:743} INFO - Processing file /home/angry/mlops_4/venv4/lib/python3.10/site-packages/airflow/example_dags/plugins/event_listener.py for tasks to queue
[2024-01-18T21:42:47.257+0300] {logging_mixin.py:137} INFO - [2024-01-18T21:42:47.257+0300] {dagbag.py:532} INFO - Filling up the DagBag from /home/angry/mlops_4/venv4/lib/python3.10/site-packages/airflow/example_dags/plugins/event_listener.py
[2024-01-18T21:42:47.260+0300] {processor.py:755} WARNING - No viable dags retrieved from /home/angry/mlops_4/venv4/lib/python3.10/site-packages/airflow/example_dags/plugins/event_listener.py
[2024-01-18T21:42:47.486+0300] {processor.py:175} INFO - Processing /home/angry/mlops_4/venv4/lib/python3.10/site-packages/airflow/example_dags/plugins/event_listener.py took 0.240 seconds
[2024-01-18T21:43:37.987+0300] {processor.py:153} INFO - Started process (PID=4450) to work on /home/angry/mlops_4/venv4/lib/python3.10/site-packages/airflow/example_dags/plugins/event_listener.py
[2024-01-18T21:43:37.990+0300] {processor.py:743} INFO - Processing file /home/angry/mlops_4/venv4/lib/python3.10/site-packages/airflow/example_dags/plugins/event_listener.py for tasks to queue
[2024-01-18T21:43:37.992+0300] {logging_mixin.py:137} INFO - [2024-01-18T21:43:37.992+0300] {dagbag.py:532} INFO - Filling up the DagBag from /home/angry/mlops_4/venv4/lib/python3.10/site-packages/airflow/example_dags/plugins/event_listener.py
[2024-01-18T21:43:37.998+0300] {processor.py:755} WARNING - No viable dags retrieved from /home/angry/mlops_4/venv4/lib/python3.10/site-packages/airflow/example_dags/plugins/event_listener.py
[2024-01-18T21:43:38.020+0300] {processor.py:175} INFO - Processing /home/angry/mlops_4/venv4/lib/python3.10/site-packages/airflow/example_dags/plugins/event_listener.py took 0.040 seconds
[2024-01-18T21:44:27.392+0300] {processor.py:153} INFO - Started process (PID=4503) to work on /home/angry/mlops_4/venv4/lib/python3.10/site-packages/airflow/example_dags/plugins/event_listener.py
[2024-01-18T21:44:27.394+0300] {processor.py:743} INFO - Processing file /home/angry/mlops_4/venv4/lib/python3.10/site-packages/airflow/example_dags/plugins/event_listener.py for tasks to queue
[2024-01-18T21:44:27.396+0300] {logging_mixin.py:137} INFO - [2024-01-18T21:44:27.396+0300] {dagbag.py:532} INFO - Filling up the DagBag from /home/angry/mlops_4/venv4/lib/python3.10/site-packages/airflow/example_dags/plugins/event_listener.py
[2024-01-18T21:44:27.399+0300] {processor.py:755} WARNING - No viable dags retrieved from /home/angry/mlops_4/venv4/lib/python3.10/site-packages/airflow/example_dags/plugins/event_listener.py
[2024-01-18T21:44:27.423+0300] {processor.py:175} INFO - Processing /home/angry/mlops_4/venv4/lib/python3.10/site-packages/airflow/example_dags/plugins/event_listener.py took 0.038 seconds
[2024-01-18T21:45:19.598+0300] {processor.py:153} INFO - Started process (PID=4583) to work on /home/angry/mlops_4/venv4/lib/python3.10/site-packages/airflow/example_dags/plugins/event_listener.py
[2024-01-18T21:45:19.601+0300] {processor.py:743} INFO - Processing file /home/angry/mlops_4/venv4/lib/python3.10/site-packages/airflow/example_dags/plugins/event_listener.py for tasks to queue
[2024-01-18T21:45:19.603+0300] {logging_mixin.py:137} INFO - [2024-01-18T21:45:19.603+0300] {dagbag.py:532} INFO - Filling up the DagBag from /home/angry/mlops_4/venv4/lib/python3.10/site-packages/airflow/example_dags/plugins/event_listener.py
[2024-01-18T21:45:19.607+0300] {processor.py:755} WARNING - No viable dags retrieved from /home/angry/mlops_4/venv4/lib/python3.10/site-packages/airflow/example_dags/plugins/event_listener.py
[2024-01-18T21:45:19.631+0300] {processor.py:175} INFO - Processing /home/angry/mlops_4/venv4/lib/python3.10/site-packages/airflow/example_dags/plugins/event_listener.py took 0.042 seconds
[2024-01-18T21:46:09.090+0300] {processor.py:153} INFO - Started process (PID=4651) to work on /home/angry/mlops_4/venv4/lib/python3.10/site-packages/airflow/example_dags/plugins/event_listener.py
[2024-01-18T21:46:09.093+0300] {processor.py:743} INFO - Processing file /home/angry/mlops_4/venv4/lib/python3.10/site-packages/airflow/example_dags/plugins/event_listener.py for tasks to queue
[2024-01-18T21:46:09.095+0300] {logging_mixin.py:137} INFO - [2024-01-18T21:46:09.094+0300] {dagbag.py:532} INFO - Filling up the DagBag from /home/angry/mlops_4/venv4/lib/python3.10/site-packages/airflow/example_dags/plugins/event_listener.py
[2024-01-18T21:46:09.099+0300] {processor.py:755} WARNING - No viable dags retrieved from /home/angry/mlops_4/venv4/lib/python3.10/site-packages/airflow/example_dags/plugins/event_listener.py
[2024-01-18T21:46:09.122+0300] {processor.py:175} INFO - Processing /home/angry/mlops_4/venv4/lib/python3.10/site-packages/airflow/example_dags/plugins/event_listener.py took 0.039 seconds
[2024-01-18T21:46:58.273+0300] {processor.py:153} INFO - Started process (PID=4711) to work on /home/angry/mlops_4/venv4/lib/python3.10/site-packages/airflow/example_dags/plugins/event_listener.py
[2024-01-18T21:46:58.277+0300] {processor.py:743} INFO - Processing file /home/angry/mlops_4/venv4/lib/python3.10/site-packages/airflow/example_dags/plugins/event_listener.py for tasks to queue
[2024-01-18T21:46:58.278+0300] {logging_mixin.py:137} INFO - [2024-01-18T21:46:58.278+0300] {dagbag.py:532} INFO - Filling up the DagBag from /home/angry/mlops_4/venv4/lib/python3.10/site-packages/airflow/example_dags/plugins/event_listener.py
[2024-01-18T21:46:58.282+0300] {processor.py:755} WARNING - No viable dags retrieved from /home/angry/mlops_4/venv4/lib/python3.10/site-packages/airflow/example_dags/plugins/event_listener.py
[2024-01-18T21:46:58.301+0300] {processor.py:175} INFO - Processing /home/angry/mlops_4/venv4/lib/python3.10/site-packages/airflow/example_dags/plugins/event_listener.py took 0.035 seconds
[2024-01-18T21:47:49.144+0300] {processor.py:153} INFO - Started process (PID=4779) to work on /home/angry/mlops_4/venv4/lib/python3.10/site-packages/airflow/example_dags/plugins/event_listener.py
[2024-01-18T21:47:49.147+0300] {processor.py:743} INFO - Processing file /home/angry/mlops_4/venv4/lib/python3.10/site-packages/airflow/example_dags/plugins/event_listener.py for tasks to queue
[2024-01-18T21:47:49.150+0300] {logging_mixin.py:137} INFO - [2024-01-18T21:47:49.149+0300] {dagbag.py:532} INFO - Filling up the DagBag from /home/angry/mlops_4/venv4/lib/python3.10/site-packages/airflow/example_dags/plugins/event_listener.py
[2024-01-18T21:47:49.154+0300] {processor.py:755} WARNING - No viable dags retrieved from /home/angry/mlops_4/venv4/lib/python3.10/site-packages/airflow/example_dags/plugins/event_listener.py
[2024-01-18T21:47:49.199+0300] {processor.py:175} INFO - Processing /home/angry/mlops_4/venv4/lib/python3.10/site-packages/airflow/example_dags/plugins/event_listener.py took 0.067 seconds
[2024-01-18T21:48:38.865+0300] {processor.py:153} INFO - Started process (PID=4844) to work on /home/angry/mlops_4/venv4/lib/python3.10/site-packages/airflow/example_dags/plugins/event_listener.py
[2024-01-18T21:48:38.868+0300] {processor.py:743} INFO - Processing file /home/angry/mlops_4/venv4/lib/python3.10/site-packages/airflow/example_dags/plugins/event_listener.py for tasks to queue
[2024-01-18T21:48:38.869+0300] {logging_mixin.py:137} INFO - [2024-01-18T21:48:38.869+0300] {dagbag.py:532} INFO - Filling up the DagBag from /home/angry/mlops_4/venv4/lib/python3.10/site-packages/airflow/example_dags/plugins/event_listener.py
[2024-01-18T21:48:38.875+0300] {processor.py:755} WARNING - No viable dags retrieved from /home/angry/mlops_4/venv4/lib/python3.10/site-packages/airflow/example_dags/plugins/event_listener.py
[2024-01-18T21:48:38.893+0300] {processor.py:175} INFO - Processing /home/angry/mlops_4/venv4/lib/python3.10/site-packages/airflow/example_dags/plugins/event_listener.py took 0.036 seconds
[2024-01-18T21:49:30.152+0300] {processor.py:153} INFO - Started process (PID=4894) to work on /home/angry/mlops_4/venv4/lib/python3.10/site-packages/airflow/example_dags/plugins/event_listener.py
[2024-01-18T21:49:30.155+0300] {processor.py:743} INFO - Processing file /home/angry/mlops_4/venv4/lib/python3.10/site-packages/airflow/example_dags/plugins/event_listener.py for tasks to queue
[2024-01-18T21:49:30.156+0300] {logging_mixin.py:137} INFO - [2024-01-18T21:49:30.156+0300] {dagbag.py:532} INFO - Filling up the DagBag from /home/angry/mlops_4/venv4/lib/python3.10/site-packages/airflow/example_dags/plugins/event_listener.py
[2024-01-18T21:49:30.160+0300] {processor.py:755} WARNING - No viable dags retrieved from /home/angry/mlops_4/venv4/lib/python3.10/site-packages/airflow/example_dags/plugins/event_listener.py
[2024-01-18T21:49:30.182+0300] {processor.py:175} INFO - Processing /home/angry/mlops_4/venv4/lib/python3.10/site-packages/airflow/example_dags/plugins/event_listener.py took 0.038 seconds
[2024-01-18T21:50:20.833+0300] {processor.py:153} INFO - Started process (PID=4941) to work on /home/angry/mlops_4/venv4/lib/python3.10/site-packages/airflow/example_dags/plugins/event_listener.py
[2024-01-18T21:50:20.836+0300] {processor.py:743} INFO - Processing file /home/angry/mlops_4/venv4/lib/python3.10/site-packages/airflow/example_dags/plugins/event_listener.py for tasks to queue
[2024-01-18T21:50:20.837+0300] {logging_mixin.py:137} INFO - [2024-01-18T21:50:20.837+0300] {dagbag.py:532} INFO - Filling up the DagBag from /home/angry/mlops_4/venv4/lib/python3.10/site-packages/airflow/example_dags/plugins/event_listener.py
[2024-01-18T21:50:20.841+0300] {processor.py:755} WARNING - No viable dags retrieved from /home/angry/mlops_4/venv4/lib/python3.10/site-packages/airflow/example_dags/plugins/event_listener.py
[2024-01-18T21:50:20.862+0300] {processor.py:175} INFO - Processing /home/angry/mlops_4/venv4/lib/python3.10/site-packages/airflow/example_dags/plugins/event_listener.py took 0.036 seconds
[2024-01-18T21:51:11.506+0300] {processor.py:153} INFO - Started process (PID=4990) to work on /home/angry/mlops_4/venv4/lib/python3.10/site-packages/airflow/example_dags/plugins/event_listener.py
[2024-01-18T21:51:11.509+0300] {processor.py:743} INFO - Processing file /home/angry/mlops_4/venv4/lib/python3.10/site-packages/airflow/example_dags/plugins/event_listener.py for tasks to queue
[2024-01-18T21:51:11.510+0300] {logging_mixin.py:137} INFO - [2024-01-18T21:51:11.510+0300] {dagbag.py:532} INFO - Filling up the DagBag from /home/angry/mlops_4/venv4/lib/python3.10/site-packages/airflow/example_dags/plugins/event_listener.py
[2024-01-18T21:51:11.514+0300] {processor.py:755} WARNING - No viable dags retrieved from /home/angry/mlops_4/venv4/lib/python3.10/site-packages/airflow/example_dags/plugins/event_listener.py
[2024-01-18T21:51:11.538+0300] {processor.py:175} INFO - Processing /home/angry/mlops_4/venv4/lib/python3.10/site-packages/airflow/example_dags/plugins/event_listener.py took 0.039 seconds
[2024-01-18T21:52:05.228+0300] {processor.py:153} INFO - Started process (PID=5043) to work on /home/angry/mlops_4/venv4/lib/python3.10/site-packages/airflow/example_dags/plugins/event_listener.py
[2024-01-18T21:52:05.240+0300] {processor.py:743} INFO - Processing file /home/angry/mlops_4/venv4/lib/python3.10/site-packages/airflow/example_dags/plugins/event_listener.py for tasks to queue
[2024-01-18T21:52:05.243+0300] {logging_mixin.py:137} INFO - [2024-01-18T21:52:05.243+0300] {dagbag.py:532} INFO - Filling up the DagBag from /home/angry/mlops_4/venv4/lib/python3.10/site-packages/airflow/example_dags/plugins/event_listener.py
[2024-01-18T21:52:05.253+0300] {processor.py:755} WARNING - No viable dags retrieved from /home/angry/mlops_4/venv4/lib/python3.10/site-packages/airflow/example_dags/plugins/event_listener.py
[2024-01-18T21:52:05.298+0300] {processor.py:175} INFO - Processing /home/angry/mlops_4/venv4/lib/python3.10/site-packages/airflow/example_dags/plugins/event_listener.py took 0.114 seconds
[2024-01-18T21:53:04.089+0300] {processor.py:153} INFO - Started process (PID=5096) to work on /home/angry/mlops_4/venv4/lib/python3.10/site-packages/airflow/example_dags/plugins/event_listener.py
[2024-01-18T21:53:04.094+0300] {processor.py:743} INFO - Processing file /home/angry/mlops_4/venv4/lib/python3.10/site-packages/airflow/example_dags/plugins/event_listener.py for tasks to queue
[2024-01-18T21:53:04.097+0300] {logging_mixin.py:137} INFO - [2024-01-18T21:53:04.097+0300] {dagbag.py:532} INFO - Filling up the DagBag from /home/angry/mlops_4/venv4/lib/python3.10/site-packages/airflow/example_dags/plugins/event_listener.py
[2024-01-18T21:53:04.106+0300] {processor.py:755} WARNING - No viable dags retrieved from /home/angry/mlops_4/venv4/lib/python3.10/site-packages/airflow/example_dags/plugins/event_listener.py
[2024-01-18T21:53:04.148+0300] {processor.py:175} INFO - Processing /home/angry/mlops_4/venv4/lib/python3.10/site-packages/airflow/example_dags/plugins/event_listener.py took 0.074 seconds
[2024-01-18T21:54:03.039+0300] {processor.py:153} INFO - Started process (PID=5150) to work on /home/angry/mlops_4/venv4/lib/python3.10/site-packages/airflow/example_dags/plugins/event_listener.py
[2024-01-18T21:54:03.045+0300] {processor.py:743} INFO - Processing file /home/angry/mlops_4/venv4/lib/python3.10/site-packages/airflow/example_dags/plugins/event_listener.py for tasks to queue
[2024-01-18T21:54:03.047+0300] {logging_mixin.py:137} INFO - [2024-01-18T21:54:03.046+0300] {dagbag.py:532} INFO - Filling up the DagBag from /home/angry/mlops_4/venv4/lib/python3.10/site-packages/airflow/example_dags/plugins/event_listener.py
[2024-01-18T21:54:03.051+0300] {processor.py:755} WARNING - No viable dags retrieved from /home/angry/mlops_4/venv4/lib/python3.10/site-packages/airflow/example_dags/plugins/event_listener.py
[2024-01-18T21:54:03.081+0300] {processor.py:175} INFO - Processing /home/angry/mlops_4/venv4/lib/python3.10/site-packages/airflow/example_dags/plugins/event_listener.py took 0.061 seconds
[2024-01-18T21:57:23.794+0300] {processor.py:153} INFO - Started process (PID=5323) to work on /home/angry/mlops_4/venv4/lib/python3.10/site-packages/airflow/example_dags/plugins/event_listener.py
[2024-01-18T21:57:23.798+0300] {processor.py:743} INFO - Processing file /home/angry/mlops_4/venv4/lib/python3.10/site-packages/airflow/example_dags/plugins/event_listener.py for tasks to queue
[2024-01-18T21:57:23.799+0300] {logging_mixin.py:137} INFO - [2024-01-18T21:57:23.799+0300] {dagbag.py:532} INFO - Filling up the DagBag from /home/angry/mlops_4/venv4/lib/python3.10/site-packages/airflow/example_dags/plugins/event_listener.py
[2024-01-18T21:57:23.804+0300] {processor.py:755} WARNING - No viable dags retrieved from /home/angry/mlops_4/venv4/lib/python3.10/site-packages/airflow/example_dags/plugins/event_listener.py
[2024-01-18T21:57:23.843+0300] {processor.py:175} INFO - Processing /home/angry/mlops_4/venv4/lib/python3.10/site-packages/airflow/example_dags/plugins/event_listener.py took 0.064 seconds
[2024-01-18T22:00:12.694+0300] {processor.py:153} INFO - Started process (PID=5486) to work on /home/angry/mlops_4/venv4/lib/python3.10/site-packages/airflow/example_dags/plugins/event_listener.py
[2024-01-18T22:00:12.697+0300] {processor.py:743} INFO - Processing file /home/angry/mlops_4/venv4/lib/python3.10/site-packages/airflow/example_dags/plugins/event_listener.py for tasks to queue
[2024-01-18T22:00:12.701+0300] {logging_mixin.py:137} INFO - [2024-01-18T22:00:12.700+0300] {dagbag.py:532} INFO - Filling up the DagBag from /home/angry/mlops_4/venv4/lib/python3.10/site-packages/airflow/example_dags/plugins/event_listener.py
[2024-01-18T22:00:12.708+0300] {processor.py:755} WARNING - No viable dags retrieved from /home/angry/mlops_4/venv4/lib/python3.10/site-packages/airflow/example_dags/plugins/event_listener.py
[2024-01-18T22:00:12.741+0300] {processor.py:175} INFO - Processing /home/angry/mlops_4/venv4/lib/python3.10/site-packages/airflow/example_dags/plugins/event_listener.py took 0.056 seconds
[2024-01-18T22:04:21.687+0300] {processor.py:153} INFO - Started process (PID=5711) to work on /home/angry/mlops_4/venv4/lib/python3.10/site-packages/airflow/example_dags/plugins/event_listener.py
[2024-01-18T22:04:21.699+0300] {processor.py:743} INFO - Processing file /home/angry/mlops_4/venv4/lib/python3.10/site-packages/airflow/example_dags/plugins/event_listener.py for tasks to queue
[2024-01-18T22:04:21.708+0300] {logging_mixin.py:137} INFO - [2024-01-18T22:04:21.704+0300] {dagbag.py:532} INFO - Filling up the DagBag from /home/angry/mlops_4/venv4/lib/python3.10/site-packages/airflow/example_dags/plugins/event_listener.py
[2024-01-18T22:04:21.714+0300] {processor.py:755} WARNING - No viable dags retrieved from /home/angry/mlops_4/venv4/lib/python3.10/site-packages/airflow/example_dags/plugins/event_listener.py
[2024-01-18T22:04:21.781+0300] {processor.py:175} INFO - Processing /home/angry/mlops_4/venv4/lib/python3.10/site-packages/airflow/example_dags/plugins/event_listener.py took 0.111 seconds
