[2024-01-18T21:36:34.372+0300] {processor.py:153} INFO - Started process (PID=3276) to work on /home/angry/mlops_4/venv4/lib/python3.10/site-packages/airflow/example_dags/plugins/listener_plugin.py
[2024-01-18T21:36:34.374+0300] {processor.py:743} INFO - Processing file /home/angry/mlops_4/venv4/lib/python3.10/site-packages/airflow/example_dags/plugins/listener_plugin.py for tasks to queue
[2024-01-18T21:36:34.375+0300] {logging_mixin.py:137} INFO - [2024-01-18T21:36:34.375+0300] {dagbag.py:532} INFO - Filling up the DagBag from /home/angry/mlops_4/venv4/lib/python3.10/site-packages/airflow/example_dags/plugins/listener_plugin.py
[2024-01-18T21:36:34.389+0300] {processor.py:755} WARNING - No viable dags retrieved from /home/angry/mlops_4/venv4/lib/python3.10/site-packages/airflow/example_dags/plugins/listener_plugin.py
[2024-01-18T21:36:34.407+0300] {processor.py:175} INFO - Processing /home/angry/mlops_4/venv4/lib/python3.10/site-packages/airflow/example_dags/plugins/listener_plugin.py took 0.043 seconds
[2024-01-18T21:37:24.947+0300] {processor.py:153} INFO - Started process (PID=3335) to work on /home/angry/mlops_4/venv4/lib/python3.10/site-packages/airflow/example_dags/plugins/listener_plugin.py
[2024-01-18T21:37:24.950+0300] {processor.py:743} INFO - Processing file /home/angry/mlops_4/venv4/lib/python3.10/site-packages/airflow/example_dags/plugins/listener_plugin.py for tasks to queue
[2024-01-18T21:37:24.951+0300] {logging_mixin.py:137} INFO - [2024-01-18T21:37:24.951+0300] {dagbag.py:532} INFO - Filling up the DagBag from /home/angry/mlops_4/venv4/lib/python3.10/site-packages/airflow/example_dags/plugins/listener_plugin.py
[2024-01-18T21:37:24.959+0300] {processor.py:755} WARNING - No viable dags retrieved from /home/angry/mlops_4/venv4/lib/python3.10/site-packages/airflow/example_dags/plugins/listener_plugin.py
[2024-01-18T21:37:24.989+0300] {processor.py:175} INFO - Processing /home/angry/mlops_4/venv4/lib/python3.10/site-packages/airflow/example_dags/plugins/listener_plugin.py took 0.051 seconds
[2024-01-18T21:38:33.319+0300] {processor.py:153} INFO - Started process (PID=4064) to work on /home/angry/mlops_4/venv4/lib/python3.10/site-packages/airflow/example_dags/plugins/listener_plugin.py
[2024-01-18T21:38:33.323+0300] {processor.py:743} INFO - Processing file /home/angry/mlops_4/venv4/lib/python3.10/site-packages/airflow/example_dags/plugins/listener_plugin.py for tasks to queue
[2024-01-18T21:38:33.324+0300] {logging_mixin.py:137} INFO - [2024-01-18T21:38:33.324+0300] {dagbag.py:532} INFO - Filling up the DagBag from /home/angry/mlops_4/venv4/lib/python3.10/site-packages/airflow/example_dags/plugins/listener_plugin.py
[2024-01-18T21:38:33.334+0300] {processor.py:755} WARNING - No viable dags retrieved from /home/angry/mlops_4/venv4/lib/python3.10/site-packages/airflow/example_dags/plugins/listener_plugin.py
[2024-01-18T21:38:33.366+0300] {processor.py:175} INFO - Processing /home/angry/mlops_4/venv4/lib/python3.10/site-packages/airflow/example_dags/plugins/listener_plugin.py took 0.055 seconds
[2024-01-18T21:39:41.584+0300] {processor.py:153} INFO - Started process (PID=4167) to work on /home/angry/mlops_4/venv4/lib/python3.10/site-packages/airflow/example_dags/plugins/listener_plugin.py
[2024-01-18T21:39:41.586+0300] {processor.py:743} INFO - Processing file /home/angry/mlops_4/venv4/lib/python3.10/site-packages/airflow/example_dags/plugins/listener_plugin.py for tasks to queue
[2024-01-18T21:39:41.587+0300] {logging_mixin.py:137} INFO - [2024-01-18T21:39:41.587+0300] {dagbag.py:532} INFO - Filling up the DagBag from /home/angry/mlops_4/venv4/lib/python3.10/site-packages/airflow/example_dags/plugins/listener_plugin.py
[2024-01-18T21:39:41.593+0300] {processor.py:755} WARNING - No viable dags retrieved from /home/angry/mlops_4/venv4/lib/python3.10/site-packages/airflow/example_dags/plugins/listener_plugin.py
[2024-01-18T21:39:41.613+0300] {processor.py:175} INFO - Processing /home/angry/mlops_4/venv4/lib/python3.10/site-packages/airflow/example_dags/plugins/listener_plugin.py took 0.037 seconds
[2024-01-18T21:40:40.094+0300] {processor.py:153} INFO - Started process (PID=4225) to work on /home/angry/mlops_4/venv4/lib/python3.10/site-packages/airflow/example_dags/plugins/listener_plugin.py
[2024-01-18T21:40:40.097+0300] {processor.py:743} INFO - Processing file /home/angry/mlops_4/venv4/lib/python3.10/site-packages/airflow/example_dags/plugins/listener_plugin.py for tasks to queue
[2024-01-18T21:40:40.098+0300] {logging_mixin.py:137} INFO - [2024-01-18T21:40:40.098+0300] {dagbag.py:532} INFO - Filling up the DagBag from /home/angry/mlops_4/venv4/lib/python3.10/site-packages/airflow/example_dags/plugins/listener_plugin.py
[2024-01-18T21:40:40.104+0300] {processor.py:755} WARNING - No viable dags retrieved from /home/angry/mlops_4/venv4/lib/python3.10/site-packages/airflow/example_dags/plugins/listener_plugin.py
[2024-01-18T21:40:40.139+0300] {processor.py:175} INFO - Processing /home/angry/mlops_4/venv4/lib/python3.10/site-packages/airflow/example_dags/plugins/listener_plugin.py took 0.055 seconds
[2024-01-18T21:41:47.548+0300] {processor.py:153} INFO - Started process (PID=4339) to work on /home/angry/mlops_4/venv4/lib/python3.10/site-packages/airflow/example_dags/plugins/listener_plugin.py
[2024-01-18T21:41:47.552+0300] {processor.py:743} INFO - Processing file /home/angry/mlops_4/venv4/lib/python3.10/site-packages/airflow/example_dags/plugins/listener_plugin.py for tasks to queue
[2024-01-18T21:41:47.560+0300] {logging_mixin.py:137} INFO - [2024-01-18T21:41:47.558+0300] {dagbag.py:532} INFO - Filling up the DagBag from /home/angry/mlops_4/venv4/lib/python3.10/site-packages/airflow/example_dags/plugins/listener_plugin.py
[2024-01-18T21:41:47.586+0300] {processor.py:755} WARNING - No viable dags retrieved from /home/angry/mlops_4/venv4/lib/python3.10/site-packages/airflow/example_dags/plugins/listener_plugin.py
[2024-01-18T21:41:47.619+0300] {processor.py:175} INFO - Processing /home/angry/mlops_4/venv4/lib/python3.10/site-packages/airflow/example_dags/plugins/listener_plugin.py took 0.083 seconds
[2024-01-18T21:42:44.349+0300] {processor.py:153} INFO - Started process (PID=4393) to work on /home/angry/mlops_4/venv4/lib/python3.10/site-packages/airflow/example_dags/plugins/listener_plugin.py
[2024-01-18T21:42:44.352+0300] {processor.py:743} INFO - Processing file /home/angry/mlops_4/venv4/lib/python3.10/site-packages/airflow/example_dags/plugins/listener_plugin.py for tasks to queue
[2024-01-18T21:42:44.354+0300] {logging_mixin.py:137} INFO - [2024-01-18T21:42:44.353+0300] {dagbag.py:532} INFO - Filling up the DagBag from /home/angry/mlops_4/venv4/lib/python3.10/site-packages/airflow/example_dags/plugins/listener_plugin.py
[2024-01-18T21:42:44.360+0300] {processor.py:755} WARNING - No viable dags retrieved from /home/angry/mlops_4/venv4/lib/python3.10/site-packages/airflow/example_dags/plugins/listener_plugin.py
[2024-01-18T21:42:44.582+0300] {processor.py:175} INFO - Processing /home/angry/mlops_4/venv4/lib/python3.10/site-packages/airflow/example_dags/plugins/listener_plugin.py took 0.240 seconds
[2024-01-18T21:43:35.943+0300] {processor.py:153} INFO - Started process (PID=4446) to work on /home/angry/mlops_4/venv4/lib/python3.10/site-packages/airflow/example_dags/plugins/listener_plugin.py
[2024-01-18T21:43:35.945+0300] {processor.py:743} INFO - Processing file /home/angry/mlops_4/venv4/lib/python3.10/site-packages/airflow/example_dags/plugins/listener_plugin.py for tasks to queue
[2024-01-18T21:43:35.947+0300] {logging_mixin.py:137} INFO - [2024-01-18T21:43:35.946+0300] {dagbag.py:532} INFO - Filling up the DagBag from /home/angry/mlops_4/venv4/lib/python3.10/site-packages/airflow/example_dags/plugins/listener_plugin.py
[2024-01-18T21:43:35.953+0300] {processor.py:755} WARNING - No viable dags retrieved from /home/angry/mlops_4/venv4/lib/python3.10/site-packages/airflow/example_dags/plugins/listener_plugin.py
[2024-01-18T21:43:35.976+0300] {processor.py:175} INFO - Processing /home/angry/mlops_4/venv4/lib/python3.10/site-packages/airflow/example_dags/plugins/listener_plugin.py took 0.040 seconds
[2024-01-18T21:44:24.536+0300] {processor.py:153} INFO - Started process (PID=4499) to work on /home/angry/mlops_4/venv4/lib/python3.10/site-packages/airflow/example_dags/plugins/listener_plugin.py
[2024-01-18T21:44:24.539+0300] {processor.py:743} INFO - Processing file /home/angry/mlops_4/venv4/lib/python3.10/site-packages/airflow/example_dags/plugins/listener_plugin.py for tasks to queue
[2024-01-18T21:44:24.540+0300] {logging_mixin.py:137} INFO - [2024-01-18T21:44:24.540+0300] {dagbag.py:532} INFO - Filling up the DagBag from /home/angry/mlops_4/venv4/lib/python3.10/site-packages/airflow/example_dags/plugins/listener_plugin.py
[2024-01-18T21:44:24.546+0300] {processor.py:755} WARNING - No viable dags retrieved from /home/angry/mlops_4/venv4/lib/python3.10/site-packages/airflow/example_dags/plugins/listener_plugin.py
[2024-01-18T21:44:24.567+0300] {processor.py:175} INFO - Processing /home/angry/mlops_4/venv4/lib/python3.10/site-packages/airflow/example_dags/plugins/listener_plugin.py took 0.039 seconds
[2024-01-18T21:45:17.359+0300] {processor.py:153} INFO - Started process (PID=4580) to work on /home/angry/mlops_4/venv4/lib/python3.10/site-packages/airflow/example_dags/plugins/listener_plugin.py
[2024-01-18T21:45:17.362+0300] {processor.py:743} INFO - Processing file /home/angry/mlops_4/venv4/lib/python3.10/site-packages/airflow/example_dags/plugins/listener_plugin.py for tasks to queue
[2024-01-18T21:45:17.364+0300] {logging_mixin.py:137} INFO - [2024-01-18T21:45:17.363+0300] {dagbag.py:532} INFO - Filling up the DagBag from /home/angry/mlops_4/venv4/lib/python3.10/site-packages/airflow/example_dags/plugins/listener_plugin.py
[2024-01-18T21:45:17.371+0300] {processor.py:755} WARNING - No viable dags retrieved from /home/angry/mlops_4/venv4/lib/python3.10/site-packages/airflow/example_dags/plugins/listener_plugin.py
[2024-01-18T21:45:17.395+0300] {processor.py:175} INFO - Processing /home/angry/mlops_4/venv4/lib/python3.10/site-packages/airflow/example_dags/plugins/listener_plugin.py took 0.046 seconds
[2024-01-18T21:46:06.659+0300] {processor.py:153} INFO - Started process (PID=4644) to work on /home/angry/mlops_4/venv4/lib/python3.10/site-packages/airflow/example_dags/plugins/listener_plugin.py
[2024-01-18T21:46:06.662+0300] {processor.py:743} INFO - Processing file /home/angry/mlops_4/venv4/lib/python3.10/site-packages/airflow/example_dags/plugins/listener_plugin.py for tasks to queue
[2024-01-18T21:46:06.664+0300] {logging_mixin.py:137} INFO - [2024-01-18T21:46:06.664+0300] {dagbag.py:532} INFO - Filling up the DagBag from /home/angry/mlops_4/venv4/lib/python3.10/site-packages/airflow/example_dags/plugins/listener_plugin.py
[2024-01-18T21:46:06.670+0300] {processor.py:755} WARNING - No viable dags retrieved from /home/angry/mlops_4/venv4/lib/python3.10/site-packages/airflow/example_dags/plugins/listener_plugin.py
[2024-01-18T21:46:06.691+0300] {processor.py:175} INFO - Processing /home/angry/mlops_4/venv4/lib/python3.10/site-packages/airflow/example_dags/plugins/listener_plugin.py took 0.039 seconds
[2024-01-18T21:46:55.293+0300] {processor.py:153} INFO - Started process (PID=4708) to work on /home/angry/mlops_4/venv4/lib/python3.10/site-packages/airflow/example_dags/plugins/listener_plugin.py
[2024-01-18T21:46:55.296+0300] {processor.py:743} INFO - Processing file /home/angry/mlops_4/venv4/lib/python3.10/site-packages/airflow/example_dags/plugins/listener_plugin.py for tasks to queue
[2024-01-18T21:46:55.297+0300] {logging_mixin.py:137} INFO - [2024-01-18T21:46:55.297+0300] {dagbag.py:532} INFO - Filling up the DagBag from /home/angry/mlops_4/venv4/lib/python3.10/site-packages/airflow/example_dags/plugins/listener_plugin.py
[2024-01-18T21:46:55.303+0300] {processor.py:755} WARNING - No viable dags retrieved from /home/angry/mlops_4/venv4/lib/python3.10/site-packages/airflow/example_dags/plugins/listener_plugin.py
[2024-01-18T21:46:55.323+0300] {processor.py:175} INFO - Processing /home/angry/mlops_4/venv4/lib/python3.10/site-packages/airflow/example_dags/plugins/listener_plugin.py took 0.037 seconds
[2024-01-18T21:47:46.207+0300] {processor.py:153} INFO - Started process (PID=4772) to work on /home/angry/mlops_4/venv4/lib/python3.10/site-packages/airflow/example_dags/plugins/listener_plugin.py
[2024-01-18T21:47:46.210+0300] {processor.py:743} INFO - Processing file /home/angry/mlops_4/venv4/lib/python3.10/site-packages/airflow/example_dags/plugins/listener_plugin.py for tasks to queue
[2024-01-18T21:47:46.211+0300] {logging_mixin.py:137} INFO - [2024-01-18T21:47:46.211+0300] {dagbag.py:532} INFO - Filling up the DagBag from /home/angry/mlops_4/venv4/lib/python3.10/site-packages/airflow/example_dags/plugins/listener_plugin.py
[2024-01-18T21:47:46.219+0300] {processor.py:755} WARNING - No viable dags retrieved from /home/angry/mlops_4/venv4/lib/python3.10/site-packages/airflow/example_dags/plugins/listener_plugin.py
[2024-01-18T21:47:46.239+0300] {processor.py:175} INFO - Processing /home/angry/mlops_4/venv4/lib/python3.10/site-packages/airflow/example_dags/plugins/listener_plugin.py took 0.039 seconds
[2024-01-18T21:48:36.694+0300] {processor.py:153} INFO - Started process (PID=4841) to work on /home/angry/mlops_4/venv4/lib/python3.10/site-packages/airflow/example_dags/plugins/listener_plugin.py
[2024-01-18T21:48:36.697+0300] {processor.py:743} INFO - Processing file /home/angry/mlops_4/venv4/lib/python3.10/site-packages/airflow/example_dags/plugins/listener_plugin.py for tasks to queue
[2024-01-18T21:48:36.700+0300] {logging_mixin.py:137} INFO - [2024-01-18T21:48:36.700+0300] {dagbag.py:532} INFO - Filling up the DagBag from /home/angry/mlops_4/venv4/lib/python3.10/site-packages/airflow/example_dags/plugins/listener_plugin.py
[2024-01-18T21:48:36.709+0300] {processor.py:755} WARNING - No viable dags retrieved from /home/angry/mlops_4/venv4/lib/python3.10/site-packages/airflow/example_dags/plugins/listener_plugin.py
[2024-01-18T21:48:36.733+0300] {processor.py:175} INFO - Processing /home/angry/mlops_4/venv4/lib/python3.10/site-packages/airflow/example_dags/plugins/listener_plugin.py took 0.046 seconds
[2024-01-18T21:49:27.298+0300] {processor.py:153} INFO - Started process (PID=4891) to work on /home/angry/mlops_4/venv4/lib/python3.10/site-packages/airflow/example_dags/plugins/listener_plugin.py
[2024-01-18T21:49:27.301+0300] {processor.py:743} INFO - Processing file /home/angry/mlops_4/venv4/lib/python3.10/site-packages/airflow/example_dags/plugins/listener_plugin.py for tasks to queue
[2024-01-18T21:49:27.302+0300] {logging_mixin.py:137} INFO - [2024-01-18T21:49:27.302+0300] {dagbag.py:532} INFO - Filling up the DagBag from /home/angry/mlops_4/venv4/lib/python3.10/site-packages/airflow/example_dags/plugins/listener_plugin.py
[2024-01-18T21:49:27.307+0300] {processor.py:755} WARNING - No viable dags retrieved from /home/angry/mlops_4/venv4/lib/python3.10/site-packages/airflow/example_dags/plugins/listener_plugin.py
[2024-01-18T21:49:27.330+0300] {processor.py:175} INFO - Processing /home/angry/mlops_4/venv4/lib/python3.10/site-packages/airflow/example_dags/plugins/listener_plugin.py took 0.040 seconds
[2024-01-18T21:50:17.921+0300] {processor.py:153} INFO - Started process (PID=4938) to work on /home/angry/mlops_4/venv4/lib/python3.10/site-packages/airflow/example_dags/plugins/listener_plugin.py
[2024-01-18T21:50:17.924+0300] {processor.py:743} INFO - Processing file /home/angry/mlops_4/venv4/lib/python3.10/site-packages/airflow/example_dags/plugins/listener_plugin.py for tasks to queue
[2024-01-18T21:50:17.925+0300] {logging_mixin.py:137} INFO - [2024-01-18T21:50:17.925+0300] {dagbag.py:532} INFO - Filling up the DagBag from /home/angry/mlops_4/venv4/lib/python3.10/site-packages/airflow/example_dags/plugins/listener_plugin.py
[2024-01-18T21:50:17.932+0300] {processor.py:755} WARNING - No viable dags retrieved from /home/angry/mlops_4/venv4/lib/python3.10/site-packages/airflow/example_dags/plugins/listener_plugin.py
[2024-01-18T21:50:17.958+0300] {processor.py:175} INFO - Processing /home/angry/mlops_4/venv4/lib/python3.10/site-packages/airflow/example_dags/plugins/listener_plugin.py took 0.044 seconds
[2024-01-18T21:51:08.536+0300] {processor.py:153} INFO - Started process (PID=4987) to work on /home/angry/mlops_4/venv4/lib/python3.10/site-packages/airflow/example_dags/plugins/listener_plugin.py
[2024-01-18T21:51:08.540+0300] {processor.py:743} INFO - Processing file /home/angry/mlops_4/venv4/lib/python3.10/site-packages/airflow/example_dags/plugins/listener_plugin.py for tasks to queue
[2024-01-18T21:51:08.542+0300] {logging_mixin.py:137} INFO - [2024-01-18T21:51:08.542+0300] {dagbag.py:532} INFO - Filling up the DagBag from /home/angry/mlops_4/venv4/lib/python3.10/site-packages/airflow/example_dags/plugins/listener_plugin.py
[2024-01-18T21:51:08.547+0300] {processor.py:755} WARNING - No viable dags retrieved from /home/angry/mlops_4/venv4/lib/python3.10/site-packages/airflow/example_dags/plugins/listener_plugin.py
[2024-01-18T21:51:08.570+0300] {processor.py:175} INFO - Processing /home/angry/mlops_4/venv4/lib/python3.10/site-packages/airflow/example_dags/plugins/listener_plugin.py took 0.044 seconds
[2024-01-18T21:52:01.784+0300] {processor.py:153} INFO - Started process (PID=5038) to work on /home/angry/mlops_4/venv4/lib/python3.10/site-packages/airflow/example_dags/plugins/listener_plugin.py
[2024-01-18T21:52:01.786+0300] {processor.py:743} INFO - Processing file /home/angry/mlops_4/venv4/lib/python3.10/site-packages/airflow/example_dags/plugins/listener_plugin.py for tasks to queue
[2024-01-18T21:52:01.788+0300] {logging_mixin.py:137} INFO - [2024-01-18T21:52:01.787+0300] {dagbag.py:532} INFO - Filling up the DagBag from /home/angry/mlops_4/venv4/lib/python3.10/site-packages/airflow/example_dags/plugins/listener_plugin.py
[2024-01-18T21:52:01.794+0300] {processor.py:755} WARNING - No viable dags retrieved from /home/angry/mlops_4/venv4/lib/python3.10/site-packages/airflow/example_dags/plugins/listener_plugin.py
[2024-01-18T21:52:01.838+0300] {processor.py:175} INFO - Processing /home/angry/mlops_4/venv4/lib/python3.10/site-packages/airflow/example_dags/plugins/listener_plugin.py took 0.062 seconds
[2024-01-18T21:53:01.133+0300] {processor.py:153} INFO - Started process (PID=5092) to work on /home/angry/mlops_4/venv4/lib/python3.10/site-packages/airflow/example_dags/plugins/listener_plugin.py
[2024-01-18T21:53:01.142+0300] {processor.py:743} INFO - Processing file /home/angry/mlops_4/venv4/lib/python3.10/site-packages/airflow/example_dags/plugins/listener_plugin.py for tasks to queue
[2024-01-18T21:53:01.145+0300] {logging_mixin.py:137} INFO - [2024-01-18T21:53:01.145+0300] {dagbag.py:532} INFO - Filling up the DagBag from /home/angry/mlops_4/venv4/lib/python3.10/site-packages/airflow/example_dags/plugins/listener_plugin.py
[2024-01-18T21:53:01.158+0300] {processor.py:755} WARNING - No viable dags retrieved from /home/angry/mlops_4/venv4/lib/python3.10/site-packages/airflow/example_dags/plugins/listener_plugin.py
[2024-01-18T21:53:01.200+0300] {processor.py:175} INFO - Processing /home/angry/mlops_4/venv4/lib/python3.10/site-packages/airflow/example_dags/plugins/listener_plugin.py took 0.090 seconds
[2024-01-18T21:53:59.265+0300] {processor.py:153} INFO - Started process (PID=5147) to work on /home/angry/mlops_4/venv4/lib/python3.10/site-packages/airflow/example_dags/plugins/listener_plugin.py
[2024-01-18T21:53:59.271+0300] {processor.py:743} INFO - Processing file /home/angry/mlops_4/venv4/lib/python3.10/site-packages/airflow/example_dags/plugins/listener_plugin.py for tasks to queue
[2024-01-18T21:53:59.275+0300] {logging_mixin.py:137} INFO - [2024-01-18T21:53:59.273+0300] {dagbag.py:532} INFO - Filling up the DagBag from /home/angry/mlops_4/venv4/lib/python3.10/site-packages/airflow/example_dags/plugins/listener_plugin.py
[2024-01-18T21:53:59.288+0300] {processor.py:755} WARNING - No viable dags retrieved from /home/angry/mlops_4/venv4/lib/python3.10/site-packages/airflow/example_dags/plugins/listener_plugin.py
[2024-01-18T21:53:59.343+0300] {processor.py:175} INFO - Processing /home/angry/mlops_4/venv4/lib/python3.10/site-packages/airflow/example_dags/plugins/listener_plugin.py took 0.095 seconds
[2024-01-18T21:56:38.181+0300] {processor.py:153} INFO - Started process (PID=5280) to work on /home/angry/mlops_4/venv4/lib/python3.10/site-packages/airflow/example_dags/plugins/listener_plugin.py
[2024-01-18T21:56:38.196+0300] {processor.py:743} INFO - Processing file /home/angry/mlops_4/venv4/lib/python3.10/site-packages/airflow/example_dags/plugins/listener_plugin.py for tasks to queue
[2024-01-18T21:56:38.201+0300] {logging_mixin.py:137} INFO - [2024-01-18T21:56:38.199+0300] {dagbag.py:532} INFO - Filling up the DagBag from /home/angry/mlops_4/venv4/lib/python3.10/site-packages/airflow/example_dags/plugins/listener_plugin.py
[2024-01-18T21:56:38.228+0300] {processor.py:755} WARNING - No viable dags retrieved from /home/angry/mlops_4/venv4/lib/python3.10/site-packages/airflow/example_dags/plugins/listener_plugin.py
[2024-01-18T21:56:38.262+0300] {processor.py:175} INFO - Processing /home/angry/mlops_4/venv4/lib/python3.10/site-packages/airflow/example_dags/plugins/listener_plugin.py took 0.123 seconds
[2024-01-18T21:59:29.639+0300] {processor.py:153} INFO - Started process (PID=5445) to work on /home/angry/mlops_4/venv4/lib/python3.10/site-packages/airflow/example_dags/plugins/listener_plugin.py
[2024-01-18T21:59:29.642+0300] {processor.py:743} INFO - Processing file /home/angry/mlops_4/venv4/lib/python3.10/site-packages/airflow/example_dags/plugins/listener_plugin.py for tasks to queue
[2024-01-18T21:59:29.647+0300] {logging_mixin.py:137} INFO - [2024-01-18T21:59:29.646+0300] {dagbag.py:532} INFO - Filling up the DagBag from /home/angry/mlops_4/venv4/lib/python3.10/site-packages/airflow/example_dags/plugins/listener_plugin.py
[2024-01-18T21:59:29.655+0300] {processor.py:755} WARNING - No viable dags retrieved from /home/angry/mlops_4/venv4/lib/python3.10/site-packages/airflow/example_dags/plugins/listener_plugin.py
[2024-01-18T21:59:29.690+0300] {processor.py:175} INFO - Processing /home/angry/mlops_4/venv4/lib/python3.10/site-packages/airflow/example_dags/plugins/listener_plugin.py took 0.061 seconds
[2024-01-18T22:03:37.065+0300] {processor.py:153} INFO - Started process (PID=5663) to work on /home/angry/mlops_4/venv4/lib/python3.10/site-packages/airflow/example_dags/plugins/listener_plugin.py
[2024-01-18T22:03:37.069+0300] {processor.py:743} INFO - Processing file /home/angry/mlops_4/venv4/lib/python3.10/site-packages/airflow/example_dags/plugins/listener_plugin.py for tasks to queue
[2024-01-18T22:03:37.076+0300] {logging_mixin.py:137} INFO - [2024-01-18T22:03:37.074+0300] {dagbag.py:532} INFO - Filling up the DagBag from /home/angry/mlops_4/venv4/lib/python3.10/site-packages/airflow/example_dags/plugins/listener_plugin.py
[2024-01-18T22:03:37.088+0300] {processor.py:755} WARNING - No viable dags retrieved from /home/angry/mlops_4/venv4/lib/python3.10/site-packages/airflow/example_dags/plugins/listener_plugin.py
[2024-01-18T22:03:37.113+0300] {processor.py:175} INFO - Processing /home/angry/mlops_4/venv4/lib/python3.10/site-packages/airflow/example_dags/plugins/listener_plugin.py took 0.066 seconds
