[2024-01-18T21:36:59.416+0300] {processor.py:153} INFO - Started process (PID=3308) to work on /home/angry/mlops_4/venv4/lib/python3.10/site-packages/airflow/example_dags/example_python_operator.py
[2024-01-18T21:36:59.418+0300] {processor.py:743} INFO - Processing file /home/angry/mlops_4/venv4/lib/python3.10/site-packages/airflow/example_dags/example_python_operator.py for tasks to queue
[2024-01-18T21:36:59.419+0300] {logging_mixin.py:137} INFO - [2024-01-18T21:36:59.419+0300] {dagbag.py:532} INFO - Filling up the DagBag from /home/angry/mlops_4/venv4/lib/python3.10/site-packages/airflow/example_dags/example_python_operator.py
[2024-01-18T21:36:59.458+0300] {logging_mixin.py:137} INFO - [2024-01-18T21:36:59.458+0300] {taskmixin.py:211} WARNING - Dependency <Task(_PythonDecoratedOperator): print_the_context>, log_sql_query already registered for DAG: example_python_operator
[2024-01-18T21:36:59.459+0300] {logging_mixin.py:137} INFO - [2024-01-18T21:36:59.459+0300] {taskmixin.py:211} WARNING - Dependency <Task(_PythonDecoratedOperator): log_sql_query>, print_the_context already registered for DAG: example_python_operator
[2024-01-18T21:36:59.460+0300] {logging_mixin.py:137} INFO - [2024-01-18T21:36:59.460+0300] {taskmixin.py:211} WARNING - Dependency <Task(_PythonDecoratedOperator): print_the_context>, log_sql_query already registered for DAG: example_python_operator
[2024-01-18T21:36:59.460+0300] {logging_mixin.py:137} INFO - [2024-01-18T21:36:59.460+0300] {taskmixin.py:211} WARNING - Dependency <Task(_PythonDecoratedOperator): log_sql_query>, print_the_context already registered for DAG: example_python_operator
[2024-01-18T21:36:59.462+0300] {logging_mixin.py:137} INFO - [2024-01-18T21:36:59.461+0300] {taskmixin.py:211} WARNING - Dependency <Task(_PythonDecoratedOperator): print_the_context>, log_sql_query already registered for DAG: example_python_operator
[2024-01-18T21:36:59.462+0300] {logging_mixin.py:137} INFO - [2024-01-18T21:36:59.462+0300] {taskmixin.py:211} WARNING - Dependency <Task(_PythonDecoratedOperator): log_sql_query>, print_the_context already registered for DAG: example_python_operator
[2024-01-18T21:36:59.463+0300] {logging_mixin.py:137} INFO - [2024-01-18T21:36:59.463+0300] {taskmixin.py:211} WARNING - Dependency <Task(_PythonDecoratedOperator): print_the_context>, log_sql_query already registered for DAG: example_python_operator
[2024-01-18T21:36:59.463+0300] {logging_mixin.py:137} INFO - [2024-01-18T21:36:59.463+0300] {taskmixin.py:211} WARNING - Dependency <Task(_PythonDecoratedOperator): log_sql_query>, print_the_context already registered for DAG: example_python_operator
[2024-01-18T21:36:59.464+0300] {logging_mixin.py:137} INFO - [2024-01-18T21:36:59.464+0300] {example_python_operator.py:90} WARNING - The virtalenv_python example task requires virtualenv, please install it.
[2024-01-18T21:36:59.474+0300] {processor.py:753} INFO - DAG(s) dict_keys(['example_python_operator']) retrieved from /home/angry/mlops_4/venv4/lib/python3.10/site-packages/airflow/example_dags/example_python_operator.py
[2024-01-18T21:36:59.516+0300] {logging_mixin.py:137} INFO - [2024-01-18T21:36:59.515+0300] {dag.py:2705} INFO - Sync 1 DAGs
[2024-01-18T21:36:59.740+0300] {logging_mixin.py:137} INFO - [2024-01-18T21:36:59.740+0300] {dag.py:3452} INFO - Setting next_dagrun for example_python_operator to None, run_after=None
[2024-01-18T21:36:59.774+0300] {processor.py:175} INFO - Processing /home/angry/mlops_4/venv4/lib/python3.10/site-packages/airflow/example_dags/example_python_operator.py took 0.367 seconds
[2024-01-18T21:37:55.433+0300] {processor.py:153} INFO - Started process (PID=3386) to work on /home/angry/mlops_4/venv4/lib/python3.10/site-packages/airflow/example_dags/example_python_operator.py
[2024-01-18T21:37:55.436+0300] {processor.py:743} INFO - Processing file /home/angry/mlops_4/venv4/lib/python3.10/site-packages/airflow/example_dags/example_python_operator.py for tasks to queue
[2024-01-18T21:37:55.438+0300] {logging_mixin.py:137} INFO - [2024-01-18T21:37:55.437+0300] {dagbag.py:532} INFO - Filling up the DagBag from /home/angry/mlops_4/venv4/lib/python3.10/site-packages/airflow/example_dags/example_python_operator.py
[2024-01-18T21:37:55.541+0300] {logging_mixin.py:137} INFO - [2024-01-18T21:37:55.541+0300] {taskmixin.py:211} WARNING - Dependency <Task(_PythonDecoratedOperator): print_the_context>, log_sql_query already registered for DAG: example_python_operator
[2024-01-18T21:37:55.542+0300] {logging_mixin.py:137} INFO - [2024-01-18T21:37:55.541+0300] {taskmixin.py:211} WARNING - Dependency <Task(_PythonDecoratedOperator): log_sql_query>, print_the_context already registered for DAG: example_python_operator
[2024-01-18T21:37:55.543+0300] {logging_mixin.py:137} INFO - [2024-01-18T21:37:55.543+0300] {taskmixin.py:211} WARNING - Dependency <Task(_PythonDecoratedOperator): print_the_context>, log_sql_query already registered for DAG: example_python_operator
[2024-01-18T21:37:55.543+0300] {logging_mixin.py:137} INFO - [2024-01-18T21:37:55.543+0300] {taskmixin.py:211} WARNING - Dependency <Task(_PythonDecoratedOperator): log_sql_query>, print_the_context already registered for DAG: example_python_operator
[2024-01-18T21:37:55.546+0300] {logging_mixin.py:137} INFO - [2024-01-18T21:37:55.545+0300] {taskmixin.py:211} WARNING - Dependency <Task(_PythonDecoratedOperator): print_the_context>, log_sql_query already registered for DAG: example_python_operator
[2024-01-18T21:37:55.546+0300] {logging_mixin.py:137} INFO - [2024-01-18T21:37:55.546+0300] {taskmixin.py:211} WARNING - Dependency <Task(_PythonDecoratedOperator): log_sql_query>, print_the_context already registered for DAG: example_python_operator
[2024-01-18T21:37:55.549+0300] {logging_mixin.py:137} INFO - [2024-01-18T21:37:55.548+0300] {taskmixin.py:211} WARNING - Dependency <Task(_PythonDecoratedOperator): print_the_context>, log_sql_query already registered for DAG: example_python_operator
[2024-01-18T21:37:55.552+0300] {logging_mixin.py:137} INFO - [2024-01-18T21:37:55.552+0300] {taskmixin.py:211} WARNING - Dependency <Task(_PythonDecoratedOperator): log_sql_query>, print_the_context already registered for DAG: example_python_operator
[2024-01-18T21:37:55.553+0300] {logging_mixin.py:137} INFO - [2024-01-18T21:37:55.553+0300] {example_python_operator.py:90} WARNING - The virtalenv_python example task requires virtualenv, please install it.
[2024-01-18T21:37:55.565+0300] {processor.py:753} INFO - DAG(s) dict_keys(['example_python_operator']) retrieved from /home/angry/mlops_4/venv4/lib/python3.10/site-packages/airflow/example_dags/example_python_operator.py
[2024-01-18T21:37:55.693+0300] {logging_mixin.py:137} INFO - [2024-01-18T21:37:55.692+0300] {dag.py:2705} INFO - Sync 1 DAGs
[2024-01-18T21:37:56.315+0300] {logging_mixin.py:137} INFO - [2024-01-18T21:37:56.314+0300] {dag.py:3452} INFO - Setting next_dagrun for example_python_operator to None, run_after=None
[2024-01-18T21:37:56.381+0300] {processor.py:175} INFO - Processing /home/angry/mlops_4/venv4/lib/python3.10/site-packages/airflow/example_dags/example_python_operator.py took 0.971 seconds
[2024-01-18T21:39:10.963+0300] {processor.py:153} INFO - Started process (PID=4135) to work on /home/angry/mlops_4/venv4/lib/python3.10/site-packages/airflow/example_dags/example_python_operator.py
[2024-01-18T21:39:10.977+0300] {processor.py:743} INFO - Processing file /home/angry/mlops_4/venv4/lib/python3.10/site-packages/airflow/example_dags/example_python_operator.py for tasks to queue
[2024-01-18T21:39:10.980+0300] {logging_mixin.py:137} INFO - [2024-01-18T21:39:10.979+0300] {dagbag.py:532} INFO - Filling up the DagBag from /home/angry/mlops_4/venv4/lib/python3.10/site-packages/airflow/example_dags/example_python_operator.py
[2024-01-18T21:39:11.060+0300] {logging_mixin.py:137} INFO - [2024-01-18T21:39:11.059+0300] {taskmixin.py:211} WARNING - Dependency <Task(_PythonDecoratedOperator): print_the_context>, log_sql_query already registered for DAG: example_python_operator
[2024-01-18T21:39:11.060+0300] {logging_mixin.py:137} INFO - [2024-01-18T21:39:11.060+0300] {taskmixin.py:211} WARNING - Dependency <Task(_PythonDecoratedOperator): log_sql_query>, print_the_context already registered for DAG: example_python_operator
[2024-01-18T21:39:11.063+0300] {logging_mixin.py:137} INFO - [2024-01-18T21:39:11.062+0300] {taskmixin.py:211} WARNING - Dependency <Task(_PythonDecoratedOperator): print_the_context>, log_sql_query already registered for DAG: example_python_operator
[2024-01-18T21:39:11.063+0300] {logging_mixin.py:137} INFO - [2024-01-18T21:39:11.063+0300] {taskmixin.py:211} WARNING - Dependency <Task(_PythonDecoratedOperator): log_sql_query>, print_the_context already registered for DAG: example_python_operator
[2024-01-18T21:39:11.065+0300] {logging_mixin.py:137} INFO - [2024-01-18T21:39:11.064+0300] {taskmixin.py:211} WARNING - Dependency <Task(_PythonDecoratedOperator): print_the_context>, log_sql_query already registered for DAG: example_python_operator
[2024-01-18T21:39:11.065+0300] {logging_mixin.py:137} INFO - [2024-01-18T21:39:11.065+0300] {taskmixin.py:211} WARNING - Dependency <Task(_PythonDecoratedOperator): log_sql_query>, print_the_context already registered for DAG: example_python_operator
[2024-01-18T21:39:11.067+0300] {logging_mixin.py:137} INFO - [2024-01-18T21:39:11.067+0300] {taskmixin.py:211} WARNING - Dependency <Task(_PythonDecoratedOperator): print_the_context>, log_sql_query already registered for DAG: example_python_operator
[2024-01-18T21:39:11.067+0300] {logging_mixin.py:137} INFO - [2024-01-18T21:39:11.067+0300] {taskmixin.py:211} WARNING - Dependency <Task(_PythonDecoratedOperator): log_sql_query>, print_the_context already registered for DAG: example_python_operator
[2024-01-18T21:39:11.068+0300] {logging_mixin.py:137} INFO - [2024-01-18T21:39:11.068+0300] {example_python_operator.py:90} WARNING - The virtalenv_python example task requires virtualenv, please install it.
[2024-01-18T21:39:11.082+0300] {processor.py:753} INFO - DAG(s) dict_keys(['example_python_operator']) retrieved from /home/angry/mlops_4/venv4/lib/python3.10/site-packages/airflow/example_dags/example_python_operator.py
[2024-01-18T21:39:11.154+0300] {logging_mixin.py:137} INFO - [2024-01-18T21:39:11.153+0300] {dag.py:2705} INFO - Sync 1 DAGs
[2024-01-18T21:39:11.505+0300] {logging_mixin.py:137} INFO - [2024-01-18T21:39:11.505+0300] {dag.py:3452} INFO - Setting next_dagrun for example_python_operator to None, run_after=None
[2024-01-18T21:39:11.563+0300] {processor.py:175} INFO - Processing /home/angry/mlops_4/venv4/lib/python3.10/site-packages/airflow/example_dags/example_python_operator.py took 0.629 seconds
[2024-01-18T21:40:11.211+0300] {processor.py:153} INFO - Started process (PID=4198) to work on /home/angry/mlops_4/venv4/lib/python3.10/site-packages/airflow/example_dags/example_python_operator.py
[2024-01-18T21:40:11.214+0300] {processor.py:743} INFO - Processing file /home/angry/mlops_4/venv4/lib/python3.10/site-packages/airflow/example_dags/example_python_operator.py for tasks to queue
[2024-01-18T21:40:11.215+0300] {logging_mixin.py:137} INFO - [2024-01-18T21:40:11.215+0300] {dagbag.py:532} INFO - Filling up the DagBag from /home/angry/mlops_4/venv4/lib/python3.10/site-packages/airflow/example_dags/example_python_operator.py
[2024-01-18T21:40:11.262+0300] {logging_mixin.py:137} INFO - [2024-01-18T21:40:11.262+0300] {taskmixin.py:211} WARNING - Dependency <Task(_PythonDecoratedOperator): print_the_context>, log_sql_query already registered for DAG: example_python_operator
[2024-01-18T21:40:11.263+0300] {logging_mixin.py:137} INFO - [2024-01-18T21:40:11.263+0300] {taskmixin.py:211} WARNING - Dependency <Task(_PythonDecoratedOperator): log_sql_query>, print_the_context already registered for DAG: example_python_operator
[2024-01-18T21:40:11.264+0300] {logging_mixin.py:137} INFO - [2024-01-18T21:40:11.264+0300] {taskmixin.py:211} WARNING - Dependency <Task(_PythonDecoratedOperator): print_the_context>, log_sql_query already registered for DAG: example_python_operator
[2024-01-18T21:40:11.264+0300] {logging_mixin.py:137} INFO - [2024-01-18T21:40:11.264+0300] {taskmixin.py:211} WARNING - Dependency <Task(_PythonDecoratedOperator): log_sql_query>, print_the_context already registered for DAG: example_python_operator
[2024-01-18T21:40:11.266+0300] {logging_mixin.py:137} INFO - [2024-01-18T21:40:11.266+0300] {taskmixin.py:211} WARNING - Dependency <Task(_PythonDecoratedOperator): print_the_context>, log_sql_query already registered for DAG: example_python_operator
[2024-01-18T21:40:11.266+0300] {logging_mixin.py:137} INFO - [2024-01-18T21:40:11.266+0300] {taskmixin.py:211} WARNING - Dependency <Task(_PythonDecoratedOperator): log_sql_query>, print_the_context already registered for DAG: example_python_operator
[2024-01-18T21:40:11.267+0300] {logging_mixin.py:137} INFO - [2024-01-18T21:40:11.267+0300] {taskmixin.py:211} WARNING - Dependency <Task(_PythonDecoratedOperator): print_the_context>, log_sql_query already registered for DAG: example_python_operator
[2024-01-18T21:40:11.268+0300] {logging_mixin.py:137} INFO - [2024-01-18T21:40:11.268+0300] {taskmixin.py:211} WARNING - Dependency <Task(_PythonDecoratedOperator): log_sql_query>, print_the_context already registered for DAG: example_python_operator
[2024-01-18T21:40:11.268+0300] {logging_mixin.py:137} INFO - [2024-01-18T21:40:11.268+0300] {example_python_operator.py:90} WARNING - The virtalenv_python example task requires virtualenv, please install it.
[2024-01-18T21:40:11.288+0300] {processor.py:753} INFO - DAG(s) dict_keys(['example_python_operator']) retrieved from /home/angry/mlops_4/venv4/lib/python3.10/site-packages/airflow/example_dags/example_python_operator.py
[2024-01-18T21:40:11.521+0300] {logging_mixin.py:137} INFO - [2024-01-18T21:40:11.520+0300] {dag.py:2705} INFO - Sync 1 DAGs
[2024-01-18T21:40:11.553+0300] {logging_mixin.py:137} INFO - [2024-01-18T21:40:11.552+0300] {dag.py:3452} INFO - Setting next_dagrun for example_python_operator to None, run_after=None
[2024-01-18T21:40:11.589+0300] {processor.py:175} INFO - Processing /home/angry/mlops_4/venv4/lib/python3.10/site-packages/airflow/example_dags/example_python_operator.py took 0.385 seconds
[2024-01-18T21:41:16.713+0300] {processor.py:153} INFO - Started process (PID=4306) to work on /home/angry/mlops_4/venv4/lib/python3.10/site-packages/airflow/example_dags/example_python_operator.py
[2024-01-18T21:41:16.716+0300] {processor.py:743} INFO - Processing file /home/angry/mlops_4/venv4/lib/python3.10/site-packages/airflow/example_dags/example_python_operator.py for tasks to queue
[2024-01-18T21:41:16.719+0300] {logging_mixin.py:137} INFO - [2024-01-18T21:41:16.718+0300] {dagbag.py:532} INFO - Filling up the DagBag from /home/angry/mlops_4/venv4/lib/python3.10/site-packages/airflow/example_dags/example_python_operator.py
[2024-01-18T21:41:16.798+0300] {logging_mixin.py:137} INFO - [2024-01-18T21:41:16.797+0300] {taskmixin.py:211} WARNING - Dependency <Task(_PythonDecoratedOperator): print_the_context>, log_sql_query already registered for DAG: example_python_operator
[2024-01-18T21:41:16.799+0300] {logging_mixin.py:137} INFO - [2024-01-18T21:41:16.798+0300] {taskmixin.py:211} WARNING - Dependency <Task(_PythonDecoratedOperator): log_sql_query>, print_the_context already registered for DAG: example_python_operator
[2024-01-18T21:41:16.802+0300] {logging_mixin.py:137} INFO - [2024-01-18T21:41:16.801+0300] {taskmixin.py:211} WARNING - Dependency <Task(_PythonDecoratedOperator): print_the_context>, log_sql_query already registered for DAG: example_python_operator
[2024-01-18T21:41:16.802+0300] {logging_mixin.py:137} INFO - [2024-01-18T21:41:16.802+0300] {taskmixin.py:211} WARNING - Dependency <Task(_PythonDecoratedOperator): log_sql_query>, print_the_context already registered for DAG: example_python_operator
[2024-01-18T21:41:16.806+0300] {logging_mixin.py:137} INFO - [2024-01-18T21:41:16.804+0300] {taskmixin.py:211} WARNING - Dependency <Task(_PythonDecoratedOperator): print_the_context>, log_sql_query already registered for DAG: example_python_operator
[2024-01-18T21:41:16.806+0300] {logging_mixin.py:137} INFO - [2024-01-18T21:41:16.806+0300] {taskmixin.py:211} WARNING - Dependency <Task(_PythonDecoratedOperator): log_sql_query>, print_the_context already registered for DAG: example_python_operator
[2024-01-18T21:41:16.808+0300] {logging_mixin.py:137} INFO - [2024-01-18T21:41:16.807+0300] {taskmixin.py:211} WARNING - Dependency <Task(_PythonDecoratedOperator): print_the_context>, log_sql_query already registered for DAG: example_python_operator
[2024-01-18T21:41:16.809+0300] {logging_mixin.py:137} INFO - [2024-01-18T21:41:16.808+0300] {taskmixin.py:211} WARNING - Dependency <Task(_PythonDecoratedOperator): log_sql_query>, print_the_context already registered for DAG: example_python_operator
[2024-01-18T21:41:16.810+0300] {logging_mixin.py:137} INFO - [2024-01-18T21:41:16.810+0300] {example_python_operator.py:90} WARNING - The virtalenv_python example task requires virtualenv, please install it.
[2024-01-18T21:41:17.258+0300] {processor.py:753} INFO - DAG(s) dict_keys(['example_python_operator']) retrieved from /home/angry/mlops_4/venv4/lib/python3.10/site-packages/airflow/example_dags/example_python_operator.py
[2024-01-18T21:41:17.338+0300] {logging_mixin.py:137} INFO - [2024-01-18T21:41:17.337+0300] {dag.py:2705} INFO - Sync 1 DAGs
[2024-01-18T21:41:17.439+0300] {logging_mixin.py:137} INFO - [2024-01-18T21:41:17.439+0300] {dag.py:3452} INFO - Setting next_dagrun for example_python_operator to None, run_after=None
[2024-01-18T21:41:17.520+0300] {processor.py:175} INFO - Processing /home/angry/mlops_4/venv4/lib/python3.10/site-packages/airflow/example_dags/example_python_operator.py took 0.850 seconds
[2024-01-18T21:42:16.280+0300] {processor.py:153} INFO - Started process (PID=4369) to work on /home/angry/mlops_4/venv4/lib/python3.10/site-packages/airflow/example_dags/example_python_operator.py
[2024-01-18T21:42:16.283+0300] {processor.py:743} INFO - Processing file /home/angry/mlops_4/venv4/lib/python3.10/site-packages/airflow/example_dags/example_python_operator.py for tasks to queue
[2024-01-18T21:42:16.288+0300] {logging_mixin.py:137} INFO - [2024-01-18T21:42:16.287+0300] {dagbag.py:532} INFO - Filling up the DagBag from /home/angry/mlops_4/venv4/lib/python3.10/site-packages/airflow/example_dags/example_python_operator.py
[2024-01-18T21:42:16.514+0300] {logging_mixin.py:137} INFO - [2024-01-18T21:42:16.514+0300] {taskmixin.py:211} WARNING - Dependency <Task(_PythonDecoratedOperator): print_the_context>, log_sql_query already registered for DAG: example_python_operator
[2024-01-18T21:42:16.515+0300] {logging_mixin.py:137} INFO - [2024-01-18T21:42:16.515+0300] {taskmixin.py:211} WARNING - Dependency <Task(_PythonDecoratedOperator): log_sql_query>, print_the_context already registered for DAG: example_python_operator
[2024-01-18T21:42:16.516+0300] {logging_mixin.py:137} INFO - [2024-01-18T21:42:16.516+0300] {taskmixin.py:211} WARNING - Dependency <Task(_PythonDecoratedOperator): print_the_context>, log_sql_query already registered for DAG: example_python_operator
[2024-01-18T21:42:16.517+0300] {logging_mixin.py:137} INFO - [2024-01-18T21:42:16.516+0300] {taskmixin.py:211} WARNING - Dependency <Task(_PythonDecoratedOperator): log_sql_query>, print_the_context already registered for DAG: example_python_operator
[2024-01-18T21:42:16.518+0300] {logging_mixin.py:137} INFO - [2024-01-18T21:42:16.518+0300] {taskmixin.py:211} WARNING - Dependency <Task(_PythonDecoratedOperator): print_the_context>, log_sql_query already registered for DAG: example_python_operator
[2024-01-18T21:42:16.518+0300] {logging_mixin.py:137} INFO - [2024-01-18T21:42:16.518+0300] {taskmixin.py:211} WARNING - Dependency <Task(_PythonDecoratedOperator): log_sql_query>, print_the_context already registered for DAG: example_python_operator
[2024-01-18T21:42:16.519+0300] {logging_mixin.py:137} INFO - [2024-01-18T21:42:16.519+0300] {taskmixin.py:211} WARNING - Dependency <Task(_PythonDecoratedOperator): print_the_context>, log_sql_query already registered for DAG: example_python_operator
[2024-01-18T21:42:16.519+0300] {logging_mixin.py:137} INFO - [2024-01-18T21:42:16.519+0300] {taskmixin.py:211} WARNING - Dependency <Task(_PythonDecoratedOperator): log_sql_query>, print_the_context already registered for DAG: example_python_operator
[2024-01-18T21:42:16.520+0300] {logging_mixin.py:137} INFO - [2024-01-18T21:42:16.520+0300] {example_python_operator.py:90} WARNING - The virtalenv_python example task requires virtualenv, please install it.
[2024-01-18T21:42:16.531+0300] {processor.py:753} INFO - DAG(s) dict_keys(['example_python_operator']) retrieved from /home/angry/mlops_4/venv4/lib/python3.10/site-packages/airflow/example_dags/example_python_operator.py
[2024-01-18T21:42:16.566+0300] {logging_mixin.py:137} INFO - [2024-01-18T21:42:16.566+0300] {dag.py:2705} INFO - Sync 1 DAGs
[2024-01-18T21:42:16.597+0300] {logging_mixin.py:137} INFO - [2024-01-18T21:42:16.597+0300] {dag.py:3452} INFO - Setting next_dagrun for example_python_operator to None, run_after=None
[2024-01-18T21:42:16.634+0300] {processor.py:175} INFO - Processing /home/angry/mlops_4/venv4/lib/python3.10/site-packages/airflow/example_dags/example_python_operator.py took 0.363 seconds
[2024-01-18T21:43:12.355+0300] {processor.py:153} INFO - Started process (PID=4420) to work on /home/angry/mlops_4/venv4/lib/python3.10/site-packages/airflow/example_dags/example_python_operator.py
[2024-01-18T21:43:12.358+0300] {processor.py:743} INFO - Processing file /home/angry/mlops_4/venv4/lib/python3.10/site-packages/airflow/example_dags/example_python_operator.py for tasks to queue
[2024-01-18T21:43:12.360+0300] {logging_mixin.py:137} INFO - [2024-01-18T21:43:12.359+0300] {dagbag.py:532} INFO - Filling up the DagBag from /home/angry/mlops_4/venv4/lib/python3.10/site-packages/airflow/example_dags/example_python_operator.py
[2024-01-18T21:43:12.407+0300] {logging_mixin.py:137} INFO - [2024-01-18T21:43:12.407+0300] {taskmixin.py:211} WARNING - Dependency <Task(_PythonDecoratedOperator): print_the_context>, log_sql_query already registered for DAG: example_python_operator
[2024-01-18T21:43:12.408+0300] {logging_mixin.py:137} INFO - [2024-01-18T21:43:12.408+0300] {taskmixin.py:211} WARNING - Dependency <Task(_PythonDecoratedOperator): log_sql_query>, print_the_context already registered for DAG: example_python_operator
[2024-01-18T21:43:12.409+0300] {logging_mixin.py:137} INFO - [2024-01-18T21:43:12.409+0300] {taskmixin.py:211} WARNING - Dependency <Task(_PythonDecoratedOperator): print_the_context>, log_sql_query already registered for DAG: example_python_operator
[2024-01-18T21:43:12.410+0300] {logging_mixin.py:137} INFO - [2024-01-18T21:43:12.409+0300] {taskmixin.py:211} WARNING - Dependency <Task(_PythonDecoratedOperator): log_sql_query>, print_the_context already registered for DAG: example_python_operator
[2024-01-18T21:43:12.411+0300] {logging_mixin.py:137} INFO - [2024-01-18T21:43:12.411+0300] {taskmixin.py:211} WARNING - Dependency <Task(_PythonDecoratedOperator): print_the_context>, log_sql_query already registered for DAG: example_python_operator
[2024-01-18T21:43:12.411+0300] {logging_mixin.py:137} INFO - [2024-01-18T21:43:12.411+0300] {taskmixin.py:211} WARNING - Dependency <Task(_PythonDecoratedOperator): log_sql_query>, print_the_context already registered for DAG: example_python_operator
[2024-01-18T21:43:12.413+0300] {logging_mixin.py:137} INFO - [2024-01-18T21:43:12.413+0300] {taskmixin.py:211} WARNING - Dependency <Task(_PythonDecoratedOperator): print_the_context>, log_sql_query already registered for DAG: example_python_operator
[2024-01-18T21:43:12.413+0300] {logging_mixin.py:137} INFO - [2024-01-18T21:43:12.413+0300] {taskmixin.py:211} WARNING - Dependency <Task(_PythonDecoratedOperator): log_sql_query>, print_the_context already registered for DAG: example_python_operator
[2024-01-18T21:43:12.414+0300] {logging_mixin.py:137} INFO - [2024-01-18T21:43:12.414+0300] {example_python_operator.py:90} WARNING - The virtalenv_python example task requires virtualenv, please install it.
[2024-01-18T21:43:12.429+0300] {processor.py:753} INFO - DAG(s) dict_keys(['example_python_operator']) retrieved from /home/angry/mlops_4/venv4/lib/python3.10/site-packages/airflow/example_dags/example_python_operator.py
[2024-01-18T21:43:12.486+0300] {logging_mixin.py:137} INFO - [2024-01-18T21:43:12.486+0300] {dag.py:2705} INFO - Sync 1 DAGs
[2024-01-18T21:43:12.533+0300] {logging_mixin.py:137} INFO - [2024-01-18T21:43:12.533+0300] {dag.py:3452} INFO - Setting next_dagrun for example_python_operator to None, run_after=None
[2024-01-18T21:43:12.572+0300] {processor.py:175} INFO - Processing /home/angry/mlops_4/venv4/lib/python3.10/site-packages/airflow/example_dags/example_python_operator.py took 0.228 seconds
[2024-01-18T21:44:01.457+0300] {processor.py:153} INFO - Started process (PID=4473) to work on /home/angry/mlops_4/venv4/lib/python3.10/site-packages/airflow/example_dags/example_python_operator.py
[2024-01-18T21:44:01.460+0300] {processor.py:743} INFO - Processing file /home/angry/mlops_4/venv4/lib/python3.10/site-packages/airflow/example_dags/example_python_operator.py for tasks to queue
[2024-01-18T21:44:01.462+0300] {logging_mixin.py:137} INFO - [2024-01-18T21:44:01.462+0300] {dagbag.py:532} INFO - Filling up the DagBag from /home/angry/mlops_4/venv4/lib/python3.10/site-packages/airflow/example_dags/example_python_operator.py
[2024-01-18T21:44:01.503+0300] {logging_mixin.py:137} INFO - [2024-01-18T21:44:01.503+0300] {taskmixin.py:211} WARNING - Dependency <Task(_PythonDecoratedOperator): print_the_context>, log_sql_query already registered for DAG: example_python_operator
[2024-01-18T21:44:01.503+0300] {logging_mixin.py:137} INFO - [2024-01-18T21:44:01.503+0300] {taskmixin.py:211} WARNING - Dependency <Task(_PythonDecoratedOperator): log_sql_query>, print_the_context already registered for DAG: example_python_operator
[2024-01-18T21:44:01.505+0300] {logging_mixin.py:137} INFO - [2024-01-18T21:44:01.504+0300] {taskmixin.py:211} WARNING - Dependency <Task(_PythonDecoratedOperator): print_the_context>, log_sql_query already registered for DAG: example_python_operator
[2024-01-18T21:44:01.505+0300] {logging_mixin.py:137} INFO - [2024-01-18T21:44:01.505+0300] {taskmixin.py:211} WARNING - Dependency <Task(_PythonDecoratedOperator): log_sql_query>, print_the_context already registered for DAG: example_python_operator
[2024-01-18T21:44:01.506+0300] {logging_mixin.py:137} INFO - [2024-01-18T21:44:01.506+0300] {taskmixin.py:211} WARNING - Dependency <Task(_PythonDecoratedOperator): print_the_context>, log_sql_query already registered for DAG: example_python_operator
[2024-01-18T21:44:01.506+0300] {logging_mixin.py:137} INFO - [2024-01-18T21:44:01.506+0300] {taskmixin.py:211} WARNING - Dependency <Task(_PythonDecoratedOperator): log_sql_query>, print_the_context already registered for DAG: example_python_operator
[2024-01-18T21:44:01.508+0300] {logging_mixin.py:137} INFO - [2024-01-18T21:44:01.507+0300] {taskmixin.py:211} WARNING - Dependency <Task(_PythonDecoratedOperator): print_the_context>, log_sql_query already registered for DAG: example_python_operator
[2024-01-18T21:44:01.508+0300] {logging_mixin.py:137} INFO - [2024-01-18T21:44:01.508+0300] {taskmixin.py:211} WARNING - Dependency <Task(_PythonDecoratedOperator): log_sql_query>, print_the_context already registered for DAG: example_python_operator
[2024-01-18T21:44:01.508+0300] {logging_mixin.py:137} INFO - [2024-01-18T21:44:01.508+0300] {example_python_operator.py:90} WARNING - The virtalenv_python example task requires virtualenv, please install it.
[2024-01-18T21:44:01.522+0300] {processor.py:753} INFO - DAG(s) dict_keys(['example_python_operator']) retrieved from /home/angry/mlops_4/venv4/lib/python3.10/site-packages/airflow/example_dags/example_python_operator.py
[2024-01-18T21:44:01.563+0300] {logging_mixin.py:137} INFO - [2024-01-18T21:44:01.562+0300] {dag.py:2705} INFO - Sync 1 DAGs
[2024-01-18T21:44:01.609+0300] {logging_mixin.py:137} INFO - [2024-01-18T21:44:01.609+0300] {dag.py:3452} INFO - Setting next_dagrun for example_python_operator to None, run_after=None
[2024-01-18T21:44:01.651+0300] {processor.py:175} INFO - Processing /home/angry/mlops_4/venv4/lib/python3.10/site-packages/airflow/example_dags/example_python_operator.py took 0.202 seconds
[2024-01-18T21:44:52.006+0300] {processor.py:153} INFO - Started process (PID=4534) to work on /home/angry/mlops_4/venv4/lib/python3.10/site-packages/airflow/example_dags/example_python_operator.py
[2024-01-18T21:44:52.010+0300] {processor.py:743} INFO - Processing file /home/angry/mlops_4/venv4/lib/python3.10/site-packages/airflow/example_dags/example_python_operator.py for tasks to queue
[2024-01-18T21:44:52.012+0300] {logging_mixin.py:137} INFO - [2024-01-18T21:44:52.011+0300] {dagbag.py:532} INFO - Filling up the DagBag from /home/angry/mlops_4/venv4/lib/python3.10/site-packages/airflow/example_dags/example_python_operator.py
[2024-01-18T21:44:52.062+0300] {logging_mixin.py:137} INFO - [2024-01-18T21:44:52.062+0300] {taskmixin.py:211} WARNING - Dependency <Task(_PythonDecoratedOperator): print_the_context>, log_sql_query already registered for DAG: example_python_operator
[2024-01-18T21:44:52.063+0300] {logging_mixin.py:137} INFO - [2024-01-18T21:44:52.063+0300] {taskmixin.py:211} WARNING - Dependency <Task(_PythonDecoratedOperator): log_sql_query>, print_the_context already registered for DAG: example_python_operator
[2024-01-18T21:44:52.065+0300] {logging_mixin.py:137} INFO - [2024-01-18T21:44:52.064+0300] {taskmixin.py:211} WARNING - Dependency <Task(_PythonDecoratedOperator): print_the_context>, log_sql_query already registered for DAG: example_python_operator
[2024-01-18T21:44:52.065+0300] {logging_mixin.py:137} INFO - [2024-01-18T21:44:52.065+0300] {taskmixin.py:211} WARNING - Dependency <Task(_PythonDecoratedOperator): log_sql_query>, print_the_context already registered for DAG: example_python_operator
[2024-01-18T21:44:52.067+0300] {logging_mixin.py:137} INFO - [2024-01-18T21:44:52.067+0300] {taskmixin.py:211} WARNING - Dependency <Task(_PythonDecoratedOperator): print_the_context>, log_sql_query already registered for DAG: example_python_operator
[2024-01-18T21:44:52.068+0300] {logging_mixin.py:137} INFO - [2024-01-18T21:44:52.067+0300] {taskmixin.py:211} WARNING - Dependency <Task(_PythonDecoratedOperator): log_sql_query>, print_the_context already registered for DAG: example_python_operator
[2024-01-18T21:44:52.069+0300] {logging_mixin.py:137} INFO - [2024-01-18T21:44:52.069+0300] {taskmixin.py:211} WARNING - Dependency <Task(_PythonDecoratedOperator): print_the_context>, log_sql_query already registered for DAG: example_python_operator
[2024-01-18T21:44:52.070+0300] {logging_mixin.py:137} INFO - [2024-01-18T21:44:52.069+0300] {taskmixin.py:211} WARNING - Dependency <Task(_PythonDecoratedOperator): log_sql_query>, print_the_context already registered for DAG: example_python_operator
[2024-01-18T21:44:52.071+0300] {logging_mixin.py:137} INFO - [2024-01-18T21:44:52.071+0300] {example_python_operator.py:90} WARNING - The virtalenv_python example task requires virtualenv, please install it.
[2024-01-18T21:44:52.089+0300] {processor.py:753} INFO - DAG(s) dict_keys(['example_python_operator']) retrieved from /home/angry/mlops_4/venv4/lib/python3.10/site-packages/airflow/example_dags/example_python_operator.py
[2024-01-18T21:44:52.143+0300] {logging_mixin.py:137} INFO - [2024-01-18T21:44:52.143+0300] {dag.py:2705} INFO - Sync 1 DAGs
[2024-01-18T21:44:52.223+0300] {logging_mixin.py:137} INFO - [2024-01-18T21:44:52.220+0300] {dag.py:3452} INFO - Setting next_dagrun for example_python_operator to None, run_after=None
[2024-01-18T21:44:52.303+0300] {processor.py:175} INFO - Processing /home/angry/mlops_4/venv4/lib/python3.10/site-packages/airflow/example_dags/example_python_operator.py took 0.310 seconds
[2024-01-18T21:45:42.766+0300] {processor.py:153} INFO - Started process (PID=4615) to work on /home/angry/mlops_4/venv4/lib/python3.10/site-packages/airflow/example_dags/example_python_operator.py
[2024-01-18T21:45:42.769+0300] {processor.py:743} INFO - Processing file /home/angry/mlops_4/venv4/lib/python3.10/site-packages/airflow/example_dags/example_python_operator.py for tasks to queue
[2024-01-18T21:45:42.771+0300] {logging_mixin.py:137} INFO - [2024-01-18T21:45:42.771+0300] {dagbag.py:532} INFO - Filling up the DagBag from /home/angry/mlops_4/venv4/lib/python3.10/site-packages/airflow/example_dags/example_python_operator.py
[2024-01-18T21:45:42.813+0300] {logging_mixin.py:137} INFO - [2024-01-18T21:45:42.812+0300] {taskmixin.py:211} WARNING - Dependency <Task(_PythonDecoratedOperator): print_the_context>, log_sql_query already registered for DAG: example_python_operator
[2024-01-18T21:45:42.813+0300] {logging_mixin.py:137} INFO - [2024-01-18T21:45:42.813+0300] {taskmixin.py:211} WARNING - Dependency <Task(_PythonDecoratedOperator): log_sql_query>, print_the_context already registered for DAG: example_python_operator
[2024-01-18T21:45:42.815+0300] {logging_mixin.py:137} INFO - [2024-01-18T21:45:42.814+0300] {taskmixin.py:211} WARNING - Dependency <Task(_PythonDecoratedOperator): print_the_context>, log_sql_query already registered for DAG: example_python_operator
[2024-01-18T21:45:42.815+0300] {logging_mixin.py:137} INFO - [2024-01-18T21:45:42.815+0300] {taskmixin.py:211} WARNING - Dependency <Task(_PythonDecoratedOperator): log_sql_query>, print_the_context already registered for DAG: example_python_operator
[2024-01-18T21:45:42.816+0300] {logging_mixin.py:137} INFO - [2024-01-18T21:45:42.816+0300] {taskmixin.py:211} WARNING - Dependency <Task(_PythonDecoratedOperator): print_the_context>, log_sql_query already registered for DAG: example_python_operator
[2024-01-18T21:45:42.816+0300] {logging_mixin.py:137} INFO - [2024-01-18T21:45:42.816+0300] {taskmixin.py:211} WARNING - Dependency <Task(_PythonDecoratedOperator): log_sql_query>, print_the_context already registered for DAG: example_python_operator
[2024-01-18T21:45:42.818+0300] {logging_mixin.py:137} INFO - [2024-01-18T21:45:42.817+0300] {taskmixin.py:211} WARNING - Dependency <Task(_PythonDecoratedOperator): print_the_context>, log_sql_query already registered for DAG: example_python_operator
[2024-01-18T21:45:42.818+0300] {logging_mixin.py:137} INFO - [2024-01-18T21:45:42.818+0300] {taskmixin.py:211} WARNING - Dependency <Task(_PythonDecoratedOperator): log_sql_query>, print_the_context already registered for DAG: example_python_operator
[2024-01-18T21:45:42.819+0300] {logging_mixin.py:137} INFO - [2024-01-18T21:45:42.819+0300] {example_python_operator.py:90} WARNING - The virtalenv_python example task requires virtualenv, please install it.
[2024-01-18T21:45:42.830+0300] {processor.py:753} INFO - DAG(s) dict_keys(['example_python_operator']) retrieved from /home/angry/mlops_4/venv4/lib/python3.10/site-packages/airflow/example_dags/example_python_operator.py
[2024-01-18T21:45:42.874+0300] {logging_mixin.py:137} INFO - [2024-01-18T21:45:42.874+0300] {dag.py:2705} INFO - Sync 1 DAGs
[2024-01-18T21:45:42.913+0300] {logging_mixin.py:137} INFO - [2024-01-18T21:45:42.913+0300] {dag.py:3452} INFO - Setting next_dagrun for example_python_operator to None, run_after=None
[2024-01-18T21:45:42.952+0300] {processor.py:175} INFO - Processing /home/angry/mlops_4/venv4/lib/python3.10/site-packages/airflow/example_dags/example_python_operator.py took 0.193 seconds
[2024-01-18T21:46:33.565+0300] {processor.py:153} INFO - Started process (PID=4686) to work on /home/angry/mlops_4/venv4/lib/python3.10/site-packages/airflow/example_dags/example_python_operator.py
[2024-01-18T21:46:33.567+0300] {processor.py:743} INFO - Processing file /home/angry/mlops_4/venv4/lib/python3.10/site-packages/airflow/example_dags/example_python_operator.py for tasks to queue
[2024-01-18T21:46:33.568+0300] {logging_mixin.py:137} INFO - [2024-01-18T21:46:33.568+0300] {dagbag.py:532} INFO - Filling up the DagBag from /home/angry/mlops_4/venv4/lib/python3.10/site-packages/airflow/example_dags/example_python_operator.py
[2024-01-18T21:46:33.609+0300] {logging_mixin.py:137} INFO - [2024-01-18T21:46:33.609+0300] {taskmixin.py:211} WARNING - Dependency <Task(_PythonDecoratedOperator): print_the_context>, log_sql_query already registered for DAG: example_python_operator
[2024-01-18T21:46:33.609+0300] {logging_mixin.py:137} INFO - [2024-01-18T21:46:33.609+0300] {taskmixin.py:211} WARNING - Dependency <Task(_PythonDecoratedOperator): log_sql_query>, print_the_context already registered for DAG: example_python_operator
[2024-01-18T21:46:33.610+0300] {logging_mixin.py:137} INFO - [2024-01-18T21:46:33.610+0300] {taskmixin.py:211} WARNING - Dependency <Task(_PythonDecoratedOperator): print_the_context>, log_sql_query already registered for DAG: example_python_operator
[2024-01-18T21:46:33.611+0300] {logging_mixin.py:137} INFO - [2024-01-18T21:46:33.611+0300] {taskmixin.py:211} WARNING - Dependency <Task(_PythonDecoratedOperator): log_sql_query>, print_the_context already registered for DAG: example_python_operator
[2024-01-18T21:46:33.612+0300] {logging_mixin.py:137} INFO - [2024-01-18T21:46:33.612+0300] {taskmixin.py:211} WARNING - Dependency <Task(_PythonDecoratedOperator): print_the_context>, log_sql_query already registered for DAG: example_python_operator
[2024-01-18T21:46:33.612+0300] {logging_mixin.py:137} INFO - [2024-01-18T21:46:33.612+0300] {taskmixin.py:211} WARNING - Dependency <Task(_PythonDecoratedOperator): log_sql_query>, print_the_context already registered for DAG: example_python_operator
[2024-01-18T21:46:33.614+0300] {logging_mixin.py:137} INFO - [2024-01-18T21:46:33.614+0300] {taskmixin.py:211} WARNING - Dependency <Task(_PythonDecoratedOperator): print_the_context>, log_sql_query already registered for DAG: example_python_operator
[2024-01-18T21:46:33.614+0300] {logging_mixin.py:137} INFO - [2024-01-18T21:46:33.614+0300] {taskmixin.py:211} WARNING - Dependency <Task(_PythonDecoratedOperator): log_sql_query>, print_the_context already registered for DAG: example_python_operator
[2024-01-18T21:46:33.615+0300] {logging_mixin.py:137} INFO - [2024-01-18T21:46:33.614+0300] {example_python_operator.py:90} WARNING - The virtalenv_python example task requires virtualenv, please install it.
[2024-01-18T21:46:33.626+0300] {processor.py:753} INFO - DAG(s) dict_keys(['example_python_operator']) retrieved from /home/angry/mlops_4/venv4/lib/python3.10/site-packages/airflow/example_dags/example_python_operator.py
[2024-01-18T21:46:33.673+0300] {logging_mixin.py:137} INFO - [2024-01-18T21:46:33.672+0300] {dag.py:2705} INFO - Sync 1 DAGs
[2024-01-18T21:46:33.710+0300] {logging_mixin.py:137} INFO - [2024-01-18T21:46:33.710+0300] {dag.py:3452} INFO - Setting next_dagrun for example_python_operator to None, run_after=None
[2024-01-18T21:46:33.749+0300] {processor.py:175} INFO - Processing /home/angry/mlops_4/venv4/lib/python3.10/site-packages/airflow/example_dags/example_python_operator.py took 0.192 seconds
[2024-01-18T21:47:21.665+0300] {processor.py:153} INFO - Started process (PID=4740) to work on /home/angry/mlops_4/venv4/lib/python3.10/site-packages/airflow/example_dags/example_python_operator.py
[2024-01-18T21:47:21.667+0300] {processor.py:743} INFO - Processing file /home/angry/mlops_4/venv4/lib/python3.10/site-packages/airflow/example_dags/example_python_operator.py for tasks to queue
[2024-01-18T21:47:21.669+0300] {logging_mixin.py:137} INFO - [2024-01-18T21:47:21.669+0300] {dagbag.py:532} INFO - Filling up the DagBag from /home/angry/mlops_4/venv4/lib/python3.10/site-packages/airflow/example_dags/example_python_operator.py
[2024-01-18T21:47:21.723+0300] {logging_mixin.py:137} INFO - [2024-01-18T21:47:21.723+0300] {taskmixin.py:211} WARNING - Dependency <Task(_PythonDecoratedOperator): print_the_context>, log_sql_query already registered for DAG: example_python_operator
[2024-01-18T21:47:21.724+0300] {logging_mixin.py:137} INFO - [2024-01-18T21:47:21.724+0300] {taskmixin.py:211} WARNING - Dependency <Task(_PythonDecoratedOperator): log_sql_query>, print_the_context already registered for DAG: example_python_operator
[2024-01-18T21:47:21.726+0300] {logging_mixin.py:137} INFO - [2024-01-18T21:47:21.725+0300] {taskmixin.py:211} WARNING - Dependency <Task(_PythonDecoratedOperator): print_the_context>, log_sql_query already registered for DAG: example_python_operator
[2024-01-18T21:47:21.726+0300] {logging_mixin.py:137} INFO - [2024-01-18T21:47:21.726+0300] {taskmixin.py:211} WARNING - Dependency <Task(_PythonDecoratedOperator): log_sql_query>, print_the_context already registered for DAG: example_python_operator
[2024-01-18T21:47:21.728+0300] {logging_mixin.py:137} INFO - [2024-01-18T21:47:21.727+0300] {taskmixin.py:211} WARNING - Dependency <Task(_PythonDecoratedOperator): print_the_context>, log_sql_query already registered for DAG: example_python_operator
[2024-01-18T21:47:21.728+0300] {logging_mixin.py:137} INFO - [2024-01-18T21:47:21.728+0300] {taskmixin.py:211} WARNING - Dependency <Task(_PythonDecoratedOperator): log_sql_query>, print_the_context already registered for DAG: example_python_operator
[2024-01-18T21:47:21.730+0300] {logging_mixin.py:137} INFO - [2024-01-18T21:47:21.730+0300] {taskmixin.py:211} WARNING - Dependency <Task(_PythonDecoratedOperator): print_the_context>, log_sql_query already registered for DAG: example_python_operator
[2024-01-18T21:47:21.730+0300] {logging_mixin.py:137} INFO - [2024-01-18T21:47:21.730+0300] {taskmixin.py:211} WARNING - Dependency <Task(_PythonDecoratedOperator): log_sql_query>, print_the_context already registered for DAG: example_python_operator
[2024-01-18T21:47:21.731+0300] {logging_mixin.py:137} INFO - [2024-01-18T21:47:21.731+0300] {example_python_operator.py:90} WARNING - The virtalenv_python example task requires virtualenv, please install it.
[2024-01-18T21:47:21.746+0300] {processor.py:753} INFO - DAG(s) dict_keys(['example_python_operator']) retrieved from /home/angry/mlops_4/venv4/lib/python3.10/site-packages/airflow/example_dags/example_python_operator.py
[2024-01-18T21:47:21.801+0300] {logging_mixin.py:137} INFO - [2024-01-18T21:47:21.801+0300] {dag.py:2705} INFO - Sync 1 DAGs
[2024-01-18T21:47:21.847+0300] {logging_mixin.py:137} INFO - [2024-01-18T21:47:21.847+0300] {dag.py:3452} INFO - Setting next_dagrun for example_python_operator to None, run_after=None
[2024-01-18T21:47:21.890+0300] {processor.py:175} INFO - Processing /home/angry/mlops_4/venv4/lib/python3.10/site-packages/airflow/example_dags/example_python_operator.py took 0.234 seconds
[2024-01-18T21:48:11.765+0300] {processor.py:153} INFO - Started process (PID=4816) to work on /home/angry/mlops_4/venv4/lib/python3.10/site-packages/airflow/example_dags/example_python_operator.py
[2024-01-18T21:48:11.767+0300] {processor.py:743} INFO - Processing file /home/angry/mlops_4/venv4/lib/python3.10/site-packages/airflow/example_dags/example_python_operator.py for tasks to queue
[2024-01-18T21:48:11.769+0300] {logging_mixin.py:137} INFO - [2024-01-18T21:48:11.769+0300] {dagbag.py:532} INFO - Filling up the DagBag from /home/angry/mlops_4/venv4/lib/python3.10/site-packages/airflow/example_dags/example_python_operator.py
[2024-01-18T21:48:11.816+0300] {logging_mixin.py:137} INFO - [2024-01-18T21:48:11.815+0300] {taskmixin.py:211} WARNING - Dependency <Task(_PythonDecoratedOperator): print_the_context>, log_sql_query already registered for DAG: example_python_operator
[2024-01-18T21:48:11.816+0300] {logging_mixin.py:137} INFO - [2024-01-18T21:48:11.816+0300] {taskmixin.py:211} WARNING - Dependency <Task(_PythonDecoratedOperator): log_sql_query>, print_the_context already registered for DAG: example_python_operator
[2024-01-18T21:48:11.818+0300] {logging_mixin.py:137} INFO - [2024-01-18T21:48:11.818+0300] {taskmixin.py:211} WARNING - Dependency <Task(_PythonDecoratedOperator): print_the_context>, log_sql_query already registered for DAG: example_python_operator
[2024-01-18T21:48:11.818+0300] {logging_mixin.py:137} INFO - [2024-01-18T21:48:11.818+0300] {taskmixin.py:211} WARNING - Dependency <Task(_PythonDecoratedOperator): log_sql_query>, print_the_context already registered for DAG: example_python_operator
[2024-01-18T21:48:11.820+0300] {logging_mixin.py:137} INFO - [2024-01-18T21:48:11.819+0300] {taskmixin.py:211} WARNING - Dependency <Task(_PythonDecoratedOperator): print_the_context>, log_sql_query already registered for DAG: example_python_operator
[2024-01-18T21:48:11.820+0300] {logging_mixin.py:137} INFO - [2024-01-18T21:48:11.820+0300] {taskmixin.py:211} WARNING - Dependency <Task(_PythonDecoratedOperator): log_sql_query>, print_the_context already registered for DAG: example_python_operator
[2024-01-18T21:48:11.822+0300] {logging_mixin.py:137} INFO - [2024-01-18T21:48:11.822+0300] {taskmixin.py:211} WARNING - Dependency <Task(_PythonDecoratedOperator): print_the_context>, log_sql_query already registered for DAG: example_python_operator
[2024-01-18T21:48:11.822+0300] {logging_mixin.py:137} INFO - [2024-01-18T21:48:11.822+0300] {taskmixin.py:211} WARNING - Dependency <Task(_PythonDecoratedOperator): log_sql_query>, print_the_context already registered for DAG: example_python_operator
[2024-01-18T21:48:11.823+0300] {logging_mixin.py:137} INFO - [2024-01-18T21:48:11.823+0300] {example_python_operator.py:90} WARNING - The virtalenv_python example task requires virtualenv, please install it.
[2024-01-18T21:48:11.837+0300] {processor.py:753} INFO - DAG(s) dict_keys(['example_python_operator']) retrieved from /home/angry/mlops_4/venv4/lib/python3.10/site-packages/airflow/example_dags/example_python_operator.py
[2024-01-18T21:48:11.887+0300] {logging_mixin.py:137} INFO - [2024-01-18T21:48:11.887+0300] {dag.py:2705} INFO - Sync 1 DAGs
[2024-01-18T21:48:11.933+0300] {logging_mixin.py:137} INFO - [2024-01-18T21:48:11.933+0300] {dag.py:3452} INFO - Setting next_dagrun for example_python_operator to None, run_after=None
[2024-01-18T21:48:11.979+0300] {processor.py:175} INFO - Processing /home/angry/mlops_4/venv4/lib/python3.10/site-packages/airflow/example_dags/example_python_operator.py took 0.222 seconds
[2024-01-18T21:49:04.754+0300] {processor.py:153} INFO - Started process (PID=4869) to work on /home/angry/mlops_4/venv4/lib/python3.10/site-packages/airflow/example_dags/example_python_operator.py
[2024-01-18T21:49:04.757+0300] {processor.py:743} INFO - Processing file /home/angry/mlops_4/venv4/lib/python3.10/site-packages/airflow/example_dags/example_python_operator.py for tasks to queue
[2024-01-18T21:49:04.759+0300] {logging_mixin.py:137} INFO - [2024-01-18T21:49:04.758+0300] {dagbag.py:532} INFO - Filling up the DagBag from /home/angry/mlops_4/venv4/lib/python3.10/site-packages/airflow/example_dags/example_python_operator.py
[2024-01-18T21:49:04.799+0300] {logging_mixin.py:137} INFO - [2024-01-18T21:49:04.798+0300] {taskmixin.py:211} WARNING - Dependency <Task(_PythonDecoratedOperator): print_the_context>, log_sql_query already registered for DAG: example_python_operator
[2024-01-18T21:49:04.799+0300] {logging_mixin.py:137} INFO - [2024-01-18T21:49:04.799+0300] {taskmixin.py:211} WARNING - Dependency <Task(_PythonDecoratedOperator): log_sql_query>, print_the_context already registered for DAG: example_python_operator
[2024-01-18T21:49:04.801+0300] {logging_mixin.py:137} INFO - [2024-01-18T21:49:04.800+0300] {taskmixin.py:211} WARNING - Dependency <Task(_PythonDecoratedOperator): print_the_context>, log_sql_query already registered for DAG: example_python_operator
[2024-01-18T21:49:04.801+0300] {logging_mixin.py:137} INFO - [2024-01-18T21:49:04.801+0300] {taskmixin.py:211} WARNING - Dependency <Task(_PythonDecoratedOperator): log_sql_query>, print_the_context already registered for DAG: example_python_operator
[2024-01-18T21:49:04.802+0300] {logging_mixin.py:137} INFO - [2024-01-18T21:49:04.802+0300] {taskmixin.py:211} WARNING - Dependency <Task(_PythonDecoratedOperator): print_the_context>, log_sql_query already registered for DAG: example_python_operator
[2024-01-18T21:49:04.803+0300] {logging_mixin.py:137} INFO - [2024-01-18T21:49:04.803+0300] {taskmixin.py:211} WARNING - Dependency <Task(_PythonDecoratedOperator): log_sql_query>, print_the_context already registered for DAG: example_python_operator
[2024-01-18T21:49:04.804+0300] {logging_mixin.py:137} INFO - [2024-01-18T21:49:04.804+0300] {taskmixin.py:211} WARNING - Dependency <Task(_PythonDecoratedOperator): print_the_context>, log_sql_query already registered for DAG: example_python_operator
[2024-01-18T21:49:04.804+0300] {logging_mixin.py:137} INFO - [2024-01-18T21:49:04.804+0300] {taskmixin.py:211} WARNING - Dependency <Task(_PythonDecoratedOperator): log_sql_query>, print_the_context already registered for DAG: example_python_operator
[2024-01-18T21:49:04.805+0300] {logging_mixin.py:137} INFO - [2024-01-18T21:49:04.805+0300] {example_python_operator.py:90} WARNING - The virtalenv_python example task requires virtualenv, please install it.
[2024-01-18T21:49:04.817+0300] {processor.py:753} INFO - DAG(s) dict_keys(['example_python_operator']) retrieved from /home/angry/mlops_4/venv4/lib/python3.10/site-packages/airflow/example_dags/example_python_operator.py
[2024-01-18T21:49:04.862+0300] {logging_mixin.py:137} INFO - [2024-01-18T21:49:04.862+0300] {dag.py:2705} INFO - Sync 1 DAGs
[2024-01-18T21:49:04.904+0300] {logging_mixin.py:137} INFO - [2024-01-18T21:49:04.903+0300] {dag.py:3452} INFO - Setting next_dagrun for example_python_operator to None, run_after=None
[2024-01-18T21:49:04.947+0300] {processor.py:175} INFO - Processing /home/angry/mlops_4/venv4/lib/python3.10/site-packages/airflow/example_dags/example_python_operator.py took 0.200 seconds
[2024-01-18T21:49:53.916+0300] {processor.py:153} INFO - Started process (PID=4916) to work on /home/angry/mlops_4/venv4/lib/python3.10/site-packages/airflow/example_dags/example_python_operator.py
[2024-01-18T21:49:53.919+0300] {processor.py:743} INFO - Processing file /home/angry/mlops_4/venv4/lib/python3.10/site-packages/airflow/example_dags/example_python_operator.py for tasks to queue
[2024-01-18T21:49:53.921+0300] {logging_mixin.py:137} INFO - [2024-01-18T21:49:53.920+0300] {dagbag.py:532} INFO - Filling up the DagBag from /home/angry/mlops_4/venv4/lib/python3.10/site-packages/airflow/example_dags/example_python_operator.py
[2024-01-18T21:49:53.966+0300] {logging_mixin.py:137} INFO - [2024-01-18T21:49:53.966+0300] {taskmixin.py:211} WARNING - Dependency <Task(_PythonDecoratedOperator): print_the_context>, log_sql_query already registered for DAG: example_python_operator
[2024-01-18T21:49:53.966+0300] {logging_mixin.py:137} INFO - [2024-01-18T21:49:53.966+0300] {taskmixin.py:211} WARNING - Dependency <Task(_PythonDecoratedOperator): log_sql_query>, print_the_context already registered for DAG: example_python_operator
[2024-01-18T21:49:53.967+0300] {logging_mixin.py:137} INFO - [2024-01-18T21:49:53.967+0300] {taskmixin.py:211} WARNING - Dependency <Task(_PythonDecoratedOperator): print_the_context>, log_sql_query already registered for DAG: example_python_operator
[2024-01-18T21:49:53.968+0300] {logging_mixin.py:137} INFO - [2024-01-18T21:49:53.968+0300] {taskmixin.py:211} WARNING - Dependency <Task(_PythonDecoratedOperator): log_sql_query>, print_the_context already registered for DAG: example_python_operator
[2024-01-18T21:49:53.969+0300] {logging_mixin.py:137} INFO - [2024-01-18T21:49:53.969+0300] {taskmixin.py:211} WARNING - Dependency <Task(_PythonDecoratedOperator): print_the_context>, log_sql_query already registered for DAG: example_python_operator
[2024-01-18T21:49:53.969+0300] {logging_mixin.py:137} INFO - [2024-01-18T21:49:53.969+0300] {taskmixin.py:211} WARNING - Dependency <Task(_PythonDecoratedOperator): log_sql_query>, print_the_context already registered for DAG: example_python_operator
[2024-01-18T21:49:53.971+0300] {logging_mixin.py:137} INFO - [2024-01-18T21:49:53.970+0300] {taskmixin.py:211} WARNING - Dependency <Task(_PythonDecoratedOperator): print_the_context>, log_sql_query already registered for DAG: example_python_operator
[2024-01-18T21:49:53.971+0300] {logging_mixin.py:137} INFO - [2024-01-18T21:49:53.971+0300] {taskmixin.py:211} WARNING - Dependency <Task(_PythonDecoratedOperator): log_sql_query>, print_the_context already registered for DAG: example_python_operator
[2024-01-18T21:49:53.972+0300] {logging_mixin.py:137} INFO - [2024-01-18T21:49:53.972+0300] {example_python_operator.py:90} WARNING - The virtalenv_python example task requires virtualenv, please install it.
[2024-01-18T21:49:53.986+0300] {processor.py:753} INFO - DAG(s) dict_keys(['example_python_operator']) retrieved from /home/angry/mlops_4/venv4/lib/python3.10/site-packages/airflow/example_dags/example_python_operator.py
[2024-01-18T21:49:54.043+0300] {logging_mixin.py:137} INFO - [2024-01-18T21:49:54.042+0300] {dag.py:2705} INFO - Sync 1 DAGs
[2024-01-18T21:49:54.083+0300] {logging_mixin.py:137} INFO - [2024-01-18T21:49:54.082+0300] {dag.py:3452} INFO - Setting next_dagrun for example_python_operator to None, run_after=None
[2024-01-18T21:49:54.124+0300] {processor.py:175} INFO - Processing /home/angry/mlops_4/venv4/lib/python3.10/site-packages/airflow/example_dags/example_python_operator.py took 0.216 seconds
[2024-01-18T21:50:45.095+0300] {processor.py:153} INFO - Started process (PID=4965) to work on /home/angry/mlops_4/venv4/lib/python3.10/site-packages/airflow/example_dags/example_python_operator.py
[2024-01-18T21:50:45.098+0300] {processor.py:743} INFO - Processing file /home/angry/mlops_4/venv4/lib/python3.10/site-packages/airflow/example_dags/example_python_operator.py for tasks to queue
[2024-01-18T21:50:45.100+0300] {logging_mixin.py:137} INFO - [2024-01-18T21:50:45.099+0300] {dagbag.py:532} INFO - Filling up the DagBag from /home/angry/mlops_4/venv4/lib/python3.10/site-packages/airflow/example_dags/example_python_operator.py
[2024-01-18T21:50:45.145+0300] {logging_mixin.py:137} INFO - [2024-01-18T21:50:45.144+0300] {taskmixin.py:211} WARNING - Dependency <Task(_PythonDecoratedOperator): print_the_context>, log_sql_query already registered for DAG: example_python_operator
[2024-01-18T21:50:45.145+0300] {logging_mixin.py:137} INFO - [2024-01-18T21:50:45.145+0300] {taskmixin.py:211} WARNING - Dependency <Task(_PythonDecoratedOperator): log_sql_query>, print_the_context already registered for DAG: example_python_operator
[2024-01-18T21:50:45.147+0300] {logging_mixin.py:137} INFO - [2024-01-18T21:50:45.147+0300] {taskmixin.py:211} WARNING - Dependency <Task(_PythonDecoratedOperator): print_the_context>, log_sql_query already registered for DAG: example_python_operator
[2024-01-18T21:50:45.147+0300] {logging_mixin.py:137} INFO - [2024-01-18T21:50:45.147+0300] {taskmixin.py:211} WARNING - Dependency <Task(_PythonDecoratedOperator): log_sql_query>, print_the_context already registered for DAG: example_python_operator
[2024-01-18T21:50:45.148+0300] {logging_mixin.py:137} INFO - [2024-01-18T21:50:45.148+0300] {taskmixin.py:211} WARNING - Dependency <Task(_PythonDecoratedOperator): print_the_context>, log_sql_query already registered for DAG: example_python_operator
[2024-01-18T21:50:45.149+0300] {logging_mixin.py:137} INFO - [2024-01-18T21:50:45.149+0300] {taskmixin.py:211} WARNING - Dependency <Task(_PythonDecoratedOperator): log_sql_query>, print_the_context already registered for DAG: example_python_operator
[2024-01-18T21:50:45.150+0300] {logging_mixin.py:137} INFO - [2024-01-18T21:50:45.150+0300] {taskmixin.py:211} WARNING - Dependency <Task(_PythonDecoratedOperator): print_the_context>, log_sql_query already registered for DAG: example_python_operator
[2024-01-18T21:50:45.150+0300] {logging_mixin.py:137} INFO - [2024-01-18T21:50:45.150+0300] {taskmixin.py:211} WARNING - Dependency <Task(_PythonDecoratedOperator): log_sql_query>, print_the_context already registered for DAG: example_python_operator
[2024-01-18T21:50:45.151+0300] {logging_mixin.py:137} INFO - [2024-01-18T21:50:45.151+0300] {example_python_operator.py:90} WARNING - The virtalenv_python example task requires virtualenv, please install it.
[2024-01-18T21:50:45.163+0300] {processor.py:753} INFO - DAG(s) dict_keys(['example_python_operator']) retrieved from /home/angry/mlops_4/venv4/lib/python3.10/site-packages/airflow/example_dags/example_python_operator.py
[2024-01-18T21:50:45.208+0300] {logging_mixin.py:137} INFO - [2024-01-18T21:50:45.207+0300] {dag.py:2705} INFO - Sync 1 DAGs
[2024-01-18T21:50:45.247+0300] {logging_mixin.py:137} INFO - [2024-01-18T21:50:45.246+0300] {dag.py:3452} INFO - Setting next_dagrun for example_python_operator to None, run_after=None
[2024-01-18T21:50:45.285+0300] {processor.py:175} INFO - Processing /home/angry/mlops_4/venv4/lib/python3.10/site-packages/airflow/example_dags/example_python_operator.py took 0.197 seconds
[2024-01-18T21:51:36.682+0300] {processor.py:153} INFO - Started process (PID=5013) to work on /home/angry/mlops_4/venv4/lib/python3.10/site-packages/airflow/example_dags/example_python_operator.py
[2024-01-18T21:51:36.685+0300] {processor.py:743} INFO - Processing file /home/angry/mlops_4/venv4/lib/python3.10/site-packages/airflow/example_dags/example_python_operator.py for tasks to queue
[2024-01-18T21:51:36.686+0300] {logging_mixin.py:137} INFO - [2024-01-18T21:51:36.686+0300] {dagbag.py:532} INFO - Filling up the DagBag from /home/angry/mlops_4/venv4/lib/python3.10/site-packages/airflow/example_dags/example_python_operator.py
[2024-01-18T21:51:36.736+0300] {logging_mixin.py:137} INFO - [2024-01-18T21:51:36.736+0300] {taskmixin.py:211} WARNING - Dependency <Task(_PythonDecoratedOperator): print_the_context>, log_sql_query already registered for DAG: example_python_operator
[2024-01-18T21:51:36.737+0300] {logging_mixin.py:137} INFO - [2024-01-18T21:51:36.737+0300] {taskmixin.py:211} WARNING - Dependency <Task(_PythonDecoratedOperator): log_sql_query>, print_the_context already registered for DAG: example_python_operator
[2024-01-18T21:51:36.738+0300] {logging_mixin.py:137} INFO - [2024-01-18T21:51:36.738+0300] {taskmixin.py:211} WARNING - Dependency <Task(_PythonDecoratedOperator): print_the_context>, log_sql_query already registered for DAG: example_python_operator
[2024-01-18T21:51:36.738+0300] {logging_mixin.py:137} INFO - [2024-01-18T21:51:36.738+0300] {taskmixin.py:211} WARNING - Dependency <Task(_PythonDecoratedOperator): log_sql_query>, print_the_context already registered for DAG: example_python_operator
[2024-01-18T21:51:36.739+0300] {logging_mixin.py:137} INFO - [2024-01-18T21:51:36.739+0300] {taskmixin.py:211} WARNING - Dependency <Task(_PythonDecoratedOperator): print_the_context>, log_sql_query already registered for DAG: example_python_operator
[2024-01-18T21:51:36.740+0300] {logging_mixin.py:137} INFO - [2024-01-18T21:51:36.740+0300] {taskmixin.py:211} WARNING - Dependency <Task(_PythonDecoratedOperator): log_sql_query>, print_the_context already registered for DAG: example_python_operator
[2024-01-18T21:51:36.741+0300] {logging_mixin.py:137} INFO - [2024-01-18T21:51:36.741+0300] {taskmixin.py:211} WARNING - Dependency <Task(_PythonDecoratedOperator): print_the_context>, log_sql_query already registered for DAG: example_python_operator
[2024-01-18T21:51:36.742+0300] {logging_mixin.py:137} INFO - [2024-01-18T21:51:36.742+0300] {taskmixin.py:211} WARNING - Dependency <Task(_PythonDecoratedOperator): log_sql_query>, print_the_context already registered for DAG: example_python_operator
[2024-01-18T21:51:36.742+0300] {logging_mixin.py:137} INFO - [2024-01-18T21:51:36.742+0300] {example_python_operator.py:90} WARNING - The virtalenv_python example task requires virtualenv, please install it.
[2024-01-18T21:51:36.755+0300] {processor.py:753} INFO - DAG(s) dict_keys(['example_python_operator']) retrieved from /home/angry/mlops_4/venv4/lib/python3.10/site-packages/airflow/example_dags/example_python_operator.py
[2024-01-18T21:51:36.800+0300] {logging_mixin.py:137} INFO - [2024-01-18T21:51:36.800+0300] {dag.py:2705} INFO - Sync 1 DAGs
[2024-01-18T21:51:36.839+0300] {logging_mixin.py:137} INFO - [2024-01-18T21:51:36.839+0300] {dag.py:3452} INFO - Setting next_dagrun for example_python_operator to None, run_after=None
[2024-01-18T21:51:36.885+0300] {processor.py:175} INFO - Processing /home/angry/mlops_4/venv4/lib/python3.10/site-packages/airflow/example_dags/example_python_operator.py took 0.211 seconds
[2024-01-18T21:52:31.950+0300] {processor.py:153} INFO - Started process (PID=5067) to work on /home/angry/mlops_4/venv4/lib/python3.10/site-packages/airflow/example_dags/example_python_operator.py
[2024-01-18T21:52:31.959+0300] {processor.py:743} INFO - Processing file /home/angry/mlops_4/venv4/lib/python3.10/site-packages/airflow/example_dags/example_python_operator.py for tasks to queue
[2024-01-18T21:52:31.962+0300] {logging_mixin.py:137} INFO - [2024-01-18T21:52:31.962+0300] {dagbag.py:532} INFO - Filling up the DagBag from /home/angry/mlops_4/venv4/lib/python3.10/site-packages/airflow/example_dags/example_python_operator.py
[2024-01-18T21:52:32.077+0300] {logging_mixin.py:137} INFO - [2024-01-18T21:52:32.076+0300] {taskmixin.py:211} WARNING - Dependency <Task(_PythonDecoratedOperator): print_the_context>, log_sql_query already registered for DAG: example_python_operator
[2024-01-18T21:52:32.079+0300] {logging_mixin.py:137} INFO - [2024-01-18T21:52:32.078+0300] {taskmixin.py:211} WARNING - Dependency <Task(_PythonDecoratedOperator): log_sql_query>, print_the_context already registered for DAG: example_python_operator
[2024-01-18T21:52:32.082+0300] {logging_mixin.py:137} INFO - [2024-01-18T21:52:32.082+0300] {taskmixin.py:211} WARNING - Dependency <Task(_PythonDecoratedOperator): print_the_context>, log_sql_query already registered for DAG: example_python_operator
[2024-01-18T21:52:32.083+0300] {logging_mixin.py:137} INFO - [2024-01-18T21:52:32.082+0300] {taskmixin.py:211} WARNING - Dependency <Task(_PythonDecoratedOperator): log_sql_query>, print_the_context already registered for DAG: example_python_operator
[2024-01-18T21:52:32.085+0300] {logging_mixin.py:137} INFO - [2024-01-18T21:52:32.085+0300] {taskmixin.py:211} WARNING - Dependency <Task(_PythonDecoratedOperator): print_the_context>, log_sql_query already registered for DAG: example_python_operator
[2024-01-18T21:52:32.086+0300] {logging_mixin.py:137} INFO - [2024-01-18T21:52:32.086+0300] {taskmixin.py:211} WARNING - Dependency <Task(_PythonDecoratedOperator): log_sql_query>, print_the_context already registered for DAG: example_python_operator
[2024-01-18T21:52:32.091+0300] {logging_mixin.py:137} INFO - [2024-01-18T21:52:32.090+0300] {taskmixin.py:211} WARNING - Dependency <Task(_PythonDecoratedOperator): print_the_context>, log_sql_query already registered for DAG: example_python_operator
[2024-01-18T21:52:32.092+0300] {logging_mixin.py:137} INFO - [2024-01-18T21:52:32.091+0300] {taskmixin.py:211} WARNING - Dependency <Task(_PythonDecoratedOperator): log_sql_query>, print_the_context already registered for DAG: example_python_operator
[2024-01-18T21:52:32.094+0300] {logging_mixin.py:137} INFO - [2024-01-18T21:52:32.094+0300] {example_python_operator.py:90} WARNING - The virtalenv_python example task requires virtualenv, please install it.
[2024-01-18T21:52:32.118+0300] {processor.py:753} INFO - DAG(s) dict_keys(['example_python_operator']) retrieved from /home/angry/mlops_4/venv4/lib/python3.10/site-packages/airflow/example_dags/example_python_operator.py
[2024-01-18T21:52:32.164+0300] {logging_mixin.py:137} INFO - [2024-01-18T21:52:32.164+0300] {dag.py:2705} INFO - Sync 1 DAGs
[2024-01-18T21:52:32.211+0300] {logging_mixin.py:137} INFO - [2024-01-18T21:52:32.211+0300] {dag.py:3452} INFO - Setting next_dagrun for example_python_operator to None, run_after=None
[2024-01-18T21:52:32.265+0300] {processor.py:175} INFO - Processing /home/angry/mlops_4/venv4/lib/python3.10/site-packages/airflow/example_dags/example_python_operator.py took 0.327 seconds
[2024-01-18T21:53:29.849+0300] {processor.py:153} INFO - Started process (PID=5123) to work on /home/angry/mlops_4/venv4/lib/python3.10/site-packages/airflow/example_dags/example_python_operator.py
[2024-01-18T21:53:29.853+0300] {processor.py:743} INFO - Processing file /home/angry/mlops_4/venv4/lib/python3.10/site-packages/airflow/example_dags/example_python_operator.py for tasks to queue
[2024-01-18T21:53:29.855+0300] {logging_mixin.py:137} INFO - [2024-01-18T21:53:29.855+0300] {dagbag.py:532} INFO - Filling up the DagBag from /home/angry/mlops_4/venv4/lib/python3.10/site-packages/airflow/example_dags/example_python_operator.py
[2024-01-18T21:53:29.899+0300] {logging_mixin.py:137} INFO - [2024-01-18T21:53:29.899+0300] {taskmixin.py:211} WARNING - Dependency <Task(_PythonDecoratedOperator): print_the_context>, log_sql_query already registered for DAG: example_python_operator
[2024-01-18T21:53:29.899+0300] {logging_mixin.py:137} INFO - [2024-01-18T21:53:29.899+0300] {taskmixin.py:211} WARNING - Dependency <Task(_PythonDecoratedOperator): log_sql_query>, print_the_context already registered for DAG: example_python_operator
[2024-01-18T21:53:29.901+0300] {logging_mixin.py:137} INFO - [2024-01-18T21:53:29.900+0300] {taskmixin.py:211} WARNING - Dependency <Task(_PythonDecoratedOperator): print_the_context>, log_sql_query already registered for DAG: example_python_operator
[2024-01-18T21:53:29.901+0300] {logging_mixin.py:137} INFO - [2024-01-18T21:53:29.901+0300] {taskmixin.py:211} WARNING - Dependency <Task(_PythonDecoratedOperator): log_sql_query>, print_the_context already registered for DAG: example_python_operator
[2024-01-18T21:53:29.902+0300] {logging_mixin.py:137} INFO - [2024-01-18T21:53:29.902+0300] {taskmixin.py:211} WARNING - Dependency <Task(_PythonDecoratedOperator): print_the_context>, log_sql_query already registered for DAG: example_python_operator
[2024-01-18T21:53:29.903+0300] {logging_mixin.py:137} INFO - [2024-01-18T21:53:29.903+0300] {taskmixin.py:211} WARNING - Dependency <Task(_PythonDecoratedOperator): log_sql_query>, print_the_context already registered for DAG: example_python_operator
[2024-01-18T21:53:29.904+0300] {logging_mixin.py:137} INFO - [2024-01-18T21:53:29.904+0300] {taskmixin.py:211} WARNING - Dependency <Task(_PythonDecoratedOperator): print_the_context>, log_sql_query already registered for DAG: example_python_operator
[2024-01-18T21:53:29.905+0300] {logging_mixin.py:137} INFO - [2024-01-18T21:53:29.904+0300] {taskmixin.py:211} WARNING - Dependency <Task(_PythonDecoratedOperator): log_sql_query>, print_the_context already registered for DAG: example_python_operator
[2024-01-18T21:53:29.905+0300] {logging_mixin.py:137} INFO - [2024-01-18T21:53:29.905+0300] {example_python_operator.py:90} WARNING - The virtalenv_python example task requires virtualenv, please install it.
[2024-01-18T21:53:29.917+0300] {processor.py:753} INFO - DAG(s) dict_keys(['example_python_operator']) retrieved from /home/angry/mlops_4/venv4/lib/python3.10/site-packages/airflow/example_dags/example_python_operator.py
[2024-01-18T21:53:29.962+0300] {logging_mixin.py:137} INFO - [2024-01-18T21:53:29.962+0300] {dag.py:2705} INFO - Sync 1 DAGs
[2024-01-18T21:53:30.050+0300] {logging_mixin.py:137} INFO - [2024-01-18T21:53:30.049+0300] {dag.py:3452} INFO - Setting next_dagrun for example_python_operator to None, run_after=None
[2024-01-18T21:53:30.113+0300] {processor.py:175} INFO - Processing /home/angry/mlops_4/venv4/lib/python3.10/site-packages/airflow/example_dags/example_python_operator.py took 0.274 seconds
[2024-01-18T22:00:40.070+0300] {processor.py:153} INFO - Started process (PID=5510) to work on /home/angry/mlops_4/venv4/lib/python3.10/site-packages/airflow/example_dags/example_python_operator.py
[2024-01-18T22:00:40.075+0300] {processor.py:743} INFO - Processing file /home/angry/mlops_4/venv4/lib/python3.10/site-packages/airflow/example_dags/example_python_operator.py for tasks to queue
[2024-01-18T22:00:40.078+0300] {logging_mixin.py:137} INFO - [2024-01-18T22:00:40.078+0300] {dagbag.py:532} INFO - Filling up the DagBag from /home/angry/mlops_4/venv4/lib/python3.10/site-packages/airflow/example_dags/example_python_operator.py
[2024-01-18T22:00:40.166+0300] {logging_mixin.py:137} INFO - [2024-01-18T22:00:40.165+0300] {taskmixin.py:211} WARNING - Dependency <Task(_PythonDecoratedOperator): print_the_context>, log_sql_query already registered for DAG: example_python_operator
[2024-01-18T22:00:40.168+0300] {logging_mixin.py:137} INFO - [2024-01-18T22:00:40.167+0300] {taskmixin.py:211} WARNING - Dependency <Task(_PythonDecoratedOperator): log_sql_query>, print_the_context already registered for DAG: example_python_operator
[2024-01-18T22:00:40.171+0300] {logging_mixin.py:137} INFO - [2024-01-18T22:00:40.171+0300] {taskmixin.py:211} WARNING - Dependency <Task(_PythonDecoratedOperator): print_the_context>, log_sql_query already registered for DAG: example_python_operator
[2024-01-18T22:00:40.172+0300] {logging_mixin.py:137} INFO - [2024-01-18T22:00:40.171+0300] {taskmixin.py:211} WARNING - Dependency <Task(_PythonDecoratedOperator): log_sql_query>, print_the_context already registered for DAG: example_python_operator
[2024-01-18T22:00:40.174+0300] {logging_mixin.py:137} INFO - [2024-01-18T22:00:40.173+0300] {taskmixin.py:211} WARNING - Dependency <Task(_PythonDecoratedOperator): print_the_context>, log_sql_query already registered for DAG: example_python_operator
[2024-01-18T22:00:40.175+0300] {logging_mixin.py:137} INFO - [2024-01-18T22:00:40.174+0300] {taskmixin.py:211} WARNING - Dependency <Task(_PythonDecoratedOperator): log_sql_query>, print_the_context already registered for DAG: example_python_operator
[2024-01-18T22:00:40.176+0300] {logging_mixin.py:137} INFO - [2024-01-18T22:00:40.176+0300] {taskmixin.py:211} WARNING - Dependency <Task(_PythonDecoratedOperator): print_the_context>, log_sql_query already registered for DAG: example_python_operator
[2024-01-18T22:00:40.177+0300] {logging_mixin.py:137} INFO - [2024-01-18T22:00:40.176+0300] {taskmixin.py:211} WARNING - Dependency <Task(_PythonDecoratedOperator): log_sql_query>, print_the_context already registered for DAG: example_python_operator
[2024-01-18T22:00:40.178+0300] {logging_mixin.py:137} INFO - [2024-01-18T22:00:40.178+0300] {example_python_operator.py:90} WARNING - The virtalenv_python example task requires virtualenv, please install it.
[2024-01-18T22:00:40.179+0300] {processor.py:753} INFO - DAG(s) dict_keys(['example_python_operator']) retrieved from /home/angry/mlops_4/venv4/lib/python3.10/site-packages/airflow/example_dags/example_python_operator.py
[2024-01-18T22:00:40.275+0300] {logging_mixin.py:137} INFO - [2024-01-18T22:00:40.274+0300] {dag.py:2705} INFO - Sync 1 DAGs
[2024-01-18T22:00:40.347+0300] {logging_mixin.py:137} INFO - [2024-01-18T22:00:40.346+0300] {dag.py:3452} INFO - Setting next_dagrun for example_python_operator to None, run_after=None
[2024-01-18T22:00:40.414+0300] {processor.py:175} INFO - Processing /home/angry/mlops_4/venv4/lib/python3.10/site-packages/airflow/example_dags/example_python_operator.py took 0.365 seconds
