[2024-01-18T21:37:09.710+0300] {processor.py:153} INFO - Started process (PID=3319) to work on /home/angry/mlops_4/venv4/lib/python3.10/site-packages/airflow/example_dags/example_complex.py
[2024-01-18T21:37:09.712+0300] {processor.py:743} INFO - Processing file /home/angry/mlops_4/venv4/lib/python3.10/site-packages/airflow/example_dags/example_complex.py for tasks to queue
[2024-01-18T21:37:09.714+0300] {logging_mixin.py:137} INFO - [2024-01-18T21:37:09.714+0300] {dagbag.py:532} INFO - Filling up the DagBag from /home/angry/mlops_4/venv4/lib/python3.10/site-packages/airflow/example_dags/example_complex.py
[2024-01-18T21:37:09.739+0300] {logging_mixin.py:137} INFO - [2024-01-18T21:37:09.739+0300] {taskmixin.py:211} WARNING - Dependency <Task(BashOperator): create_entry_group>, delete_entry_group already registered for DAG: example_complex
[2024-01-18T21:37:09.740+0300] {logging_mixin.py:137} INFO - [2024-01-18T21:37:09.739+0300] {taskmixin.py:211} WARNING - Dependency <Task(BashOperator): delete_entry_group>, create_entry_group already registered for DAG: example_complex
[2024-01-18T21:37:09.740+0300] {logging_mixin.py:137} INFO - [2024-01-18T21:37:09.740+0300] {taskmixin.py:211} WARNING - Dependency <Task(BashOperator): create_entry_gcs>, delete_entry already registered for DAG: example_complex
[2024-01-18T21:37:09.740+0300] {logging_mixin.py:137} INFO - [2024-01-18T21:37:09.740+0300] {taskmixin.py:211} WARNING - Dependency <Task(BashOperator): delete_entry>, create_entry_gcs already registered for DAG: example_complex
[2024-01-18T21:37:09.741+0300] {logging_mixin.py:137} INFO - [2024-01-18T21:37:09.741+0300] {taskmixin.py:211} WARNING - Dependency <Task(BashOperator): create_tag>, delete_tag already registered for DAG: example_complex
[2024-01-18T21:37:09.742+0300] {logging_mixin.py:137} INFO - [2024-01-18T21:37:09.741+0300] {taskmixin.py:211} WARNING - Dependency <Task(BashOperator): delete_tag>, create_tag already registered for DAG: example_complex
[2024-01-18T21:37:09.757+0300] {processor.py:753} INFO - DAG(s) dict_keys(['example_complex']) retrieved from /home/angry/mlops_4/venv4/lib/python3.10/site-packages/airflow/example_dags/example_complex.py
[2024-01-18T21:37:09.825+0300] {logging_mixin.py:137} INFO - [2024-01-18T21:37:09.825+0300] {dag.py:2705} INFO - Sync 1 DAGs
[2024-01-18T21:37:09.872+0300] {logging_mixin.py:137} INFO - [2024-01-18T21:37:09.871+0300] {dag.py:3452} INFO - Setting next_dagrun for example_complex to None, run_after=None
[2024-01-18T21:37:10.134+0300] {processor.py:175} INFO - Processing /home/angry/mlops_4/venv4/lib/python3.10/site-packages/airflow/example_dags/example_complex.py took 0.432 seconds
[2024-01-18T21:38:12.659+0300] {processor.py:153} INFO - Started process (PID=3505) to work on /home/angry/mlops_4/venv4/lib/python3.10/site-packages/airflow/example_dags/example_complex.py
[2024-01-18T21:38:12.663+0300] {processor.py:743} INFO - Processing file /home/angry/mlops_4/venv4/lib/python3.10/site-packages/airflow/example_dags/example_complex.py for tasks to queue
[2024-01-18T21:38:12.670+0300] {logging_mixin.py:137} INFO - [2024-01-18T21:38:12.669+0300] {dagbag.py:532} INFO - Filling up the DagBag from /home/angry/mlops_4/venv4/lib/python3.10/site-packages/airflow/example_dags/example_complex.py
[2024-01-18T21:38:12.754+0300] {logging_mixin.py:137} INFO - [2024-01-18T21:38:12.754+0300] {taskmixin.py:211} WARNING - Dependency <Task(BashOperator): create_entry_group>, delete_entry_group already registered for DAG: example_complex
[2024-01-18T21:38:12.755+0300] {logging_mixin.py:137} INFO - [2024-01-18T21:38:12.755+0300] {taskmixin.py:211} WARNING - Dependency <Task(BashOperator): delete_entry_group>, create_entry_group already registered for DAG: example_complex
[2024-01-18T21:38:12.756+0300] {logging_mixin.py:137} INFO - [2024-01-18T21:38:12.755+0300] {taskmixin.py:211} WARNING - Dependency <Task(BashOperator): create_entry_gcs>, delete_entry already registered for DAG: example_complex
[2024-01-18T21:38:12.756+0300] {logging_mixin.py:137} INFO - [2024-01-18T21:38:12.756+0300] {taskmixin.py:211} WARNING - Dependency <Task(BashOperator): delete_entry>, create_entry_gcs already registered for DAG: example_complex
[2024-01-18T21:38:12.757+0300] {logging_mixin.py:137} INFO - [2024-01-18T21:38:12.757+0300] {taskmixin.py:211} WARNING - Dependency <Task(BashOperator): create_tag>, delete_tag already registered for DAG: example_complex
[2024-01-18T21:38:12.757+0300] {logging_mixin.py:137} INFO - [2024-01-18T21:38:12.757+0300] {taskmixin.py:211} WARNING - Dependency <Task(BashOperator): delete_tag>, create_tag already registered for DAG: example_complex
[2024-01-18T21:38:12.793+0300] {processor.py:753} INFO - DAG(s) dict_keys(['example_complex']) retrieved from /home/angry/mlops_4/venv4/lib/python3.10/site-packages/airflow/example_dags/example_complex.py
[2024-01-18T21:38:12.952+0300] {logging_mixin.py:137} INFO - [2024-01-18T21:38:12.952+0300] {dag.py:2705} INFO - Sync 1 DAGs
[2024-01-18T21:38:13.415+0300] {logging_mixin.py:137} INFO - [2024-01-18T21:38:13.414+0300] {dag.py:3452} INFO - Setting next_dagrun for example_complex to None, run_after=None
[2024-01-18T21:38:13.475+0300] {processor.py:175} INFO - Processing /home/angry/mlops_4/venv4/lib/python3.10/site-packages/airflow/example_dags/example_complex.py took 0.836 seconds
[2024-01-18T21:39:24.822+0300] {processor.py:153} INFO - Started process (PID=4147) to work on /home/angry/mlops_4/venv4/lib/python3.10/site-packages/airflow/example_dags/example_complex.py
[2024-01-18T21:39:24.825+0300] {processor.py:743} INFO - Processing file /home/angry/mlops_4/venv4/lib/python3.10/site-packages/airflow/example_dags/example_complex.py for tasks to queue
[2024-01-18T21:39:24.826+0300] {logging_mixin.py:137} INFO - [2024-01-18T21:39:24.826+0300] {dagbag.py:532} INFO - Filling up the DagBag from /home/angry/mlops_4/venv4/lib/python3.10/site-packages/airflow/example_dags/example_complex.py
[2024-01-18T21:39:24.850+0300] {logging_mixin.py:137} INFO - [2024-01-18T21:39:24.850+0300] {taskmixin.py:211} WARNING - Dependency <Task(BashOperator): create_entry_group>, delete_entry_group already registered for DAG: example_complex
[2024-01-18T21:39:24.851+0300] {logging_mixin.py:137} INFO - [2024-01-18T21:39:24.850+0300] {taskmixin.py:211} WARNING - Dependency <Task(BashOperator): delete_entry_group>, create_entry_group already registered for DAG: example_complex
[2024-01-18T21:39:24.851+0300] {logging_mixin.py:137} INFO - [2024-01-18T21:39:24.851+0300] {taskmixin.py:211} WARNING - Dependency <Task(BashOperator): create_entry_gcs>, delete_entry already registered for DAG: example_complex
[2024-01-18T21:39:24.851+0300] {logging_mixin.py:137} INFO - [2024-01-18T21:39:24.851+0300] {taskmixin.py:211} WARNING - Dependency <Task(BashOperator): delete_entry>, create_entry_gcs already registered for DAG: example_complex
[2024-01-18T21:39:24.852+0300] {logging_mixin.py:137} INFO - [2024-01-18T21:39:24.852+0300] {taskmixin.py:211} WARNING - Dependency <Task(BashOperator): create_tag>, delete_tag already registered for DAG: example_complex
[2024-01-18T21:39:24.852+0300] {logging_mixin.py:137} INFO - [2024-01-18T21:39:24.852+0300] {taskmixin.py:211} WARNING - Dependency <Task(BashOperator): delete_tag>, create_tag already registered for DAG: example_complex
[2024-01-18T21:39:24.872+0300] {processor.py:753} INFO - DAG(s) dict_keys(['example_complex']) retrieved from /home/angry/mlops_4/venv4/lib/python3.10/site-packages/airflow/example_dags/example_complex.py
[2024-01-18T21:39:24.990+0300] {logging_mixin.py:137} INFO - [2024-01-18T21:39:24.989+0300] {dag.py:2705} INFO - Sync 1 DAGs
[2024-01-18T21:39:25.299+0300] {logging_mixin.py:137} INFO - [2024-01-18T21:39:25.299+0300] {dag.py:3452} INFO - Setting next_dagrun for example_complex to None, run_after=None
[2024-01-18T21:39:25.335+0300] {processor.py:175} INFO - Processing /home/angry/mlops_4/venv4/lib/python3.10/site-packages/airflow/example_dags/example_complex.py took 0.520 seconds
[2024-01-18T21:40:22.323+0300] {processor.py:153} INFO - Started process (PID=4211) to work on /home/angry/mlops_4/venv4/lib/python3.10/site-packages/airflow/example_dags/example_complex.py
[2024-01-18T21:40:22.327+0300] {processor.py:743} INFO - Processing file /home/angry/mlops_4/venv4/lib/python3.10/site-packages/airflow/example_dags/example_complex.py for tasks to queue
[2024-01-18T21:40:22.328+0300] {logging_mixin.py:137} INFO - [2024-01-18T21:40:22.328+0300] {dagbag.py:532} INFO - Filling up the DagBag from /home/angry/mlops_4/venv4/lib/python3.10/site-packages/airflow/example_dags/example_complex.py
[2024-01-18T21:40:22.358+0300] {logging_mixin.py:137} INFO - [2024-01-18T21:40:22.358+0300] {taskmixin.py:211} WARNING - Dependency <Task(BashOperator): create_entry_group>, delete_entry_group already registered for DAG: example_complex
[2024-01-18T21:40:22.358+0300] {logging_mixin.py:137} INFO - [2024-01-18T21:40:22.358+0300] {taskmixin.py:211} WARNING - Dependency <Task(BashOperator): delete_entry_group>, create_entry_group already registered for DAG: example_complex
[2024-01-18T21:40:22.358+0300] {logging_mixin.py:137} INFO - [2024-01-18T21:40:22.358+0300] {taskmixin.py:211} WARNING - Dependency <Task(BashOperator): create_entry_gcs>, delete_entry already registered for DAG: example_complex
[2024-01-18T21:40:22.359+0300] {logging_mixin.py:137} INFO - [2024-01-18T21:40:22.359+0300] {taskmixin.py:211} WARNING - Dependency <Task(BashOperator): delete_entry>, create_entry_gcs already registered for DAG: example_complex
[2024-01-18T21:40:22.359+0300] {logging_mixin.py:137} INFO - [2024-01-18T21:40:22.359+0300] {taskmixin.py:211} WARNING - Dependency <Task(BashOperator): create_tag>, delete_tag already registered for DAG: example_complex
[2024-01-18T21:40:22.360+0300] {logging_mixin.py:137} INFO - [2024-01-18T21:40:22.360+0300] {taskmixin.py:211} WARNING - Dependency <Task(BashOperator): delete_tag>, create_tag already registered for DAG: example_complex
[2024-01-18T21:40:22.382+0300] {processor.py:753} INFO - DAG(s) dict_keys(['example_complex']) retrieved from /home/angry/mlops_4/venv4/lib/python3.10/site-packages/airflow/example_dags/example_complex.py
[2024-01-18T21:40:22.684+0300] {logging_mixin.py:137} INFO - [2024-01-18T21:40:22.684+0300] {dag.py:2705} INFO - Sync 1 DAGs
[2024-01-18T21:40:22.737+0300] {logging_mixin.py:137} INFO - [2024-01-18T21:40:22.737+0300] {dag.py:3452} INFO - Setting next_dagrun for example_complex to None, run_after=None
[2024-01-18T21:40:22.831+0300] {processor.py:175} INFO - Processing /home/angry/mlops_4/venv4/lib/python3.10/site-packages/airflow/example_dags/example_complex.py took 0.516 seconds
[2024-01-18T21:41:31.618+0300] {processor.py:153} INFO - Started process (PID=4318) to work on /home/angry/mlops_4/venv4/lib/python3.10/site-packages/airflow/example_dags/example_complex.py
[2024-01-18T21:41:31.621+0300] {processor.py:743} INFO - Processing file /home/angry/mlops_4/venv4/lib/python3.10/site-packages/airflow/example_dags/example_complex.py for tasks to queue
[2024-01-18T21:41:31.623+0300] {logging_mixin.py:137} INFO - [2024-01-18T21:41:31.623+0300] {dagbag.py:532} INFO - Filling up the DagBag from /home/angry/mlops_4/venv4/lib/python3.10/site-packages/airflow/example_dags/example_complex.py
[2024-01-18T21:41:31.649+0300] {logging_mixin.py:137} INFO - [2024-01-18T21:41:31.649+0300] {taskmixin.py:211} WARNING - Dependency <Task(BashOperator): create_entry_group>, delete_entry_group already registered for DAG: example_complex
[2024-01-18T21:41:31.649+0300] {logging_mixin.py:137} INFO - [2024-01-18T21:41:31.649+0300] {taskmixin.py:211} WARNING - Dependency <Task(BashOperator): delete_entry_group>, create_entry_group already registered for DAG: example_complex
[2024-01-18T21:41:31.650+0300] {logging_mixin.py:137} INFO - [2024-01-18T21:41:31.650+0300] {taskmixin.py:211} WARNING - Dependency <Task(BashOperator): create_entry_gcs>, delete_entry already registered for DAG: example_complex
[2024-01-18T21:41:31.650+0300] {logging_mixin.py:137} INFO - [2024-01-18T21:41:31.650+0300] {taskmixin.py:211} WARNING - Dependency <Task(BashOperator): delete_entry>, create_entry_gcs already registered for DAG: example_complex
[2024-01-18T21:41:31.651+0300] {logging_mixin.py:137} INFO - [2024-01-18T21:41:31.651+0300] {taskmixin.py:211} WARNING - Dependency <Task(BashOperator): create_tag>, delete_tag already registered for DAG: example_complex
[2024-01-18T21:41:31.651+0300] {logging_mixin.py:137} INFO - [2024-01-18T21:41:31.651+0300] {taskmixin.py:211} WARNING - Dependency <Task(BashOperator): delete_tag>, create_tag already registered for DAG: example_complex
[2024-01-18T21:41:31.670+0300] {processor.py:753} INFO - DAG(s) dict_keys(['example_complex']) retrieved from /home/angry/mlops_4/venv4/lib/python3.10/site-packages/airflow/example_dags/example_complex.py
[2024-01-18T21:41:31.952+0300] {logging_mixin.py:137} INFO - [2024-01-18T21:41:31.951+0300] {dag.py:2705} INFO - Sync 1 DAGs
[2024-01-18T21:41:32.001+0300] {logging_mixin.py:137} INFO - [2024-01-18T21:41:32.000+0300] {dag.py:3452} INFO - Setting next_dagrun for example_complex to None, run_after=None
[2024-01-18T21:41:32.056+0300] {processor.py:175} INFO - Processing /home/angry/mlops_4/venv4/lib/python3.10/site-packages/airflow/example_dags/example_complex.py took 0.445 seconds
[2024-01-18T21:42:28.223+0300] {processor.py:153} INFO - Started process (PID=4380) to work on /home/angry/mlops_4/venv4/lib/python3.10/site-packages/airflow/example_dags/example_complex.py
[2024-01-18T21:42:28.226+0300] {processor.py:743} INFO - Processing file /home/angry/mlops_4/venv4/lib/python3.10/site-packages/airflow/example_dags/example_complex.py for tasks to queue
[2024-01-18T21:42:28.228+0300] {logging_mixin.py:137} INFO - [2024-01-18T21:42:28.227+0300] {dagbag.py:532} INFO - Filling up the DagBag from /home/angry/mlops_4/venv4/lib/python3.10/site-packages/airflow/example_dags/example_complex.py
[2024-01-18T21:42:28.459+0300] {logging_mixin.py:137} INFO - [2024-01-18T21:42:28.459+0300] {taskmixin.py:211} WARNING - Dependency <Task(BashOperator): create_entry_group>, delete_entry_group already registered for DAG: example_complex
[2024-01-18T21:42:28.459+0300] {logging_mixin.py:137} INFO - [2024-01-18T21:42:28.459+0300] {taskmixin.py:211} WARNING - Dependency <Task(BashOperator): delete_entry_group>, create_entry_group already registered for DAG: example_complex
[2024-01-18T21:42:28.460+0300] {logging_mixin.py:137} INFO - [2024-01-18T21:42:28.460+0300] {taskmixin.py:211} WARNING - Dependency <Task(BashOperator): create_entry_gcs>, delete_entry already registered for DAG: example_complex
[2024-01-18T21:42:28.460+0300] {logging_mixin.py:137} INFO - [2024-01-18T21:42:28.460+0300] {taskmixin.py:211} WARNING - Dependency <Task(BashOperator): delete_entry>, create_entry_gcs already registered for DAG: example_complex
[2024-01-18T21:42:28.460+0300] {logging_mixin.py:137} INFO - [2024-01-18T21:42:28.460+0300] {taskmixin.py:211} WARNING - Dependency <Task(BashOperator): create_tag>, delete_tag already registered for DAG: example_complex
[2024-01-18T21:42:28.461+0300] {logging_mixin.py:137} INFO - [2024-01-18T21:42:28.461+0300] {taskmixin.py:211} WARNING - Dependency <Task(BashOperator): delete_tag>, create_tag already registered for DAG: example_complex
[2024-01-18T21:42:28.475+0300] {processor.py:753} INFO - DAG(s) dict_keys(['example_complex']) retrieved from /home/angry/mlops_4/venv4/lib/python3.10/site-packages/airflow/example_dags/example_complex.py
[2024-01-18T21:42:28.519+0300] {logging_mixin.py:137} INFO - [2024-01-18T21:42:28.519+0300] {dag.py:2705} INFO - Sync 1 DAGs
[2024-01-18T21:42:28.552+0300] {logging_mixin.py:137} INFO - [2024-01-18T21:42:28.551+0300] {dag.py:3452} INFO - Setting next_dagrun for example_complex to None, run_after=None
[2024-01-18T21:42:28.591+0300] {processor.py:175} INFO - Processing /home/angry/mlops_4/venv4/lib/python3.10/site-packages/airflow/example_dags/example_complex.py took 0.378 seconds
[2024-01-18T21:43:21.553+0300] {processor.py:153} INFO - Started process (PID=4432) to work on /home/angry/mlops_4/venv4/lib/python3.10/site-packages/airflow/example_dags/example_complex.py
[2024-01-18T21:43:21.555+0300] {processor.py:743} INFO - Processing file /home/angry/mlops_4/venv4/lib/python3.10/site-packages/airflow/example_dags/example_complex.py for tasks to queue
[2024-01-18T21:43:21.557+0300] {logging_mixin.py:137} INFO - [2024-01-18T21:43:21.557+0300] {dagbag.py:532} INFO - Filling up the DagBag from /home/angry/mlops_4/venv4/lib/python3.10/site-packages/airflow/example_dags/example_complex.py
[2024-01-18T21:43:21.586+0300] {logging_mixin.py:137} INFO - [2024-01-18T21:43:21.585+0300] {taskmixin.py:211} WARNING - Dependency <Task(BashOperator): create_entry_group>, delete_entry_group already registered for DAG: example_complex
[2024-01-18T21:43:21.586+0300] {logging_mixin.py:137} INFO - [2024-01-18T21:43:21.586+0300] {taskmixin.py:211} WARNING - Dependency <Task(BashOperator): delete_entry_group>, create_entry_group already registered for DAG: example_complex
[2024-01-18T21:43:21.587+0300] {logging_mixin.py:137} INFO - [2024-01-18T21:43:21.587+0300] {taskmixin.py:211} WARNING - Dependency <Task(BashOperator): create_entry_gcs>, delete_entry already registered for DAG: example_complex
[2024-01-18T21:43:21.588+0300] {logging_mixin.py:137} INFO - [2024-01-18T21:43:21.588+0300] {taskmixin.py:211} WARNING - Dependency <Task(BashOperator): delete_entry>, create_entry_gcs already registered for DAG: example_complex
[2024-01-18T21:43:21.590+0300] {logging_mixin.py:137} INFO - [2024-01-18T21:43:21.589+0300] {taskmixin.py:211} WARNING - Dependency <Task(BashOperator): create_tag>, delete_tag already registered for DAG: example_complex
[2024-01-18T21:43:21.590+0300] {logging_mixin.py:137} INFO - [2024-01-18T21:43:21.590+0300] {taskmixin.py:211} WARNING - Dependency <Task(BashOperator): delete_tag>, create_tag already registered for DAG: example_complex
[2024-01-18T21:43:21.617+0300] {processor.py:753} INFO - DAG(s) dict_keys(['example_complex']) retrieved from /home/angry/mlops_4/venv4/lib/python3.10/site-packages/airflow/example_dags/example_complex.py
[2024-01-18T21:43:21.675+0300] {logging_mixin.py:137} INFO - [2024-01-18T21:43:21.675+0300] {dag.py:2705} INFO - Sync 1 DAGs
[2024-01-18T21:43:21.719+0300] {logging_mixin.py:137} INFO - [2024-01-18T21:43:21.719+0300] {dag.py:3452} INFO - Setting next_dagrun for example_complex to None, run_after=None
[2024-01-18T21:43:21.759+0300] {processor.py:175} INFO - Processing /home/angry/mlops_4/venv4/lib/python3.10/site-packages/airflow/example_dags/example_complex.py took 0.216 seconds
[2024-01-18T21:44:10.915+0300] {processor.py:153} INFO - Started process (PID=4483) to work on /home/angry/mlops_4/venv4/lib/python3.10/site-packages/airflow/example_dags/example_complex.py
[2024-01-18T21:44:10.918+0300] {processor.py:743} INFO - Processing file /home/angry/mlops_4/venv4/lib/python3.10/site-packages/airflow/example_dags/example_complex.py for tasks to queue
[2024-01-18T21:44:10.919+0300] {logging_mixin.py:137} INFO - [2024-01-18T21:44:10.919+0300] {dagbag.py:532} INFO - Filling up the DagBag from /home/angry/mlops_4/venv4/lib/python3.10/site-packages/airflow/example_dags/example_complex.py
[2024-01-18T21:44:10.943+0300] {logging_mixin.py:137} INFO - [2024-01-18T21:44:10.942+0300] {taskmixin.py:211} WARNING - Dependency <Task(BashOperator): create_entry_group>, delete_entry_group already registered for DAG: example_complex
[2024-01-18T21:44:10.943+0300] {logging_mixin.py:137} INFO - [2024-01-18T21:44:10.943+0300] {taskmixin.py:211} WARNING - Dependency <Task(BashOperator): delete_entry_group>, create_entry_group already registered for DAG: example_complex
[2024-01-18T21:44:10.943+0300] {logging_mixin.py:137} INFO - [2024-01-18T21:44:10.943+0300] {taskmixin.py:211} WARNING - Dependency <Task(BashOperator): create_entry_gcs>, delete_entry already registered for DAG: example_complex
[2024-01-18T21:44:10.944+0300] {logging_mixin.py:137} INFO - [2024-01-18T21:44:10.943+0300] {taskmixin.py:211} WARNING - Dependency <Task(BashOperator): delete_entry>, create_entry_gcs already registered for DAG: example_complex
[2024-01-18T21:44:10.944+0300] {logging_mixin.py:137} INFO - [2024-01-18T21:44:10.944+0300] {taskmixin.py:211} WARNING - Dependency <Task(BashOperator): create_tag>, delete_tag already registered for DAG: example_complex
[2024-01-18T21:44:10.944+0300] {logging_mixin.py:137} INFO - [2024-01-18T21:44:10.944+0300] {taskmixin.py:211} WARNING - Dependency <Task(BashOperator): delete_tag>, create_tag already registered for DAG: example_complex
[2024-01-18T21:44:10.961+0300] {processor.py:753} INFO - DAG(s) dict_keys(['example_complex']) retrieved from /home/angry/mlops_4/venv4/lib/python3.10/site-packages/airflow/example_dags/example_complex.py
[2024-01-18T21:44:11.022+0300] {logging_mixin.py:137} INFO - [2024-01-18T21:44:11.022+0300] {dag.py:2705} INFO - Sync 1 DAGs
[2024-01-18T21:44:11.061+0300] {logging_mixin.py:137} INFO - [2024-01-18T21:44:11.061+0300] {dag.py:3452} INFO - Setting next_dagrun for example_complex to None, run_after=None
[2024-01-18T21:44:11.100+0300] {processor.py:175} INFO - Processing /home/angry/mlops_4/venv4/lib/python3.10/site-packages/airflow/example_dags/example_complex.py took 0.192 seconds
[2024-01-18T21:45:02.919+0300] {processor.py:153} INFO - Started process (PID=4556) to work on /home/angry/mlops_4/venv4/lib/python3.10/site-packages/airflow/example_dags/example_complex.py
[2024-01-18T21:45:02.922+0300] {processor.py:743} INFO - Processing file /home/angry/mlops_4/venv4/lib/python3.10/site-packages/airflow/example_dags/example_complex.py for tasks to queue
[2024-01-18T21:45:02.925+0300] {logging_mixin.py:137} INFO - [2024-01-18T21:45:02.925+0300] {dagbag.py:532} INFO - Filling up the DagBag from /home/angry/mlops_4/venv4/lib/python3.10/site-packages/airflow/example_dags/example_complex.py
[2024-01-18T21:45:02.959+0300] {logging_mixin.py:137} INFO - [2024-01-18T21:45:02.959+0300] {taskmixin.py:211} WARNING - Dependency <Task(BashOperator): create_entry_group>, delete_entry_group already registered for DAG: example_complex
[2024-01-18T21:45:02.960+0300] {logging_mixin.py:137} INFO - [2024-01-18T21:45:02.960+0300] {taskmixin.py:211} WARNING - Dependency <Task(BashOperator): delete_entry_group>, create_entry_group already registered for DAG: example_complex
[2024-01-18T21:45:02.960+0300] {logging_mixin.py:137} INFO - [2024-01-18T21:45:02.960+0300] {taskmixin.py:211} WARNING - Dependency <Task(BashOperator): create_entry_gcs>, delete_entry already registered for DAG: example_complex
[2024-01-18T21:45:02.961+0300] {logging_mixin.py:137} INFO - [2024-01-18T21:45:02.961+0300] {taskmixin.py:211} WARNING - Dependency <Task(BashOperator): delete_entry>, create_entry_gcs already registered for DAG: example_complex
[2024-01-18T21:45:02.962+0300] {logging_mixin.py:137} INFO - [2024-01-18T21:45:02.961+0300] {taskmixin.py:211} WARNING - Dependency <Task(BashOperator): create_tag>, delete_tag already registered for DAG: example_complex
[2024-01-18T21:45:02.962+0300] {logging_mixin.py:137} INFO - [2024-01-18T21:45:02.962+0300] {taskmixin.py:211} WARNING - Dependency <Task(BashOperator): delete_tag>, create_tag already registered for DAG: example_complex
[2024-01-18T21:45:02.980+0300] {processor.py:753} INFO - DAG(s) dict_keys(['example_complex']) retrieved from /home/angry/mlops_4/venv4/lib/python3.10/site-packages/airflow/example_dags/example_complex.py
[2024-01-18T21:45:03.082+0300] {logging_mixin.py:137} INFO - [2024-01-18T21:45:03.082+0300] {dag.py:2705} INFO - Sync 1 DAGs
[2024-01-18T21:45:03.133+0300] {logging_mixin.py:137} INFO - [2024-01-18T21:45:03.132+0300] {dag.py:3452} INFO - Setting next_dagrun for example_complex to None, run_after=None
[2024-01-18T21:45:03.182+0300] {processor.py:175} INFO - Processing /home/angry/mlops_4/venv4/lib/python3.10/site-packages/airflow/example_dags/example_complex.py took 0.271 seconds
[2024-01-18T21:45:52.857+0300] {processor.py:153} INFO - Started process (PID=4624) to work on /home/angry/mlops_4/venv4/lib/python3.10/site-packages/airflow/example_dags/example_complex.py
[2024-01-18T21:45:52.859+0300] {processor.py:743} INFO - Processing file /home/angry/mlops_4/venv4/lib/python3.10/site-packages/airflow/example_dags/example_complex.py for tasks to queue
[2024-01-18T21:45:52.861+0300] {logging_mixin.py:137} INFO - [2024-01-18T21:45:52.861+0300] {dagbag.py:532} INFO - Filling up the DagBag from /home/angry/mlops_4/venv4/lib/python3.10/site-packages/airflow/example_dags/example_complex.py
[2024-01-18T21:45:52.892+0300] {logging_mixin.py:137} INFO - [2024-01-18T21:45:52.891+0300] {taskmixin.py:211} WARNING - Dependency <Task(BashOperator): create_entry_group>, delete_entry_group already registered for DAG: example_complex
[2024-01-18T21:45:52.892+0300] {logging_mixin.py:137} INFO - [2024-01-18T21:45:52.892+0300] {taskmixin.py:211} WARNING - Dependency <Task(BashOperator): delete_entry_group>, create_entry_group already registered for DAG: example_complex
[2024-01-18T21:45:52.893+0300] {logging_mixin.py:137} INFO - [2024-01-18T21:45:52.892+0300] {taskmixin.py:211} WARNING - Dependency <Task(BashOperator): create_entry_gcs>, delete_entry already registered for DAG: example_complex
[2024-01-18T21:45:52.893+0300] {logging_mixin.py:137} INFO - [2024-01-18T21:45:52.893+0300] {taskmixin.py:211} WARNING - Dependency <Task(BashOperator): delete_entry>, create_entry_gcs already registered for DAG: example_complex
[2024-01-18T21:45:52.893+0300] {logging_mixin.py:137} INFO - [2024-01-18T21:45:52.893+0300] {taskmixin.py:211} WARNING - Dependency <Task(BashOperator): create_tag>, delete_tag already registered for DAG: example_complex
[2024-01-18T21:45:52.894+0300] {logging_mixin.py:137} INFO - [2024-01-18T21:45:52.894+0300] {taskmixin.py:211} WARNING - Dependency <Task(BashOperator): delete_tag>, create_tag already registered for DAG: example_complex
[2024-01-18T21:45:52.910+0300] {processor.py:753} INFO - DAG(s) dict_keys(['example_complex']) retrieved from /home/angry/mlops_4/venv4/lib/python3.10/site-packages/airflow/example_dags/example_complex.py
[2024-01-18T21:45:52.974+0300] {logging_mixin.py:137} INFO - [2024-01-18T21:45:52.974+0300] {dag.py:2705} INFO - Sync 1 DAGs
[2024-01-18T21:45:53.016+0300] {logging_mixin.py:137} INFO - [2024-01-18T21:45:53.016+0300] {dag.py:3452} INFO - Setting next_dagrun for example_complex to None, run_after=None
[2024-01-18T21:45:53.054+0300] {processor.py:175} INFO - Processing /home/angry/mlops_4/venv4/lib/python3.10/site-packages/airflow/example_dags/example_complex.py took 0.205 seconds
[2024-01-18T21:46:40.886+0300] {processor.py:153} INFO - Started process (PID=4695) to work on /home/angry/mlops_4/venv4/lib/python3.10/site-packages/airflow/example_dags/example_complex.py
[2024-01-18T21:46:40.888+0300] {processor.py:743} INFO - Processing file /home/angry/mlops_4/venv4/lib/python3.10/site-packages/airflow/example_dags/example_complex.py for tasks to queue
[2024-01-18T21:46:40.890+0300] {logging_mixin.py:137} INFO - [2024-01-18T21:46:40.889+0300] {dagbag.py:532} INFO - Filling up the DagBag from /home/angry/mlops_4/venv4/lib/python3.10/site-packages/airflow/example_dags/example_complex.py
[2024-01-18T21:46:40.913+0300] {logging_mixin.py:137} INFO - [2024-01-18T21:46:40.913+0300] {taskmixin.py:211} WARNING - Dependency <Task(BashOperator): create_entry_group>, delete_entry_group already registered for DAG: example_complex
[2024-01-18T21:46:40.914+0300] {logging_mixin.py:137} INFO - [2024-01-18T21:46:40.914+0300] {taskmixin.py:211} WARNING - Dependency <Task(BashOperator): delete_entry_group>, create_entry_group already registered for DAG: example_complex
[2024-01-18T21:46:40.914+0300] {logging_mixin.py:137} INFO - [2024-01-18T21:46:40.914+0300] {taskmixin.py:211} WARNING - Dependency <Task(BashOperator): create_entry_gcs>, delete_entry already registered for DAG: example_complex
[2024-01-18T21:46:40.914+0300] {logging_mixin.py:137} INFO - [2024-01-18T21:46:40.914+0300] {taskmixin.py:211} WARNING - Dependency <Task(BashOperator): delete_entry>, create_entry_gcs already registered for DAG: example_complex
[2024-01-18T21:46:40.915+0300] {logging_mixin.py:137} INFO - [2024-01-18T21:46:40.915+0300] {taskmixin.py:211} WARNING - Dependency <Task(BashOperator): create_tag>, delete_tag already registered for DAG: example_complex
[2024-01-18T21:46:40.915+0300] {logging_mixin.py:137} INFO - [2024-01-18T21:46:40.915+0300] {taskmixin.py:211} WARNING - Dependency <Task(BashOperator): delete_tag>, create_tag already registered for DAG: example_complex
[2024-01-18T21:46:40.933+0300] {processor.py:753} INFO - DAG(s) dict_keys(['example_complex']) retrieved from /home/angry/mlops_4/venv4/lib/python3.10/site-packages/airflow/example_dags/example_complex.py
[2024-01-18T21:46:40.989+0300] {logging_mixin.py:137} INFO - [2024-01-18T21:46:40.988+0300] {dag.py:2705} INFO - Sync 1 DAGs
[2024-01-18T21:46:41.031+0300] {logging_mixin.py:137} INFO - [2024-01-18T21:46:41.030+0300] {dag.py:3452} INFO - Setting next_dagrun for example_complex to None, run_after=None
[2024-01-18T21:46:41.073+0300] {processor.py:175} INFO - Processing /home/angry/mlops_4/venv4/lib/python3.10/site-packages/airflow/example_dags/example_complex.py took 0.195 seconds
[2024-01-18T21:47:31.851+0300] {processor.py:153} INFO - Started process (PID=4759) to work on /home/angry/mlops_4/venv4/lib/python3.10/site-packages/airflow/example_dags/example_complex.py
[2024-01-18T21:47:31.853+0300] {processor.py:743} INFO - Processing file /home/angry/mlops_4/venv4/lib/python3.10/site-packages/airflow/example_dags/example_complex.py for tasks to queue
[2024-01-18T21:47:31.855+0300] {logging_mixin.py:137} INFO - [2024-01-18T21:47:31.854+0300] {dagbag.py:532} INFO - Filling up the DagBag from /home/angry/mlops_4/venv4/lib/python3.10/site-packages/airflow/example_dags/example_complex.py
[2024-01-18T21:47:31.878+0300] {logging_mixin.py:137} INFO - [2024-01-18T21:47:31.878+0300] {taskmixin.py:211} WARNING - Dependency <Task(BashOperator): create_entry_group>, delete_entry_group already registered for DAG: example_complex
[2024-01-18T21:47:31.878+0300] {logging_mixin.py:137} INFO - [2024-01-18T21:47:31.878+0300] {taskmixin.py:211} WARNING - Dependency <Task(BashOperator): delete_entry_group>, create_entry_group already registered for DAG: example_complex
[2024-01-18T21:47:31.879+0300] {logging_mixin.py:137} INFO - [2024-01-18T21:47:31.879+0300] {taskmixin.py:211} WARNING - Dependency <Task(BashOperator): create_entry_gcs>, delete_entry already registered for DAG: example_complex
[2024-01-18T21:47:31.879+0300] {logging_mixin.py:137} INFO - [2024-01-18T21:47:31.879+0300] {taskmixin.py:211} WARNING - Dependency <Task(BashOperator): delete_entry>, create_entry_gcs already registered for DAG: example_complex
[2024-01-18T21:47:31.879+0300] {logging_mixin.py:137} INFO - [2024-01-18T21:47:31.879+0300] {taskmixin.py:211} WARNING - Dependency <Task(BashOperator): create_tag>, delete_tag already registered for DAG: example_complex
[2024-01-18T21:47:31.880+0300] {logging_mixin.py:137} INFO - [2024-01-18T21:47:31.879+0300] {taskmixin.py:211} WARNING - Dependency <Task(BashOperator): delete_tag>, create_tag already registered for DAG: example_complex
[2024-01-18T21:47:31.896+0300] {processor.py:753} INFO - DAG(s) dict_keys(['example_complex']) retrieved from /home/angry/mlops_4/venv4/lib/python3.10/site-packages/airflow/example_dags/example_complex.py
[2024-01-18T21:47:31.949+0300] {logging_mixin.py:137} INFO - [2024-01-18T21:47:31.949+0300] {dag.py:2705} INFO - Sync 1 DAGs
[2024-01-18T21:47:31.988+0300] {logging_mixin.py:137} INFO - [2024-01-18T21:47:31.988+0300] {dag.py:3452} INFO - Setting next_dagrun for example_complex to None, run_after=None
[2024-01-18T21:47:32.031+0300] {processor.py:175} INFO - Processing /home/angry/mlops_4/venv4/lib/python3.10/site-packages/airflow/example_dags/example_complex.py took 0.188 seconds
[2024-01-18T21:48:21.250+0300] {processor.py:153} INFO - Started process (PID=4827) to work on /home/angry/mlops_4/venv4/lib/python3.10/site-packages/airflow/example_dags/example_complex.py
[2024-01-18T21:48:21.252+0300] {processor.py:743} INFO - Processing file /home/angry/mlops_4/venv4/lib/python3.10/site-packages/airflow/example_dags/example_complex.py for tasks to queue
[2024-01-18T21:48:21.254+0300] {logging_mixin.py:137} INFO - [2024-01-18T21:48:21.254+0300] {dagbag.py:532} INFO - Filling up the DagBag from /home/angry/mlops_4/venv4/lib/python3.10/site-packages/airflow/example_dags/example_complex.py
[2024-01-18T21:48:21.287+0300] {logging_mixin.py:137} INFO - [2024-01-18T21:48:21.286+0300] {taskmixin.py:211} WARNING - Dependency <Task(BashOperator): create_entry_group>, delete_entry_group already registered for DAG: example_complex
[2024-01-18T21:48:21.287+0300] {logging_mixin.py:137} INFO - [2024-01-18T21:48:21.287+0300] {taskmixin.py:211} WARNING - Dependency <Task(BashOperator): delete_entry_group>, create_entry_group already registered for DAG: example_complex
[2024-01-18T21:48:21.288+0300] {logging_mixin.py:137} INFO - [2024-01-18T21:48:21.287+0300] {taskmixin.py:211} WARNING - Dependency <Task(BashOperator): create_entry_gcs>, delete_entry already registered for DAG: example_complex
[2024-01-18T21:48:21.288+0300] {logging_mixin.py:137} INFO - [2024-01-18T21:48:21.288+0300] {taskmixin.py:211} WARNING - Dependency <Task(BashOperator): delete_entry>, create_entry_gcs already registered for DAG: example_complex
[2024-01-18T21:48:21.289+0300] {logging_mixin.py:137} INFO - [2024-01-18T21:48:21.289+0300] {taskmixin.py:211} WARNING - Dependency <Task(BashOperator): create_tag>, delete_tag already registered for DAG: example_complex
[2024-01-18T21:48:21.289+0300] {logging_mixin.py:137} INFO - [2024-01-18T21:48:21.289+0300] {taskmixin.py:211} WARNING - Dependency <Task(BashOperator): delete_tag>, create_tag already registered for DAG: example_complex
[2024-01-18T21:48:21.315+0300] {processor.py:753} INFO - DAG(s) dict_keys(['example_complex']) retrieved from /home/angry/mlops_4/venv4/lib/python3.10/site-packages/airflow/example_dags/example_complex.py
[2024-01-18T21:48:21.381+0300] {logging_mixin.py:137} INFO - [2024-01-18T21:48:21.381+0300] {dag.py:2705} INFO - Sync 1 DAGs
[2024-01-18T21:48:21.433+0300] {logging_mixin.py:137} INFO - [2024-01-18T21:48:21.432+0300] {dag.py:3452} INFO - Setting next_dagrun for example_complex to None, run_after=None
[2024-01-18T21:48:21.483+0300] {processor.py:175} INFO - Processing /home/angry/mlops_4/venv4/lib/python3.10/site-packages/airflow/example_dags/example_complex.py took 0.240 seconds
[2024-01-18T21:49:13.760+0300] {processor.py:153} INFO - Started process (PID=4877) to work on /home/angry/mlops_4/venv4/lib/python3.10/site-packages/airflow/example_dags/example_complex.py
[2024-01-18T21:49:13.763+0300] {processor.py:743} INFO - Processing file /home/angry/mlops_4/venv4/lib/python3.10/site-packages/airflow/example_dags/example_complex.py for tasks to queue
[2024-01-18T21:49:13.764+0300] {logging_mixin.py:137} INFO - [2024-01-18T21:49:13.764+0300] {dagbag.py:532} INFO - Filling up the DagBag from /home/angry/mlops_4/venv4/lib/python3.10/site-packages/airflow/example_dags/example_complex.py
[2024-01-18T21:49:13.789+0300] {logging_mixin.py:137} INFO - [2024-01-18T21:49:13.788+0300] {taskmixin.py:211} WARNING - Dependency <Task(BashOperator): create_entry_group>, delete_entry_group already registered for DAG: example_complex
[2024-01-18T21:49:13.789+0300] {logging_mixin.py:137} INFO - [2024-01-18T21:49:13.789+0300] {taskmixin.py:211} WARNING - Dependency <Task(BashOperator): delete_entry_group>, create_entry_group already registered for DAG: example_complex
[2024-01-18T21:49:13.789+0300] {logging_mixin.py:137} INFO - [2024-01-18T21:49:13.789+0300] {taskmixin.py:211} WARNING - Dependency <Task(BashOperator): create_entry_gcs>, delete_entry already registered for DAG: example_complex
[2024-01-18T21:49:13.790+0300] {logging_mixin.py:137} INFO - [2024-01-18T21:49:13.790+0300] {taskmixin.py:211} WARNING - Dependency <Task(BashOperator): delete_entry>, create_entry_gcs already registered for DAG: example_complex
[2024-01-18T21:49:13.790+0300] {logging_mixin.py:137} INFO - [2024-01-18T21:49:13.790+0300] {taskmixin.py:211} WARNING - Dependency <Task(BashOperator): create_tag>, delete_tag already registered for DAG: example_complex
[2024-01-18T21:49:13.791+0300] {logging_mixin.py:137} INFO - [2024-01-18T21:49:13.790+0300] {taskmixin.py:211} WARNING - Dependency <Task(BashOperator): delete_tag>, create_tag already registered for DAG: example_complex
[2024-01-18T21:49:13.808+0300] {processor.py:753} INFO - DAG(s) dict_keys(['example_complex']) retrieved from /home/angry/mlops_4/venv4/lib/python3.10/site-packages/airflow/example_dags/example_complex.py
[2024-01-18T21:49:13.871+0300] {logging_mixin.py:137} INFO - [2024-01-18T21:49:13.871+0300] {dag.py:2705} INFO - Sync 1 DAGs
[2024-01-18T21:49:13.911+0300] {logging_mixin.py:137} INFO - [2024-01-18T21:49:13.911+0300] {dag.py:3452} INFO - Setting next_dagrun for example_complex to None, run_after=None
[2024-01-18T21:49:13.953+0300] {processor.py:175} INFO - Processing /home/angry/mlops_4/venv4/lib/python3.10/site-packages/airflow/example_dags/example_complex.py took 0.200 seconds
[2024-01-18T21:50:04.574+0300] {processor.py:153} INFO - Started process (PID=4925) to work on /home/angry/mlops_4/venv4/lib/python3.10/site-packages/airflow/example_dags/example_complex.py
[2024-01-18T21:50:04.577+0300] {processor.py:743} INFO - Processing file /home/angry/mlops_4/venv4/lib/python3.10/site-packages/airflow/example_dags/example_complex.py for tasks to queue
[2024-01-18T21:50:04.580+0300] {logging_mixin.py:137} INFO - [2024-01-18T21:50:04.579+0300] {dagbag.py:532} INFO - Filling up the DagBag from /home/angry/mlops_4/venv4/lib/python3.10/site-packages/airflow/example_dags/example_complex.py
[2024-01-18T21:50:04.608+0300] {logging_mixin.py:137} INFO - [2024-01-18T21:50:04.607+0300] {taskmixin.py:211} WARNING - Dependency <Task(BashOperator): create_entry_group>, delete_entry_group already registered for DAG: example_complex
[2024-01-18T21:50:04.608+0300] {logging_mixin.py:137} INFO - [2024-01-18T21:50:04.608+0300] {taskmixin.py:211} WARNING - Dependency <Task(BashOperator): delete_entry_group>, create_entry_group already registered for DAG: example_complex
[2024-01-18T21:50:04.609+0300] {logging_mixin.py:137} INFO - [2024-01-18T21:50:04.608+0300] {taskmixin.py:211} WARNING - Dependency <Task(BashOperator): create_entry_gcs>, delete_entry already registered for DAG: example_complex
[2024-01-18T21:50:04.610+0300] {logging_mixin.py:137} INFO - [2024-01-18T21:50:04.610+0300] {taskmixin.py:211} WARNING - Dependency <Task(BashOperator): delete_entry>, create_entry_gcs already registered for DAG: example_complex
[2024-01-18T21:50:04.611+0300] {logging_mixin.py:137} INFO - [2024-01-18T21:50:04.610+0300] {taskmixin.py:211} WARNING - Dependency <Task(BashOperator): create_tag>, delete_tag already registered for DAG: example_complex
[2024-01-18T21:50:04.612+0300] {logging_mixin.py:137} INFO - [2024-01-18T21:50:04.612+0300] {taskmixin.py:211} WARNING - Dependency <Task(BashOperator): delete_tag>, create_tag already registered for DAG: example_complex
[2024-01-18T21:50:04.631+0300] {processor.py:753} INFO - DAG(s) dict_keys(['example_complex']) retrieved from /home/angry/mlops_4/venv4/lib/python3.10/site-packages/airflow/example_dags/example_complex.py
[2024-01-18T21:50:04.699+0300] {logging_mixin.py:137} INFO - [2024-01-18T21:50:04.699+0300] {dag.py:2705} INFO - Sync 1 DAGs
[2024-01-18T21:50:04.743+0300] {logging_mixin.py:137} INFO - [2024-01-18T21:50:04.743+0300] {dag.py:3452} INFO - Setting next_dagrun for example_complex to None, run_after=None
[2024-01-18T21:50:04.789+0300] {processor.py:175} INFO - Processing /home/angry/mlops_4/venv4/lib/python3.10/site-packages/airflow/example_dags/example_complex.py took 0.228 seconds
[2024-01-18T21:50:55.610+0300] {processor.py:153} INFO - Started process (PID=4974) to work on /home/angry/mlops_4/venv4/lib/python3.10/site-packages/airflow/example_dags/example_complex.py
[2024-01-18T21:50:55.613+0300] {processor.py:743} INFO - Processing file /home/angry/mlops_4/venv4/lib/python3.10/site-packages/airflow/example_dags/example_complex.py for tasks to queue
[2024-01-18T21:50:55.614+0300] {logging_mixin.py:137} INFO - [2024-01-18T21:50:55.614+0300] {dagbag.py:532} INFO - Filling up the DagBag from /home/angry/mlops_4/venv4/lib/python3.10/site-packages/airflow/example_dags/example_complex.py
[2024-01-18T21:50:55.638+0300] {logging_mixin.py:137} INFO - [2024-01-18T21:50:55.638+0300] {taskmixin.py:211} WARNING - Dependency <Task(BashOperator): create_entry_group>, delete_entry_group already registered for DAG: example_complex
[2024-01-18T21:50:55.639+0300] {logging_mixin.py:137} INFO - [2024-01-18T21:50:55.638+0300] {taskmixin.py:211} WARNING - Dependency <Task(BashOperator): delete_entry_group>, create_entry_group already registered for DAG: example_complex
[2024-01-18T21:50:55.639+0300] {logging_mixin.py:137} INFO - [2024-01-18T21:50:55.639+0300] {taskmixin.py:211} WARNING - Dependency <Task(BashOperator): create_entry_gcs>, delete_entry already registered for DAG: example_complex
[2024-01-18T21:50:55.639+0300] {logging_mixin.py:137} INFO - [2024-01-18T21:50:55.639+0300] {taskmixin.py:211} WARNING - Dependency <Task(BashOperator): delete_entry>, create_entry_gcs already registered for DAG: example_complex
[2024-01-18T21:50:55.640+0300] {logging_mixin.py:137} INFO - [2024-01-18T21:50:55.640+0300] {taskmixin.py:211} WARNING - Dependency <Task(BashOperator): create_tag>, delete_tag already registered for DAG: example_complex
[2024-01-18T21:50:55.640+0300] {logging_mixin.py:137} INFO - [2024-01-18T21:50:55.640+0300] {taskmixin.py:211} WARNING - Dependency <Task(BashOperator): delete_tag>, create_tag already registered for DAG: example_complex
[2024-01-18T21:50:55.658+0300] {processor.py:753} INFO - DAG(s) dict_keys(['example_complex']) retrieved from /home/angry/mlops_4/venv4/lib/python3.10/site-packages/airflow/example_dags/example_complex.py
[2024-01-18T21:50:55.717+0300] {logging_mixin.py:137} INFO - [2024-01-18T21:50:55.717+0300] {dag.py:2705} INFO - Sync 1 DAGs
[2024-01-18T21:50:55.765+0300] {logging_mixin.py:137} INFO - [2024-01-18T21:50:55.764+0300] {dag.py:3452} INFO - Setting next_dagrun for example_complex to None, run_after=None
[2024-01-18T21:50:55.806+0300] {processor.py:175} INFO - Processing /home/angry/mlops_4/venv4/lib/python3.10/site-packages/airflow/example_dags/example_complex.py took 0.206 seconds
[2024-01-18T21:51:47.293+0300] {processor.py:153} INFO - Started process (PID=5023) to work on /home/angry/mlops_4/venv4/lib/python3.10/site-packages/airflow/example_dags/example_complex.py
[2024-01-18T21:51:47.296+0300] {processor.py:743} INFO - Processing file /home/angry/mlops_4/venv4/lib/python3.10/site-packages/airflow/example_dags/example_complex.py for tasks to queue
[2024-01-18T21:51:47.297+0300] {logging_mixin.py:137} INFO - [2024-01-18T21:51:47.297+0300] {dagbag.py:532} INFO - Filling up the DagBag from /home/angry/mlops_4/venv4/lib/python3.10/site-packages/airflow/example_dags/example_complex.py
[2024-01-18T21:51:47.322+0300] {logging_mixin.py:137} INFO - [2024-01-18T21:51:47.322+0300] {taskmixin.py:211} WARNING - Dependency <Task(BashOperator): create_entry_group>, delete_entry_group already registered for DAG: example_complex
[2024-01-18T21:51:47.323+0300] {logging_mixin.py:137} INFO - [2024-01-18T21:51:47.323+0300] {taskmixin.py:211} WARNING - Dependency <Task(BashOperator): delete_entry_group>, create_entry_group already registered for DAG: example_complex
[2024-01-18T21:51:47.323+0300] {logging_mixin.py:137} INFO - [2024-01-18T21:51:47.323+0300] {taskmixin.py:211} WARNING - Dependency <Task(BashOperator): create_entry_gcs>, delete_entry already registered for DAG: example_complex
[2024-01-18T21:51:47.323+0300] {logging_mixin.py:137} INFO - [2024-01-18T21:51:47.323+0300] {taskmixin.py:211} WARNING - Dependency <Task(BashOperator): delete_entry>, create_entry_gcs already registered for DAG: example_complex
[2024-01-18T21:51:47.324+0300] {logging_mixin.py:137} INFO - [2024-01-18T21:51:47.324+0300] {taskmixin.py:211} WARNING - Dependency <Task(BashOperator): create_tag>, delete_tag already registered for DAG: example_complex
[2024-01-18T21:51:47.325+0300] {logging_mixin.py:137} INFO - [2024-01-18T21:51:47.325+0300] {taskmixin.py:211} WARNING - Dependency <Task(BashOperator): delete_tag>, create_tag already registered for DAG: example_complex
[2024-01-18T21:51:47.353+0300] {processor.py:753} INFO - DAG(s) dict_keys(['example_complex']) retrieved from /home/angry/mlops_4/venv4/lib/python3.10/site-packages/airflow/example_dags/example_complex.py
[2024-01-18T21:51:47.414+0300] {logging_mixin.py:137} INFO - [2024-01-18T21:51:47.414+0300] {dag.py:2705} INFO - Sync 1 DAGs
[2024-01-18T21:51:47.453+0300] {logging_mixin.py:137} INFO - [2024-01-18T21:51:47.453+0300] {dag.py:3452} INFO - Setting next_dagrun for example_complex to None, run_after=None
[2024-01-18T21:51:47.494+0300] {processor.py:175} INFO - Processing /home/angry/mlops_4/venv4/lib/python3.10/site-packages/airflow/example_dags/example_complex.py took 0.208 seconds
[2024-01-18T21:52:42.726+0300] {processor.py:153} INFO - Started process (PID=5077) to work on /home/angry/mlops_4/venv4/lib/python3.10/site-packages/airflow/example_dags/example_complex.py
[2024-01-18T21:52:42.732+0300] {processor.py:743} INFO - Processing file /home/angry/mlops_4/venv4/lib/python3.10/site-packages/airflow/example_dags/example_complex.py for tasks to queue
[2024-01-18T21:52:42.734+0300] {logging_mixin.py:137} INFO - [2024-01-18T21:52:42.733+0300] {dagbag.py:532} INFO - Filling up the DagBag from /home/angry/mlops_4/venv4/lib/python3.10/site-packages/airflow/example_dags/example_complex.py
[2024-01-18T21:52:42.775+0300] {logging_mixin.py:137} INFO - [2024-01-18T21:52:42.774+0300] {taskmixin.py:211} WARNING - Dependency <Task(BashOperator): create_entry_group>, delete_entry_group already registered for DAG: example_complex
[2024-01-18T21:52:42.777+0300] {logging_mixin.py:137} INFO - [2024-01-18T21:52:42.776+0300] {taskmixin.py:211} WARNING - Dependency <Task(BashOperator): delete_entry_group>, create_entry_group already registered for DAG: example_complex
[2024-01-18T21:52:42.778+0300] {logging_mixin.py:137} INFO - [2024-01-18T21:52:42.778+0300] {taskmixin.py:211} WARNING - Dependency <Task(BashOperator): create_entry_gcs>, delete_entry already registered for DAG: example_complex
[2024-01-18T21:52:42.780+0300] {logging_mixin.py:137} INFO - [2024-01-18T21:52:42.779+0300] {taskmixin.py:211} WARNING - Dependency <Task(BashOperator): delete_entry>, create_entry_gcs already registered for DAG: example_complex
[2024-01-18T21:52:42.781+0300] {logging_mixin.py:137} INFO - [2024-01-18T21:52:42.781+0300] {taskmixin.py:211} WARNING - Dependency <Task(BashOperator): create_tag>, delete_tag already registered for DAG: example_complex
[2024-01-18T21:52:42.782+0300] {logging_mixin.py:137} INFO - [2024-01-18T21:52:42.782+0300] {taskmixin.py:211} WARNING - Dependency <Task(BashOperator): delete_tag>, create_tag already registered for DAG: example_complex
[2024-01-18T21:52:42.808+0300] {processor.py:753} INFO - DAG(s) dict_keys(['example_complex']) retrieved from /home/angry/mlops_4/venv4/lib/python3.10/site-packages/airflow/example_dags/example_complex.py
[2024-01-18T21:52:42.897+0300] {logging_mixin.py:137} INFO - [2024-01-18T21:52:42.897+0300] {dag.py:2705} INFO - Sync 1 DAGs
[2024-01-18T21:52:42.958+0300] {logging_mixin.py:137} INFO - [2024-01-18T21:52:42.958+0300] {dag.py:3452} INFO - Setting next_dagrun for example_complex to None, run_after=None
[2024-01-18T21:52:43.039+0300] {processor.py:175} INFO - Processing /home/angry/mlops_4/venv4/lib/python3.10/site-packages/airflow/example_dags/example_complex.py took 0.330 seconds
[2024-01-18T21:53:41.590+0300] {processor.py:153} INFO - Started process (PID=5133) to work on /home/angry/mlops_4/venv4/lib/python3.10/site-packages/airflow/example_dags/example_complex.py
[2024-01-18T21:53:41.593+0300] {processor.py:743} INFO - Processing file /home/angry/mlops_4/venv4/lib/python3.10/site-packages/airflow/example_dags/example_complex.py for tasks to queue
[2024-01-18T21:53:41.595+0300] {logging_mixin.py:137} INFO - [2024-01-18T21:53:41.595+0300] {dagbag.py:532} INFO - Filling up the DagBag from /home/angry/mlops_4/venv4/lib/python3.10/site-packages/airflow/example_dags/example_complex.py
[2024-01-18T21:53:41.640+0300] {logging_mixin.py:137} INFO - [2024-01-18T21:53:41.640+0300] {taskmixin.py:211} WARNING - Dependency <Task(BashOperator): create_entry_group>, delete_entry_group already registered for DAG: example_complex
[2024-01-18T21:53:41.642+0300] {logging_mixin.py:137} INFO - [2024-01-18T21:53:41.641+0300] {taskmixin.py:211} WARNING - Dependency <Task(BashOperator): delete_entry_group>, create_entry_group already registered for DAG: example_complex
[2024-01-18T21:53:41.642+0300] {logging_mixin.py:137} INFO - [2024-01-18T21:53:41.642+0300] {taskmixin.py:211} WARNING - Dependency <Task(BashOperator): create_entry_gcs>, delete_entry already registered for DAG: example_complex
[2024-01-18T21:53:41.643+0300] {logging_mixin.py:137} INFO - [2024-01-18T21:53:41.643+0300] {taskmixin.py:211} WARNING - Dependency <Task(BashOperator): delete_entry>, create_entry_gcs already registered for DAG: example_complex
[2024-01-18T21:53:41.643+0300] {logging_mixin.py:137} INFO - [2024-01-18T21:53:41.643+0300] {taskmixin.py:211} WARNING - Dependency <Task(BashOperator): create_tag>, delete_tag already registered for DAG: example_complex
[2024-01-18T21:53:41.645+0300] {logging_mixin.py:137} INFO - [2024-01-18T21:53:41.644+0300] {taskmixin.py:211} WARNING - Dependency <Task(BashOperator): delete_tag>, create_tag already registered for DAG: example_complex
[2024-01-18T21:53:41.672+0300] {processor.py:753} INFO - DAG(s) dict_keys(['example_complex']) retrieved from /home/angry/mlops_4/venv4/lib/python3.10/site-packages/airflow/example_dags/example_complex.py
[2024-01-18T21:53:41.766+0300] {logging_mixin.py:137} INFO - [2024-01-18T21:53:41.766+0300] {dag.py:2705} INFO - Sync 1 DAGs
[2024-01-18T21:53:41.837+0300] {logging_mixin.py:137} INFO - [2024-01-18T21:53:41.836+0300] {dag.py:3452} INFO - Setting next_dagrun for example_complex to None, run_after=None
[2024-01-18T21:53:41.911+0300] {processor.py:175} INFO - Processing /home/angry/mlops_4/venv4/lib/python3.10/site-packages/airflow/example_dags/example_complex.py took 0.340 seconds
[2024-01-18T22:00:51.070+0300] {processor.py:153} INFO - Started process (PID=5518) to work on /home/angry/mlops_4/venv4/lib/python3.10/site-packages/airflow/example_dags/example_complex.py
[2024-01-18T22:00:51.074+0300] {processor.py:743} INFO - Processing file /home/angry/mlops_4/venv4/lib/python3.10/site-packages/airflow/example_dags/example_complex.py for tasks to queue
[2024-01-18T22:00:51.078+0300] {logging_mixin.py:137} INFO - [2024-01-18T22:00:51.075+0300] {dagbag.py:532} INFO - Filling up the DagBag from /home/angry/mlops_4/venv4/lib/python3.10/site-packages/airflow/example_dags/example_complex.py
[2024-01-18T22:00:51.137+0300] {logging_mixin.py:137} INFO - [2024-01-18T22:00:51.137+0300] {taskmixin.py:211} WARNING - Dependency <Task(BashOperator): create_entry_group>, delete_entry_group already registered for DAG: example_complex
[2024-01-18T22:00:51.138+0300] {logging_mixin.py:137} INFO - [2024-01-18T22:00:51.138+0300] {taskmixin.py:211} WARNING - Dependency <Task(BashOperator): delete_entry_group>, create_entry_group already registered for DAG: example_complex
[2024-01-18T22:00:51.139+0300] {logging_mixin.py:137} INFO - [2024-01-18T22:00:51.139+0300] {taskmixin.py:211} WARNING - Dependency <Task(BashOperator): create_entry_gcs>, delete_entry already registered for DAG: example_complex
[2024-01-18T22:00:51.140+0300] {logging_mixin.py:137} INFO - [2024-01-18T22:00:51.140+0300] {taskmixin.py:211} WARNING - Dependency <Task(BashOperator): delete_entry>, create_entry_gcs already registered for DAG: example_complex
[2024-01-18T22:00:51.142+0300] {logging_mixin.py:137} INFO - [2024-01-18T22:00:51.141+0300] {taskmixin.py:211} WARNING - Dependency <Task(BashOperator): create_tag>, delete_tag already registered for DAG: example_complex
[2024-01-18T22:00:51.142+0300] {logging_mixin.py:137} INFO - [2024-01-18T22:00:51.142+0300] {taskmixin.py:211} WARNING - Dependency <Task(BashOperator): delete_tag>, create_tag already registered for DAG: example_complex
[2024-01-18T22:00:51.146+0300] {processor.py:753} INFO - DAG(s) dict_keys(['example_complex']) retrieved from /home/angry/mlops_4/venv4/lib/python3.10/site-packages/airflow/example_dags/example_complex.py
[2024-01-18T22:00:51.248+0300] {logging_mixin.py:137} INFO - [2024-01-18T22:00:51.247+0300] {dag.py:2705} INFO - Sync 1 DAGs
[2024-01-18T22:00:51.307+0300] {logging_mixin.py:137} INFO - [2024-01-18T22:00:51.307+0300] {dag.py:3452} INFO - Setting next_dagrun for example_complex to None, run_after=None
[2024-01-18T22:00:51.394+0300] {processor.py:175} INFO - Processing /home/angry/mlops_4/venv4/lib/python3.10/site-packages/airflow/example_dags/example_complex.py took 0.339 seconds
