[2024-01-18T21:36:55.377+0300] {processor.py:153} INFO - Started process (PID=3305) to work on /home/angry/mlops_4/venv4/lib/python3.10/site-packages/airflow/example_dags/example_short_circuit_decorator.py
[2024-01-18T21:36:55.378+0300] {processor.py:743} INFO - Processing file /home/angry/mlops_4/venv4/lib/python3.10/site-packages/airflow/example_dags/example_short_circuit_decorator.py for tasks to queue
[2024-01-18T21:36:55.380+0300] {logging_mixin.py:137} INFO - [2024-01-18T21:36:55.379+0300] {dagbag.py:532} INFO - Filling up the DagBag from /home/angry/mlops_4/venv4/lib/python3.10/site-packages/airflow/example_dags/example_short_circuit_decorator.py
[2024-01-18T21:36:55.435+0300] {processor.py:753} INFO - DAG(s) dict_keys(['example_short_circuit_decorator']) retrieved from /home/angry/mlops_4/venv4/lib/python3.10/site-packages/airflow/example_dags/example_short_circuit_decorator.py
[2024-01-18T21:36:55.480+0300] {logging_mixin.py:137} INFO - [2024-01-18T21:36:55.480+0300] {dag.py:2705} INFO - Sync 1 DAGs
[2024-01-18T21:36:55.718+0300] {logging_mixin.py:137} INFO - [2024-01-18T21:36:55.718+0300] {dag.py:3452} INFO - Setting next_dagrun for example_short_circuit_decorator to 2024-01-17T18:36:55.718297+00:00, run_after=2024-01-18T18:36:55.718297+00:00
[2024-01-18T21:36:55.757+0300] {processor.py:175} INFO - Processing /home/angry/mlops_4/venv4/lib/python3.10/site-packages/airflow/example_dags/example_short_circuit_decorator.py took 0.388 seconds
[2024-01-18T21:37:51.106+0300] {processor.py:153} INFO - Started process (PID=3369) to work on /home/angry/mlops_4/venv4/lib/python3.10/site-packages/airflow/example_dags/example_short_circuit_decorator.py
[2024-01-18T21:37:51.110+0300] {processor.py:743} INFO - Processing file /home/angry/mlops_4/venv4/lib/python3.10/site-packages/airflow/example_dags/example_short_circuit_decorator.py for tasks to queue
[2024-01-18T21:37:51.111+0300] {logging_mixin.py:137} INFO - [2024-01-18T21:37:51.111+0300] {dagbag.py:532} INFO - Filling up the DagBag from /home/angry/mlops_4/venv4/lib/python3.10/site-packages/airflow/example_dags/example_short_circuit_decorator.py
[2024-01-18T21:37:51.170+0300] {processor.py:753} INFO - DAG(s) dict_keys(['example_short_circuit_decorator']) retrieved from /home/angry/mlops_4/venv4/lib/python3.10/site-packages/airflow/example_dags/example_short_circuit_decorator.py
[2024-01-18T21:37:51.211+0300] {logging_mixin.py:137} INFO - [2024-01-18T21:37:51.211+0300] {dag.py:2705} INFO - Sync 1 DAGs
[2024-01-18T21:37:51.429+0300] {logging_mixin.py:137} INFO - [2024-01-18T21:37:51.429+0300] {dag.py:3452} INFO - Setting next_dagrun for example_short_circuit_decorator to 2024-01-17T18:37:51.429308+00:00, run_after=2024-01-18T18:37:51.429308+00:00
[2024-01-18T21:37:51.467+0300] {processor.py:175} INFO - Processing /home/angry/mlops_4/venv4/lib/python3.10/site-packages/airflow/example_dags/example_short_circuit_decorator.py took 0.369 seconds
[2024-01-18T21:39:04.750+0300] {processor.py:153} INFO - Started process (PID=4132) to work on /home/angry/mlops_4/venv4/lib/python3.10/site-packages/airflow/example_dags/example_short_circuit_decorator.py
[2024-01-18T21:39:04.756+0300] {processor.py:743} INFO - Processing file /home/angry/mlops_4/venv4/lib/python3.10/site-packages/airflow/example_dags/example_short_circuit_decorator.py for tasks to queue
[2024-01-18T21:39:04.763+0300] {logging_mixin.py:137} INFO - [2024-01-18T21:39:04.762+0300] {dagbag.py:532} INFO - Filling up the DagBag from /home/angry/mlops_4/venv4/lib/python3.10/site-packages/airflow/example_dags/example_short_circuit_decorator.py
[2024-01-18T21:39:04.927+0300] {processor.py:753} INFO - DAG(s) dict_keys(['example_short_circuit_decorator']) retrieved from /home/angry/mlops_4/venv4/lib/python3.10/site-packages/airflow/example_dags/example_short_circuit_decorator.py
[2024-01-18T21:39:05.085+0300] {logging_mixin.py:137} INFO - [2024-01-18T21:39:05.085+0300] {dag.py:2705} INFO - Sync 1 DAGs
[2024-01-18T21:39:05.617+0300] {logging_mixin.py:137} INFO - [2024-01-18T21:39:05.617+0300] {dag.py:3452} INFO - Setting next_dagrun for example_short_circuit_decorator to 2024-01-17T18:39:05.616957+00:00, run_after=2024-01-18T18:39:05.616957+00:00
[2024-01-18T21:39:05.753+0300] {processor.py:175} INFO - Processing /home/angry/mlops_4/venv4/lib/python3.10/site-packages/airflow/example_dags/example_short_circuit_decorator.py took 1.021 seconds
[2024-01-18T21:40:07.211+0300] {processor.py:153} INFO - Started process (PID=4195) to work on /home/angry/mlops_4/venv4/lib/python3.10/site-packages/airflow/example_dags/example_short_circuit_decorator.py
[2024-01-18T21:40:07.215+0300] {processor.py:743} INFO - Processing file /home/angry/mlops_4/venv4/lib/python3.10/site-packages/airflow/example_dags/example_short_circuit_decorator.py for tasks to queue
[2024-01-18T21:40:07.216+0300] {logging_mixin.py:137} INFO - [2024-01-18T21:40:07.216+0300] {dagbag.py:532} INFO - Filling up the DagBag from /home/angry/mlops_4/venv4/lib/python3.10/site-packages/airflow/example_dags/example_short_circuit_decorator.py
[2024-01-18T21:40:07.285+0300] {processor.py:753} INFO - DAG(s) dict_keys(['example_short_circuit_decorator']) retrieved from /home/angry/mlops_4/venv4/lib/python3.10/site-packages/airflow/example_dags/example_short_circuit_decorator.py
[2024-01-18T21:40:07.544+0300] {logging_mixin.py:137} INFO - [2024-01-18T21:40:07.543+0300] {dag.py:2705} INFO - Sync 1 DAGs
[2024-01-18T21:40:07.578+0300] {logging_mixin.py:137} INFO - [2024-01-18T21:40:07.577+0300] {dag.py:3452} INFO - Setting next_dagrun for example_short_circuit_decorator to 2024-01-17T18:40:07.577547+00:00, run_after=2024-01-18T18:40:07.577547+00:00
[2024-01-18T21:40:07.621+0300] {processor.py:175} INFO - Processing /home/angry/mlops_4/venv4/lib/python3.10/site-packages/airflow/example_dags/example_short_circuit_decorator.py took 0.417 seconds
[2024-01-18T21:41:11.170+0300] {processor.py:153} INFO - Started process (PID=4282) to work on /home/angry/mlops_4/venv4/lib/python3.10/site-packages/airflow/example_dags/example_short_circuit_decorator.py
[2024-01-18T21:41:11.172+0300] {processor.py:743} INFO - Processing file /home/angry/mlops_4/venv4/lib/python3.10/site-packages/airflow/example_dags/example_short_circuit_decorator.py for tasks to queue
[2024-01-18T21:41:11.174+0300] {logging_mixin.py:137} INFO - [2024-01-18T21:41:11.173+0300] {dagbag.py:532} INFO - Filling up the DagBag from /home/angry/mlops_4/venv4/lib/python3.10/site-packages/airflow/example_dags/example_short_circuit_decorator.py
[2024-01-18T21:41:11.564+0300] {processor.py:753} INFO - DAG(s) dict_keys(['example_short_circuit_decorator']) retrieved from /home/angry/mlops_4/venv4/lib/python3.10/site-packages/airflow/example_dags/example_short_circuit_decorator.py
[2024-01-18T21:41:11.616+0300] {logging_mixin.py:137} INFO - [2024-01-18T21:41:11.616+0300] {dag.py:2705} INFO - Sync 1 DAGs
[2024-01-18T21:41:11.650+0300] {logging_mixin.py:137} INFO - [2024-01-18T21:41:11.650+0300] {dag.py:3452} INFO - Setting next_dagrun for example_short_circuit_decorator to 2024-01-17T18:41:11.650266+00:00, run_after=2024-01-18T18:41:11.650266+00:00
[2024-01-18T21:41:11.686+0300] {processor.py:175} INFO - Processing /home/angry/mlops_4/venv4/lib/python3.10/site-packages/airflow/example_dags/example_short_circuit_decorator.py took 0.524 seconds
[2024-01-18T21:42:12.136+0300] {processor.py:153} INFO - Started process (PID=4363) to work on /home/angry/mlops_4/venv4/lib/python3.10/site-packages/airflow/example_dags/example_short_circuit_decorator.py
[2024-01-18T21:42:12.139+0300] {processor.py:743} INFO - Processing file /home/angry/mlops_4/venv4/lib/python3.10/site-packages/airflow/example_dags/example_short_circuit_decorator.py for tasks to queue
[2024-01-18T21:42:12.140+0300] {logging_mixin.py:137} INFO - [2024-01-18T21:42:12.140+0300] {dagbag.py:532} INFO - Filling up the DagBag from /home/angry/mlops_4/venv4/lib/python3.10/site-packages/airflow/example_dags/example_short_circuit_decorator.py
[2024-01-18T21:42:12.422+0300] {processor.py:753} INFO - DAG(s) dict_keys(['example_short_circuit_decorator']) retrieved from /home/angry/mlops_4/venv4/lib/python3.10/site-packages/airflow/example_dags/example_short_circuit_decorator.py
[2024-01-18T21:42:12.509+0300] {logging_mixin.py:137} INFO - [2024-01-18T21:42:12.508+0300] {dag.py:2705} INFO - Sync 1 DAGs
[2024-01-18T21:42:12.547+0300] {logging_mixin.py:137} INFO - [2024-01-18T21:42:12.547+0300] {dag.py:3452} INFO - Setting next_dagrun for example_short_circuit_decorator to 2024-01-17T18:42:12.547076+00:00, run_after=2024-01-18T18:42:12.547076+00:00
[2024-01-18T21:42:12.587+0300] {processor.py:175} INFO - Processing /home/angry/mlops_4/venv4/lib/python3.10/site-packages/airflow/example_dags/example_short_circuit_decorator.py took 0.458 seconds
[2024-01-18T21:43:09.240+0300] {processor.py:153} INFO - Started process (PID=4417) to work on /home/angry/mlops_4/venv4/lib/python3.10/site-packages/airflow/example_dags/example_short_circuit_decorator.py
[2024-01-18T21:43:09.243+0300] {processor.py:743} INFO - Processing file /home/angry/mlops_4/venv4/lib/python3.10/site-packages/airflow/example_dags/example_short_circuit_decorator.py for tasks to queue
[2024-01-18T21:43:09.244+0300] {logging_mixin.py:137} INFO - [2024-01-18T21:43:09.244+0300] {dagbag.py:532} INFO - Filling up the DagBag from /home/angry/mlops_4/venv4/lib/python3.10/site-packages/airflow/example_dags/example_short_circuit_decorator.py
[2024-01-18T21:43:09.303+0300] {processor.py:753} INFO - DAG(s) dict_keys(['example_short_circuit_decorator']) retrieved from /home/angry/mlops_4/venv4/lib/python3.10/site-packages/airflow/example_dags/example_short_circuit_decorator.py
[2024-01-18T21:43:09.343+0300] {logging_mixin.py:137} INFO - [2024-01-18T21:43:09.343+0300] {dag.py:2705} INFO - Sync 1 DAGs
[2024-01-18T21:43:09.380+0300] {logging_mixin.py:137} INFO - [2024-01-18T21:43:09.380+0300] {dag.py:3452} INFO - Setting next_dagrun for example_short_circuit_decorator to 2024-01-17T18:43:09.380062+00:00, run_after=2024-01-18T18:43:09.380062+00:00
[2024-01-18T21:43:09.418+0300] {processor.py:175} INFO - Processing /home/angry/mlops_4/venv4/lib/python3.10/site-packages/airflow/example_dags/example_short_circuit_decorator.py took 0.186 seconds
[2024-01-18T21:43:57.448+0300] {processor.py:153} INFO - Started process (PID=4470) to work on /home/angry/mlops_4/venv4/lib/python3.10/site-packages/airflow/example_dags/example_short_circuit_decorator.py
[2024-01-18T21:43:57.450+0300] {processor.py:743} INFO - Processing file /home/angry/mlops_4/venv4/lib/python3.10/site-packages/airflow/example_dags/example_short_circuit_decorator.py for tasks to queue
[2024-01-18T21:43:57.452+0300] {logging_mixin.py:137} INFO - [2024-01-18T21:43:57.451+0300] {dagbag.py:532} INFO - Filling up the DagBag from /home/angry/mlops_4/venv4/lib/python3.10/site-packages/airflow/example_dags/example_short_circuit_decorator.py
[2024-01-18T21:43:57.507+0300] {processor.py:753} INFO - DAG(s) dict_keys(['example_short_circuit_decorator']) retrieved from /home/angry/mlops_4/venv4/lib/python3.10/site-packages/airflow/example_dags/example_short_circuit_decorator.py
[2024-01-18T21:43:57.549+0300] {logging_mixin.py:137} INFO - [2024-01-18T21:43:57.548+0300] {dag.py:2705} INFO - Sync 1 DAGs
[2024-01-18T21:43:57.587+0300] {logging_mixin.py:137} INFO - [2024-01-18T21:43:57.587+0300] {dag.py:3452} INFO - Setting next_dagrun for example_short_circuit_decorator to 2024-01-17T18:43:57.586811+00:00, run_after=2024-01-18T18:43:57.586811+00:00
[2024-01-18T21:43:57.627+0300] {processor.py:175} INFO - Processing /home/angry/mlops_4/venv4/lib/python3.10/site-packages/airflow/example_dags/example_short_circuit_decorator.py took 0.187 seconds
[2024-01-18T21:44:47.782+0300] {processor.py:153} INFO - Started process (PID=4527) to work on /home/angry/mlops_4/venv4/lib/python3.10/site-packages/airflow/example_dags/example_short_circuit_decorator.py
[2024-01-18T21:44:47.784+0300] {processor.py:743} INFO - Processing file /home/angry/mlops_4/venv4/lib/python3.10/site-packages/airflow/example_dags/example_short_circuit_decorator.py for tasks to queue
[2024-01-18T21:44:47.786+0300] {logging_mixin.py:137} INFO - [2024-01-18T21:44:47.786+0300] {dagbag.py:532} INFO - Filling up the DagBag from /home/angry/mlops_4/venv4/lib/python3.10/site-packages/airflow/example_dags/example_short_circuit_decorator.py
[2024-01-18T21:44:47.854+0300] {processor.py:753} INFO - DAG(s) dict_keys(['example_short_circuit_decorator']) retrieved from /home/angry/mlops_4/venv4/lib/python3.10/site-packages/airflow/example_dags/example_short_circuit_decorator.py
[2024-01-18T21:44:47.919+0300] {logging_mixin.py:137} INFO - [2024-01-18T21:44:47.919+0300] {dag.py:2705} INFO - Sync 1 DAGs
[2024-01-18T21:44:47.964+0300] {logging_mixin.py:137} INFO - [2024-01-18T21:44:47.964+0300] {dag.py:3452} INFO - Setting next_dagrun for example_short_circuit_decorator to 2024-01-17T18:44:47.963670+00:00, run_after=2024-01-18T18:44:47.963670+00:00
[2024-01-18T21:44:48.016+0300] {processor.py:175} INFO - Processing /home/angry/mlops_4/venv4/lib/python3.10/site-packages/airflow/example_dags/example_short_circuit_decorator.py took 0.248 seconds
[2024-01-18T21:45:38.770+0300] {processor.py:153} INFO - Started process (PID=4611) to work on /home/angry/mlops_4/venv4/lib/python3.10/site-packages/airflow/example_dags/example_short_circuit_decorator.py
[2024-01-18T21:45:38.772+0300] {processor.py:743} INFO - Processing file /home/angry/mlops_4/venv4/lib/python3.10/site-packages/airflow/example_dags/example_short_circuit_decorator.py for tasks to queue
[2024-01-18T21:45:38.774+0300] {logging_mixin.py:137} INFO - [2024-01-18T21:45:38.774+0300] {dagbag.py:532} INFO - Filling up the DagBag from /home/angry/mlops_4/venv4/lib/python3.10/site-packages/airflow/example_dags/example_short_circuit_decorator.py
[2024-01-18T21:45:38.831+0300] {processor.py:753} INFO - DAG(s) dict_keys(['example_short_circuit_decorator']) retrieved from /home/angry/mlops_4/venv4/lib/python3.10/site-packages/airflow/example_dags/example_short_circuit_decorator.py
[2024-01-18T21:45:38.875+0300] {logging_mixin.py:137} INFO - [2024-01-18T21:45:38.874+0300] {dag.py:2705} INFO - Sync 1 DAGs
[2024-01-18T21:45:38.913+0300] {logging_mixin.py:137} INFO - [2024-01-18T21:45:38.913+0300] {dag.py:3452} INFO - Setting next_dagrun for example_short_circuit_decorator to 2024-01-17T18:45:38.912955+00:00, run_after=2024-01-18T18:45:38.912955+00:00
[2024-01-18T21:45:38.952+0300] {processor.py:175} INFO - Processing /home/angry/mlops_4/venv4/lib/python3.10/site-packages/airflow/example_dags/example_short_circuit_decorator.py took 0.190 seconds
[2024-01-18T21:46:30.101+0300] {processor.py:153} INFO - Started process (PID=4683) to work on /home/angry/mlops_4/venv4/lib/python3.10/site-packages/airflow/example_dags/example_short_circuit_decorator.py
[2024-01-18T21:46:30.104+0300] {processor.py:743} INFO - Processing file /home/angry/mlops_4/venv4/lib/python3.10/site-packages/airflow/example_dags/example_short_circuit_decorator.py for tasks to queue
[2024-01-18T21:46:30.105+0300] {logging_mixin.py:137} INFO - [2024-01-18T21:46:30.105+0300] {dagbag.py:532} INFO - Filling up the DagBag from /home/angry/mlops_4/venv4/lib/python3.10/site-packages/airflow/example_dags/example_short_circuit_decorator.py
[2024-01-18T21:46:30.162+0300] {processor.py:753} INFO - DAG(s) dict_keys(['example_short_circuit_decorator']) retrieved from /home/angry/mlops_4/venv4/lib/python3.10/site-packages/airflow/example_dags/example_short_circuit_decorator.py
[2024-01-18T21:46:30.208+0300] {logging_mixin.py:137} INFO - [2024-01-18T21:46:30.208+0300] {dag.py:2705} INFO - Sync 1 DAGs
[2024-01-18T21:46:30.253+0300] {logging_mixin.py:137} INFO - [2024-01-18T21:46:30.252+0300] {dag.py:3452} INFO - Setting next_dagrun for example_short_circuit_decorator to 2024-01-17T18:46:30.252351+00:00, run_after=2024-01-18T18:46:30.252351+00:00
[2024-01-18T21:46:30.299+0300] {processor.py:175} INFO - Processing /home/angry/mlops_4/venv4/lib/python3.10/site-packages/airflow/example_dags/example_short_circuit_decorator.py took 0.206 seconds
[2024-01-18T21:47:18.278+0300] {processor.py:153} INFO - Started process (PID=4732) to work on /home/angry/mlops_4/venv4/lib/python3.10/site-packages/airflow/example_dags/example_short_circuit_decorator.py
[2024-01-18T21:47:18.281+0300] {processor.py:743} INFO - Processing file /home/angry/mlops_4/venv4/lib/python3.10/site-packages/airflow/example_dags/example_short_circuit_decorator.py for tasks to queue
[2024-01-18T21:47:18.283+0300] {logging_mixin.py:137} INFO - [2024-01-18T21:47:18.282+0300] {dagbag.py:532} INFO - Filling up the DagBag from /home/angry/mlops_4/venv4/lib/python3.10/site-packages/airflow/example_dags/example_short_circuit_decorator.py
[2024-01-18T21:47:18.343+0300] {processor.py:753} INFO - DAG(s) dict_keys(['example_short_circuit_decorator']) retrieved from /home/angry/mlops_4/venv4/lib/python3.10/site-packages/airflow/example_dags/example_short_circuit_decorator.py
[2024-01-18T21:47:18.384+0300] {logging_mixin.py:137} INFO - [2024-01-18T21:47:18.383+0300] {dag.py:2705} INFO - Sync 1 DAGs
[2024-01-18T21:47:18.423+0300] {logging_mixin.py:137} INFO - [2024-01-18T21:47:18.423+0300] {dag.py:3452} INFO - Setting next_dagrun for example_short_circuit_decorator to 2024-01-17T18:47:18.423127+00:00, run_after=2024-01-18T18:47:18.423127+00:00
[2024-01-18T21:47:18.462+0300] {processor.py:175} INFO - Processing /home/angry/mlops_4/venv4/lib/python3.10/site-packages/airflow/example_dags/example_short_circuit_decorator.py took 0.192 seconds
[2024-01-18T21:48:08.195+0300] {processor.py:153} INFO - Started process (PID=4813) to work on /home/angry/mlops_4/venv4/lib/python3.10/site-packages/airflow/example_dags/example_short_circuit_decorator.py
[2024-01-18T21:48:08.199+0300] {processor.py:743} INFO - Processing file /home/angry/mlops_4/venv4/lib/python3.10/site-packages/airflow/example_dags/example_short_circuit_decorator.py for tasks to queue
[2024-01-18T21:48:08.202+0300] {logging_mixin.py:137} INFO - [2024-01-18T21:48:08.201+0300] {dagbag.py:532} INFO - Filling up the DagBag from /home/angry/mlops_4/venv4/lib/python3.10/site-packages/airflow/example_dags/example_short_circuit_decorator.py
[2024-01-18T21:48:08.265+0300] {processor.py:753} INFO - DAG(s) dict_keys(['example_short_circuit_decorator']) retrieved from /home/angry/mlops_4/venv4/lib/python3.10/site-packages/airflow/example_dags/example_short_circuit_decorator.py
[2024-01-18T21:48:08.313+0300] {logging_mixin.py:137} INFO - [2024-01-18T21:48:08.312+0300] {dag.py:2705} INFO - Sync 1 DAGs
[2024-01-18T21:48:08.360+0300] {logging_mixin.py:137} INFO - [2024-01-18T21:48:08.359+0300] {dag.py:3452} INFO - Setting next_dagrun for example_short_circuit_decorator to 2024-01-17T18:48:08.358244+00:00, run_after=2024-01-18T18:48:08.358244+00:00
[2024-01-18T21:48:08.405+0300] {processor.py:175} INFO - Processing /home/angry/mlops_4/venv4/lib/python3.10/site-packages/airflow/example_dags/example_short_circuit_decorator.py took 0.219 seconds
[2024-01-18T21:49:01.038+0300] {processor.py:153} INFO - Started process (PID=4865) to work on /home/angry/mlops_4/venv4/lib/python3.10/site-packages/airflow/example_dags/example_short_circuit_decorator.py
[2024-01-18T21:49:01.041+0300] {processor.py:743} INFO - Processing file /home/angry/mlops_4/venv4/lib/python3.10/site-packages/airflow/example_dags/example_short_circuit_decorator.py for tasks to queue
[2024-01-18T21:49:01.042+0300] {logging_mixin.py:137} INFO - [2024-01-18T21:49:01.042+0300] {dagbag.py:532} INFO - Filling up the DagBag from /home/angry/mlops_4/venv4/lib/python3.10/site-packages/airflow/example_dags/example_short_circuit_decorator.py
[2024-01-18T21:49:01.104+0300] {processor.py:753} INFO - DAG(s) dict_keys(['example_short_circuit_decorator']) retrieved from /home/angry/mlops_4/venv4/lib/python3.10/site-packages/airflow/example_dags/example_short_circuit_decorator.py
[2024-01-18T21:49:01.147+0300] {logging_mixin.py:137} INFO - [2024-01-18T21:49:01.147+0300] {dag.py:2705} INFO - Sync 1 DAGs
[2024-01-18T21:49:01.187+0300] {logging_mixin.py:137} INFO - [2024-01-18T21:49:01.187+0300] {dag.py:3452} INFO - Setting next_dagrun for example_short_circuit_decorator to 2024-01-17T18:49:01.186726+00:00, run_after=2024-01-18T18:49:01.186726+00:00
[2024-01-18T21:49:01.228+0300] {processor.py:175} INFO - Processing /home/angry/mlops_4/venv4/lib/python3.10/site-packages/airflow/example_dags/example_short_circuit_decorator.py took 0.197 seconds
[2024-01-18T21:49:50.007+0300] {processor.py:153} INFO - Started process (PID=4912) to work on /home/angry/mlops_4/venv4/lib/python3.10/site-packages/airflow/example_dags/example_short_circuit_decorator.py
[2024-01-18T21:49:50.010+0300] {processor.py:743} INFO - Processing file /home/angry/mlops_4/venv4/lib/python3.10/site-packages/airflow/example_dags/example_short_circuit_decorator.py for tasks to queue
[2024-01-18T21:49:50.011+0300] {logging_mixin.py:137} INFO - [2024-01-18T21:49:50.011+0300] {dagbag.py:532} INFO - Filling up the DagBag from /home/angry/mlops_4/venv4/lib/python3.10/site-packages/airflow/example_dags/example_short_circuit_decorator.py
[2024-01-18T21:49:50.074+0300] {processor.py:753} INFO - DAG(s) dict_keys(['example_short_circuit_decorator']) retrieved from /home/angry/mlops_4/venv4/lib/python3.10/site-packages/airflow/example_dags/example_short_circuit_decorator.py
[2024-01-18T21:49:50.118+0300] {logging_mixin.py:137} INFO - [2024-01-18T21:49:50.118+0300] {dag.py:2705} INFO - Sync 1 DAGs
[2024-01-18T21:49:50.155+0300] {logging_mixin.py:137} INFO - [2024-01-18T21:49:50.155+0300] {dag.py:3452} INFO - Setting next_dagrun for example_short_circuit_decorator to 2024-01-17T18:49:50.155242+00:00, run_after=2024-01-18T18:49:50.155242+00:00
[2024-01-18T21:49:50.195+0300] {processor.py:175} INFO - Processing /home/angry/mlops_4/venv4/lib/python3.10/site-packages/airflow/example_dags/example_short_circuit_decorator.py took 0.197 seconds
[2024-01-18T21:50:41.038+0300] {processor.py:153} INFO - Started process (PID=4962) to work on /home/angry/mlops_4/venv4/lib/python3.10/site-packages/airflow/example_dags/example_short_circuit_decorator.py
[2024-01-18T21:50:41.041+0300] {processor.py:743} INFO - Processing file /home/angry/mlops_4/venv4/lib/python3.10/site-packages/airflow/example_dags/example_short_circuit_decorator.py for tasks to queue
[2024-01-18T21:50:41.042+0300] {logging_mixin.py:137} INFO - [2024-01-18T21:50:41.042+0300] {dagbag.py:532} INFO - Filling up the DagBag from /home/angry/mlops_4/venv4/lib/python3.10/site-packages/airflow/example_dags/example_short_circuit_decorator.py
[2024-01-18T21:50:41.101+0300] {processor.py:753} INFO - DAG(s) dict_keys(['example_short_circuit_decorator']) retrieved from /home/angry/mlops_4/venv4/lib/python3.10/site-packages/airflow/example_dags/example_short_circuit_decorator.py
[2024-01-18T21:50:41.150+0300] {logging_mixin.py:137} INFO - [2024-01-18T21:50:41.149+0300] {dag.py:2705} INFO - Sync 1 DAGs
[2024-01-18T21:50:41.192+0300] {logging_mixin.py:137} INFO - [2024-01-18T21:50:41.192+0300] {dag.py:3452} INFO - Setting next_dagrun for example_short_circuit_decorator to 2024-01-17T18:50:41.191536+00:00, run_after=2024-01-18T18:50:41.191536+00:00
[2024-01-18T21:50:41.233+0300] {processor.py:175} INFO - Processing /home/angry/mlops_4/venv4/lib/python3.10/site-packages/airflow/example_dags/example_short_circuit_decorator.py took 0.203 seconds
[2024-01-18T21:51:31.107+0300] {processor.py:153} INFO - Started process (PID=5009) to work on /home/angry/mlops_4/venv4/lib/python3.10/site-packages/airflow/example_dags/example_short_circuit_decorator.py
[2024-01-18T21:51:31.110+0300] {processor.py:743} INFO - Processing file /home/angry/mlops_4/venv4/lib/python3.10/site-packages/airflow/example_dags/example_short_circuit_decorator.py for tasks to queue
[2024-01-18T21:51:31.111+0300] {logging_mixin.py:137} INFO - [2024-01-18T21:51:31.111+0300] {dagbag.py:532} INFO - Filling up the DagBag from /home/angry/mlops_4/venv4/lib/python3.10/site-packages/airflow/example_dags/example_short_circuit_decorator.py
[2024-01-18T21:51:31.170+0300] {processor.py:753} INFO - DAG(s) dict_keys(['example_short_circuit_decorator']) retrieved from /home/angry/mlops_4/venv4/lib/python3.10/site-packages/airflow/example_dags/example_short_circuit_decorator.py
[2024-01-18T21:51:31.214+0300] {logging_mixin.py:137} INFO - [2024-01-18T21:51:31.214+0300] {dag.py:2705} INFO - Sync 1 DAGs
[2024-01-18T21:51:31.261+0300] {logging_mixin.py:137} INFO - [2024-01-18T21:51:31.261+0300] {dag.py:3452} INFO - Setting next_dagrun for example_short_circuit_decorator to 2024-01-17T18:51:31.260397+00:00, run_after=2024-01-18T18:51:31.260397+00:00
[2024-01-18T21:51:31.302+0300] {processor.py:175} INFO - Processing /home/angry/mlops_4/venv4/lib/python3.10/site-packages/airflow/example_dags/example_short_circuit_decorator.py took 0.202 seconds
[2024-01-18T21:52:27.879+0300] {processor.py:153} INFO - Started process (PID=5064) to work on /home/angry/mlops_4/venv4/lib/python3.10/site-packages/airflow/example_dags/example_short_circuit_decorator.py
[2024-01-18T21:52:27.885+0300] {processor.py:743} INFO - Processing file /home/angry/mlops_4/venv4/lib/python3.10/site-packages/airflow/example_dags/example_short_circuit_decorator.py for tasks to queue
[2024-01-18T21:52:27.887+0300] {logging_mixin.py:137} INFO - [2024-01-18T21:52:27.887+0300] {dagbag.py:532} INFO - Filling up the DagBag from /home/angry/mlops_4/venv4/lib/python3.10/site-packages/airflow/example_dags/example_short_circuit_decorator.py
[2024-01-18T21:52:27.991+0300] {processor.py:753} INFO - DAG(s) dict_keys(['example_short_circuit_decorator']) retrieved from /home/angry/mlops_4/venv4/lib/python3.10/site-packages/airflow/example_dags/example_short_circuit_decorator.py
[2024-01-18T21:52:28.066+0300] {logging_mixin.py:137} INFO - [2024-01-18T21:52:28.066+0300] {dag.py:2705} INFO - Sync 1 DAGs
[2024-01-18T21:52:28.145+0300] {logging_mixin.py:137} INFO - [2024-01-18T21:52:28.144+0300] {dag.py:3452} INFO - Setting next_dagrun for example_short_circuit_decorator to 2024-01-17T18:52:28.144219+00:00, run_after=2024-01-18T18:52:28.144219+00:00
[2024-01-18T21:52:28.218+0300] {processor.py:175} INFO - Processing /home/angry/mlops_4/venv4/lib/python3.10/site-packages/airflow/example_dags/example_short_circuit_decorator.py took 0.351 seconds
[2024-01-18T21:53:26.212+0300] {processor.py:153} INFO - Started process (PID=5118) to work on /home/angry/mlops_4/venv4/lib/python3.10/site-packages/airflow/example_dags/example_short_circuit_decorator.py
[2024-01-18T21:53:26.215+0300] {processor.py:743} INFO - Processing file /home/angry/mlops_4/venv4/lib/python3.10/site-packages/airflow/example_dags/example_short_circuit_decorator.py for tasks to queue
[2024-01-18T21:53:26.216+0300] {logging_mixin.py:137} INFO - [2024-01-18T21:53:26.215+0300] {dagbag.py:532} INFO - Filling up the DagBag from /home/angry/mlops_4/venv4/lib/python3.10/site-packages/airflow/example_dags/example_short_circuit_decorator.py
[2024-01-18T21:53:26.284+0300] {processor.py:753} INFO - DAG(s) dict_keys(['example_short_circuit_decorator']) retrieved from /home/angry/mlops_4/venv4/lib/python3.10/site-packages/airflow/example_dags/example_short_circuit_decorator.py
[2024-01-18T21:53:26.342+0300] {logging_mixin.py:137} INFO - [2024-01-18T21:53:26.342+0300] {dag.py:2705} INFO - Sync 1 DAGs
[2024-01-18T21:53:26.391+0300] {logging_mixin.py:137} INFO - [2024-01-18T21:53:26.390+0300] {dag.py:3452} INFO - Setting next_dagrun for example_short_circuit_decorator to 2024-01-17T18:53:26.390466+00:00, run_after=2024-01-18T18:53:26.390466+00:00
[2024-01-18T21:53:26.445+0300] {processor.py:175} INFO - Processing /home/angry/mlops_4/venv4/lib/python3.10/site-packages/airflow/example_dags/example_short_circuit_decorator.py took 0.242 seconds
[2024-01-18T21:54:25.441+0300] {processor.py:153} INFO - Started process (PID=5170) to work on /home/angry/mlops_4/venv4/lib/python3.10/site-packages/airflow/example_dags/example_short_circuit_decorator.py
[2024-01-18T21:54:25.444+0300] {processor.py:743} INFO - Processing file /home/angry/mlops_4/venv4/lib/python3.10/site-packages/airflow/example_dags/example_short_circuit_decorator.py for tasks to queue
[2024-01-18T21:54:25.450+0300] {logging_mixin.py:137} INFO - [2024-01-18T21:54:25.449+0300] {dagbag.py:532} INFO - Filling up the DagBag from /home/angry/mlops_4/venv4/lib/python3.10/site-packages/airflow/example_dags/example_short_circuit_decorator.py
[2024-01-18T21:54:25.554+0300] {processor.py:753} INFO - DAG(s) dict_keys(['example_short_circuit_decorator']) retrieved from /home/angry/mlops_4/venv4/lib/python3.10/site-packages/airflow/example_dags/example_short_circuit_decorator.py
[2024-01-18T21:54:25.615+0300] {logging_mixin.py:137} INFO - [2024-01-18T21:54:25.615+0300] {dag.py:2705} INFO - Sync 1 DAGs
[2024-01-18T21:54:25.747+0300] {logging_mixin.py:137} INFO - [2024-01-18T21:54:25.746+0300] {dag.py:3452} INFO - Setting next_dagrun for example_short_circuit_decorator to 2024-01-17T18:54:25.743783+00:00, run_after=2024-01-18T18:54:25.743783+00:00
[2024-01-18T21:54:25.865+0300] {processor.py:175} INFO - Processing /home/angry/mlops_4/venv4/lib/python3.10/site-packages/airflow/example_dags/example_short_circuit_decorator.py took 0.439 seconds
[2024-01-18T22:00:36.076+0300] {processor.py:153} INFO - Started process (PID=5506) to work on /home/angry/mlops_4/venv4/lib/python3.10/site-packages/airflow/example_dags/example_short_circuit_decorator.py
[2024-01-18T22:00:36.082+0300] {processor.py:743} INFO - Processing file /home/angry/mlops_4/venv4/lib/python3.10/site-packages/airflow/example_dags/example_short_circuit_decorator.py for tasks to queue
[2024-01-18T22:00:36.084+0300] {logging_mixin.py:137} INFO - [2024-01-18T22:00:36.084+0300] {dagbag.py:532} INFO - Filling up the DagBag from /home/angry/mlops_4/venv4/lib/python3.10/site-packages/airflow/example_dags/example_short_circuit_decorator.py
[2024-01-18T22:00:36.174+0300] {processor.py:753} INFO - DAG(s) dict_keys(['example_short_circuit_decorator']) retrieved from /home/angry/mlops_4/venv4/lib/python3.10/site-packages/airflow/example_dags/example_short_circuit_decorator.py
[2024-01-18T22:00:36.253+0300] {logging_mixin.py:137} INFO - [2024-01-18T22:00:36.252+0300] {dag.py:2705} INFO - Sync 1 DAGs
[2024-01-18T22:00:36.319+0300] {logging_mixin.py:137} INFO - [2024-01-18T22:00:36.318+0300] {dag.py:3452} INFO - Setting next_dagrun for example_short_circuit_decorator to 2024-01-17T19:00:36.317984+00:00, run_after=2024-01-18T19:00:36.317984+00:00
[2024-01-18T22:00:36.390+0300] {processor.py:175} INFO - Processing /home/angry/mlops_4/venv4/lib/python3.10/site-packages/airflow/example_dags/example_short_circuit_decorator.py took 0.331 seconds
