[2024-01-18T21:36:48.008+0300] {processor.py:153} INFO - Started process (PID=3297) to work on /home/angry/mlops_4/venv4/lib/python3.10/site-packages/airflow/example_dags/example_trigger_controller_dag.py
[2024-01-18T21:36:48.011+0300] {processor.py:743} INFO - Processing file /home/angry/mlops_4/venv4/lib/python3.10/site-packages/airflow/example_dags/example_trigger_controller_dag.py for tasks to queue
[2024-01-18T21:36:48.012+0300] {logging_mixin.py:137} INFO - [2024-01-18T21:36:48.012+0300] {dagbag.py:532} INFO - Filling up the DagBag from /home/angry/mlops_4/venv4/lib/python3.10/site-packages/airflow/example_dags/example_trigger_controller_dag.py
[2024-01-18T21:36:48.042+0300] {processor.py:753} INFO - DAG(s) dict_keys(['example_trigger_controller_dag']) retrieved from /home/angry/mlops_4/venv4/lib/python3.10/site-packages/airflow/example_dags/example_trigger_controller_dag.py
[2024-01-18T21:36:48.069+0300] {logging_mixin.py:137} INFO - [2024-01-18T21:36:48.069+0300] {dag.py:2705} INFO - Sync 1 DAGs
[2024-01-18T21:36:48.116+0300] {logging_mixin.py:137} INFO - [2024-01-18T21:36:48.116+0300] {dag.py:3452} INFO - Setting next_dagrun for example_trigger_controller_dag to 2021-01-01T00:00:00+00:00, run_after=2021-01-01T00:00:00+00:00
[2024-01-18T21:36:48.166+0300] {processor.py:175} INFO - Processing /home/angry/mlops_4/venv4/lib/python3.10/site-packages/airflow/example_dags/example_trigger_controller_dag.py took 0.166 seconds
[2024-01-18T21:37:42.373+0300] {processor.py:153} INFO - Started process (PID=3362) to work on /home/angry/mlops_4/venv4/lib/python3.10/site-packages/airflow/example_dags/example_trigger_controller_dag.py
[2024-01-18T21:37:42.376+0300] {processor.py:743} INFO - Processing file /home/angry/mlops_4/venv4/lib/python3.10/site-packages/airflow/example_dags/example_trigger_controller_dag.py for tasks to queue
[2024-01-18T21:37:42.377+0300] {logging_mixin.py:137} INFO - [2024-01-18T21:37:42.377+0300] {dagbag.py:532} INFO - Filling up the DagBag from /home/angry/mlops_4/venv4/lib/python3.10/site-packages/airflow/example_dags/example_trigger_controller_dag.py
[2024-01-18T21:37:42.403+0300] {processor.py:753} INFO - DAG(s) dict_keys(['example_trigger_controller_dag']) retrieved from /home/angry/mlops_4/venv4/lib/python3.10/site-packages/airflow/example_dags/example_trigger_controller_dag.py
[2024-01-18T21:37:42.442+0300] {logging_mixin.py:137} INFO - [2024-01-18T21:37:42.442+0300] {dag.py:2705} INFO - Sync 1 DAGs
[2024-01-18T21:37:42.482+0300] {logging_mixin.py:137} INFO - [2024-01-18T21:37:42.482+0300] {dag.py:3452} INFO - Setting next_dagrun for example_trigger_controller_dag to 2021-01-01T00:00:00+00:00, run_after=2021-01-01T00:00:00+00:00
[2024-01-18T21:37:42.696+0300] {processor.py:175} INFO - Processing /home/angry/mlops_4/venv4/lib/python3.10/site-packages/airflow/example_dags/example_trigger_controller_dag.py took 0.330 seconds
[2024-01-18T21:38:52.034+0300] {processor.py:153} INFO - Started process (PID=4110) to work on /home/angry/mlops_4/venv4/lib/python3.10/site-packages/airflow/example_dags/example_trigger_controller_dag.py
[2024-01-18T21:38:52.041+0300] {processor.py:743} INFO - Processing file /home/angry/mlops_4/venv4/lib/python3.10/site-packages/airflow/example_dags/example_trigger_controller_dag.py for tasks to queue
[2024-01-18T21:38:52.044+0300] {logging_mixin.py:137} INFO - [2024-01-18T21:38:52.044+0300] {dagbag.py:532} INFO - Filling up the DagBag from /home/angry/mlops_4/venv4/lib/python3.10/site-packages/airflow/example_dags/example_trigger_controller_dag.py
[2024-01-18T21:38:52.106+0300] {processor.py:753} INFO - DAG(s) dict_keys(['example_trigger_controller_dag']) retrieved from /home/angry/mlops_4/venv4/lib/python3.10/site-packages/airflow/example_dags/example_trigger_controller_dag.py
[2024-01-18T21:38:52.179+0300] {logging_mixin.py:137} INFO - [2024-01-18T21:38:52.179+0300] {dag.py:2705} INFO - Sync 1 DAGs
[2024-01-18T21:38:52.638+0300] {logging_mixin.py:137} INFO - [2024-01-18T21:38:52.638+0300] {dag.py:3452} INFO - Setting next_dagrun for example_trigger_controller_dag to 2021-01-01T00:00:00+00:00, run_after=2021-01-01T00:00:00+00:00
[2024-01-18T21:38:52.713+0300] {processor.py:175} INFO - Processing /home/angry/mlops_4/venv4/lib/python3.10/site-packages/airflow/example_dags/example_trigger_controller_dag.py took 0.707 seconds
[2024-01-18T21:39:57.583+0300] {processor.py:153} INFO - Started process (PID=4184) to work on /home/angry/mlops_4/venv4/lib/python3.10/site-packages/airflow/example_dags/example_trigger_controller_dag.py
[2024-01-18T21:39:57.587+0300] {processor.py:743} INFO - Processing file /home/angry/mlops_4/venv4/lib/python3.10/site-packages/airflow/example_dags/example_trigger_controller_dag.py for tasks to queue
[2024-01-18T21:39:57.589+0300] {logging_mixin.py:137} INFO - [2024-01-18T21:39:57.588+0300] {dagbag.py:532} INFO - Filling up the DagBag from /home/angry/mlops_4/venv4/lib/python3.10/site-packages/airflow/example_dags/example_trigger_controller_dag.py
[2024-01-18T21:39:57.623+0300] {processor.py:753} INFO - DAG(s) dict_keys(['example_trigger_controller_dag']) retrieved from /home/angry/mlops_4/venv4/lib/python3.10/site-packages/airflow/example_dags/example_trigger_controller_dag.py
[2024-01-18T21:39:57.690+0300] {logging_mixin.py:137} INFO - [2024-01-18T21:39:57.690+0300] {dag.py:2705} INFO - Sync 1 DAGs
[2024-01-18T21:39:57.953+0300] {logging_mixin.py:137} INFO - [2024-01-18T21:39:57.952+0300] {dag.py:3452} INFO - Setting next_dagrun for example_trigger_controller_dag to 2021-01-01T00:00:00+00:00, run_after=2021-01-01T00:00:00+00:00
[2024-01-18T21:39:58.005+0300] {processor.py:175} INFO - Processing /home/angry/mlops_4/venv4/lib/python3.10/site-packages/airflow/example_dags/example_trigger_controller_dag.py took 0.429 seconds
[2024-01-18T21:40:59.583+0300] {processor.py:153} INFO - Started process (PID=4260) to work on /home/angry/mlops_4/venv4/lib/python3.10/site-packages/airflow/example_dags/example_trigger_controller_dag.py
[2024-01-18T21:40:59.591+0300] {processor.py:743} INFO - Processing file /home/angry/mlops_4/venv4/lib/python3.10/site-packages/airflow/example_dags/example_trigger_controller_dag.py for tasks to queue
[2024-01-18T21:40:59.601+0300] {logging_mixin.py:137} INFO - [2024-01-18T21:40:59.600+0300] {dagbag.py:532} INFO - Filling up the DagBag from /home/angry/mlops_4/venv4/lib/python3.10/site-packages/airflow/example_dags/example_trigger_controller_dag.py
[2024-01-18T21:40:59.662+0300] {processor.py:753} INFO - DAG(s) dict_keys(['example_trigger_controller_dag']) retrieved from /home/angry/mlops_4/venv4/lib/python3.10/site-packages/airflow/example_dags/example_trigger_controller_dag.py
[2024-01-18T21:41:00.336+0300] {logging_mixin.py:137} INFO - [2024-01-18T21:41:00.336+0300] {dag.py:2705} INFO - Sync 1 DAGs
[2024-01-18T21:41:00.411+0300] {logging_mixin.py:137} INFO - [2024-01-18T21:41:00.411+0300] {dag.py:3452} INFO - Setting next_dagrun for example_trigger_controller_dag to 2021-01-01T00:00:00+00:00, run_after=2021-01-01T00:00:00+00:00
[2024-01-18T21:41:00.501+0300] {processor.py:175} INFO - Processing /home/angry/mlops_4/venv4/lib/python3.10/site-packages/airflow/example_dags/example_trigger_controller_dag.py took 0.953 seconds
[2024-01-18T21:42:02.691+0300] {processor.py:153} INFO - Started process (PID=4354) to work on /home/angry/mlops_4/venv4/lib/python3.10/site-packages/airflow/example_dags/example_trigger_controller_dag.py
[2024-01-18T21:42:02.695+0300] {processor.py:743} INFO - Processing file /home/angry/mlops_4/venv4/lib/python3.10/site-packages/airflow/example_dags/example_trigger_controller_dag.py for tasks to queue
[2024-01-18T21:42:02.696+0300] {logging_mixin.py:137} INFO - [2024-01-18T21:42:02.696+0300] {dagbag.py:532} INFO - Filling up the DagBag from /home/angry/mlops_4/venv4/lib/python3.10/site-packages/airflow/example_dags/example_trigger_controller_dag.py
[2024-01-18T21:42:02.969+0300] {processor.py:753} INFO - DAG(s) dict_keys(['example_trigger_controller_dag']) retrieved from /home/angry/mlops_4/venv4/lib/python3.10/site-packages/airflow/example_dags/example_trigger_controller_dag.py
[2024-01-18T21:42:03.009+0300] {logging_mixin.py:137} INFO - [2024-01-18T21:42:03.009+0300] {dag.py:2705} INFO - Sync 1 DAGs
[2024-01-18T21:42:03.041+0300] {logging_mixin.py:137} INFO - [2024-01-18T21:42:03.041+0300] {dag.py:3452} INFO - Setting next_dagrun for example_trigger_controller_dag to 2021-01-01T00:00:00+00:00, run_after=2021-01-01T00:00:00+00:00
[2024-01-18T21:42:03.076+0300] {processor.py:175} INFO - Processing /home/angry/mlops_4/venv4/lib/python3.10/site-packages/airflow/example_dags/example_trigger_controller_dag.py took 0.393 seconds
[2024-01-18T21:43:01.479+0300] {processor.py:153} INFO - Started process (PID=4408) to work on /home/angry/mlops_4/venv4/lib/python3.10/site-packages/airflow/example_dags/example_trigger_controller_dag.py
[2024-01-18T21:43:01.482+0300] {processor.py:743} INFO - Processing file /home/angry/mlops_4/venv4/lib/python3.10/site-packages/airflow/example_dags/example_trigger_controller_dag.py for tasks to queue
[2024-01-18T21:43:01.483+0300] {logging_mixin.py:137} INFO - [2024-01-18T21:43:01.483+0300] {dagbag.py:532} INFO - Filling up the DagBag from /home/angry/mlops_4/venv4/lib/python3.10/site-packages/airflow/example_dags/example_trigger_controller_dag.py
[2024-01-18T21:43:01.512+0300] {processor.py:753} INFO - DAG(s) dict_keys(['example_trigger_controller_dag']) retrieved from /home/angry/mlops_4/venv4/lib/python3.10/site-packages/airflow/example_dags/example_trigger_controller_dag.py
[2024-01-18T21:43:01.552+0300] {logging_mixin.py:137} INFO - [2024-01-18T21:43:01.552+0300] {dag.py:2705} INFO - Sync 1 DAGs
[2024-01-18T21:43:01.594+0300] {logging_mixin.py:137} INFO - [2024-01-18T21:43:01.594+0300] {dag.py:3452} INFO - Setting next_dagrun for example_trigger_controller_dag to 2021-01-01T00:00:00+00:00, run_after=2021-01-01T00:00:00+00:00
[2024-01-18T21:43:01.637+0300] {processor.py:175} INFO - Processing /home/angry/mlops_4/venv4/lib/python3.10/site-packages/airflow/example_dags/example_trigger_controller_dag.py took 0.164 seconds
[2024-01-18T21:43:48.927+0300] {processor.py:153} INFO - Started process (PID=4462) to work on /home/angry/mlops_4/venv4/lib/python3.10/site-packages/airflow/example_dags/example_trigger_controller_dag.py
[2024-01-18T21:43:48.930+0300] {processor.py:743} INFO - Processing file /home/angry/mlops_4/venv4/lib/python3.10/site-packages/airflow/example_dags/example_trigger_controller_dag.py for tasks to queue
[2024-01-18T21:43:48.931+0300] {logging_mixin.py:137} INFO - [2024-01-18T21:43:48.931+0300] {dagbag.py:532} INFO - Filling up the DagBag from /home/angry/mlops_4/venv4/lib/python3.10/site-packages/airflow/example_dags/example_trigger_controller_dag.py
[2024-01-18T21:43:48.959+0300] {processor.py:753} INFO - DAG(s) dict_keys(['example_trigger_controller_dag']) retrieved from /home/angry/mlops_4/venv4/lib/python3.10/site-packages/airflow/example_dags/example_trigger_controller_dag.py
[2024-01-18T21:43:49.016+0300] {logging_mixin.py:137} INFO - [2024-01-18T21:43:49.016+0300] {dag.py:2705} INFO - Sync 1 DAGs
[2024-01-18T21:43:49.063+0300] {logging_mixin.py:137} INFO - [2024-01-18T21:43:49.063+0300] {dag.py:3452} INFO - Setting next_dagrun for example_trigger_controller_dag to 2021-01-01T00:00:00+00:00, run_after=2021-01-01T00:00:00+00:00
[2024-01-18T21:43:49.102+0300] {processor.py:175} INFO - Processing /home/angry/mlops_4/venv4/lib/python3.10/site-packages/airflow/example_dags/example_trigger_controller_dag.py took 0.184 seconds
[2024-01-18T21:44:38.382+0300] {processor.py:153} INFO - Started process (PID=4514) to work on /home/angry/mlops_4/venv4/lib/python3.10/site-packages/airflow/example_dags/example_trigger_controller_dag.py
[2024-01-18T21:44:38.385+0300] {processor.py:743} INFO - Processing file /home/angry/mlops_4/venv4/lib/python3.10/site-packages/airflow/example_dags/example_trigger_controller_dag.py for tasks to queue
[2024-01-18T21:44:38.386+0300] {logging_mixin.py:137} INFO - [2024-01-18T21:44:38.386+0300] {dagbag.py:532} INFO - Filling up the DagBag from /home/angry/mlops_4/venv4/lib/python3.10/site-packages/airflow/example_dags/example_trigger_controller_dag.py
[2024-01-18T21:44:38.418+0300] {processor.py:753} INFO - DAG(s) dict_keys(['example_trigger_controller_dag']) retrieved from /home/angry/mlops_4/venv4/lib/python3.10/site-packages/airflow/example_dags/example_trigger_controller_dag.py
[2024-01-18T21:44:38.458+0300] {logging_mixin.py:137} INFO - [2024-01-18T21:44:38.458+0300] {dag.py:2705} INFO - Sync 1 DAGs
[2024-01-18T21:44:38.497+0300] {logging_mixin.py:137} INFO - [2024-01-18T21:44:38.496+0300] {dag.py:3452} INFO - Setting next_dagrun for example_trigger_controller_dag to 2021-01-01T00:00:00+00:00, run_after=2021-01-01T00:00:00+00:00
[2024-01-18T21:44:38.535+0300] {processor.py:175} INFO - Processing /home/angry/mlops_4/venv4/lib/python3.10/site-packages/airflow/example_dags/example_trigger_controller_dag.py took 0.164 seconds
[2024-01-18T21:45:31.085+0300] {processor.py:153} INFO - Started process (PID=4604) to work on /home/angry/mlops_4/venv4/lib/python3.10/site-packages/airflow/example_dags/example_trigger_controller_dag.py
[2024-01-18T21:45:31.087+0300] {processor.py:743} INFO - Processing file /home/angry/mlops_4/venv4/lib/python3.10/site-packages/airflow/example_dags/example_trigger_controller_dag.py for tasks to queue
[2024-01-18T21:45:31.089+0300] {logging_mixin.py:137} INFO - [2024-01-18T21:45:31.089+0300] {dagbag.py:532} INFO - Filling up the DagBag from /home/angry/mlops_4/venv4/lib/python3.10/site-packages/airflow/example_dags/example_trigger_controller_dag.py
[2024-01-18T21:45:31.115+0300] {processor.py:753} INFO - DAG(s) dict_keys(['example_trigger_controller_dag']) retrieved from /home/angry/mlops_4/venv4/lib/python3.10/site-packages/airflow/example_dags/example_trigger_controller_dag.py
[2024-01-18T21:45:31.163+0300] {logging_mixin.py:137} INFO - [2024-01-18T21:45:31.162+0300] {dag.py:2705} INFO - Sync 1 DAGs
[2024-01-18T21:45:31.202+0300] {logging_mixin.py:137} INFO - [2024-01-18T21:45:31.202+0300] {dag.py:3452} INFO - Setting next_dagrun for example_trigger_controller_dag to 2021-01-01T00:00:00+00:00, run_after=2021-01-01T00:00:00+00:00
[2024-01-18T21:45:31.241+0300] {processor.py:175} INFO - Processing /home/angry/mlops_4/venv4/lib/python3.10/site-packages/airflow/example_dags/example_trigger_controller_dag.py took 0.165 seconds
[2024-01-18T21:46:22.046+0300] {processor.py:153} INFO - Started process (PID=4670) to work on /home/angry/mlops_4/venv4/lib/python3.10/site-packages/airflow/example_dags/example_trigger_controller_dag.py
[2024-01-18T21:46:22.048+0300] {processor.py:743} INFO - Processing file /home/angry/mlops_4/venv4/lib/python3.10/site-packages/airflow/example_dags/example_trigger_controller_dag.py for tasks to queue
[2024-01-18T21:46:22.050+0300] {logging_mixin.py:137} INFO - [2024-01-18T21:46:22.049+0300] {dagbag.py:532} INFO - Filling up the DagBag from /home/angry/mlops_4/venv4/lib/python3.10/site-packages/airflow/example_dags/example_trigger_controller_dag.py
[2024-01-18T21:46:22.075+0300] {processor.py:753} INFO - DAG(s) dict_keys(['example_trigger_controller_dag']) retrieved from /home/angry/mlops_4/venv4/lib/python3.10/site-packages/airflow/example_dags/example_trigger_controller_dag.py
[2024-01-18T21:46:22.117+0300] {logging_mixin.py:137} INFO - [2024-01-18T21:46:22.117+0300] {dag.py:2705} INFO - Sync 1 DAGs
[2024-01-18T21:46:22.153+0300] {logging_mixin.py:137} INFO - [2024-01-18T21:46:22.153+0300] {dag.py:3452} INFO - Setting next_dagrun for example_trigger_controller_dag to 2021-01-01T00:00:00+00:00, run_after=2021-01-01T00:00:00+00:00
[2024-01-18T21:46:22.190+0300] {processor.py:175} INFO - Processing /home/angry/mlops_4/venv4/lib/python3.10/site-packages/airflow/example_dags/example_trigger_controller_dag.py took 0.154 seconds
[2024-01-18T21:47:09.958+0300] {processor.py:153} INFO - Started process (PID=4723) to work on /home/angry/mlops_4/venv4/lib/python3.10/site-packages/airflow/example_dags/example_trigger_controller_dag.py
[2024-01-18T21:47:09.961+0300] {processor.py:743} INFO - Processing file /home/angry/mlops_4/venv4/lib/python3.10/site-packages/airflow/example_dags/example_trigger_controller_dag.py for tasks to queue
[2024-01-18T21:47:09.962+0300] {logging_mixin.py:137} INFO - [2024-01-18T21:47:09.962+0300] {dagbag.py:532} INFO - Filling up the DagBag from /home/angry/mlops_4/venv4/lib/python3.10/site-packages/airflow/example_dags/example_trigger_controller_dag.py
[2024-01-18T21:47:09.995+0300] {processor.py:753} INFO - DAG(s) dict_keys(['example_trigger_controller_dag']) retrieved from /home/angry/mlops_4/venv4/lib/python3.10/site-packages/airflow/example_dags/example_trigger_controller_dag.py
[2024-01-18T21:47:10.043+0300] {logging_mixin.py:137} INFO - [2024-01-18T21:47:10.042+0300] {dag.py:2705} INFO - Sync 1 DAGs
[2024-01-18T21:47:10.090+0300] {logging_mixin.py:137} INFO - [2024-01-18T21:47:10.089+0300] {dag.py:3452} INFO - Setting next_dagrun for example_trigger_controller_dag to 2021-01-01T00:00:00+00:00, run_after=2021-01-01T00:00:00+00:00
[2024-01-18T21:47:10.133+0300] {processor.py:175} INFO - Processing /home/angry/mlops_4/venv4/lib/python3.10/site-packages/airflow/example_dags/example_trigger_controller_dag.py took 0.184 seconds
[2024-01-18T21:48:01.064+0300] {processor.py:153} INFO - Started process (PID=4801) to work on /home/angry/mlops_4/venv4/lib/python3.10/site-packages/airflow/example_dags/example_trigger_controller_dag.py
[2024-01-18T21:48:01.068+0300] {processor.py:743} INFO - Processing file /home/angry/mlops_4/venv4/lib/python3.10/site-packages/airflow/example_dags/example_trigger_controller_dag.py for tasks to queue
[2024-01-18T21:48:01.072+0300] {logging_mixin.py:137} INFO - [2024-01-18T21:48:01.071+0300] {dagbag.py:532} INFO - Filling up the DagBag from /home/angry/mlops_4/venv4/lib/python3.10/site-packages/airflow/example_dags/example_trigger_controller_dag.py
[2024-01-18T21:48:01.105+0300] {processor.py:753} INFO - DAG(s) dict_keys(['example_trigger_controller_dag']) retrieved from /home/angry/mlops_4/venv4/lib/python3.10/site-packages/airflow/example_dags/example_trigger_controller_dag.py
[2024-01-18T21:48:01.154+0300] {logging_mixin.py:137} INFO - [2024-01-18T21:48:01.154+0300] {dag.py:2705} INFO - Sync 1 DAGs
[2024-01-18T21:48:01.209+0300] {logging_mixin.py:137} INFO - [2024-01-18T21:48:01.208+0300] {dag.py:3452} INFO - Setting next_dagrun for example_trigger_controller_dag to 2021-01-01T00:00:00+00:00, run_after=2021-01-01T00:00:00+00:00
[2024-01-18T21:48:01.263+0300] {processor.py:175} INFO - Processing /home/angry/mlops_4/venv4/lib/python3.10/site-packages/airflow/example_dags/example_trigger_controller_dag.py took 0.209 seconds
[2024-01-18T21:48:51.711+0300] {processor.py:153} INFO - Started process (PID=4856) to work on /home/angry/mlops_4/venv4/lib/python3.10/site-packages/airflow/example_dags/example_trigger_controller_dag.py
[2024-01-18T21:48:51.715+0300] {processor.py:743} INFO - Processing file /home/angry/mlops_4/venv4/lib/python3.10/site-packages/airflow/example_dags/example_trigger_controller_dag.py for tasks to queue
[2024-01-18T21:48:51.716+0300] {logging_mixin.py:137} INFO - [2024-01-18T21:48:51.716+0300] {dagbag.py:532} INFO - Filling up the DagBag from /home/angry/mlops_4/venv4/lib/python3.10/site-packages/airflow/example_dags/example_trigger_controller_dag.py
[2024-01-18T21:48:51.744+0300] {processor.py:753} INFO - DAG(s) dict_keys(['example_trigger_controller_dag']) retrieved from /home/angry/mlops_4/venv4/lib/python3.10/site-packages/airflow/example_dags/example_trigger_controller_dag.py
[2024-01-18T21:48:51.793+0300] {logging_mixin.py:137} INFO - [2024-01-18T21:48:51.793+0300] {dag.py:2705} INFO - Sync 1 DAGs
[2024-01-18T21:48:51.837+0300] {logging_mixin.py:137} INFO - [2024-01-18T21:48:51.837+0300] {dag.py:3452} INFO - Setting next_dagrun for example_trigger_controller_dag to 2021-01-01T00:00:00+00:00, run_after=2021-01-01T00:00:00+00:00
[2024-01-18T21:48:51.878+0300] {processor.py:175} INFO - Processing /home/angry/mlops_4/venv4/lib/python3.10/site-packages/airflow/example_dags/example_trigger_controller_dag.py took 0.173 seconds
[2024-01-18T21:49:41.476+0300] {processor.py:153} INFO - Started process (PID=4905) to work on /home/angry/mlops_4/venv4/lib/python3.10/site-packages/airflow/example_dags/example_trigger_controller_dag.py
[2024-01-18T21:49:41.478+0300] {processor.py:743} INFO - Processing file /home/angry/mlops_4/venv4/lib/python3.10/site-packages/airflow/example_dags/example_trigger_controller_dag.py for tasks to queue
[2024-01-18T21:49:41.480+0300] {logging_mixin.py:137} INFO - [2024-01-18T21:49:41.480+0300] {dagbag.py:532} INFO - Filling up the DagBag from /home/angry/mlops_4/venv4/lib/python3.10/site-packages/airflow/example_dags/example_trigger_controller_dag.py
[2024-01-18T21:49:41.507+0300] {processor.py:753} INFO - DAG(s) dict_keys(['example_trigger_controller_dag']) retrieved from /home/angry/mlops_4/venv4/lib/python3.10/site-packages/airflow/example_dags/example_trigger_controller_dag.py
[2024-01-18T21:49:41.548+0300] {logging_mixin.py:137} INFO - [2024-01-18T21:49:41.547+0300] {dag.py:2705} INFO - Sync 1 DAGs
[2024-01-18T21:49:41.594+0300] {logging_mixin.py:137} INFO - [2024-01-18T21:49:41.594+0300] {dag.py:3452} INFO - Setting next_dagrun for example_trigger_controller_dag to 2021-01-01T00:00:00+00:00, run_after=2021-01-01T00:00:00+00:00
[2024-01-18T21:49:41.643+0300] {processor.py:175} INFO - Processing /home/angry/mlops_4/venv4/lib/python3.10/site-packages/airflow/example_dags/example_trigger_controller_dag.py took 0.174 seconds
[2024-01-18T21:50:33.084+0300] {processor.py:153} INFO - Started process (PID=4954) to work on /home/angry/mlops_4/venv4/lib/python3.10/site-packages/airflow/example_dags/example_trigger_controller_dag.py
[2024-01-18T21:50:33.087+0300] {processor.py:743} INFO - Processing file /home/angry/mlops_4/venv4/lib/python3.10/site-packages/airflow/example_dags/example_trigger_controller_dag.py for tasks to queue
[2024-01-18T21:50:33.088+0300] {logging_mixin.py:137} INFO - [2024-01-18T21:50:33.088+0300] {dagbag.py:532} INFO - Filling up the DagBag from /home/angry/mlops_4/venv4/lib/python3.10/site-packages/airflow/example_dags/example_trigger_controller_dag.py
[2024-01-18T21:50:33.115+0300] {processor.py:753} INFO - DAG(s) dict_keys(['example_trigger_controller_dag']) retrieved from /home/angry/mlops_4/venv4/lib/python3.10/site-packages/airflow/example_dags/example_trigger_controller_dag.py
[2024-01-18T21:50:33.158+0300] {logging_mixin.py:137} INFO - [2024-01-18T21:50:33.157+0300] {dag.py:2705} INFO - Sync 1 DAGs
[2024-01-18T21:50:33.194+0300] {logging_mixin.py:137} INFO - [2024-01-18T21:50:33.194+0300] {dag.py:3452} INFO - Setting next_dagrun for example_trigger_controller_dag to 2021-01-01T00:00:00+00:00, run_after=2021-01-01T00:00:00+00:00
[2024-01-18T21:50:33.254+0300] {processor.py:175} INFO - Processing /home/angry/mlops_4/venv4/lib/python3.10/site-packages/airflow/example_dags/example_trigger_controller_dag.py took 0.177 seconds
[2024-01-18T21:51:23.121+0300] {processor.py:153} INFO - Started process (PID=5001) to work on /home/angry/mlops_4/venv4/lib/python3.10/site-packages/airflow/example_dags/example_trigger_controller_dag.py
[2024-01-18T21:51:23.123+0300] {processor.py:743} INFO - Processing file /home/angry/mlops_4/venv4/lib/python3.10/site-packages/airflow/example_dags/example_trigger_controller_dag.py for tasks to queue
[2024-01-18T21:51:23.125+0300] {logging_mixin.py:137} INFO - [2024-01-18T21:51:23.125+0300] {dagbag.py:532} INFO - Filling up the DagBag from /home/angry/mlops_4/venv4/lib/python3.10/site-packages/airflow/example_dags/example_trigger_controller_dag.py
[2024-01-18T21:51:23.153+0300] {processor.py:753} INFO - DAG(s) dict_keys(['example_trigger_controller_dag']) retrieved from /home/angry/mlops_4/venv4/lib/python3.10/site-packages/airflow/example_dags/example_trigger_controller_dag.py
[2024-01-18T21:51:23.194+0300] {logging_mixin.py:137} INFO - [2024-01-18T21:51:23.194+0300] {dag.py:2705} INFO - Sync 1 DAGs
[2024-01-18T21:51:23.233+0300] {logging_mixin.py:137} INFO - [2024-01-18T21:51:23.232+0300] {dag.py:3452} INFO - Setting next_dagrun for example_trigger_controller_dag to 2021-01-01T00:00:00+00:00, run_after=2021-01-01T00:00:00+00:00
[2024-01-18T21:51:23.272+0300] {processor.py:175} INFO - Processing /home/angry/mlops_4/venv4/lib/python3.10/site-packages/airflow/example_dags/example_trigger_controller_dag.py took 0.159 seconds
[2024-01-18T21:52:18.427+0300] {processor.py:153} INFO - Started process (PID=5056) to work on /home/angry/mlops_4/venv4/lib/python3.10/site-packages/airflow/example_dags/example_trigger_controller_dag.py
[2024-01-18T21:52:18.435+0300] {processor.py:743} INFO - Processing file /home/angry/mlops_4/venv4/lib/python3.10/site-packages/airflow/example_dags/example_trigger_controller_dag.py for tasks to queue
[2024-01-18T21:52:18.438+0300] {logging_mixin.py:137} INFO - [2024-01-18T21:52:18.438+0300] {dagbag.py:532} INFO - Filling up the DagBag from /home/angry/mlops_4/venv4/lib/python3.10/site-packages/airflow/example_dags/example_trigger_controller_dag.py
[2024-01-18T21:52:18.492+0300] {processor.py:753} INFO - DAG(s) dict_keys(['example_trigger_controller_dag']) retrieved from /home/angry/mlops_4/venv4/lib/python3.10/site-packages/airflow/example_dags/example_trigger_controller_dag.py
[2024-01-18T21:52:18.575+0300] {logging_mixin.py:137} INFO - [2024-01-18T21:52:18.574+0300] {dag.py:2705} INFO - Sync 1 DAGs
[2024-01-18T21:52:18.644+0300] {logging_mixin.py:137} INFO - [2024-01-18T21:52:18.644+0300] {dag.py:3452} INFO - Setting next_dagrun for example_trigger_controller_dag to 2021-01-01T00:00:00+00:00, run_after=2021-01-01T00:00:00+00:00
[2024-01-18T21:52:18.716+0300] {processor.py:175} INFO - Processing /home/angry/mlops_4/venv4/lib/python3.10/site-packages/airflow/example_dags/example_trigger_controller_dag.py took 0.305 seconds
[2024-01-18T21:53:17.229+0300] {processor.py:153} INFO - Started process (PID=5107) to work on /home/angry/mlops_4/venv4/lib/python3.10/site-packages/airflow/example_dags/example_trigger_controller_dag.py
[2024-01-18T21:53:17.234+0300] {processor.py:743} INFO - Processing file /home/angry/mlops_4/venv4/lib/python3.10/site-packages/airflow/example_dags/example_trigger_controller_dag.py for tasks to queue
[2024-01-18T21:53:17.237+0300] {logging_mixin.py:137} INFO - [2024-01-18T21:53:17.236+0300] {dagbag.py:532} INFO - Filling up the DagBag from /home/angry/mlops_4/venv4/lib/python3.10/site-packages/airflow/example_dags/example_trigger_controller_dag.py
[2024-01-18T21:53:17.274+0300] {processor.py:753} INFO - DAG(s) dict_keys(['example_trigger_controller_dag']) retrieved from /home/angry/mlops_4/venv4/lib/python3.10/site-packages/airflow/example_dags/example_trigger_controller_dag.py
[2024-01-18T21:53:17.322+0300] {logging_mixin.py:137} INFO - [2024-01-18T21:53:17.322+0300] {dag.py:2705} INFO - Sync 1 DAGs
[2024-01-18T21:53:17.371+0300] {logging_mixin.py:137} INFO - [2024-01-18T21:53:17.370+0300] {dag.py:3452} INFO - Setting next_dagrun for example_trigger_controller_dag to 2021-01-01T00:00:00+00:00, run_after=2021-01-01T00:00:00+00:00
[2024-01-18T21:53:17.423+0300] {processor.py:175} INFO - Processing /home/angry/mlops_4/venv4/lib/python3.10/site-packages/airflow/example_dags/example_trigger_controller_dag.py took 0.204 seconds
[2024-01-18T21:54:16.583+0300] {processor.py:153} INFO - Started process (PID=5162) to work on /home/angry/mlops_4/venv4/lib/python3.10/site-packages/airflow/example_dags/example_trigger_controller_dag.py
[2024-01-18T21:54:16.590+0300] {processor.py:743} INFO - Processing file /home/angry/mlops_4/venv4/lib/python3.10/site-packages/airflow/example_dags/example_trigger_controller_dag.py for tasks to queue
[2024-01-18T21:54:16.592+0300] {logging_mixin.py:137} INFO - [2024-01-18T21:54:16.592+0300] {dagbag.py:532} INFO - Filling up the DagBag from /home/angry/mlops_4/venv4/lib/python3.10/site-packages/airflow/example_dags/example_trigger_controller_dag.py
[2024-01-18T21:54:16.640+0300] {processor.py:753} INFO - DAG(s) dict_keys(['example_trigger_controller_dag']) retrieved from /home/angry/mlops_4/venv4/lib/python3.10/site-packages/airflow/example_dags/example_trigger_controller_dag.py
[2024-01-18T21:54:16.683+0300] {logging_mixin.py:137} INFO - [2024-01-18T21:54:16.683+0300] {dag.py:2705} INFO - Sync 1 DAGs
[2024-01-18T21:54:16.748+0300] {logging_mixin.py:137} INFO - [2024-01-18T21:54:16.747+0300] {dag.py:3452} INFO - Setting next_dagrun for example_trigger_controller_dag to 2021-01-01T00:00:00+00:00, run_after=2021-01-01T00:00:00+00:00
[2024-01-18T21:54:16.804+0300] {processor.py:175} INFO - Processing /home/angry/mlops_4/venv4/lib/python3.10/site-packages/airflow/example_dags/example_trigger_controller_dag.py took 0.234 seconds
[2024-01-18T22:00:26.669+0300] {processor.py:153} INFO - Started process (PID=5497) to work on /home/angry/mlops_4/venv4/lib/python3.10/site-packages/airflow/example_dags/example_trigger_controller_dag.py
[2024-01-18T22:00:26.675+0300] {processor.py:743} INFO - Processing file /home/angry/mlops_4/venv4/lib/python3.10/site-packages/airflow/example_dags/example_trigger_controller_dag.py for tasks to queue
[2024-01-18T22:00:26.679+0300] {logging_mixin.py:137} INFO - [2024-01-18T22:00:26.678+0300] {dagbag.py:532} INFO - Filling up the DagBag from /home/angry/mlops_4/venv4/lib/python3.10/site-packages/airflow/example_dags/example_trigger_controller_dag.py
[2024-01-18T22:00:26.698+0300] {processor.py:753} INFO - DAG(s) dict_keys(['example_trigger_controller_dag']) retrieved from /home/angry/mlops_4/venv4/lib/python3.10/site-packages/airflow/example_dags/example_trigger_controller_dag.py
[2024-01-18T22:00:26.790+0300] {logging_mixin.py:137} INFO - [2024-01-18T22:00:26.790+0300] {dag.py:2705} INFO - Sync 1 DAGs
[2024-01-18T22:00:26.866+0300] {logging_mixin.py:137} INFO - [2024-01-18T22:00:26.865+0300] {dag.py:3452} INFO - Setting next_dagrun for example_trigger_controller_dag to 2021-01-01T00:00:00+00:00, run_after=2021-01-01T00:00:00+00:00
[2024-01-18T22:00:26.947+0300] {processor.py:175} INFO - Processing /home/angry/mlops_4/venv4/lib/python3.10/site-packages/airflow/example_dags/example_trigger_controller_dag.py took 0.307 seconds
