[2024-01-18T21:36:53.219+0300] {processor.py:153} INFO - Started process (PID=3303) to work on /home/angry/mlops_4/venv4/lib/python3.10/site-packages/airflow/example_dags/example_short_circuit_operator.py
[2024-01-18T21:36:53.222+0300] {processor.py:743} INFO - Processing file /home/angry/mlops_4/venv4/lib/python3.10/site-packages/airflow/example_dags/example_short_circuit_operator.py for tasks to queue
[2024-01-18T21:36:53.224+0300] {logging_mixin.py:137} INFO - [2024-01-18T21:36:53.223+0300] {dagbag.py:532} INFO - Filling up the DagBag from /home/angry/mlops_4/venv4/lib/python3.10/site-packages/airflow/example_dags/example_short_circuit_operator.py
[2024-01-18T21:36:53.264+0300] {processor.py:753} INFO - DAG(s) dict_keys(['example_short_circuit_operator']) retrieved from /home/angry/mlops_4/venv4/lib/python3.10/site-packages/airflow/example_dags/example_short_circuit_operator.py
[2024-01-18T21:36:53.322+0300] {logging_mixin.py:137} INFO - [2024-01-18T21:36:53.322+0300] {dag.py:2705} INFO - Sync 1 DAGs
[2024-01-18T21:36:53.367+0300] {logging_mixin.py:137} INFO - [2024-01-18T21:36:53.367+0300] {dag.py:3452} INFO - Setting next_dagrun for example_short_circuit_operator to 2024-01-17T18:36:53.366939+00:00, run_after=2024-01-18T18:36:53.366939+00:00
[2024-01-18T21:36:53.621+0300] {processor.py:175} INFO - Processing /home/angry/mlops_4/venv4/lib/python3.10/site-packages/airflow/example_dags/example_short_circuit_operator.py took 0.410 seconds
[2024-01-18T21:37:48.896+0300] {processor.py:153} INFO - Started process (PID=3367) to work on /home/angry/mlops_4/venv4/lib/python3.10/site-packages/airflow/example_dags/example_short_circuit_operator.py
[2024-01-18T21:37:48.898+0300] {processor.py:743} INFO - Processing file /home/angry/mlops_4/venv4/lib/python3.10/site-packages/airflow/example_dags/example_short_circuit_operator.py for tasks to queue
[2024-01-18T21:37:48.900+0300] {logging_mixin.py:137} INFO - [2024-01-18T21:37:48.900+0300] {dagbag.py:532} INFO - Filling up the DagBag from /home/angry/mlops_4/venv4/lib/python3.10/site-packages/airflow/example_dags/example_short_circuit_operator.py
[2024-01-18T21:37:48.938+0300] {processor.py:753} INFO - DAG(s) dict_keys(['example_short_circuit_operator']) retrieved from /home/angry/mlops_4/venv4/lib/python3.10/site-packages/airflow/example_dags/example_short_circuit_operator.py
[2024-01-18T21:37:48.988+0300] {logging_mixin.py:137} INFO - [2024-01-18T21:37:48.988+0300] {dag.py:2705} INFO - Sync 1 DAGs
[2024-01-18T21:37:49.217+0300] {logging_mixin.py:137} INFO - [2024-01-18T21:37:49.217+0300] {dag.py:3452} INFO - Setting next_dagrun for example_short_circuit_operator to 2024-01-17T18:37:49.216963+00:00, run_after=2024-01-18T18:37:49.216963+00:00
[2024-01-18T21:37:49.252+0300] {processor.py:175} INFO - Processing /home/angry/mlops_4/venv4/lib/python3.10/site-packages/airflow/example_dags/example_short_circuit_operator.py took 0.365 seconds
[2024-01-18T21:39:00.835+0300] {processor.py:153} INFO - Started process (PID=4125) to work on /home/angry/mlops_4/venv4/lib/python3.10/site-packages/airflow/example_dags/example_short_circuit_operator.py
[2024-01-18T21:39:00.838+0300] {processor.py:743} INFO - Processing file /home/angry/mlops_4/venv4/lib/python3.10/site-packages/airflow/example_dags/example_short_circuit_operator.py for tasks to queue
[2024-01-18T21:39:00.839+0300] {logging_mixin.py:137} INFO - [2024-01-18T21:39:00.839+0300] {dagbag.py:532} INFO - Filling up the DagBag from /home/angry/mlops_4/venv4/lib/python3.10/site-packages/airflow/example_dags/example_short_circuit_operator.py
[2024-01-18T21:39:00.878+0300] {processor.py:753} INFO - DAG(s) dict_keys(['example_short_circuit_operator']) retrieved from /home/angry/mlops_4/venv4/lib/python3.10/site-packages/airflow/example_dags/example_short_circuit_operator.py
[2024-01-18T21:39:00.924+0300] {logging_mixin.py:137} INFO - [2024-01-18T21:39:00.923+0300] {dag.py:2705} INFO - Sync 1 DAGs
[2024-01-18T21:39:01.307+0300] {logging_mixin.py:137} INFO - [2024-01-18T21:39:01.303+0300] {dag.py:3452} INFO - Setting next_dagrun for example_short_circuit_operator to 2024-01-17T18:39:01.303002+00:00, run_after=2024-01-18T18:39:01.303002+00:00
[2024-01-18T21:39:01.360+0300] {processor.py:175} INFO - Processing /home/angry/mlops_4/venv4/lib/python3.10/site-packages/airflow/example_dags/example_short_circuit_operator.py took 0.538 seconds
[2024-01-18T21:40:04.354+0300] {processor.py:153} INFO - Started process (PID=4193) to work on /home/angry/mlops_4/venv4/lib/python3.10/site-packages/airflow/example_dags/example_short_circuit_operator.py
[2024-01-18T21:40:04.357+0300] {processor.py:743} INFO - Processing file /home/angry/mlops_4/venv4/lib/python3.10/site-packages/airflow/example_dags/example_short_circuit_operator.py for tasks to queue
[2024-01-18T21:40:04.358+0300] {logging_mixin.py:137} INFO - [2024-01-18T21:40:04.358+0300] {dagbag.py:532} INFO - Filling up the DagBag from /home/angry/mlops_4/venv4/lib/python3.10/site-packages/airflow/example_dags/example_short_circuit_operator.py
[2024-01-18T21:40:04.400+0300] {processor.py:753} INFO - DAG(s) dict_keys(['example_short_circuit_operator']) retrieved from /home/angry/mlops_4/venv4/lib/python3.10/site-packages/airflow/example_dags/example_short_circuit_operator.py
[2024-01-18T21:40:04.636+0300] {logging_mixin.py:137} INFO - [2024-01-18T21:40:04.635+0300] {dag.py:2705} INFO - Sync 1 DAGs
[2024-01-18T21:40:04.678+0300] {logging_mixin.py:137} INFO - [2024-01-18T21:40:04.677+0300] {dag.py:3452} INFO - Setting next_dagrun for example_short_circuit_operator to 2024-01-17T18:40:04.677292+00:00, run_after=2024-01-18T18:40:04.677292+00:00
[2024-01-18T21:40:04.720+0300] {processor.py:175} INFO - Processing /home/angry/mlops_4/venv4/lib/python3.10/site-packages/airflow/example_dags/example_short_circuit_operator.py took 0.374 seconds
[2024-01-18T21:41:08.446+0300] {processor.py:153} INFO - Started process (PID=4280) to work on /home/angry/mlops_4/venv4/lib/python3.10/site-packages/airflow/example_dags/example_short_circuit_operator.py
[2024-01-18T21:41:08.449+0300] {processor.py:743} INFO - Processing file /home/angry/mlops_4/venv4/lib/python3.10/site-packages/airflow/example_dags/example_short_circuit_operator.py for tasks to queue
[2024-01-18T21:41:08.450+0300] {logging_mixin.py:137} INFO - [2024-01-18T21:41:08.450+0300] {dagbag.py:532} INFO - Filling up the DagBag from /home/angry/mlops_4/venv4/lib/python3.10/site-packages/airflow/example_dags/example_short_circuit_operator.py
[2024-01-18T21:41:08.488+0300] {processor.py:753} INFO - DAG(s) dict_keys(['example_short_circuit_operator']) retrieved from /home/angry/mlops_4/venv4/lib/python3.10/site-packages/airflow/example_dags/example_short_circuit_operator.py
[2024-01-18T21:41:08.741+0300] {logging_mixin.py:137} INFO - [2024-01-18T21:41:08.740+0300] {dag.py:2705} INFO - Sync 1 DAGs
[2024-01-18T21:41:08.795+0300] {logging_mixin.py:137} INFO - [2024-01-18T21:41:08.793+0300] {dag.py:3452} INFO - Setting next_dagrun for example_short_circuit_operator to 2024-01-17T18:41:08.793452+00:00, run_after=2024-01-18T18:41:08.793452+00:00
[2024-01-18T21:41:08.835+0300] {processor.py:175} INFO - Processing /home/angry/mlops_4/venv4/lib/python3.10/site-packages/airflow/example_dags/example_short_circuit_operator.py took 0.397 seconds
[2024-01-18T21:42:09.665+0300] {processor.py:153} INFO - Started process (PID=4361) to work on /home/angry/mlops_4/venv4/lib/python3.10/site-packages/airflow/example_dags/example_short_circuit_operator.py
[2024-01-18T21:42:09.667+0300] {processor.py:743} INFO - Processing file /home/angry/mlops_4/venv4/lib/python3.10/site-packages/airflow/example_dags/example_short_circuit_operator.py for tasks to queue
[2024-01-18T21:42:09.669+0300] {logging_mixin.py:137} INFO - [2024-01-18T21:42:09.668+0300] {dagbag.py:532} INFO - Filling up the DagBag from /home/angry/mlops_4/venv4/lib/python3.10/site-packages/airflow/example_dags/example_short_circuit_operator.py
[2024-01-18T21:42:09.909+0300] {processor.py:753} INFO - DAG(s) dict_keys(['example_short_circuit_operator']) retrieved from /home/angry/mlops_4/venv4/lib/python3.10/site-packages/airflow/example_dags/example_short_circuit_operator.py
[2024-01-18T21:42:09.942+0300] {logging_mixin.py:137} INFO - [2024-01-18T21:42:09.942+0300] {dag.py:2705} INFO - Sync 1 DAGs
[2024-01-18T21:42:09.975+0300] {logging_mixin.py:137} INFO - [2024-01-18T21:42:09.975+0300] {dag.py:3452} INFO - Setting next_dagrun for example_short_circuit_operator to 2024-01-17T18:42:09.974913+00:00, run_after=2024-01-18T18:42:09.974913+00:00
[2024-01-18T21:42:10.018+0300] {processor.py:175} INFO - Processing /home/angry/mlops_4/venv4/lib/python3.10/site-packages/airflow/example_dags/example_short_circuit_operator.py took 0.361 seconds
[2024-01-18T21:43:06.614+0300] {processor.py:153} INFO - Started process (PID=4415) to work on /home/angry/mlops_4/venv4/lib/python3.10/site-packages/airflow/example_dags/example_short_circuit_operator.py
[2024-01-18T21:43:06.617+0300] {processor.py:743} INFO - Processing file /home/angry/mlops_4/venv4/lib/python3.10/site-packages/airflow/example_dags/example_short_circuit_operator.py for tasks to queue
[2024-01-18T21:43:06.618+0300] {logging_mixin.py:137} INFO - [2024-01-18T21:43:06.618+0300] {dagbag.py:532} INFO - Filling up the DagBag from /home/angry/mlops_4/venv4/lib/python3.10/site-packages/airflow/example_dags/example_short_circuit_operator.py
[2024-01-18T21:43:06.656+0300] {processor.py:753} INFO - DAG(s) dict_keys(['example_short_circuit_operator']) retrieved from /home/angry/mlops_4/venv4/lib/python3.10/site-packages/airflow/example_dags/example_short_circuit_operator.py
[2024-01-18T21:43:06.698+0300] {logging_mixin.py:137} INFO - [2024-01-18T21:43:06.698+0300] {dag.py:2705} INFO - Sync 1 DAGs
[2024-01-18T21:43:06.741+0300] {logging_mixin.py:137} INFO - [2024-01-18T21:43:06.740+0300] {dag.py:3452} INFO - Setting next_dagrun for example_short_circuit_operator to 2024-01-17T18:43:06.740499+00:00, run_after=2024-01-18T18:43:06.740499+00:00
[2024-01-18T21:43:06.780+0300] {processor.py:175} INFO - Processing /home/angry/mlops_4/venv4/lib/python3.10/site-packages/airflow/example_dags/example_short_circuit_operator.py took 0.173 seconds
[2024-01-18T21:43:54.764+0300] {processor.py:153} INFO - Started process (PID=4468) to work on /home/angry/mlops_4/venv4/lib/python3.10/site-packages/airflow/example_dags/example_short_circuit_operator.py
[2024-01-18T21:43:54.767+0300] {processor.py:743} INFO - Processing file /home/angry/mlops_4/venv4/lib/python3.10/site-packages/airflow/example_dags/example_short_circuit_operator.py for tasks to queue
[2024-01-18T21:43:54.769+0300] {logging_mixin.py:137} INFO - [2024-01-18T21:43:54.769+0300] {dagbag.py:532} INFO - Filling up the DagBag from /home/angry/mlops_4/venv4/lib/python3.10/site-packages/airflow/example_dags/example_short_circuit_operator.py
[2024-01-18T21:43:54.806+0300] {processor.py:753} INFO - DAG(s) dict_keys(['example_short_circuit_operator']) retrieved from /home/angry/mlops_4/venv4/lib/python3.10/site-packages/airflow/example_dags/example_short_circuit_operator.py
[2024-01-18T21:43:54.851+0300] {logging_mixin.py:137} INFO - [2024-01-18T21:43:54.850+0300] {dag.py:2705} INFO - Sync 1 DAGs
[2024-01-18T21:43:54.891+0300] {logging_mixin.py:137} INFO - [2024-01-18T21:43:54.891+0300] {dag.py:3452} INFO - Setting next_dagrun for example_short_circuit_operator to 2024-01-17T18:43:54.891376+00:00, run_after=2024-01-18T18:43:54.891376+00:00
[2024-01-18T21:43:54.932+0300] {processor.py:175} INFO - Processing /home/angry/mlops_4/venv4/lib/python3.10/site-packages/airflow/example_dags/example_short_circuit_operator.py took 0.174 seconds
[2024-01-18T21:44:44.986+0300] {processor.py:153} INFO - Started process (PID=4523) to work on /home/angry/mlops_4/venv4/lib/python3.10/site-packages/airflow/example_dags/example_short_circuit_operator.py
[2024-01-18T21:44:44.989+0300] {processor.py:743} INFO - Processing file /home/angry/mlops_4/venv4/lib/python3.10/site-packages/airflow/example_dags/example_short_circuit_operator.py for tasks to queue
[2024-01-18T21:44:44.990+0300] {logging_mixin.py:137} INFO - [2024-01-18T21:44:44.990+0300] {dagbag.py:532} INFO - Filling up the DagBag from /home/angry/mlops_4/venv4/lib/python3.10/site-packages/airflow/example_dags/example_short_circuit_operator.py
[2024-01-18T21:44:45.053+0300] {processor.py:753} INFO - DAG(s) dict_keys(['example_short_circuit_operator']) retrieved from /home/angry/mlops_4/venv4/lib/python3.10/site-packages/airflow/example_dags/example_short_circuit_operator.py
[2024-01-18T21:44:45.100+0300] {logging_mixin.py:137} INFO - [2024-01-18T21:44:45.100+0300] {dag.py:2705} INFO - Sync 1 DAGs
[2024-01-18T21:44:45.139+0300] {logging_mixin.py:137} INFO - [2024-01-18T21:44:45.139+0300] {dag.py:3452} INFO - Setting next_dagrun for example_short_circuit_operator to 2024-01-17T18:44:45.138852+00:00, run_after=2024-01-18T18:44:45.138852+00:00
[2024-01-18T21:44:45.179+0300] {processor.py:175} INFO - Processing /home/angry/mlops_4/venv4/lib/python3.10/site-packages/airflow/example_dags/example_short_circuit_operator.py took 0.203 seconds
[2024-01-18T21:45:36.505+0300] {processor.py:153} INFO - Started process (PID=4609) to work on /home/angry/mlops_4/venv4/lib/python3.10/site-packages/airflow/example_dags/example_short_circuit_operator.py
[2024-01-18T21:45:36.508+0300] {processor.py:743} INFO - Processing file /home/angry/mlops_4/venv4/lib/python3.10/site-packages/airflow/example_dags/example_short_circuit_operator.py for tasks to queue
[2024-01-18T21:45:36.509+0300] {logging_mixin.py:137} INFO - [2024-01-18T21:45:36.509+0300] {dagbag.py:532} INFO - Filling up the DagBag from /home/angry/mlops_4/venv4/lib/python3.10/site-packages/airflow/example_dags/example_short_circuit_operator.py
[2024-01-18T21:45:36.546+0300] {processor.py:753} INFO - DAG(s) dict_keys(['example_short_circuit_operator']) retrieved from /home/angry/mlops_4/venv4/lib/python3.10/site-packages/airflow/example_dags/example_short_circuit_operator.py
[2024-01-18T21:45:36.590+0300] {logging_mixin.py:137} INFO - [2024-01-18T21:45:36.590+0300] {dag.py:2705} INFO - Sync 1 DAGs
[2024-01-18T21:45:36.636+0300] {logging_mixin.py:137} INFO - [2024-01-18T21:45:36.636+0300] {dag.py:3452} INFO - Setting next_dagrun for example_short_circuit_operator to 2024-01-17T18:45:36.635961+00:00, run_after=2024-01-18T18:45:36.635961+00:00
[2024-01-18T21:45:36.674+0300] {processor.py:175} INFO - Processing /home/angry/mlops_4/venv4/lib/python3.10/site-packages/airflow/example_dags/example_short_circuit_operator.py took 0.177 seconds
[2024-01-18T21:46:28.468+0300] {processor.py:153} INFO - Started process (PID=4681) to work on /home/angry/mlops_4/venv4/lib/python3.10/site-packages/airflow/example_dags/example_short_circuit_operator.py
[2024-01-18T21:46:28.471+0300] {processor.py:743} INFO - Processing file /home/angry/mlops_4/venv4/lib/python3.10/site-packages/airflow/example_dags/example_short_circuit_operator.py for tasks to queue
[2024-01-18T21:46:28.472+0300] {logging_mixin.py:137} INFO - [2024-01-18T21:46:28.472+0300] {dagbag.py:532} INFO - Filling up the DagBag from /home/angry/mlops_4/venv4/lib/python3.10/site-packages/airflow/example_dags/example_short_circuit_operator.py
[2024-01-18T21:46:28.512+0300] {processor.py:753} INFO - DAG(s) dict_keys(['example_short_circuit_operator']) retrieved from /home/angry/mlops_4/venv4/lib/python3.10/site-packages/airflow/example_dags/example_short_circuit_operator.py
[2024-01-18T21:46:28.555+0300] {logging_mixin.py:137} INFO - [2024-01-18T21:46:28.554+0300] {dag.py:2705} INFO - Sync 1 DAGs
[2024-01-18T21:46:28.593+0300] {logging_mixin.py:137} INFO - [2024-01-18T21:46:28.593+0300] {dag.py:3452} INFO - Setting next_dagrun for example_short_circuit_operator to 2024-01-17T18:46:28.592781+00:00, run_after=2024-01-18T18:46:28.592781+00:00
[2024-01-18T21:46:28.633+0300] {processor.py:175} INFO - Processing /home/angry/mlops_4/venv4/lib/python3.10/site-packages/airflow/example_dags/example_short_circuit_operator.py took 0.173 seconds
[2024-01-18T21:47:15.608+0300] {processor.py:153} INFO - Started process (PID=4729) to work on /home/angry/mlops_4/venv4/lib/python3.10/site-packages/airflow/example_dags/example_short_circuit_operator.py
[2024-01-18T21:47:15.611+0300] {processor.py:743} INFO - Processing file /home/angry/mlops_4/venv4/lib/python3.10/site-packages/airflow/example_dags/example_short_circuit_operator.py for tasks to queue
[2024-01-18T21:47:15.612+0300] {logging_mixin.py:137} INFO - [2024-01-18T21:47:15.612+0300] {dagbag.py:532} INFO - Filling up the DagBag from /home/angry/mlops_4/venv4/lib/python3.10/site-packages/airflow/example_dags/example_short_circuit_operator.py
[2024-01-18T21:47:15.662+0300] {processor.py:753} INFO - DAG(s) dict_keys(['example_short_circuit_operator']) retrieved from /home/angry/mlops_4/venv4/lib/python3.10/site-packages/airflow/example_dags/example_short_circuit_operator.py
[2024-01-18T21:47:15.783+0300] {logging_mixin.py:137} INFO - [2024-01-18T21:47:15.782+0300] {dag.py:2705} INFO - Sync 1 DAGs
[2024-01-18T21:47:15.842+0300] {logging_mixin.py:137} INFO - [2024-01-18T21:47:15.841+0300] {dag.py:3452} INFO - Setting next_dagrun for example_short_circuit_operator to 2024-01-17T18:47:15.841555+00:00, run_after=2024-01-18T18:47:15.841555+00:00
[2024-01-18T21:47:15.884+0300] {processor.py:175} INFO - Processing /home/angry/mlops_4/venv4/lib/python3.10/site-packages/airflow/example_dags/example_short_circuit_operator.py took 0.285 seconds
[2024-01-18T21:48:06.458+0300] {processor.py:153} INFO - Started process (PID=4811) to work on /home/angry/mlops_4/venv4/lib/python3.10/site-packages/airflow/example_dags/example_short_circuit_operator.py
[2024-01-18T21:48:06.461+0300] {processor.py:743} INFO - Processing file /home/angry/mlops_4/venv4/lib/python3.10/site-packages/airflow/example_dags/example_short_circuit_operator.py for tasks to queue
[2024-01-18T21:48:06.463+0300] {logging_mixin.py:137} INFO - [2024-01-18T21:48:06.462+0300] {dagbag.py:532} INFO - Filling up the DagBag from /home/angry/mlops_4/venv4/lib/python3.10/site-packages/airflow/example_dags/example_short_circuit_operator.py
[2024-01-18T21:48:06.509+0300] {processor.py:753} INFO - DAG(s) dict_keys(['example_short_circuit_operator']) retrieved from /home/angry/mlops_4/venv4/lib/python3.10/site-packages/airflow/example_dags/example_short_circuit_operator.py
[2024-01-18T21:48:06.552+0300] {logging_mixin.py:137} INFO - [2024-01-18T21:48:06.552+0300] {dag.py:2705} INFO - Sync 1 DAGs
[2024-01-18T21:48:06.592+0300] {logging_mixin.py:137} INFO - [2024-01-18T21:48:06.592+0300] {dag.py:3452} INFO - Setting next_dagrun for example_short_circuit_operator to 2024-01-17T18:48:06.591787+00:00, run_after=2024-01-18T18:48:06.591787+00:00
[2024-01-18T21:48:06.635+0300] {processor.py:175} INFO - Processing /home/angry/mlops_4/venv4/lib/python3.10/site-packages/airflow/example_dags/example_short_circuit_operator.py took 0.184 seconds
[2024-01-18T21:48:58.151+0300] {processor.py:153} INFO - Started process (PID=4863) to work on /home/angry/mlops_4/venv4/lib/python3.10/site-packages/airflow/example_dags/example_short_circuit_operator.py
[2024-01-18T21:48:58.155+0300] {processor.py:743} INFO - Processing file /home/angry/mlops_4/venv4/lib/python3.10/site-packages/airflow/example_dags/example_short_circuit_operator.py for tasks to queue
[2024-01-18T21:48:58.157+0300] {logging_mixin.py:137} INFO - [2024-01-18T21:48:58.156+0300] {dagbag.py:532} INFO - Filling up the DagBag from /home/angry/mlops_4/venv4/lib/python3.10/site-packages/airflow/example_dags/example_short_circuit_operator.py
[2024-01-18T21:48:58.220+0300] {processor.py:753} INFO - DAG(s) dict_keys(['example_short_circuit_operator']) retrieved from /home/angry/mlops_4/venv4/lib/python3.10/site-packages/airflow/example_dags/example_short_circuit_operator.py
[2024-01-18T21:48:58.270+0300] {logging_mixin.py:137} INFO - [2024-01-18T21:48:58.269+0300] {dag.py:2705} INFO - Sync 1 DAGs
[2024-01-18T21:48:58.313+0300] {logging_mixin.py:137} INFO - [2024-01-18T21:48:58.313+0300] {dag.py:3452} INFO - Setting next_dagrun for example_short_circuit_operator to 2024-01-17T18:48:58.312361+00:00, run_after=2024-01-18T18:48:58.312361+00:00
[2024-01-18T21:48:58.353+0300] {processor.py:175} INFO - Processing /home/angry/mlops_4/venv4/lib/python3.10/site-packages/airflow/example_dags/example_short_circuit_operator.py took 0.214 seconds
[2024-01-18T21:49:47.291+0300] {processor.py:153} INFO - Started process (PID=4910) to work on /home/angry/mlops_4/venv4/lib/python3.10/site-packages/airflow/example_dags/example_short_circuit_operator.py
[2024-01-18T21:49:47.294+0300] {processor.py:743} INFO - Processing file /home/angry/mlops_4/venv4/lib/python3.10/site-packages/airflow/example_dags/example_short_circuit_operator.py for tasks to queue
[2024-01-18T21:49:47.296+0300] {logging_mixin.py:137} INFO - [2024-01-18T21:49:47.295+0300] {dagbag.py:532} INFO - Filling up the DagBag from /home/angry/mlops_4/venv4/lib/python3.10/site-packages/airflow/example_dags/example_short_circuit_operator.py
[2024-01-18T21:49:47.333+0300] {processor.py:753} INFO - DAG(s) dict_keys(['example_short_circuit_operator']) retrieved from /home/angry/mlops_4/venv4/lib/python3.10/site-packages/airflow/example_dags/example_short_circuit_operator.py
[2024-01-18T21:49:47.396+0300] {logging_mixin.py:137} INFO - [2024-01-18T21:49:47.396+0300] {dag.py:2705} INFO - Sync 1 DAGs
[2024-01-18T21:49:47.436+0300] {logging_mixin.py:137} INFO - [2024-01-18T21:49:47.436+0300] {dag.py:3452} INFO - Setting next_dagrun for example_short_circuit_operator to 2024-01-17T18:49:47.435905+00:00, run_after=2024-01-18T18:49:47.435905+00:00
[2024-01-18T21:49:47.475+0300] {processor.py:175} INFO - Processing /home/angry/mlops_4/venv4/lib/python3.10/site-packages/airflow/example_dags/example_short_circuit_operator.py took 0.190 seconds
[2024-01-18T21:50:39.085+0300] {processor.py:153} INFO - Started process (PID=4959) to work on /home/angry/mlops_4/venv4/lib/python3.10/site-packages/airflow/example_dags/example_short_circuit_operator.py
[2024-01-18T21:50:39.087+0300] {processor.py:743} INFO - Processing file /home/angry/mlops_4/venv4/lib/python3.10/site-packages/airflow/example_dags/example_short_circuit_operator.py for tasks to queue
[2024-01-18T21:50:39.089+0300] {logging_mixin.py:137} INFO - [2024-01-18T21:50:39.088+0300] {dagbag.py:532} INFO - Filling up the DagBag from /home/angry/mlops_4/venv4/lib/python3.10/site-packages/airflow/example_dags/example_short_circuit_operator.py
[2024-01-18T21:50:39.133+0300] {processor.py:753} INFO - DAG(s) dict_keys(['example_short_circuit_operator']) retrieved from /home/angry/mlops_4/venv4/lib/python3.10/site-packages/airflow/example_dags/example_short_circuit_operator.py
[2024-01-18T21:50:39.195+0300] {logging_mixin.py:137} INFO - [2024-01-18T21:50:39.195+0300] {dag.py:2705} INFO - Sync 1 DAGs
[2024-01-18T21:50:39.238+0300] {logging_mixin.py:137} INFO - [2024-01-18T21:50:39.237+0300] {dag.py:3452} INFO - Setting next_dagrun for example_short_circuit_operator to 2024-01-17T18:50:39.237392+00:00, run_after=2024-01-18T18:50:39.237392+00:00
[2024-01-18T21:50:39.277+0300] {processor.py:175} INFO - Processing /home/angry/mlops_4/venv4/lib/python3.10/site-packages/airflow/example_dags/example_short_circuit_operator.py took 0.200 seconds
[2024-01-18T21:51:28.422+0300] {processor.py:153} INFO - Started process (PID=5007) to work on /home/angry/mlops_4/venv4/lib/python3.10/site-packages/airflow/example_dags/example_short_circuit_operator.py
[2024-01-18T21:51:28.425+0300] {processor.py:743} INFO - Processing file /home/angry/mlops_4/venv4/lib/python3.10/site-packages/airflow/example_dags/example_short_circuit_operator.py for tasks to queue
[2024-01-18T21:51:28.426+0300] {logging_mixin.py:137} INFO - [2024-01-18T21:51:28.426+0300] {dagbag.py:532} INFO - Filling up the DagBag from /home/angry/mlops_4/venv4/lib/python3.10/site-packages/airflow/example_dags/example_short_circuit_operator.py
[2024-01-18T21:51:28.466+0300] {processor.py:753} INFO - DAG(s) dict_keys(['example_short_circuit_operator']) retrieved from /home/angry/mlops_4/venv4/lib/python3.10/site-packages/airflow/example_dags/example_short_circuit_operator.py
[2024-01-18T21:51:28.510+0300] {logging_mixin.py:137} INFO - [2024-01-18T21:51:28.509+0300] {dag.py:2705} INFO - Sync 1 DAGs
[2024-01-18T21:51:28.548+0300] {logging_mixin.py:137} INFO - [2024-01-18T21:51:28.548+0300] {dag.py:3452} INFO - Setting next_dagrun for example_short_circuit_operator to 2024-01-17T18:51:28.547873+00:00, run_after=2024-01-18T18:51:28.547873+00:00
[2024-01-18T21:51:28.593+0300] {processor.py:175} INFO - Processing /home/angry/mlops_4/venv4/lib/python3.10/site-packages/airflow/example_dags/example_short_circuit_operator.py took 0.178 seconds
[2024-01-18T21:52:25.325+0300] {processor.py:153} INFO - Started process (PID=5061) to work on /home/angry/mlops_4/venv4/lib/python3.10/site-packages/airflow/example_dags/example_short_circuit_operator.py
[2024-01-18T21:52:25.328+0300] {processor.py:743} INFO - Processing file /home/angry/mlops_4/venv4/lib/python3.10/site-packages/airflow/example_dags/example_short_circuit_operator.py for tasks to queue
[2024-01-18T21:52:25.331+0300] {logging_mixin.py:137} INFO - [2024-01-18T21:52:25.330+0300] {dagbag.py:532} INFO - Filling up the DagBag from /home/angry/mlops_4/venv4/lib/python3.10/site-packages/airflow/example_dags/example_short_circuit_operator.py
[2024-01-18T21:52:25.421+0300] {processor.py:753} INFO - DAG(s) dict_keys(['example_short_circuit_operator']) retrieved from /home/angry/mlops_4/venv4/lib/python3.10/site-packages/airflow/example_dags/example_short_circuit_operator.py
[2024-01-18T21:52:25.482+0300] {logging_mixin.py:137} INFO - [2024-01-18T21:52:25.481+0300] {dag.py:2705} INFO - Sync 1 DAGs
[2024-01-18T21:52:25.528+0300] {logging_mixin.py:137} INFO - [2024-01-18T21:52:25.528+0300] {dag.py:3452} INFO - Setting next_dagrun for example_short_circuit_operator to 2024-01-17T18:52:25.527620+00:00, run_after=2024-01-18T18:52:25.527620+00:00
[2024-01-18T21:52:25.577+0300] {processor.py:175} INFO - Processing /home/angry/mlops_4/venv4/lib/python3.10/site-packages/airflow/example_dags/example_short_circuit_operator.py took 0.287 seconds
[2024-01-18T21:53:23.430+0300] {processor.py:153} INFO - Started process (PID=5116) to work on /home/angry/mlops_4/venv4/lib/python3.10/site-packages/airflow/example_dags/example_short_circuit_operator.py
[2024-01-18T21:53:23.432+0300] {processor.py:743} INFO - Processing file /home/angry/mlops_4/venv4/lib/python3.10/site-packages/airflow/example_dags/example_short_circuit_operator.py for tasks to queue
[2024-01-18T21:53:23.434+0300] {logging_mixin.py:137} INFO - [2024-01-18T21:53:23.433+0300] {dagbag.py:532} INFO - Filling up the DagBag from /home/angry/mlops_4/venv4/lib/python3.10/site-packages/airflow/example_dags/example_short_circuit_operator.py
[2024-01-18T21:53:23.475+0300] {processor.py:753} INFO - DAG(s) dict_keys(['example_short_circuit_operator']) retrieved from /home/angry/mlops_4/venv4/lib/python3.10/site-packages/airflow/example_dags/example_short_circuit_operator.py
[2024-01-18T21:53:23.538+0300] {logging_mixin.py:137} INFO - [2024-01-18T21:53:23.537+0300] {dag.py:2705} INFO - Sync 1 DAGs
[2024-01-18T21:53:23.586+0300] {logging_mixin.py:137} INFO - [2024-01-18T21:53:23.586+0300] {dag.py:3452} INFO - Setting next_dagrun for example_short_circuit_operator to 2024-01-17T18:53:23.585829+00:00, run_after=2024-01-18T18:53:23.585829+00:00
[2024-01-18T21:53:23.629+0300] {processor.py:175} INFO - Processing /home/angry/mlops_4/venv4/lib/python3.10/site-packages/airflow/example_dags/example_short_circuit_operator.py took 0.207 seconds
[2024-01-18T21:54:22.761+0300] {processor.py:153} INFO - Started process (PID=5167) to work on /home/angry/mlops_4/venv4/lib/python3.10/site-packages/airflow/example_dags/example_short_circuit_operator.py
[2024-01-18T21:54:22.764+0300] {processor.py:743} INFO - Processing file /home/angry/mlops_4/venv4/lib/python3.10/site-packages/airflow/example_dags/example_short_circuit_operator.py for tasks to queue
[2024-01-18T21:54:22.765+0300] {logging_mixin.py:137} INFO - [2024-01-18T21:54:22.765+0300] {dagbag.py:532} INFO - Filling up the DagBag from /home/angry/mlops_4/venv4/lib/python3.10/site-packages/airflow/example_dags/example_short_circuit_operator.py
[2024-01-18T21:54:22.845+0300] {processor.py:753} INFO - DAG(s) dict_keys(['example_short_circuit_operator']) retrieved from /home/angry/mlops_4/venv4/lib/python3.10/site-packages/airflow/example_dags/example_short_circuit_operator.py
[2024-01-18T21:54:22.953+0300] {logging_mixin.py:137} INFO - [2024-01-18T21:54:22.952+0300] {dag.py:2705} INFO - Sync 1 DAGs
[2024-01-18T21:54:23.045+0300] {logging_mixin.py:137} INFO - [2024-01-18T21:54:23.044+0300] {dag.py:3452} INFO - Setting next_dagrun for example_short_circuit_operator to 2024-01-17T18:54:23.044194+00:00, run_after=2024-01-18T18:54:23.044194+00:00
[2024-01-18T21:54:23.126+0300] {processor.py:175} INFO - Processing /home/angry/mlops_4/venv4/lib/python3.10/site-packages/airflow/example_dags/example_short_circuit_operator.py took 0.375 seconds
[2024-01-18T22:00:32.838+0300] {processor.py:153} INFO - Started process (PID=5503) to work on /home/angry/mlops_4/venv4/lib/python3.10/site-packages/airflow/example_dags/example_short_circuit_operator.py
[2024-01-18T22:00:32.843+0300] {processor.py:743} INFO - Processing file /home/angry/mlops_4/venv4/lib/python3.10/site-packages/airflow/example_dags/example_short_circuit_operator.py for tasks to queue
[2024-01-18T22:00:32.848+0300] {logging_mixin.py:137} INFO - [2024-01-18T22:00:32.847+0300] {dagbag.py:532} INFO - Filling up the DagBag from /home/angry/mlops_4/venv4/lib/python3.10/site-packages/airflow/example_dags/example_short_circuit_operator.py
[2024-01-18T22:00:32.913+0300] {processor.py:753} INFO - DAG(s) dict_keys(['example_short_circuit_operator']) retrieved from /home/angry/mlops_4/venv4/lib/python3.10/site-packages/airflow/example_dags/example_short_circuit_operator.py
[2024-01-18T22:00:33.009+0300] {logging_mixin.py:137} INFO - [2024-01-18T22:00:33.008+0300] {dag.py:2705} INFO - Sync 1 DAGs
[2024-01-18T22:00:33.096+0300] {logging_mixin.py:137} INFO - [2024-01-18T22:00:33.096+0300] {dag.py:3452} INFO - Setting next_dagrun for example_short_circuit_operator to 2024-01-17T19:00:33.095802+00:00, run_after=2024-01-18T19:00:33.095802+00:00
[2024-01-18T22:00:33.179+0300] {processor.py:175} INFO - Processing /home/angry/mlops_4/venv4/lib/python3.10/site-packages/airflow/example_dags/example_short_circuit_operator.py took 0.359 seconds
