[2024-01-18T21:37:17.124+0300] {processor.py:153} INFO - Started process (PID=3326) to work on /home/angry/mlops_4/venv4/lib/python3.10/site-packages/airflow/example_dags/example_branch_labels.py
[2024-01-18T21:37:17.126+0300] {processor.py:743} INFO - Processing file /home/angry/mlops_4/venv4/lib/python3.10/site-packages/airflow/example_dags/example_branch_labels.py for tasks to queue
[2024-01-18T21:37:17.127+0300] {logging_mixin.py:137} INFO - [2024-01-18T21:37:17.127+0300] {dagbag.py:532} INFO - Filling up the DagBag from /home/angry/mlops_4/venv4/lib/python3.10/site-packages/airflow/example_dags/example_branch_labels.py
[2024-01-18T21:37:17.162+0300] {processor.py:753} INFO - DAG(s) dict_keys(['example_branch_labels']) retrieved from /home/angry/mlops_4/venv4/lib/python3.10/site-packages/airflow/example_dags/example_branch_labels.py
[2024-01-18T21:37:17.203+0300] {logging_mixin.py:137} INFO - [2024-01-18T21:37:17.203+0300] {dag.py:2705} INFO - Sync 1 DAGs
[2024-01-18T21:37:17.243+0300] {logging_mixin.py:137} INFO - [2024-01-18T21:37:17.242+0300] {dag.py:3452} INFO - Setting next_dagrun for example_branch_labels to 2024-01-17T00:00:00+00:00, run_after=2024-01-18T00:00:00+00:00
[2024-01-18T21:37:17.487+0300] {processor.py:175} INFO - Processing /home/angry/mlops_4/venv4/lib/python3.10/site-packages/airflow/example_dags/example_branch_labels.py took 0.370 seconds
[2024-01-18T21:38:22.966+0300] {processor.py:153} INFO - Started process (PID=3757) to work on /home/angry/mlops_4/venv4/lib/python3.10/site-packages/airflow/example_dags/example_branch_labels.py
[2024-01-18T21:38:22.974+0300] {processor.py:743} INFO - Processing file /home/angry/mlops_4/venv4/lib/python3.10/site-packages/airflow/example_dags/example_branch_labels.py for tasks to queue
[2024-01-18T21:38:22.984+0300] {logging_mixin.py:137} INFO - [2024-01-18T21:38:22.983+0300] {dagbag.py:532} INFO - Filling up the DagBag from /home/angry/mlops_4/venv4/lib/python3.10/site-packages/airflow/example_dags/example_branch_labels.py
[2024-01-18T21:38:23.099+0300] {processor.py:753} INFO - DAG(s) dict_keys(['example_branch_labels']) retrieved from /home/angry/mlops_4/venv4/lib/python3.10/site-packages/airflow/example_dags/example_branch_labels.py
[2024-01-18T21:38:23.191+0300] {logging_mixin.py:137} INFO - [2024-01-18T21:38:23.190+0300] {dag.py:2705} INFO - Sync 1 DAGs
[2024-01-18T21:38:23.788+0300] {logging_mixin.py:137} INFO - [2024-01-18T21:38:23.788+0300] {dag.py:3452} INFO - Setting next_dagrun for example_branch_labels to 2024-01-17T00:00:00+00:00, run_after=2024-01-18T00:00:00+00:00
[2024-01-18T21:38:23.848+0300] {processor.py:175} INFO - Processing /home/angry/mlops_4/venv4/lib/python3.10/site-packages/airflow/example_dags/example_branch_labels.py took 0.903 seconds
[2024-01-18T21:39:33.572+0300] {processor.py:153} INFO - Started process (PID=4156) to work on /home/angry/mlops_4/venv4/lib/python3.10/site-packages/airflow/example_dags/example_branch_labels.py
[2024-01-18T21:39:33.578+0300] {processor.py:743} INFO - Processing file /home/angry/mlops_4/venv4/lib/python3.10/site-packages/airflow/example_dags/example_branch_labels.py for tasks to queue
[2024-01-18T21:39:33.588+0300] {logging_mixin.py:137} INFO - [2024-01-18T21:39:33.587+0300] {dagbag.py:532} INFO - Filling up the DagBag from /home/angry/mlops_4/venv4/lib/python3.10/site-packages/airflow/example_dags/example_branch_labels.py
[2024-01-18T21:39:33.661+0300] {processor.py:753} INFO - DAG(s) dict_keys(['example_branch_labels']) retrieved from /home/angry/mlops_4/venv4/lib/python3.10/site-packages/airflow/example_dags/example_branch_labels.py
[2024-01-18T21:39:33.745+0300] {logging_mixin.py:137} INFO - [2024-01-18T21:39:33.744+0300] {dag.py:2705} INFO - Sync 1 DAGs
[2024-01-18T21:39:34.108+0300] {logging_mixin.py:137} INFO - [2024-01-18T21:39:34.107+0300] {dag.py:3452} INFO - Setting next_dagrun for example_branch_labels to 2024-01-17T00:00:00+00:00, run_after=2024-01-18T00:00:00+00:00
[2024-01-18T21:39:34.146+0300] {processor.py:175} INFO - Processing /home/angry/mlops_4/venv4/lib/python3.10/site-packages/airflow/example_dags/example_branch_labels.py took 0.591 seconds
[2024-01-18T21:40:31.450+0300] {processor.py:153} INFO - Started process (PID=4218) to work on /home/angry/mlops_4/venv4/lib/python3.10/site-packages/airflow/example_dags/example_branch_labels.py
[2024-01-18T21:40:31.454+0300] {processor.py:743} INFO - Processing file /home/angry/mlops_4/venv4/lib/python3.10/site-packages/airflow/example_dags/example_branch_labels.py for tasks to queue
[2024-01-18T21:40:31.456+0300] {logging_mixin.py:137} INFO - [2024-01-18T21:40:31.456+0300] {dagbag.py:532} INFO - Filling up the DagBag from /home/angry/mlops_4/venv4/lib/python3.10/site-packages/airflow/example_dags/example_branch_labels.py
[2024-01-18T21:40:31.531+0300] {processor.py:753} INFO - DAG(s) dict_keys(['example_branch_labels']) retrieved from /home/angry/mlops_4/venv4/lib/python3.10/site-packages/airflow/example_dags/example_branch_labels.py
[2024-01-18T21:40:31.845+0300] {logging_mixin.py:137} INFO - [2024-01-18T21:40:31.844+0300] {dag.py:2705} INFO - Sync 1 DAGs
[2024-01-18T21:40:31.894+0300] {logging_mixin.py:137} INFO - [2024-01-18T21:40:31.894+0300] {dag.py:3452} INFO - Setting next_dagrun for example_branch_labels to 2024-01-17T00:00:00+00:00, run_after=2024-01-18T00:00:00+00:00
[2024-01-18T21:40:31.954+0300] {processor.py:175} INFO - Processing /home/angry/mlops_4/venv4/lib/python3.10/site-packages/airflow/example_dags/example_branch_labels.py took 0.533 seconds
[2024-01-18T21:41:39.239+0300] {processor.py:153} INFO - Started process (PID=4332) to work on /home/angry/mlops_4/venv4/lib/python3.10/site-packages/airflow/example_dags/example_branch_labels.py
[2024-01-18T21:41:39.242+0300] {processor.py:743} INFO - Processing file /home/angry/mlops_4/venv4/lib/python3.10/site-packages/airflow/example_dags/example_branch_labels.py for tasks to queue
[2024-01-18T21:41:39.244+0300] {logging_mixin.py:137} INFO - [2024-01-18T21:41:39.243+0300] {dagbag.py:532} INFO - Filling up the DagBag from /home/angry/mlops_4/venv4/lib/python3.10/site-packages/airflow/example_dags/example_branch_labels.py
[2024-01-18T21:41:39.281+0300] {processor.py:753} INFO - DAG(s) dict_keys(['example_branch_labels']) retrieved from /home/angry/mlops_4/venv4/lib/python3.10/site-packages/airflow/example_dags/example_branch_labels.py
[2024-01-18T21:41:39.507+0300] {logging_mixin.py:137} INFO - [2024-01-18T21:41:39.507+0300] {dag.py:2705} INFO - Sync 1 DAGs
[2024-01-18T21:41:39.547+0300] {logging_mixin.py:137} INFO - [2024-01-18T21:41:39.546+0300] {dag.py:3452} INFO - Setting next_dagrun for example_branch_labels to 2024-01-17T00:00:00+00:00, run_after=2024-01-18T00:00:00+00:00
[2024-01-18T21:41:39.584+0300] {processor.py:175} INFO - Processing /home/angry/mlops_4/venv4/lib/python3.10/site-packages/airflow/example_dags/example_branch_labels.py took 0.351 seconds
[2024-01-18T21:42:35.603+0300] {processor.py:153} INFO - Started process (PID=4386) to work on /home/angry/mlops_4/venv4/lib/python3.10/site-packages/airflow/example_dags/example_branch_labels.py
[2024-01-18T21:42:35.606+0300] {processor.py:743} INFO - Processing file /home/angry/mlops_4/venv4/lib/python3.10/site-packages/airflow/example_dags/example_branch_labels.py for tasks to queue
[2024-01-18T21:42:35.608+0300] {logging_mixin.py:137} INFO - [2024-01-18T21:42:35.607+0300] {dagbag.py:532} INFO - Filling up the DagBag from /home/angry/mlops_4/venv4/lib/python3.10/site-packages/airflow/example_dags/example_branch_labels.py
[2024-01-18T21:42:35.849+0300] {processor.py:753} INFO - DAG(s) dict_keys(['example_branch_labels']) retrieved from /home/angry/mlops_4/venv4/lib/python3.10/site-packages/airflow/example_dags/example_branch_labels.py
[2024-01-18T21:42:35.879+0300] {logging_mixin.py:137} INFO - [2024-01-18T21:42:35.878+0300] {dag.py:2705} INFO - Sync 1 DAGs
[2024-01-18T21:42:35.913+0300] {logging_mixin.py:137} INFO - [2024-01-18T21:42:35.913+0300] {dag.py:3452} INFO - Setting next_dagrun for example_branch_labels to 2024-01-17T00:00:00+00:00, run_after=2024-01-18T00:00:00+00:00
[2024-01-18T21:42:35.992+0300] {processor.py:175} INFO - Processing /home/angry/mlops_4/venv4/lib/python3.10/site-packages/airflow/example_dags/example_branch_labels.py took 0.397 seconds
[2024-01-18T21:43:29.360+0300] {processor.py:153} INFO - Started process (PID=4440) to work on /home/angry/mlops_4/venv4/lib/python3.10/site-packages/airflow/example_dags/example_branch_labels.py
[2024-01-18T21:43:29.362+0300] {processor.py:743} INFO - Processing file /home/angry/mlops_4/venv4/lib/python3.10/site-packages/airflow/example_dags/example_branch_labels.py for tasks to queue
[2024-01-18T21:43:29.364+0300] {logging_mixin.py:137} INFO - [2024-01-18T21:43:29.364+0300] {dagbag.py:532} INFO - Filling up the DagBag from /home/angry/mlops_4/venv4/lib/python3.10/site-packages/airflow/example_dags/example_branch_labels.py
[2024-01-18T21:43:29.408+0300] {processor.py:753} INFO - DAG(s) dict_keys(['example_branch_labels']) retrieved from /home/angry/mlops_4/venv4/lib/python3.10/site-packages/airflow/example_dags/example_branch_labels.py
[2024-01-18T21:43:29.465+0300] {logging_mixin.py:137} INFO - [2024-01-18T21:43:29.465+0300] {dag.py:2705} INFO - Sync 1 DAGs
[2024-01-18T21:43:29.513+0300] {logging_mixin.py:137} INFO - [2024-01-18T21:43:29.513+0300] {dag.py:3452} INFO - Setting next_dagrun for example_branch_labels to 2024-01-17T00:00:00+00:00, run_after=2024-01-18T00:00:00+00:00
[2024-01-18T21:43:29.555+0300] {processor.py:175} INFO - Processing /home/angry/mlops_4/venv4/lib/python3.10/site-packages/airflow/example_dags/example_branch_labels.py took 0.204 seconds
[2024-01-18T21:44:17.372+0300] {processor.py:153} INFO - Started process (PID=4492) to work on /home/angry/mlops_4/venv4/lib/python3.10/site-packages/airflow/example_dags/example_branch_labels.py
[2024-01-18T21:44:17.376+0300] {processor.py:743} INFO - Processing file /home/angry/mlops_4/venv4/lib/python3.10/site-packages/airflow/example_dags/example_branch_labels.py for tasks to queue
[2024-01-18T21:44:17.377+0300] {logging_mixin.py:137} INFO - [2024-01-18T21:44:17.377+0300] {dagbag.py:532} INFO - Filling up the DagBag from /home/angry/mlops_4/venv4/lib/python3.10/site-packages/airflow/example_dags/example_branch_labels.py
[2024-01-18T21:44:17.424+0300] {processor.py:753} INFO - DAG(s) dict_keys(['example_branch_labels']) retrieved from /home/angry/mlops_4/venv4/lib/python3.10/site-packages/airflow/example_dags/example_branch_labels.py
[2024-01-18T21:44:17.478+0300] {logging_mixin.py:137} INFO - [2024-01-18T21:44:17.478+0300] {dag.py:2705} INFO - Sync 1 DAGs
[2024-01-18T21:44:17.532+0300] {logging_mixin.py:137} INFO - [2024-01-18T21:44:17.531+0300] {dag.py:3452} INFO - Setting next_dagrun for example_branch_labels to 2024-01-17T00:00:00+00:00, run_after=2024-01-18T00:00:00+00:00
[2024-01-18T21:44:17.574+0300] {processor.py:175} INFO - Processing /home/angry/mlops_4/venv4/lib/python3.10/site-packages/airflow/example_dags/example_branch_labels.py took 0.215 seconds
[2024-01-18T21:45:10.730+0300] {processor.py:153} INFO - Started process (PID=4567) to work on /home/angry/mlops_4/venv4/lib/python3.10/site-packages/airflow/example_dags/example_branch_labels.py
[2024-01-18T21:45:10.732+0300] {processor.py:743} INFO - Processing file /home/angry/mlops_4/venv4/lib/python3.10/site-packages/airflow/example_dags/example_branch_labels.py for tasks to queue
[2024-01-18T21:45:10.734+0300] {logging_mixin.py:137} INFO - [2024-01-18T21:45:10.734+0300] {dagbag.py:532} INFO - Filling up the DagBag from /home/angry/mlops_4/venv4/lib/python3.10/site-packages/airflow/example_dags/example_branch_labels.py
[2024-01-18T21:45:10.769+0300] {processor.py:753} INFO - DAG(s) dict_keys(['example_branch_labels']) retrieved from /home/angry/mlops_4/venv4/lib/python3.10/site-packages/airflow/example_dags/example_branch_labels.py
[2024-01-18T21:45:10.817+0300] {logging_mixin.py:137} INFO - [2024-01-18T21:45:10.816+0300] {dag.py:2705} INFO - Sync 1 DAGs
[2024-01-18T21:45:10.866+0300] {logging_mixin.py:137} INFO - [2024-01-18T21:45:10.866+0300] {dag.py:3452} INFO - Setting next_dagrun for example_branch_labels to 2024-01-17T00:00:00+00:00, run_after=2024-01-18T00:00:00+00:00
[2024-01-18T21:45:10.978+0300] {processor.py:175} INFO - Processing /home/angry/mlops_4/venv4/lib/python3.10/site-packages/airflow/example_dags/example_branch_labels.py took 0.255 seconds
[2024-01-18T21:45:59.691+0300] {processor.py:153} INFO - Started process (PID=4630) to work on /home/angry/mlops_4/venv4/lib/python3.10/site-packages/airflow/example_dags/example_branch_labels.py
[2024-01-18T21:45:59.696+0300] {processor.py:743} INFO - Processing file /home/angry/mlops_4/venv4/lib/python3.10/site-packages/airflow/example_dags/example_branch_labels.py for tasks to queue
[2024-01-18T21:45:59.697+0300] {logging_mixin.py:137} INFO - [2024-01-18T21:45:59.697+0300] {dagbag.py:532} INFO - Filling up the DagBag from /home/angry/mlops_4/venv4/lib/python3.10/site-packages/airflow/example_dags/example_branch_labels.py
[2024-01-18T21:45:59.734+0300] {processor.py:753} INFO - DAG(s) dict_keys(['example_branch_labels']) retrieved from /home/angry/mlops_4/venv4/lib/python3.10/site-packages/airflow/example_dags/example_branch_labels.py
[2024-01-18T21:45:59.789+0300] {logging_mixin.py:137} INFO - [2024-01-18T21:45:59.789+0300] {dag.py:2705} INFO - Sync 1 DAGs
[2024-01-18T21:45:59.847+0300] {logging_mixin.py:137} INFO - [2024-01-18T21:45:59.846+0300] {dag.py:3452} INFO - Setting next_dagrun for example_branch_labels to 2024-01-17T00:00:00+00:00, run_after=2024-01-18T00:00:00+00:00
[2024-01-18T21:45:59.912+0300] {processor.py:175} INFO - Processing /home/angry/mlops_4/venv4/lib/python3.10/site-packages/airflow/example_dags/example_branch_labels.py took 0.234 seconds
[2024-01-18T21:46:48.617+0300] {processor.py:153} INFO - Started process (PID=4701) to work on /home/angry/mlops_4/venv4/lib/python3.10/site-packages/airflow/example_dags/example_branch_labels.py
[2024-01-18T21:46:48.619+0300] {processor.py:743} INFO - Processing file /home/angry/mlops_4/venv4/lib/python3.10/site-packages/airflow/example_dags/example_branch_labels.py for tasks to queue
[2024-01-18T21:46:48.621+0300] {logging_mixin.py:137} INFO - [2024-01-18T21:46:48.621+0300] {dagbag.py:532} INFO - Filling up the DagBag from /home/angry/mlops_4/venv4/lib/python3.10/site-packages/airflow/example_dags/example_branch_labels.py
[2024-01-18T21:46:48.656+0300] {processor.py:753} INFO - DAG(s) dict_keys(['example_branch_labels']) retrieved from /home/angry/mlops_4/venv4/lib/python3.10/site-packages/airflow/example_dags/example_branch_labels.py
[2024-01-18T21:46:48.698+0300] {logging_mixin.py:137} INFO - [2024-01-18T21:46:48.698+0300] {dag.py:2705} INFO - Sync 1 DAGs
[2024-01-18T21:46:48.739+0300] {logging_mixin.py:137} INFO - [2024-01-18T21:46:48.739+0300] {dag.py:3452} INFO - Setting next_dagrun for example_branch_labels to 2024-01-17T00:00:00+00:00, run_after=2024-01-18T00:00:00+00:00
[2024-01-18T21:46:48.777+0300] {processor.py:175} INFO - Processing /home/angry/mlops_4/venv4/lib/python3.10/site-packages/airflow/example_dags/example_branch_labels.py took 0.167 seconds
[2024-01-18T21:47:39.110+0300] {processor.py:153} INFO - Started process (PID=4765) to work on /home/angry/mlops_4/venv4/lib/python3.10/site-packages/airflow/example_dags/example_branch_labels.py
[2024-01-18T21:47:39.113+0300] {processor.py:743} INFO - Processing file /home/angry/mlops_4/venv4/lib/python3.10/site-packages/airflow/example_dags/example_branch_labels.py for tasks to queue
[2024-01-18T21:47:39.114+0300] {logging_mixin.py:137} INFO - [2024-01-18T21:47:39.114+0300] {dagbag.py:532} INFO - Filling up the DagBag from /home/angry/mlops_4/venv4/lib/python3.10/site-packages/airflow/example_dags/example_branch_labels.py
[2024-01-18T21:47:39.153+0300] {processor.py:753} INFO - DAG(s) dict_keys(['example_branch_labels']) retrieved from /home/angry/mlops_4/venv4/lib/python3.10/site-packages/airflow/example_dags/example_branch_labels.py
[2024-01-18T21:47:39.199+0300] {logging_mixin.py:137} INFO - [2024-01-18T21:47:39.199+0300] {dag.py:2705} INFO - Sync 1 DAGs
[2024-01-18T21:47:39.242+0300] {logging_mixin.py:137} INFO - [2024-01-18T21:47:39.242+0300] {dag.py:3452} INFO - Setting next_dagrun for example_branch_labels to 2024-01-17T00:00:00+00:00, run_after=2024-01-18T00:00:00+00:00
[2024-01-18T21:47:39.285+0300] {processor.py:175} INFO - Processing /home/angry/mlops_4/venv4/lib/python3.10/site-packages/airflow/example_dags/example_branch_labels.py took 0.183 seconds
[2024-01-18T21:48:28.972+0300] {processor.py:153} INFO - Started process (PID=4834) to work on /home/angry/mlops_4/venv4/lib/python3.10/site-packages/airflow/example_dags/example_branch_labels.py
[2024-01-18T21:48:28.975+0300] {processor.py:743} INFO - Processing file /home/angry/mlops_4/venv4/lib/python3.10/site-packages/airflow/example_dags/example_branch_labels.py for tasks to queue
[2024-01-18T21:48:28.977+0300] {logging_mixin.py:137} INFO - [2024-01-18T21:48:28.976+0300] {dagbag.py:532} INFO - Filling up the DagBag from /home/angry/mlops_4/venv4/lib/python3.10/site-packages/airflow/example_dags/example_branch_labels.py
[2024-01-18T21:48:29.043+0300] {processor.py:753} INFO - DAG(s) dict_keys(['example_branch_labels']) retrieved from /home/angry/mlops_4/venv4/lib/python3.10/site-packages/airflow/example_dags/example_branch_labels.py
[2024-01-18T21:48:29.104+0300] {logging_mixin.py:137} INFO - [2024-01-18T21:48:29.104+0300] {dag.py:2705} INFO - Sync 1 DAGs
[2024-01-18T21:48:29.155+0300] {logging_mixin.py:137} INFO - [2024-01-18T21:48:29.155+0300] {dag.py:3452} INFO - Setting next_dagrun for example_branch_labels to 2024-01-17T00:00:00+00:00, run_after=2024-01-18T00:00:00+00:00
[2024-01-18T21:48:29.193+0300] {processor.py:175} INFO - Processing /home/angry/mlops_4/venv4/lib/python3.10/site-packages/airflow/example_dags/example_branch_labels.py took 0.233 seconds
[2024-01-18T21:49:20.694+0300] {processor.py:153} INFO - Started process (PID=4884) to work on /home/angry/mlops_4/venv4/lib/python3.10/site-packages/airflow/example_dags/example_branch_labels.py
[2024-01-18T21:49:20.698+0300] {processor.py:743} INFO - Processing file /home/angry/mlops_4/venv4/lib/python3.10/site-packages/airflow/example_dags/example_branch_labels.py for tasks to queue
[2024-01-18T21:49:20.699+0300] {logging_mixin.py:137} INFO - [2024-01-18T21:49:20.699+0300] {dagbag.py:532} INFO - Filling up the DagBag from /home/angry/mlops_4/venv4/lib/python3.10/site-packages/airflow/example_dags/example_branch_labels.py
[2024-01-18T21:49:20.740+0300] {processor.py:753} INFO - DAG(s) dict_keys(['example_branch_labels']) retrieved from /home/angry/mlops_4/venv4/lib/python3.10/site-packages/airflow/example_dags/example_branch_labels.py
[2024-01-18T21:49:20.789+0300] {logging_mixin.py:137} INFO - [2024-01-18T21:49:20.788+0300] {dag.py:2705} INFO - Sync 1 DAGs
[2024-01-18T21:49:20.846+0300] {logging_mixin.py:137} INFO - [2024-01-18T21:49:20.845+0300] {dag.py:3452} INFO - Setting next_dagrun for example_branch_labels to 2024-01-17T00:00:00+00:00, run_after=2024-01-18T00:00:00+00:00
[2024-01-18T21:49:20.889+0300] {processor.py:175} INFO - Processing /home/angry/mlops_4/venv4/lib/python3.10/site-packages/airflow/example_dags/example_branch_labels.py took 0.204 seconds
[2024-01-18T21:50:10.482+0300] {processor.py:153} INFO - Started process (PID=4931) to work on /home/angry/mlops_4/venv4/lib/python3.10/site-packages/airflow/example_dags/example_branch_labels.py
[2024-01-18T21:50:10.485+0300] {processor.py:743} INFO - Processing file /home/angry/mlops_4/venv4/lib/python3.10/site-packages/airflow/example_dags/example_branch_labels.py for tasks to queue
[2024-01-18T21:50:10.486+0300] {logging_mixin.py:137} INFO - [2024-01-18T21:50:10.486+0300] {dagbag.py:532} INFO - Filling up the DagBag from /home/angry/mlops_4/venv4/lib/python3.10/site-packages/airflow/example_dags/example_branch_labels.py
[2024-01-18T21:50:10.523+0300] {processor.py:753} INFO - DAG(s) dict_keys(['example_branch_labels']) retrieved from /home/angry/mlops_4/venv4/lib/python3.10/site-packages/airflow/example_dags/example_branch_labels.py
[2024-01-18T21:50:10.567+0300] {logging_mixin.py:137} INFO - [2024-01-18T21:50:10.567+0300] {dag.py:2705} INFO - Sync 1 DAGs
[2024-01-18T21:50:10.609+0300] {logging_mixin.py:137} INFO - [2024-01-18T21:50:10.608+0300] {dag.py:3452} INFO - Setting next_dagrun for example_branch_labels to 2024-01-17T00:00:00+00:00, run_after=2024-01-18T00:00:00+00:00
[2024-01-18T21:50:10.645+0300] {processor.py:175} INFO - Processing /home/angry/mlops_4/venv4/lib/python3.10/site-packages/airflow/example_dags/example_branch_labels.py took 0.170 seconds
[2024-01-18T21:51:01.930+0300] {processor.py:153} INFO - Started process (PID=4980) to work on /home/angry/mlops_4/venv4/lib/python3.10/site-packages/airflow/example_dags/example_branch_labels.py
[2024-01-18T21:51:01.932+0300] {processor.py:743} INFO - Processing file /home/angry/mlops_4/venv4/lib/python3.10/site-packages/airflow/example_dags/example_branch_labels.py for tasks to queue
[2024-01-18T21:51:01.934+0300] {logging_mixin.py:137} INFO - [2024-01-18T21:51:01.934+0300] {dagbag.py:532} INFO - Filling up the DagBag from /home/angry/mlops_4/venv4/lib/python3.10/site-packages/airflow/example_dags/example_branch_labels.py
[2024-01-18T21:51:01.968+0300] {processor.py:753} INFO - DAG(s) dict_keys(['example_branch_labels']) retrieved from /home/angry/mlops_4/venv4/lib/python3.10/site-packages/airflow/example_dags/example_branch_labels.py
[2024-01-18T21:51:02.028+0300] {logging_mixin.py:137} INFO - [2024-01-18T21:51:02.027+0300] {dag.py:2705} INFO - Sync 1 DAGs
[2024-01-18T21:51:02.077+0300] {logging_mixin.py:137} INFO - [2024-01-18T21:51:02.077+0300] {dag.py:3452} INFO - Setting next_dagrun for example_branch_labels to 2024-01-17T00:00:00+00:00, run_after=2024-01-18T00:00:00+00:00
[2024-01-18T21:51:02.121+0300] {processor.py:175} INFO - Processing /home/angry/mlops_4/venv4/lib/python3.10/site-packages/airflow/example_dags/example_branch_labels.py took 0.199 seconds
[2024-01-18T21:51:53.875+0300] {processor.py:153} INFO - Started process (PID=5031) to work on /home/angry/mlops_4/venv4/lib/python3.10/site-packages/airflow/example_dags/example_branch_labels.py
[2024-01-18T21:51:53.878+0300] {processor.py:743} INFO - Processing file /home/angry/mlops_4/venv4/lib/python3.10/site-packages/airflow/example_dags/example_branch_labels.py for tasks to queue
[2024-01-18T21:51:53.879+0300] {logging_mixin.py:137} INFO - [2024-01-18T21:51:53.879+0300] {dagbag.py:532} INFO - Filling up the DagBag from /home/angry/mlops_4/venv4/lib/python3.10/site-packages/airflow/example_dags/example_branch_labels.py
[2024-01-18T21:51:53.914+0300] {processor.py:753} INFO - DAG(s) dict_keys(['example_branch_labels']) retrieved from /home/angry/mlops_4/venv4/lib/python3.10/site-packages/airflow/example_dags/example_branch_labels.py
[2024-01-18T21:51:53.956+0300] {logging_mixin.py:137} INFO - [2024-01-18T21:51:53.956+0300] {dag.py:2705} INFO - Sync 1 DAGs
[2024-01-18T21:51:53.998+0300] {logging_mixin.py:137} INFO - [2024-01-18T21:51:53.997+0300] {dag.py:3452} INFO - Setting next_dagrun for example_branch_labels to 2024-01-17T00:00:00+00:00, run_after=2024-01-18T00:00:00+00:00
[2024-01-18T21:51:54.052+0300] {processor.py:175} INFO - Processing /home/angry/mlops_4/venv4/lib/python3.10/site-packages/airflow/example_dags/example_branch_labels.py took 0.187 seconds
[2024-01-18T21:52:51.442+0300] {processor.py:153} INFO - Started process (PID=5085) to work on /home/angry/mlops_4/venv4/lib/python3.10/site-packages/airflow/example_dags/example_branch_labels.py
[2024-01-18T21:52:51.448+0300] {processor.py:743} INFO - Processing file /home/angry/mlops_4/venv4/lib/python3.10/site-packages/airflow/example_dags/example_branch_labels.py for tasks to queue
[2024-01-18T21:52:51.451+0300] {logging_mixin.py:137} INFO - [2024-01-18T21:52:51.451+0300] {dagbag.py:532} INFO - Filling up the DagBag from /home/angry/mlops_4/venv4/lib/python3.10/site-packages/airflow/example_dags/example_branch_labels.py
[2024-01-18T21:52:51.514+0300] {processor.py:753} INFO - DAG(s) dict_keys(['example_branch_labels']) retrieved from /home/angry/mlops_4/venv4/lib/python3.10/site-packages/airflow/example_dags/example_branch_labels.py
[2024-01-18T21:52:51.578+0300] {logging_mixin.py:137} INFO - [2024-01-18T21:52:51.578+0300] {dag.py:2705} INFO - Sync 1 DAGs
[2024-01-18T21:52:51.647+0300] {logging_mixin.py:137} INFO - [2024-01-18T21:52:51.645+0300] {dag.py:3452} INFO - Setting next_dagrun for example_branch_labels to 2024-01-17T00:00:00+00:00, run_after=2024-01-18T00:00:00+00:00
[2024-01-18T21:52:51.704+0300] {processor.py:175} INFO - Processing /home/angry/mlops_4/venv4/lib/python3.10/site-packages/airflow/example_dags/example_branch_labels.py took 0.282 seconds
[2024-01-18T21:53:49.330+0300] {processor.py:153} INFO - Started process (PID=5139) to work on /home/angry/mlops_4/venv4/lib/python3.10/site-packages/airflow/example_dags/example_branch_labels.py
[2024-01-18T21:53:49.334+0300] {processor.py:743} INFO - Processing file /home/angry/mlops_4/venv4/lib/python3.10/site-packages/airflow/example_dags/example_branch_labels.py for tasks to queue
[2024-01-18T21:53:49.336+0300] {logging_mixin.py:137} INFO - [2024-01-18T21:53:49.335+0300] {dagbag.py:532} INFO - Filling up the DagBag from /home/angry/mlops_4/venv4/lib/python3.10/site-packages/airflow/example_dags/example_branch_labels.py
[2024-01-18T21:53:49.389+0300] {processor.py:753} INFO - DAG(s) dict_keys(['example_branch_labels']) retrieved from /home/angry/mlops_4/venv4/lib/python3.10/site-packages/airflow/example_dags/example_branch_labels.py
[2024-01-18T21:53:49.489+0300] {logging_mixin.py:137} INFO - [2024-01-18T21:53:49.489+0300] {dag.py:2705} INFO - Sync 1 DAGs
[2024-01-18T21:53:49.586+0300] {logging_mixin.py:137} INFO - [2024-01-18T21:53:49.585+0300] {dag.py:3452} INFO - Setting next_dagrun for example_branch_labels to 2024-01-17T00:00:00+00:00, run_after=2024-01-18T00:00:00+00:00
[2024-01-18T21:53:49.654+0300] {processor.py:175} INFO - Processing /home/angry/mlops_4/venv4/lib/python3.10/site-packages/airflow/example_dags/example_branch_labels.py took 0.335 seconds
[2024-01-18T22:01:00.213+0300] {processor.py:153} INFO - Started process (PID=5537) to work on /home/angry/mlops_4/venv4/lib/python3.10/site-packages/airflow/example_dags/example_branch_labels.py
[2024-01-18T22:01:00.223+0300] {processor.py:743} INFO - Processing file /home/angry/mlops_4/venv4/lib/python3.10/site-packages/airflow/example_dags/example_branch_labels.py for tasks to queue
[2024-01-18T22:01:00.225+0300] {logging_mixin.py:137} INFO - [2024-01-18T22:01:00.224+0300] {dagbag.py:532} INFO - Filling up the DagBag from /home/angry/mlops_4/venv4/lib/python3.10/site-packages/airflow/example_dags/example_branch_labels.py
[2024-01-18T22:01:00.261+0300] {processor.py:753} INFO - DAG(s) dict_keys(['example_branch_labels']) retrieved from /home/angry/mlops_4/venv4/lib/python3.10/site-packages/airflow/example_dags/example_branch_labels.py
[2024-01-18T22:01:00.356+0300] {logging_mixin.py:137} INFO - [2024-01-18T22:01:00.354+0300] {dag.py:2705} INFO - Sync 1 DAGs
[2024-01-18T22:01:00.430+0300] {logging_mixin.py:137} INFO - [2024-01-18T22:01:00.430+0300] {dag.py:3452} INFO - Setting next_dagrun for example_branch_labels to 2024-01-17T00:00:00+00:00, run_after=2024-01-18T00:00:00+00:00
[2024-01-18T22:01:00.482+0300] {processor.py:175} INFO - Processing /home/angry/mlops_4/venv4/lib/python3.10/site-packages/airflow/example_dags/example_branch_labels.py took 0.288 seconds
