[2024-01-18T21:36:46.019+0300] {processor.py:153} INFO - Started process (PID=3295) to work on /home/angry/mlops_4/venv4/lib/python3.10/site-packages/airflow/example_dags/example_sla_dag.py
[2024-01-18T21:36:46.022+0300] {processor.py:743} INFO - Processing file /home/angry/mlops_4/venv4/lib/python3.10/site-packages/airflow/example_dags/example_sla_dag.py for tasks to queue
[2024-01-18T21:36:46.023+0300] {logging_mixin.py:137} INFO - [2024-01-18T21:36:46.023+0300] {dagbag.py:532} INFO - Filling up the DagBag from /home/angry/mlops_4/venv4/lib/python3.10/site-packages/airflow/example_dags/example_sla_dag.py
[2024-01-18T21:36:46.090+0300] {processor.py:753} INFO - DAG(s) dict_keys(['example_sla_dag']) retrieved from /home/angry/mlops_4/venv4/lib/python3.10/site-packages/airflow/example_dags/example_sla_dag.py
[2024-01-18T21:36:46.109+0300] {logging_mixin.py:137} INFO - [2024-01-18T21:36:46.109+0300] {dag.py:2705} INFO - Sync 1 DAGs
[2024-01-18T21:36:46.170+0300] {logging_mixin.py:137} INFO - [2024-01-18T21:36:46.170+0300] {dag.py:3452} INFO - Setting next_dagrun for example_sla_dag to 2024-01-18T18:34:00+00:00, run_after=2024-01-18T18:36:00+00:00
[2024-01-18T21:36:46.215+0300] {processor.py:175} INFO - Processing /home/angry/mlops_4/venv4/lib/python3.10/site-packages/airflow/example_dags/example_sla_dag.py took 0.209 seconds
[2024-01-18T21:37:39.398+0300] {processor.py:153} INFO - Started process (PID=3360) to work on /home/angry/mlops_4/venv4/lib/python3.10/site-packages/airflow/example_dags/example_sla_dag.py
[2024-01-18T21:37:39.401+0300] {processor.py:743} INFO - Processing file /home/angry/mlops_4/venv4/lib/python3.10/site-packages/airflow/example_dags/example_sla_dag.py for tasks to queue
[2024-01-18T21:37:39.402+0300] {logging_mixin.py:137} INFO - [2024-01-18T21:37:39.402+0300] {dagbag.py:532} INFO - Filling up the DagBag from /home/angry/mlops_4/venv4/lib/python3.10/site-packages/airflow/example_dags/example_sla_dag.py
[2024-01-18T21:37:39.458+0300] {processor.py:753} INFO - DAG(s) dict_keys(['example_sla_dag']) retrieved from /home/angry/mlops_4/venv4/lib/python3.10/site-packages/airflow/example_dags/example_sla_dag.py
[2024-01-18T21:37:39.512+0300] {logging_mixin.py:137} INFO - [2024-01-18T21:37:39.512+0300] {dag.py:2705} INFO - Sync 1 DAGs
[2024-01-18T21:37:39.736+0300] {logging_mixin.py:137} INFO - [2024-01-18T21:37:39.736+0300] {dag.py:3452} INFO - Setting next_dagrun for example_sla_dag to 2024-01-18T18:34:00+00:00, run_after=2024-01-18T18:36:00+00:00
[2024-01-18T21:37:39.771+0300] {processor.py:175} INFO - Processing /home/angry/mlops_4/venv4/lib/python3.10/site-packages/airflow/example_dags/example_sla_dag.py took 0.380 seconds
[2024-01-18T21:38:48.467+0300] {processor.py:153} INFO - Started process (PID=4085) to work on /home/angry/mlops_4/venv4/lib/python3.10/site-packages/airflow/example_dags/example_sla_dag.py
[2024-01-18T21:38:48.477+0300] {processor.py:743} INFO - Processing file /home/angry/mlops_4/venv4/lib/python3.10/site-packages/airflow/example_dags/example_sla_dag.py for tasks to queue
[2024-01-18T21:38:48.479+0300] {logging_mixin.py:137} INFO - [2024-01-18T21:38:48.479+0300] {dagbag.py:532} INFO - Filling up the DagBag from /home/angry/mlops_4/venv4/lib/python3.10/site-packages/airflow/example_dags/example_sla_dag.py
[2024-01-18T21:38:48.568+0300] {processor.py:753} INFO - DAG(s) dict_keys(['example_sla_dag']) retrieved from /home/angry/mlops_4/venv4/lib/python3.10/site-packages/airflow/example_dags/example_sla_dag.py
[2024-01-18T21:38:48.641+0300] {logging_mixin.py:137} INFO - [2024-01-18T21:38:48.641+0300] {dag.py:2705} INFO - Sync 1 DAGs
[2024-01-18T21:38:49.043+0300] {logging_mixin.py:137} INFO - [2024-01-18T21:38:49.043+0300] {dag.py:3452} INFO - Setting next_dagrun for example_sla_dag to 2024-01-18T18:36:00+00:00, run_after=2024-01-18T18:38:00+00:00
[2024-01-18T21:38:49.134+0300] {processor.py:175} INFO - Processing /home/angry/mlops_4/venv4/lib/python3.10/site-packages/airflow/example_dags/example_sla_dag.py took 0.675 seconds
[2024-01-18T21:39:54.381+0300] {processor.py:153} INFO - Started process (PID=4182) to work on /home/angry/mlops_4/venv4/lib/python3.10/site-packages/airflow/example_dags/example_sla_dag.py
[2024-01-18T21:39:54.384+0300] {processor.py:743} INFO - Processing file /home/angry/mlops_4/venv4/lib/python3.10/site-packages/airflow/example_dags/example_sla_dag.py for tasks to queue
[2024-01-18T21:39:54.386+0300] {logging_mixin.py:137} INFO - [2024-01-18T21:39:54.385+0300] {dagbag.py:532} INFO - Filling up the DagBag from /home/angry/mlops_4/venv4/lib/python3.10/site-packages/airflow/example_dags/example_sla_dag.py
[2024-01-18T21:39:54.439+0300] {processor.py:753} INFO - DAG(s) dict_keys(['example_sla_dag']) retrieved from /home/angry/mlops_4/venv4/lib/python3.10/site-packages/airflow/example_dags/example_sla_dag.py
[2024-01-18T21:39:54.701+0300] {logging_mixin.py:137} INFO - [2024-01-18T21:39:54.701+0300] {dag.py:2705} INFO - Sync 1 DAGs
[2024-01-18T21:39:54.745+0300] {logging_mixin.py:137} INFO - [2024-01-18T21:39:54.745+0300] {dag.py:3452} INFO - Setting next_dagrun for example_sla_dag to 2024-01-18T18:36:00+00:00, run_after=2024-01-18T18:38:00+00:00
[2024-01-18T21:39:54.781+0300] {processor.py:175} INFO - Processing /home/angry/mlops_4/venv4/lib/python3.10/site-packages/airflow/example_dags/example_sla_dag.py took 0.409 seconds
[2024-01-18T21:40:56.122+0300] {processor.py:153} INFO - Started process (PID=4254) to work on /home/angry/mlops_4/venv4/lib/python3.10/site-packages/airflow/example_dags/example_sla_dag.py
[2024-01-18T21:40:56.130+0300] {processor.py:743} INFO - Processing file /home/angry/mlops_4/venv4/lib/python3.10/site-packages/airflow/example_dags/example_sla_dag.py for tasks to queue
[2024-01-18T21:40:56.132+0300] {logging_mixin.py:137} INFO - [2024-01-18T21:40:56.132+0300] {dagbag.py:532} INFO - Filling up the DagBag from /home/angry/mlops_4/venv4/lib/python3.10/site-packages/airflow/example_dags/example_sla_dag.py
[2024-01-18T21:40:56.208+0300] {processor.py:753} INFO - DAG(s) dict_keys(['example_sla_dag']) retrieved from /home/angry/mlops_4/venv4/lib/python3.10/site-packages/airflow/example_dags/example_sla_dag.py
[2024-01-18T21:40:56.564+0300] {logging_mixin.py:137} INFO - [2024-01-18T21:40:56.560+0300] {dag.py:2705} INFO - Sync 1 DAGs
[2024-01-18T21:40:56.612+0300] {logging_mixin.py:137} INFO - [2024-01-18T21:40:56.612+0300] {dag.py:3452} INFO - Setting next_dagrun for example_sla_dag to 2024-01-18T18:38:00+00:00, run_after=2024-01-18T18:40:00+00:00
[2024-01-18T21:40:56.656+0300] {processor.py:175} INFO - Processing /home/angry/mlops_4/venv4/lib/python3.10/site-packages/airflow/example_dags/example_sla_dag.py took 0.542 seconds
[2024-01-18T21:41:59.807+0300] {processor.py:153} INFO - Started process (PID=4351) to work on /home/angry/mlops_4/venv4/lib/python3.10/site-packages/airflow/example_dags/example_sla_dag.py
[2024-01-18T21:41:59.809+0300] {processor.py:743} INFO - Processing file /home/angry/mlops_4/venv4/lib/python3.10/site-packages/airflow/example_dags/example_sla_dag.py for tasks to queue
[2024-01-18T21:41:59.811+0300] {logging_mixin.py:137} INFO - [2024-01-18T21:41:59.810+0300] {dagbag.py:532} INFO - Filling up the DagBag from /home/angry/mlops_4/venv4/lib/python3.10/site-packages/airflow/example_dags/example_sla_dag.py
[2024-01-18T21:42:00.176+0300] {processor.py:753} INFO - DAG(s) dict_keys(['example_sla_dag']) retrieved from /home/angry/mlops_4/venv4/lib/python3.10/site-packages/airflow/example_dags/example_sla_dag.py
[2024-01-18T21:42:00.222+0300] {logging_mixin.py:137} INFO - [2024-01-18T21:42:00.221+0300] {dag.py:2705} INFO - Sync 1 DAGs
[2024-01-18T21:42:00.333+0300] {logging_mixin.py:137} INFO - [2024-01-18T21:42:00.333+0300] {dag.py:3452} INFO - Setting next_dagrun for example_sla_dag to 2024-01-18T18:40:00+00:00, run_after=2024-01-18T18:42:00+00:00
[2024-01-18T21:42:00.386+0300] {processor.py:175} INFO - Processing /home/angry/mlops_4/venv4/lib/python3.10/site-packages/airflow/example_dags/example_sla_dag.py took 0.587 seconds
[2024-01-18T21:42:58.443+0300] {processor.py:153} INFO - Started process (PID=4406) to work on /home/angry/mlops_4/venv4/lib/python3.10/site-packages/airflow/example_dags/example_sla_dag.py
[2024-01-18T21:42:58.445+0300] {processor.py:743} INFO - Processing file /home/angry/mlops_4/venv4/lib/python3.10/site-packages/airflow/example_dags/example_sla_dag.py for tasks to queue
[2024-01-18T21:42:58.659+0300] {logging_mixin.py:137} INFO - [2024-01-18T21:42:58.659+0300] {dagbag.py:532} INFO - Filling up the DagBag from /home/angry/mlops_4/venv4/lib/python3.10/site-packages/airflow/example_dags/example_sla_dag.py
[2024-01-18T21:42:58.709+0300] {processor.py:753} INFO - DAG(s) dict_keys(['example_sla_dag']) retrieved from /home/angry/mlops_4/venv4/lib/python3.10/site-packages/airflow/example_dags/example_sla_dag.py
[2024-01-18T21:42:58.741+0300] {logging_mixin.py:137} INFO - [2024-01-18T21:42:58.741+0300] {dag.py:2705} INFO - Sync 1 DAGs
[2024-01-18T21:42:58.784+0300] {logging_mixin.py:137} INFO - [2024-01-18T21:42:58.783+0300] {dag.py:3452} INFO - Setting next_dagrun for example_sla_dag to 2024-01-18T18:40:00+00:00, run_after=2024-01-18T18:42:00+00:00
[2024-01-18T21:42:58.818+0300] {processor.py:175} INFO - Processing /home/angry/mlops_4/venv4/lib/python3.10/site-packages/airflow/example_dags/example_sla_dag.py took 0.382 seconds
[2024-01-18T21:43:46.794+0300] {processor.py:153} INFO - Started process (PID=4460) to work on /home/angry/mlops_4/venv4/lib/python3.10/site-packages/airflow/example_dags/example_sla_dag.py
[2024-01-18T21:43:46.796+0300] {processor.py:743} INFO - Processing file /home/angry/mlops_4/venv4/lib/python3.10/site-packages/airflow/example_dags/example_sla_dag.py for tasks to queue
[2024-01-18T21:43:46.798+0300] {logging_mixin.py:137} INFO - [2024-01-18T21:43:46.798+0300] {dagbag.py:532} INFO - Filling up the DagBag from /home/angry/mlops_4/venv4/lib/python3.10/site-packages/airflow/example_dags/example_sla_dag.py
[2024-01-18T21:43:46.851+0300] {processor.py:753} INFO - DAG(s) dict_keys(['example_sla_dag']) retrieved from /home/angry/mlops_4/venv4/lib/python3.10/site-packages/airflow/example_dags/example_sla_dag.py
[2024-01-18T21:43:46.890+0300] {logging_mixin.py:137} INFO - [2024-01-18T21:43:46.890+0300] {dag.py:2705} INFO - Sync 1 DAGs
[2024-01-18T21:43:46.934+0300] {logging_mixin.py:137} INFO - [2024-01-18T21:43:46.934+0300] {dag.py:3452} INFO - Setting next_dagrun for example_sla_dag to 2024-01-18T18:40:00+00:00, run_after=2024-01-18T18:42:00+00:00
[2024-01-18T21:43:46.972+0300] {processor.py:175} INFO - Processing /home/angry/mlops_4/venv4/lib/python3.10/site-packages/airflow/example_dags/example_sla_dag.py took 0.185 seconds
[2024-01-18T21:44:36.010+0300] {processor.py:153} INFO - Started process (PID=4511) to work on /home/angry/mlops_4/venv4/lib/python3.10/site-packages/airflow/example_dags/example_sla_dag.py
[2024-01-18T21:44:36.012+0300] {processor.py:743} INFO - Processing file /home/angry/mlops_4/venv4/lib/python3.10/site-packages/airflow/example_dags/example_sla_dag.py for tasks to queue
[2024-01-18T21:44:36.014+0300] {logging_mixin.py:137} INFO - [2024-01-18T21:44:36.013+0300] {dagbag.py:532} INFO - Filling up the DagBag from /home/angry/mlops_4/venv4/lib/python3.10/site-packages/airflow/example_dags/example_sla_dag.py
[2024-01-18T21:44:36.067+0300] {processor.py:753} INFO - DAG(s) dict_keys(['example_sla_dag']) retrieved from /home/angry/mlops_4/venv4/lib/python3.10/site-packages/airflow/example_dags/example_sla_dag.py
[2024-01-18T21:44:36.130+0300] {logging_mixin.py:137} INFO - [2024-01-18T21:44:36.129+0300] {dag.py:2705} INFO - Sync 1 DAGs
[2024-01-18T21:44:36.189+0300] {logging_mixin.py:137} INFO - [2024-01-18T21:44:36.188+0300] {dag.py:3452} INFO - Setting next_dagrun for example_sla_dag to 2024-01-18T18:42:00+00:00, run_after=2024-01-18T18:44:00+00:00
[2024-01-18T21:44:36.234+0300] {processor.py:175} INFO - Processing /home/angry/mlops_4/venv4/lib/python3.10/site-packages/airflow/example_dags/example_sla_dag.py took 0.232 seconds
[2024-01-18T21:45:28.332+0300] {processor.py:153} INFO - Started process (PID=4602) to work on /home/angry/mlops_4/venv4/lib/python3.10/site-packages/airflow/example_dags/example_sla_dag.py
[2024-01-18T21:45:28.335+0300] {processor.py:743} INFO - Processing file /home/angry/mlops_4/venv4/lib/python3.10/site-packages/airflow/example_dags/example_sla_dag.py for tasks to queue
[2024-01-18T21:45:28.336+0300] {logging_mixin.py:137} INFO - [2024-01-18T21:45:28.336+0300] {dagbag.py:532} INFO - Filling up the DagBag from /home/angry/mlops_4/venv4/lib/python3.10/site-packages/airflow/example_dags/example_sla_dag.py
[2024-01-18T21:45:28.403+0300] {processor.py:753} INFO - DAG(s) dict_keys(['example_sla_dag']) retrieved from /home/angry/mlops_4/venv4/lib/python3.10/site-packages/airflow/example_dags/example_sla_dag.py
[2024-01-18T21:45:28.454+0300] {logging_mixin.py:137} INFO - [2024-01-18T21:45:28.453+0300] {dag.py:2705} INFO - Sync 1 DAGs
[2024-01-18T21:45:28.507+0300] {logging_mixin.py:137} INFO - [2024-01-18T21:45:28.507+0300] {dag.py:3452} INFO - Setting next_dagrun for example_sla_dag to 2024-01-18T18:42:00+00:00, run_after=2024-01-18T18:44:00+00:00
[2024-01-18T21:45:28.548+0300] {processor.py:175} INFO - Processing /home/angry/mlops_4/venv4/lib/python3.10/site-packages/airflow/example_dags/example_sla_dag.py took 0.227 seconds
[2024-01-18T21:46:19.462+0300] {processor.py:153} INFO - Started process (PID=4668) to work on /home/angry/mlops_4/venv4/lib/python3.10/site-packages/airflow/example_dags/example_sla_dag.py
[2024-01-18T21:46:19.464+0300] {processor.py:743} INFO - Processing file /home/angry/mlops_4/venv4/lib/python3.10/site-packages/airflow/example_dags/example_sla_dag.py for tasks to queue
[2024-01-18T21:46:19.466+0300] {logging_mixin.py:137} INFO - [2024-01-18T21:46:19.465+0300] {dagbag.py:532} INFO - Filling up the DagBag from /home/angry/mlops_4/venv4/lib/python3.10/site-packages/airflow/example_dags/example_sla_dag.py
[2024-01-18T21:46:19.521+0300] {processor.py:753} INFO - DAG(s) dict_keys(['example_sla_dag']) retrieved from /home/angry/mlops_4/venv4/lib/python3.10/site-packages/airflow/example_dags/example_sla_dag.py
[2024-01-18T21:46:19.560+0300] {logging_mixin.py:137} INFO - [2024-01-18T21:46:19.559+0300] {dag.py:2705} INFO - Sync 1 DAGs
[2024-01-18T21:46:19.607+0300] {logging_mixin.py:137} INFO - [2024-01-18T21:46:19.607+0300] {dag.py:3452} INFO - Setting next_dagrun for example_sla_dag to 2024-01-18T18:44:00+00:00, run_after=2024-01-18T18:46:00+00:00
[2024-01-18T21:46:19.644+0300] {processor.py:175} INFO - Processing /home/angry/mlops_4/venv4/lib/python3.10/site-packages/airflow/example_dags/example_sla_dag.py took 0.189 seconds
[2024-01-18T21:47:07.638+0300] {processor.py:153} INFO - Started process (PID=4721) to work on /home/angry/mlops_4/venv4/lib/python3.10/site-packages/airflow/example_dags/example_sla_dag.py
[2024-01-18T21:47:07.641+0300] {processor.py:743} INFO - Processing file /home/angry/mlops_4/venv4/lib/python3.10/site-packages/airflow/example_dags/example_sla_dag.py for tasks to queue
[2024-01-18T21:47:07.643+0300] {logging_mixin.py:137} INFO - [2024-01-18T21:47:07.642+0300] {dagbag.py:532} INFO - Filling up the DagBag from /home/angry/mlops_4/venv4/lib/python3.10/site-packages/airflow/example_dags/example_sla_dag.py
[2024-01-18T21:47:07.703+0300] {processor.py:753} INFO - DAG(s) dict_keys(['example_sla_dag']) retrieved from /home/angry/mlops_4/venv4/lib/python3.10/site-packages/airflow/example_dags/example_sla_dag.py
[2024-01-18T21:47:07.750+0300] {logging_mixin.py:137} INFO - [2024-01-18T21:47:07.749+0300] {dag.py:2705} INFO - Sync 1 DAGs
[2024-01-18T21:47:07.799+0300] {logging_mixin.py:137} INFO - [2024-01-18T21:47:07.799+0300] {dag.py:3452} INFO - Setting next_dagrun for example_sla_dag to 2024-01-18T18:44:00+00:00, run_after=2024-01-18T18:46:00+00:00
[2024-01-18T21:47:07.846+0300] {processor.py:175} INFO - Processing /home/angry/mlops_4/venv4/lib/python3.10/site-packages/airflow/example_dags/example_sla_dag.py took 0.216 seconds
[2024-01-18T21:47:58.363+0300] {processor.py:153} INFO - Started process (PID=4797) to work on /home/angry/mlops_4/venv4/lib/python3.10/site-packages/airflow/example_dags/example_sla_dag.py
[2024-01-18T21:47:58.374+0300] {processor.py:743} INFO - Processing file /home/angry/mlops_4/venv4/lib/python3.10/site-packages/airflow/example_dags/example_sla_dag.py for tasks to queue
[2024-01-18T21:47:58.376+0300] {logging_mixin.py:137} INFO - [2024-01-18T21:47:58.375+0300] {dagbag.py:532} INFO - Filling up the DagBag from /home/angry/mlops_4/venv4/lib/python3.10/site-packages/airflow/example_dags/example_sla_dag.py
[2024-01-18T21:47:58.474+0300] {processor.py:753} INFO - DAG(s) dict_keys(['example_sla_dag']) retrieved from /home/angry/mlops_4/venv4/lib/python3.10/site-packages/airflow/example_dags/example_sla_dag.py
[2024-01-18T21:47:58.541+0300] {logging_mixin.py:137} INFO - [2024-01-18T21:47:58.540+0300] {dag.py:2705} INFO - Sync 1 DAGs
[2024-01-18T21:47:58.627+0300] {logging_mixin.py:137} INFO - [2024-01-18T21:47:58.627+0300] {dag.py:3452} INFO - Setting next_dagrun for example_sla_dag to 2024-01-18T18:44:00+00:00, run_after=2024-01-18T18:46:00+00:00
[2024-01-18T21:47:58.681+0300] {processor.py:175} INFO - Processing /home/angry/mlops_4/venv4/lib/python3.10/site-packages/airflow/example_dags/example_sla_dag.py took 0.335 seconds
[2024-01-18T21:48:48.932+0300] {processor.py:153} INFO - Started process (PID=4853) to work on /home/angry/mlops_4/venv4/lib/python3.10/site-packages/airflow/example_dags/example_sla_dag.py
[2024-01-18T21:48:48.935+0300] {processor.py:743} INFO - Processing file /home/angry/mlops_4/venv4/lib/python3.10/site-packages/airflow/example_dags/example_sla_dag.py for tasks to queue
[2024-01-18T21:48:48.936+0300] {logging_mixin.py:137} INFO - [2024-01-18T21:48:48.936+0300] {dagbag.py:532} INFO - Filling up the DagBag from /home/angry/mlops_4/venv4/lib/python3.10/site-packages/airflow/example_dags/example_sla_dag.py
[2024-01-18T21:48:48.988+0300] {processor.py:753} INFO - DAG(s) dict_keys(['example_sla_dag']) retrieved from /home/angry/mlops_4/venv4/lib/python3.10/site-packages/airflow/example_dags/example_sla_dag.py
[2024-01-18T21:48:49.032+0300] {logging_mixin.py:137} INFO - [2024-01-18T21:48:49.032+0300] {dag.py:2705} INFO - Sync 1 DAGs
[2024-01-18T21:48:49.082+0300] {logging_mixin.py:137} INFO - [2024-01-18T21:48:49.081+0300] {dag.py:3452} INFO - Setting next_dagrun for example_sla_dag to 2024-01-18T18:46:00+00:00, run_after=2024-01-18T18:48:00+00:00
[2024-01-18T21:48:49.120+0300] {processor.py:175} INFO - Processing /home/angry/mlops_4/venv4/lib/python3.10/site-packages/airflow/example_dags/example_sla_dag.py took 0.195 seconds
[2024-01-18T21:49:38.696+0300] {processor.py:153} INFO - Started process (PID=4902) to work on /home/angry/mlops_4/venv4/lib/python3.10/site-packages/airflow/example_dags/example_sla_dag.py
[2024-01-18T21:49:38.698+0300] {processor.py:743} INFO - Processing file /home/angry/mlops_4/venv4/lib/python3.10/site-packages/airflow/example_dags/example_sla_dag.py for tasks to queue
[2024-01-18T21:49:38.700+0300] {logging_mixin.py:137} INFO - [2024-01-18T21:49:38.700+0300] {dagbag.py:532} INFO - Filling up the DagBag from /home/angry/mlops_4/venv4/lib/python3.10/site-packages/airflow/example_dags/example_sla_dag.py
[2024-01-18T21:49:38.759+0300] {processor.py:753} INFO - DAG(s) dict_keys(['example_sla_dag']) retrieved from /home/angry/mlops_4/venv4/lib/python3.10/site-packages/airflow/example_dags/example_sla_dag.py
[2024-01-18T21:49:38.802+0300] {logging_mixin.py:137} INFO - [2024-01-18T21:49:38.801+0300] {dag.py:2705} INFO - Sync 1 DAGs
[2024-01-18T21:49:38.845+0300] {logging_mixin.py:137} INFO - [2024-01-18T21:49:38.845+0300] {dag.py:3452} INFO - Setting next_dagrun for example_sla_dag to 2024-01-18T18:46:00+00:00, run_after=2024-01-18T18:48:00+00:00
[2024-01-18T21:49:38.883+0300] {processor.py:175} INFO - Processing /home/angry/mlops_4/venv4/lib/python3.10/site-packages/airflow/example_dags/example_sla_dag.py took 0.195 seconds
[2024-01-18T21:50:30.200+0300] {processor.py:153} INFO - Started process (PID=4952) to work on /home/angry/mlops_4/venv4/lib/python3.10/site-packages/airflow/example_dags/example_sla_dag.py
[2024-01-18T21:50:30.203+0300] {processor.py:743} INFO - Processing file /home/angry/mlops_4/venv4/lib/python3.10/site-packages/airflow/example_dags/example_sla_dag.py for tasks to queue
[2024-01-18T21:50:30.205+0300] {logging_mixin.py:137} INFO - [2024-01-18T21:50:30.204+0300] {dagbag.py:532} INFO - Filling up the DagBag from /home/angry/mlops_4/venv4/lib/python3.10/site-packages/airflow/example_dags/example_sla_dag.py
[2024-01-18T21:50:30.277+0300] {processor.py:753} INFO - DAG(s) dict_keys(['example_sla_dag']) retrieved from /home/angry/mlops_4/venv4/lib/python3.10/site-packages/airflow/example_dags/example_sla_dag.py
[2024-01-18T21:50:30.333+0300] {logging_mixin.py:137} INFO - [2024-01-18T21:50:30.333+0300] {dag.py:2705} INFO - Sync 1 DAGs
[2024-01-18T21:50:30.415+0300] {logging_mixin.py:137} INFO - [2024-01-18T21:50:30.415+0300] {dag.py:3452} INFO - Setting next_dagrun for example_sla_dag to 2024-01-18T18:48:00+00:00, run_after=2024-01-18T18:50:00+00:00
[2024-01-18T21:50:30.480+0300] {processor.py:175} INFO - Processing /home/angry/mlops_4/venv4/lib/python3.10/site-packages/airflow/example_dags/example_sla_dag.py took 0.289 seconds
[2024-01-18T21:51:20.427+0300] {processor.py:153} INFO - Started process (PID=4999) to work on /home/angry/mlops_4/venv4/lib/python3.10/site-packages/airflow/example_dags/example_sla_dag.py
[2024-01-18T21:51:20.429+0300] {processor.py:743} INFO - Processing file /home/angry/mlops_4/venv4/lib/python3.10/site-packages/airflow/example_dags/example_sla_dag.py for tasks to queue
[2024-01-18T21:51:20.431+0300] {logging_mixin.py:137} INFO - [2024-01-18T21:51:20.430+0300] {dagbag.py:532} INFO - Filling up the DagBag from /home/angry/mlops_4/venv4/lib/python3.10/site-packages/airflow/example_dags/example_sla_dag.py
[2024-01-18T21:51:20.483+0300] {processor.py:753} INFO - DAG(s) dict_keys(['example_sla_dag']) retrieved from /home/angry/mlops_4/venv4/lib/python3.10/site-packages/airflow/example_dags/example_sla_dag.py
[2024-01-18T21:51:20.525+0300] {logging_mixin.py:137} INFO - [2024-01-18T21:51:20.525+0300] {dag.py:2705} INFO - Sync 1 DAGs
[2024-01-18T21:51:20.570+0300] {logging_mixin.py:137} INFO - [2024-01-18T21:51:20.570+0300] {dag.py:3452} INFO - Setting next_dagrun for example_sla_dag to 2024-01-18T18:48:00+00:00, run_after=2024-01-18T18:50:00+00:00
[2024-01-18T21:51:20.609+0300] {processor.py:175} INFO - Processing /home/angry/mlops_4/venv4/lib/python3.10/site-packages/airflow/example_dags/example_sla_dag.py took 0.192 seconds
[2024-01-18T21:52:15.826+0300] {processor.py:153} INFO - Started process (PID=5054) to work on /home/angry/mlops_4/venv4/lib/python3.10/site-packages/airflow/example_dags/example_sla_dag.py
[2024-01-18T21:52:15.834+0300] {processor.py:743} INFO - Processing file /home/angry/mlops_4/venv4/lib/python3.10/site-packages/airflow/example_dags/example_sla_dag.py for tasks to queue
[2024-01-18T21:52:15.839+0300] {logging_mixin.py:137} INFO - [2024-01-18T21:52:15.838+0300] {dagbag.py:532} INFO - Filling up the DagBag from /home/angry/mlops_4/venv4/lib/python3.10/site-packages/airflow/example_dags/example_sla_dag.py
[2024-01-18T21:52:15.937+0300] {processor.py:753} INFO - DAG(s) dict_keys(['example_sla_dag']) retrieved from /home/angry/mlops_4/venv4/lib/python3.10/site-packages/airflow/example_dags/example_sla_dag.py
[2024-01-18T21:52:15.989+0300] {logging_mixin.py:137} INFO - [2024-01-18T21:52:15.989+0300] {dag.py:2705} INFO - Sync 1 DAGs
[2024-01-18T21:52:16.067+0300] {logging_mixin.py:137} INFO - [2024-01-18T21:52:16.066+0300] {dag.py:3452} INFO - Setting next_dagrun for example_sla_dag to 2024-01-18T18:50:00+00:00, run_after=2024-01-18T18:52:00+00:00
[2024-01-18T21:52:16.124+0300] {processor.py:175} INFO - Processing /home/angry/mlops_4/venv4/lib/python3.10/site-packages/airflow/example_dags/example_sla_dag.py took 0.315 seconds
[2024-01-18T21:53:14.450+0300] {processor.py:153} INFO - Started process (PID=5104) to work on /home/angry/mlops_4/venv4/lib/python3.10/site-packages/airflow/example_dags/example_sla_dag.py
[2024-01-18T21:53:14.454+0300] {processor.py:743} INFO - Processing file /home/angry/mlops_4/venv4/lib/python3.10/site-packages/airflow/example_dags/example_sla_dag.py for tasks to queue
[2024-01-18T21:53:14.456+0300] {logging_mixin.py:137} INFO - [2024-01-18T21:53:14.456+0300] {dagbag.py:532} INFO - Filling up the DagBag from /home/angry/mlops_4/venv4/lib/python3.10/site-packages/airflow/example_dags/example_sla_dag.py
[2024-01-18T21:53:14.536+0300] {processor.py:753} INFO - DAG(s) dict_keys(['example_sla_dag']) retrieved from /home/angry/mlops_4/venv4/lib/python3.10/site-packages/airflow/example_dags/example_sla_dag.py
[2024-01-18T21:53:14.577+0300] {logging_mixin.py:137} INFO - [2024-01-18T21:53:14.576+0300] {dag.py:2705} INFO - Sync 1 DAGs
[2024-01-18T21:53:14.623+0300] {logging_mixin.py:137} INFO - [2024-01-18T21:53:14.623+0300] {dag.py:3452} INFO - Setting next_dagrun for example_sla_dag to 2024-01-18T18:50:00+00:00, run_after=2024-01-18T18:52:00+00:00
[2024-01-18T21:53:14.662+0300] {processor.py:175} INFO - Processing /home/angry/mlops_4/venv4/lib/python3.10/site-packages/airflow/example_dags/example_sla_dag.py took 0.219 seconds
[2024-01-18T21:54:14.291+0300] {processor.py:153} INFO - Started process (PID=5159) to work on /home/angry/mlops_4/venv4/lib/python3.10/site-packages/airflow/example_dags/example_sla_dag.py
[2024-01-18T21:54:14.297+0300] {processor.py:743} INFO - Processing file /home/angry/mlops_4/venv4/lib/python3.10/site-packages/airflow/example_dags/example_sla_dag.py for tasks to queue
[2024-01-18T21:54:14.299+0300] {logging_mixin.py:137} INFO - [2024-01-18T21:54:14.298+0300] {dagbag.py:532} INFO - Filling up the DagBag from /home/angry/mlops_4/venv4/lib/python3.10/site-packages/airflow/example_dags/example_sla_dag.py
[2024-01-18T21:54:14.380+0300] {processor.py:753} INFO - DAG(s) dict_keys(['example_sla_dag']) retrieved from /home/angry/mlops_4/venv4/lib/python3.10/site-packages/airflow/example_dags/example_sla_dag.py
[2024-01-18T21:54:14.468+0300] {logging_mixin.py:137} INFO - [2024-01-18T21:54:14.467+0300] {dag.py:2705} INFO - Sync 1 DAGs
[2024-01-18T21:54:14.554+0300] {logging_mixin.py:137} INFO - [2024-01-18T21:54:14.553+0300] {dag.py:3452} INFO - Setting next_dagrun for example_sla_dag to 2024-01-18T18:52:00+00:00, run_after=2024-01-18T18:54:00+00:00
[2024-01-18T21:54:14.610+0300] {processor.py:175} INFO - Processing /home/angry/mlops_4/venv4/lib/python3.10/site-packages/airflow/example_dags/example_sla_dag.py took 0.335 seconds
[2024-01-18T22:00:23.295+0300] {processor.py:153} INFO - Started process (PID=5495) to work on /home/angry/mlops_4/venv4/lib/python3.10/site-packages/airflow/example_dags/example_sla_dag.py
[2024-01-18T22:00:23.303+0300] {processor.py:743} INFO - Processing file /home/angry/mlops_4/venv4/lib/python3.10/site-packages/airflow/example_dags/example_sla_dag.py for tasks to queue
[2024-01-18T22:00:23.304+0300] {logging_mixin.py:137} INFO - [2024-01-18T22:00:23.304+0300] {dagbag.py:532} INFO - Filling up the DagBag from /home/angry/mlops_4/venv4/lib/python3.10/site-packages/airflow/example_dags/example_sla_dag.py
[2024-01-18T22:00:23.437+0300] {processor.py:753} INFO - DAG(s) dict_keys(['example_sla_dag']) retrieved from /home/angry/mlops_4/venv4/lib/python3.10/site-packages/airflow/example_dags/example_sla_dag.py
[2024-01-18T22:00:23.510+0300] {logging_mixin.py:137} INFO - [2024-01-18T22:00:23.509+0300] {dag.py:2705} INFO - Sync 1 DAGs
[2024-01-18T22:00:23.588+0300] {logging_mixin.py:137} INFO - [2024-01-18T22:00:23.588+0300] {dag.py:3452} INFO - Setting next_dagrun for example_sla_dag to 2024-01-18T18:58:00+00:00, run_after=2024-01-18T19:00:00+00:00
[2024-01-18T22:00:23.660+0300] {processor.py:175} INFO - Processing /home/angry/mlops_4/venv4/lib/python3.10/site-packages/airflow/example_dags/example_sla_dag.py took 0.379 seconds
