[2024-01-18T21:37:21.129+0300] {processor.py:153} INFO - Started process (PID=3330) to work on /home/angry/mlops_4/venv4/lib/python3.10/site-packages/airflow/example_dags/example_branch_operator_decorator.py
[2024-01-18T21:37:21.131+0300] {processor.py:743} INFO - Processing file /home/angry/mlops_4/venv4/lib/python3.10/site-packages/airflow/example_dags/example_branch_operator_decorator.py for tasks to queue
[2024-01-18T21:37:21.132+0300] {logging_mixin.py:137} INFO - [2024-01-18T21:37:21.132+0300] {dagbag.py:532} INFO - Filling up the DagBag from /home/angry/mlops_4/venv4/lib/python3.10/site-packages/airflow/example_dags/example_branch_operator_decorator.py
[2024-01-18T21:37:21.201+0300] {processor.py:753} INFO - DAG(s) dict_keys(['example_branch_python_operator_decorator']) retrieved from /home/angry/mlops_4/venv4/lib/python3.10/site-packages/airflow/example_dags/example_branch_operator_decorator.py
[2024-01-18T21:37:21.259+0300] {logging_mixin.py:137} INFO - [2024-01-18T21:37:21.258+0300] {dag.py:2705} INFO - Sync 1 DAGs
[2024-01-18T21:37:21.547+0300] {logging_mixin.py:137} INFO - [2024-01-18T21:37:21.547+0300] {dag.py:3452} INFO - Setting next_dagrun for example_branch_python_operator_decorator to 2024-01-17T00:00:00+00:00, run_after=2024-01-18T00:00:00+00:00
[2024-01-18T21:37:21.590+0300] {processor.py:175} INFO - Processing /home/angry/mlops_4/venv4/lib/python3.10/site-packages/airflow/example_dags/example_branch_operator_decorator.py took 0.469 seconds
[2024-01-18T21:38:28.800+0300] {processor.py:153} INFO - Started process (PID=4059) to work on /home/angry/mlops_4/venv4/lib/python3.10/site-packages/airflow/example_dags/example_branch_operator_decorator.py
[2024-01-18T21:38:28.805+0300] {processor.py:743} INFO - Processing file /home/angry/mlops_4/venv4/lib/python3.10/site-packages/airflow/example_dags/example_branch_operator_decorator.py for tasks to queue
[2024-01-18T21:38:28.811+0300] {logging_mixin.py:137} INFO - [2024-01-18T21:38:28.810+0300] {dagbag.py:532} INFO - Filling up the DagBag from /home/angry/mlops_4/venv4/lib/python3.10/site-packages/airflow/example_dags/example_branch_operator_decorator.py
[2024-01-18T21:38:29.052+0300] {processor.py:753} INFO - DAG(s) dict_keys(['example_branch_python_operator_decorator']) retrieved from /home/angry/mlops_4/venv4/lib/python3.10/site-packages/airflow/example_dags/example_branch_operator_decorator.py
[2024-01-18T21:38:29.187+0300] {logging_mixin.py:137} INFO - [2024-01-18T21:38:29.187+0300] {dag.py:2705} INFO - Sync 1 DAGs
[2024-01-18T21:38:29.637+0300] {logging_mixin.py:137} INFO - [2024-01-18T21:38:29.637+0300] {dag.py:3452} INFO - Setting next_dagrun for example_branch_python_operator_decorator to 2024-01-17T00:00:00+00:00, run_after=2024-01-18T00:00:00+00:00
[2024-01-18T21:38:29.710+0300] {processor.py:175} INFO - Processing /home/angry/mlops_4/venv4/lib/python3.10/site-packages/airflow/example_dags/example_branch_operator_decorator.py took 0.927 seconds
[2024-01-18T21:39:38.106+0300] {processor.py:153} INFO - Started process (PID=4163) to work on /home/angry/mlops_4/venv4/lib/python3.10/site-packages/airflow/example_dags/example_branch_operator_decorator.py
[2024-01-18T21:39:38.109+0300] {processor.py:743} INFO - Processing file /home/angry/mlops_4/venv4/lib/python3.10/site-packages/airflow/example_dags/example_branch_operator_decorator.py for tasks to queue
[2024-01-18T21:39:38.110+0300] {logging_mixin.py:137} INFO - [2024-01-18T21:39:38.110+0300] {dagbag.py:532} INFO - Filling up the DagBag from /home/angry/mlops_4/venv4/lib/python3.10/site-packages/airflow/example_dags/example_branch_operator_decorator.py
[2024-01-18T21:39:38.232+0300] {processor.py:753} INFO - DAG(s) dict_keys(['example_branch_python_operator_decorator']) retrieved from /home/angry/mlops_4/venv4/lib/python3.10/site-packages/airflow/example_dags/example_branch_operator_decorator.py
[2024-01-18T21:39:38.475+0300] {logging_mixin.py:137} INFO - [2024-01-18T21:39:38.475+0300] {dag.py:2705} INFO - Sync 1 DAGs
[2024-01-18T21:39:38.518+0300] {logging_mixin.py:137} INFO - [2024-01-18T21:39:38.518+0300] {dag.py:3452} INFO - Setting next_dagrun for example_branch_python_operator_decorator to 2024-01-17T00:00:00+00:00, run_after=2024-01-18T00:00:00+00:00
[2024-01-18T21:39:38.559+0300] {processor.py:175} INFO - Processing /home/angry/mlops_4/venv4/lib/python3.10/site-packages/airflow/example_dags/example_branch_operator_decorator.py took 0.460 seconds
[2024-01-18T21:40:35.802+0300] {processor.py:153} INFO - Started process (PID=4221) to work on /home/angry/mlops_4/venv4/lib/python3.10/site-packages/airflow/example_dags/example_branch_operator_decorator.py
[2024-01-18T21:40:35.806+0300] {processor.py:743} INFO - Processing file /home/angry/mlops_4/venv4/lib/python3.10/site-packages/airflow/example_dags/example_branch_operator_decorator.py for tasks to queue
[2024-01-18T21:40:35.807+0300] {logging_mixin.py:137} INFO - [2024-01-18T21:40:35.807+0300] {dagbag.py:532} INFO - Filling up the DagBag from /home/angry/mlops_4/venv4/lib/python3.10/site-packages/airflow/example_dags/example_branch_operator_decorator.py
[2024-01-18T21:40:35.923+0300] {processor.py:753} INFO - DAG(s) dict_keys(['example_branch_python_operator_decorator']) retrieved from /home/angry/mlops_4/venv4/lib/python3.10/site-packages/airflow/example_dags/example_branch_operator_decorator.py
[2024-01-18T21:40:36.202+0300] {logging_mixin.py:137} INFO - [2024-01-18T21:40:36.202+0300] {dag.py:2705} INFO - Sync 1 DAGs
[2024-01-18T21:40:36.248+0300] {logging_mixin.py:137} INFO - [2024-01-18T21:40:36.248+0300] {dag.py:3452} INFO - Setting next_dagrun for example_branch_python_operator_decorator to 2024-01-17T00:00:00+00:00, run_after=2024-01-18T00:00:00+00:00
[2024-01-18T21:40:36.290+0300] {processor.py:175} INFO - Processing /home/angry/mlops_4/venv4/lib/python3.10/site-packages/airflow/example_dags/example_branch_operator_decorator.py took 0.502 seconds
[2024-01-18T21:41:43.613+0300] {processor.py:153} INFO - Started process (PID=4336) to work on /home/angry/mlops_4/venv4/lib/python3.10/site-packages/airflow/example_dags/example_branch_operator_decorator.py
[2024-01-18T21:41:43.616+0300] {processor.py:743} INFO - Processing file /home/angry/mlops_4/venv4/lib/python3.10/site-packages/airflow/example_dags/example_branch_operator_decorator.py for tasks to queue
[2024-01-18T21:41:43.617+0300] {logging_mixin.py:137} INFO - [2024-01-18T21:41:43.617+0300] {dagbag.py:532} INFO - Filling up the DagBag from /home/angry/mlops_4/venv4/lib/python3.10/site-packages/airflow/example_dags/example_branch_operator_decorator.py
[2024-01-18T21:41:43.860+0300] {processor.py:753} INFO - DAG(s) dict_keys(['example_branch_python_operator_decorator']) retrieved from /home/angry/mlops_4/venv4/lib/python3.10/site-packages/airflow/example_dags/example_branch_operator_decorator.py
[2024-01-18T21:41:43.893+0300] {logging_mixin.py:137} INFO - [2024-01-18T21:41:43.893+0300] {dag.py:2705} INFO - Sync 1 DAGs
[2024-01-18T21:41:43.934+0300] {logging_mixin.py:137} INFO - [2024-01-18T21:41:43.933+0300] {dag.py:3452} INFO - Setting next_dagrun for example_branch_python_operator_decorator to 2024-01-17T00:00:00+00:00, run_after=2024-01-18T00:00:00+00:00
[2024-01-18T21:41:43.973+0300] {processor.py:175} INFO - Processing /home/angry/mlops_4/venv4/lib/python3.10/site-packages/airflow/example_dags/example_branch_operator_decorator.py took 0.367 seconds
[2024-01-18T21:42:39.847+0300] {processor.py:153} INFO - Started process (PID=4390) to work on /home/angry/mlops_4/venv4/lib/python3.10/site-packages/airflow/example_dags/example_branch_operator_decorator.py
[2024-01-18T21:42:39.849+0300] {processor.py:743} INFO - Processing file /home/angry/mlops_4/venv4/lib/python3.10/site-packages/airflow/example_dags/example_branch_operator_decorator.py for tasks to queue
[2024-01-18T21:42:39.850+0300] {logging_mixin.py:137} INFO - [2024-01-18T21:42:39.850+0300] {dagbag.py:532} INFO - Filling up the DagBag from /home/angry/mlops_4/venv4/lib/python3.10/site-packages/airflow/example_dags/example_branch_operator_decorator.py
[2024-01-18T21:42:40.105+0300] {processor.py:753} INFO - DAG(s) dict_keys(['example_branch_python_operator_decorator']) retrieved from /home/angry/mlops_4/venv4/lib/python3.10/site-packages/airflow/example_dags/example_branch_operator_decorator.py
[2024-01-18T21:42:40.140+0300] {logging_mixin.py:137} INFO - [2024-01-18T21:42:40.139+0300] {dag.py:2705} INFO - Sync 1 DAGs
[2024-01-18T21:42:40.175+0300] {logging_mixin.py:137} INFO - [2024-01-18T21:42:40.175+0300] {dag.py:3452} INFO - Setting next_dagrun for example_branch_python_operator_decorator to 2024-01-17T00:00:00+00:00, run_after=2024-01-18T00:00:00+00:00
[2024-01-18T21:42:40.211+0300] {processor.py:175} INFO - Processing /home/angry/mlops_4/venv4/lib/python3.10/site-packages/airflow/example_dags/example_branch_operator_decorator.py took 0.374 seconds
[2024-01-18T21:43:32.913+0300] {processor.py:153} INFO - Started process (PID=4443) to work on /home/angry/mlops_4/venv4/lib/python3.10/site-packages/airflow/example_dags/example_branch_operator_decorator.py
[2024-01-18T21:43:32.916+0300] {processor.py:743} INFO - Processing file /home/angry/mlops_4/venv4/lib/python3.10/site-packages/airflow/example_dags/example_branch_operator_decorator.py for tasks to queue
[2024-01-18T21:43:32.918+0300] {logging_mixin.py:137} INFO - [2024-01-18T21:43:32.917+0300] {dagbag.py:532} INFO - Filling up the DagBag from /home/angry/mlops_4/venv4/lib/python3.10/site-packages/airflow/example_dags/example_branch_operator_decorator.py
[2024-01-18T21:43:32.976+0300] {processor.py:753} INFO - DAG(s) dict_keys(['example_branch_python_operator_decorator']) retrieved from /home/angry/mlops_4/venv4/lib/python3.10/site-packages/airflow/example_dags/example_branch_operator_decorator.py
[2024-01-18T21:43:33.026+0300] {logging_mixin.py:137} INFO - [2024-01-18T21:43:33.025+0300] {dag.py:2705} INFO - Sync 1 DAGs
[2024-01-18T21:43:33.072+0300] {logging_mixin.py:137} INFO - [2024-01-18T21:43:33.072+0300] {dag.py:3452} INFO - Setting next_dagrun for example_branch_python_operator_decorator to 2024-01-17T00:00:00+00:00, run_after=2024-01-18T00:00:00+00:00
[2024-01-18T21:43:33.117+0300] {processor.py:175} INFO - Processing /home/angry/mlops_4/venv4/lib/python3.10/site-packages/airflow/example_dags/example_branch_operator_decorator.py took 0.213 seconds
[2024-01-18T21:44:21.149+0300] {processor.py:153} INFO - Started process (PID=4496) to work on /home/angry/mlops_4/venv4/lib/python3.10/site-packages/airflow/example_dags/example_branch_operator_decorator.py
[2024-01-18T21:44:21.151+0300] {processor.py:743} INFO - Processing file /home/angry/mlops_4/venv4/lib/python3.10/site-packages/airflow/example_dags/example_branch_operator_decorator.py for tasks to queue
[2024-01-18T21:44:21.153+0300] {logging_mixin.py:137} INFO - [2024-01-18T21:44:21.153+0300] {dagbag.py:532} INFO - Filling up the DagBag from /home/angry/mlops_4/venv4/lib/python3.10/site-packages/airflow/example_dags/example_branch_operator_decorator.py
[2024-01-18T21:44:21.211+0300] {processor.py:753} INFO - DAG(s) dict_keys(['example_branch_python_operator_decorator']) retrieved from /home/angry/mlops_4/venv4/lib/python3.10/site-packages/airflow/example_dags/example_branch_operator_decorator.py
[2024-01-18T21:44:21.262+0300] {logging_mixin.py:137} INFO - [2024-01-18T21:44:21.262+0300] {dag.py:2705} INFO - Sync 1 DAGs
[2024-01-18T21:44:21.302+0300] {logging_mixin.py:137} INFO - [2024-01-18T21:44:21.302+0300] {dag.py:3452} INFO - Setting next_dagrun for example_branch_python_operator_decorator to 2024-01-17T00:00:00+00:00, run_after=2024-01-18T00:00:00+00:00
[2024-01-18T21:44:21.341+0300] {processor.py:175} INFO - Processing /home/angry/mlops_4/venv4/lib/python3.10/site-packages/airflow/example_dags/example_branch_operator_decorator.py took 0.199 seconds
[2024-01-18T21:45:14.905+0300] {processor.py:153} INFO - Started process (PID=4574) to work on /home/angry/mlops_4/venv4/lib/python3.10/site-packages/airflow/example_dags/example_branch_operator_decorator.py
[2024-01-18T21:45:14.909+0300] {processor.py:743} INFO - Processing file /home/angry/mlops_4/venv4/lib/python3.10/site-packages/airflow/example_dags/example_branch_operator_decorator.py for tasks to queue
[2024-01-18T21:45:14.911+0300] {logging_mixin.py:137} INFO - [2024-01-18T21:45:14.910+0300] {dagbag.py:532} INFO - Filling up the DagBag from /home/angry/mlops_4/venv4/lib/python3.10/site-packages/airflow/example_dags/example_branch_operator_decorator.py
[2024-01-18T21:45:14.988+0300] {processor.py:753} INFO - DAG(s) dict_keys(['example_branch_python_operator_decorator']) retrieved from /home/angry/mlops_4/venv4/lib/python3.10/site-packages/airflow/example_dags/example_branch_operator_decorator.py
[2024-01-18T21:45:15.053+0300] {logging_mixin.py:137} INFO - [2024-01-18T21:45:15.053+0300] {dag.py:2705} INFO - Sync 1 DAGs
[2024-01-18T21:45:15.123+0300] {logging_mixin.py:137} INFO - [2024-01-18T21:45:15.123+0300] {dag.py:3452} INFO - Setting next_dagrun for example_branch_python_operator_decorator to 2024-01-17T00:00:00+00:00, run_after=2024-01-18T00:00:00+00:00
[2024-01-18T21:45:15.185+0300] {processor.py:175} INFO - Processing /home/angry/mlops_4/venv4/lib/python3.10/site-packages/airflow/example_dags/example_branch_operator_decorator.py took 0.291 seconds
[2024-01-18T21:46:03.679+0300] {processor.py:153} INFO - Started process (PID=4636) to work on /home/angry/mlops_4/venv4/lib/python3.10/site-packages/airflow/example_dags/example_branch_operator_decorator.py
[2024-01-18T21:46:03.683+0300] {processor.py:743} INFO - Processing file /home/angry/mlops_4/venv4/lib/python3.10/site-packages/airflow/example_dags/example_branch_operator_decorator.py for tasks to queue
[2024-01-18T21:46:03.685+0300] {logging_mixin.py:137} INFO - [2024-01-18T21:46:03.685+0300] {dagbag.py:532} INFO - Filling up the DagBag from /home/angry/mlops_4/venv4/lib/python3.10/site-packages/airflow/example_dags/example_branch_operator_decorator.py
[2024-01-18T21:46:03.743+0300] {processor.py:753} INFO - DAG(s) dict_keys(['example_branch_python_operator_decorator']) retrieved from /home/angry/mlops_4/venv4/lib/python3.10/site-packages/airflow/example_dags/example_branch_operator_decorator.py
[2024-01-18T21:46:03.786+0300] {logging_mixin.py:137} INFO - [2024-01-18T21:46:03.785+0300] {dag.py:2705} INFO - Sync 1 DAGs
[2024-01-18T21:46:03.826+0300] {logging_mixin.py:137} INFO - [2024-01-18T21:46:03.825+0300] {dag.py:3452} INFO - Setting next_dagrun for example_branch_python_operator_decorator to 2024-01-17T00:00:00+00:00, run_after=2024-01-18T00:00:00+00:00
[2024-01-18T21:46:03.868+0300] {processor.py:175} INFO - Processing /home/angry/mlops_4/venv4/lib/python3.10/site-packages/airflow/example_dags/example_branch_operator_decorator.py took 0.196 seconds
[2024-01-18T21:46:51.332+0300] {processor.py:153} INFO - Started process (PID=4705) to work on /home/angry/mlops_4/venv4/lib/python3.10/site-packages/airflow/example_dags/example_branch_operator_decorator.py
[2024-01-18T21:46:51.335+0300] {processor.py:743} INFO - Processing file /home/angry/mlops_4/venv4/lib/python3.10/site-packages/airflow/example_dags/example_branch_operator_decorator.py for tasks to queue
[2024-01-18T21:46:51.336+0300] {logging_mixin.py:137} INFO - [2024-01-18T21:46:51.336+0300] {dagbag.py:532} INFO - Filling up the DagBag from /home/angry/mlops_4/venv4/lib/python3.10/site-packages/airflow/example_dags/example_branch_operator_decorator.py
[2024-01-18T21:46:51.394+0300] {processor.py:753} INFO - DAG(s) dict_keys(['example_branch_python_operator_decorator']) retrieved from /home/angry/mlops_4/venv4/lib/python3.10/site-packages/airflow/example_dags/example_branch_operator_decorator.py
[2024-01-18T21:46:51.437+0300] {logging_mixin.py:137} INFO - [2024-01-18T21:46:51.437+0300] {dag.py:2705} INFO - Sync 1 DAGs
[2024-01-18T21:46:51.477+0300] {logging_mixin.py:137} INFO - [2024-01-18T21:46:51.477+0300] {dag.py:3452} INFO - Setting next_dagrun for example_branch_python_operator_decorator to 2024-01-17T00:00:00+00:00, run_after=2024-01-18T00:00:00+00:00
[2024-01-18T21:46:51.522+0300] {processor.py:175} INFO - Processing /home/angry/mlops_4/venv4/lib/python3.10/site-packages/airflow/example_dags/example_branch_operator_decorator.py took 0.197 seconds
[2024-01-18T21:47:42.247+0300] {processor.py:153} INFO - Started process (PID=4769) to work on /home/angry/mlops_4/venv4/lib/python3.10/site-packages/airflow/example_dags/example_branch_operator_decorator.py
[2024-01-18T21:47:42.249+0300] {processor.py:743} INFO - Processing file /home/angry/mlops_4/venv4/lib/python3.10/site-packages/airflow/example_dags/example_branch_operator_decorator.py for tasks to queue
[2024-01-18T21:47:42.250+0300] {logging_mixin.py:137} INFO - [2024-01-18T21:47:42.250+0300] {dagbag.py:532} INFO - Filling up the DagBag from /home/angry/mlops_4/venv4/lib/python3.10/site-packages/airflow/example_dags/example_branch_operator_decorator.py
[2024-01-18T21:47:42.308+0300] {processor.py:753} INFO - DAG(s) dict_keys(['example_branch_python_operator_decorator']) retrieved from /home/angry/mlops_4/venv4/lib/python3.10/site-packages/airflow/example_dags/example_branch_operator_decorator.py
[2024-01-18T21:47:42.352+0300] {logging_mixin.py:137} INFO - [2024-01-18T21:47:42.351+0300] {dag.py:2705} INFO - Sync 1 DAGs
[2024-01-18T21:47:42.395+0300] {logging_mixin.py:137} INFO - [2024-01-18T21:47:42.395+0300] {dag.py:3452} INFO - Setting next_dagrun for example_branch_python_operator_decorator to 2024-01-17T00:00:00+00:00, run_after=2024-01-18T00:00:00+00:00
[2024-01-18T21:47:42.435+0300] {processor.py:175} INFO - Processing /home/angry/mlops_4/venv4/lib/python3.10/site-packages/airflow/example_dags/example_branch_operator_decorator.py took 0.196 seconds
[2024-01-18T21:48:32.693+0300] {processor.py:153} INFO - Started process (PID=4838) to work on /home/angry/mlops_4/venv4/lib/python3.10/site-packages/airflow/example_dags/example_branch_operator_decorator.py
[2024-01-18T21:48:32.695+0300] {processor.py:743} INFO - Processing file /home/angry/mlops_4/venv4/lib/python3.10/site-packages/airflow/example_dags/example_branch_operator_decorator.py for tasks to queue
[2024-01-18T21:48:32.697+0300] {logging_mixin.py:137} INFO - [2024-01-18T21:48:32.696+0300] {dagbag.py:532} INFO - Filling up the DagBag from /home/angry/mlops_4/venv4/lib/python3.10/site-packages/airflow/example_dags/example_branch_operator_decorator.py
[2024-01-18T21:48:32.752+0300] {processor.py:753} INFO - DAG(s) dict_keys(['example_branch_python_operator_decorator']) retrieved from /home/angry/mlops_4/venv4/lib/python3.10/site-packages/airflow/example_dags/example_branch_operator_decorator.py
[2024-01-18T21:48:32.797+0300] {logging_mixin.py:137} INFO - [2024-01-18T21:48:32.797+0300] {dag.py:2705} INFO - Sync 1 DAGs
[2024-01-18T21:48:32.845+0300] {logging_mixin.py:137} INFO - [2024-01-18T21:48:32.845+0300] {dag.py:3452} INFO - Setting next_dagrun for example_branch_python_operator_decorator to 2024-01-17T00:00:00+00:00, run_after=2024-01-18T00:00:00+00:00
[2024-01-18T21:48:32.894+0300] {processor.py:175} INFO - Processing /home/angry/mlops_4/venv4/lib/python3.10/site-packages/airflow/example_dags/example_branch_operator_decorator.py took 0.211 seconds
[2024-01-18T21:49:24.139+0300] {processor.py:153} INFO - Started process (PID=4887) to work on /home/angry/mlops_4/venv4/lib/python3.10/site-packages/airflow/example_dags/example_branch_operator_decorator.py
[2024-01-18T21:49:24.142+0300] {processor.py:743} INFO - Processing file /home/angry/mlops_4/venv4/lib/python3.10/site-packages/airflow/example_dags/example_branch_operator_decorator.py for tasks to queue
[2024-01-18T21:49:24.144+0300] {logging_mixin.py:137} INFO - [2024-01-18T21:49:24.143+0300] {dagbag.py:532} INFO - Filling up the DagBag from /home/angry/mlops_4/venv4/lib/python3.10/site-packages/airflow/example_dags/example_branch_operator_decorator.py
[2024-01-18T21:49:24.201+0300] {processor.py:753} INFO - DAG(s) dict_keys(['example_branch_python_operator_decorator']) retrieved from /home/angry/mlops_4/venv4/lib/python3.10/site-packages/airflow/example_dags/example_branch_operator_decorator.py
[2024-01-18T21:49:24.246+0300] {logging_mixin.py:137} INFO - [2024-01-18T21:49:24.246+0300] {dag.py:2705} INFO - Sync 1 DAGs
[2024-01-18T21:49:24.294+0300] {logging_mixin.py:137} INFO - [2024-01-18T21:49:24.293+0300] {dag.py:3452} INFO - Setting next_dagrun for example_branch_python_operator_decorator to 2024-01-17T00:00:00+00:00, run_after=2024-01-18T00:00:00+00:00
[2024-01-18T21:49:24.333+0300] {processor.py:175} INFO - Processing /home/angry/mlops_4/venv4/lib/python3.10/site-packages/airflow/example_dags/example_branch_operator_decorator.py took 0.201 seconds
[2024-01-18T21:50:13.968+0300] {processor.py:153} INFO - Started process (PID=4934) to work on /home/angry/mlops_4/venv4/lib/python3.10/site-packages/airflow/example_dags/example_branch_operator_decorator.py
[2024-01-18T21:50:13.971+0300] {processor.py:743} INFO - Processing file /home/angry/mlops_4/venv4/lib/python3.10/site-packages/airflow/example_dags/example_branch_operator_decorator.py for tasks to queue
[2024-01-18T21:50:13.972+0300] {logging_mixin.py:137} INFO - [2024-01-18T21:50:13.972+0300] {dagbag.py:532} INFO - Filling up the DagBag from /home/angry/mlops_4/venv4/lib/python3.10/site-packages/airflow/example_dags/example_branch_operator_decorator.py
[2024-01-18T21:50:14.041+0300] {processor.py:753} INFO - DAG(s) dict_keys(['example_branch_python_operator_decorator']) retrieved from /home/angry/mlops_4/venv4/lib/python3.10/site-packages/airflow/example_dags/example_branch_operator_decorator.py
[2024-01-18T21:50:14.090+0300] {logging_mixin.py:137} INFO - [2024-01-18T21:50:14.090+0300] {dag.py:2705} INFO - Sync 1 DAGs
[2024-01-18T21:50:14.130+0300] {logging_mixin.py:137} INFO - [2024-01-18T21:50:14.130+0300] {dag.py:3452} INFO - Setting next_dagrun for example_branch_python_operator_decorator to 2024-01-17T00:00:00+00:00, run_after=2024-01-18T00:00:00+00:00
[2024-01-18T21:50:14.168+0300] {processor.py:175} INFO - Processing /home/angry/mlops_4/venv4/lib/python3.10/site-packages/airflow/example_dags/example_branch_operator_decorator.py took 0.207 seconds
[2024-01-18T21:51:06.091+0300] {processor.py:153} INFO - Started process (PID=4984) to work on /home/angry/mlops_4/venv4/lib/python3.10/site-packages/airflow/example_dags/example_branch_operator_decorator.py
[2024-01-18T21:51:06.094+0300] {processor.py:743} INFO - Processing file /home/angry/mlops_4/venv4/lib/python3.10/site-packages/airflow/example_dags/example_branch_operator_decorator.py for tasks to queue
[2024-01-18T21:51:06.096+0300] {logging_mixin.py:137} INFO - [2024-01-18T21:51:06.095+0300] {dagbag.py:532} INFO - Filling up the DagBag from /home/angry/mlops_4/venv4/lib/python3.10/site-packages/airflow/example_dags/example_branch_operator_decorator.py
[2024-01-18T21:51:06.165+0300] {processor.py:753} INFO - DAG(s) dict_keys(['example_branch_python_operator_decorator']) retrieved from /home/angry/mlops_4/venv4/lib/python3.10/site-packages/airflow/example_dags/example_branch_operator_decorator.py
[2024-01-18T21:51:06.214+0300] {logging_mixin.py:137} INFO - [2024-01-18T21:51:06.214+0300] {dag.py:2705} INFO - Sync 1 DAGs
[2024-01-18T21:51:06.259+0300] {logging_mixin.py:137} INFO - [2024-01-18T21:51:06.258+0300] {dag.py:3452} INFO - Setting next_dagrun for example_branch_python_operator_decorator to 2024-01-17T00:00:00+00:00, run_after=2024-01-18T00:00:00+00:00
[2024-01-18T21:51:06.302+0300] {processor.py:175} INFO - Processing /home/angry/mlops_4/venv4/lib/python3.10/site-packages/airflow/example_dags/example_branch_operator_decorator.py took 0.220 seconds
[2024-01-18T21:51:57.141+0300] {processor.py:153} INFO - Started process (PID=5034) to work on /home/angry/mlops_4/venv4/lib/python3.10/site-packages/airflow/example_dags/example_branch_operator_decorator.py
[2024-01-18T21:51:57.144+0300] {processor.py:743} INFO - Processing file /home/angry/mlops_4/venv4/lib/python3.10/site-packages/airflow/example_dags/example_branch_operator_decorator.py for tasks to queue
[2024-01-18T21:51:57.146+0300] {logging_mixin.py:137} INFO - [2024-01-18T21:51:57.146+0300] {dagbag.py:532} INFO - Filling up the DagBag from /home/angry/mlops_4/venv4/lib/python3.10/site-packages/airflow/example_dags/example_branch_operator_decorator.py
[2024-01-18T21:51:57.210+0300] {processor.py:753} INFO - DAG(s) dict_keys(['example_branch_python_operator_decorator']) retrieved from /home/angry/mlops_4/venv4/lib/python3.10/site-packages/airflow/example_dags/example_branch_operator_decorator.py
[2024-01-18T21:51:57.261+0300] {logging_mixin.py:137} INFO - [2024-01-18T21:51:57.261+0300] {dag.py:2705} INFO - Sync 1 DAGs
[2024-01-18T21:51:57.305+0300] {logging_mixin.py:137} INFO - [2024-01-18T21:51:57.305+0300] {dag.py:3452} INFO - Setting next_dagrun for example_branch_python_operator_decorator to 2024-01-17T00:00:00+00:00, run_after=2024-01-18T00:00:00+00:00
[2024-01-18T21:51:57.347+0300] {processor.py:175} INFO - Processing /home/angry/mlops_4/venv4/lib/python3.10/site-packages/airflow/example_dags/example_branch_operator_decorator.py took 0.216 seconds
[2024-01-18T21:52:55.448+0300] {processor.py:153} INFO - Started process (PID=5088) to work on /home/angry/mlops_4/venv4/lib/python3.10/site-packages/airflow/example_dags/example_branch_operator_decorator.py
[2024-01-18T21:52:55.452+0300] {processor.py:743} INFO - Processing file /home/angry/mlops_4/venv4/lib/python3.10/site-packages/airflow/example_dags/example_branch_operator_decorator.py for tasks to queue
[2024-01-18T21:52:55.454+0300] {logging_mixin.py:137} INFO - [2024-01-18T21:52:55.453+0300] {dagbag.py:532} INFO - Filling up the DagBag from /home/angry/mlops_4/venv4/lib/python3.10/site-packages/airflow/example_dags/example_branch_operator_decorator.py
[2024-01-18T21:52:55.566+0300] {processor.py:753} INFO - DAG(s) dict_keys(['example_branch_python_operator_decorator']) retrieved from /home/angry/mlops_4/venv4/lib/python3.10/site-packages/airflow/example_dags/example_branch_operator_decorator.py
[2024-01-18T21:52:55.664+0300] {logging_mixin.py:137} INFO - [2024-01-18T21:52:55.664+0300] {dag.py:2705} INFO - Sync 1 DAGs
[2024-01-18T21:52:55.753+0300] {logging_mixin.py:137} INFO - [2024-01-18T21:52:55.752+0300] {dag.py:3452} INFO - Setting next_dagrun for example_branch_python_operator_decorator to 2024-01-17T00:00:00+00:00, run_after=2024-01-18T00:00:00+00:00
[2024-01-18T21:52:55.832+0300] {processor.py:175} INFO - Processing /home/angry/mlops_4/venv4/lib/python3.10/site-packages/airflow/example_dags/example_branch_operator_decorator.py took 0.405 seconds
[2024-01-18T21:53:53.984+0300] {processor.py:153} INFO - Started process (PID=5143) to work on /home/angry/mlops_4/venv4/lib/python3.10/site-packages/airflow/example_dags/example_branch_operator_decorator.py
[2024-01-18T21:53:53.993+0300] {processor.py:743} INFO - Processing file /home/angry/mlops_4/venv4/lib/python3.10/site-packages/airflow/example_dags/example_branch_operator_decorator.py for tasks to queue
[2024-01-18T21:53:53.999+0300] {logging_mixin.py:137} INFO - [2024-01-18T21:53:53.998+0300] {dagbag.py:532} INFO - Filling up the DagBag from /home/angry/mlops_4/venv4/lib/python3.10/site-packages/airflow/example_dags/example_branch_operator_decorator.py
[2024-01-18T21:53:54.133+0300] {processor.py:753} INFO - DAG(s) dict_keys(['example_branch_python_operator_decorator']) retrieved from /home/angry/mlops_4/venv4/lib/python3.10/site-packages/airflow/example_dags/example_branch_operator_decorator.py
[2024-01-18T21:53:54.225+0300] {logging_mixin.py:137} INFO - [2024-01-18T21:53:54.224+0300] {dag.py:2705} INFO - Sync 1 DAGs
[2024-01-18T21:53:54.317+0300] {logging_mixin.py:137} INFO - [2024-01-18T21:53:54.316+0300] {dag.py:3452} INFO - Setting next_dagrun for example_branch_python_operator_decorator to 2024-01-17T00:00:00+00:00, run_after=2024-01-18T00:00:00+00:00
[2024-01-18T21:53:54.376+0300] {processor.py:175} INFO - Processing /home/angry/mlops_4/venv4/lib/python3.10/site-packages/airflow/example_dags/example_branch_operator_decorator.py took 0.415 seconds
[2024-01-18T22:01:04.164+0300] {processor.py:153} INFO - Started process (PID=5541) to work on /home/angry/mlops_4/venv4/lib/python3.10/site-packages/airflow/example_dags/example_branch_operator_decorator.py
[2024-01-18T22:01:04.167+0300] {processor.py:743} INFO - Processing file /home/angry/mlops_4/venv4/lib/python3.10/site-packages/airflow/example_dags/example_branch_operator_decorator.py for tasks to queue
[2024-01-18T22:01:04.169+0300] {logging_mixin.py:137} INFO - [2024-01-18T22:01:04.169+0300] {dagbag.py:532} INFO - Filling up the DagBag from /home/angry/mlops_4/venv4/lib/python3.10/site-packages/airflow/example_dags/example_branch_operator_decorator.py
[2024-01-18T22:01:04.218+0300] {processor.py:753} INFO - DAG(s) dict_keys(['example_branch_python_operator_decorator']) retrieved from /home/angry/mlops_4/venv4/lib/python3.10/site-packages/airflow/example_dags/example_branch_operator_decorator.py
[2024-01-18T22:01:04.264+0300] {logging_mixin.py:137} INFO - [2024-01-18T22:01:04.264+0300] {dag.py:2705} INFO - Sync 1 DAGs
[2024-01-18T22:01:04.323+0300] {logging_mixin.py:137} INFO - [2024-01-18T22:01:04.322+0300] {dag.py:3452} INFO - Setting next_dagrun for example_branch_python_operator_decorator to 2024-01-17T00:00:00+00:00, run_after=2024-01-18T00:00:00+00:00
[2024-01-18T22:01:04.375+0300] {processor.py:175} INFO - Processing /home/angry/mlops_4/venv4/lib/python3.10/site-packages/airflow/example_dags/example_branch_operator_decorator.py took 0.219 seconds
