[2024-01-18T21:37:10.447+0300] {processor.py:153} INFO - Started process (PID=3320) to work on /home/angry/mlops_4/venv4/lib/python3.10/site-packages/airflow/example_dags/example_kubernetes_executor.py
[2024-01-18T21:37:10.450+0300] {processor.py:743} INFO - Processing file /home/angry/mlops_4/venv4/lib/python3.10/site-packages/airflow/example_dags/example_kubernetes_executor.py for tasks to queue
[2024-01-18T21:37:10.451+0300] {logging_mixin.py:137} INFO - [2024-01-18T21:37:10.451+0300] {dagbag.py:532} INFO - Filling up the DagBag from /home/angry/mlops_4/venv4/lib/python3.10/site-packages/airflow/example_dags/example_kubernetes_executor.py
[2024-01-18T21:37:10.490+0300] {logging_mixin.py:137} INFO - [2024-01-18T21:37:10.490+0300] {example_kubernetes_executor.py:41} WARNING - The example_kubernetes_executor example DAG requires the kubernetes provider. Please install it with: pip install apache-airflow[cncf.kubernetes]
[2024-01-18T21:37:10.490+0300] {processor.py:755} WARNING - No viable dags retrieved from /home/angry/mlops_4/venv4/lib/python3.10/site-packages/airflow/example_dags/example_kubernetes_executor.py
[2024-01-18T21:37:10.515+0300] {processor.py:175} INFO - Processing /home/angry/mlops_4/venv4/lib/python3.10/site-packages/airflow/example_dags/example_kubernetes_executor.py took 0.077 seconds
[2024-01-18T21:38:14.683+0300] {processor.py:153} INFO - Started process (PID=3512) to work on /home/angry/mlops_4/venv4/lib/python3.10/site-packages/airflow/example_dags/example_kubernetes_executor.py
[2024-01-18T21:38:14.687+0300] {processor.py:743} INFO - Processing file /home/angry/mlops_4/venv4/lib/python3.10/site-packages/airflow/example_dags/example_kubernetes_executor.py for tasks to queue
[2024-01-18T21:38:14.689+0300] {logging_mixin.py:137} INFO - [2024-01-18T21:38:14.689+0300] {dagbag.py:532} INFO - Filling up the DagBag from /home/angry/mlops_4/venv4/lib/python3.10/site-packages/airflow/example_dags/example_kubernetes_executor.py
[2024-01-18T21:38:14.743+0300] {logging_mixin.py:137} INFO - [2024-01-18T21:38:14.742+0300] {example_kubernetes_executor.py:41} WARNING - The example_kubernetes_executor example DAG requires the kubernetes provider. Please install it with: pip install apache-airflow[cncf.kubernetes]
[2024-01-18T21:38:14.744+0300] {processor.py:755} WARNING - No viable dags retrieved from /home/angry/mlops_4/venv4/lib/python3.10/site-packages/airflow/example_dags/example_kubernetes_executor.py
[2024-01-18T21:38:14.764+0300] {processor.py:175} INFO - Processing /home/angry/mlops_4/venv4/lib/python3.10/site-packages/airflow/example_dags/example_kubernetes_executor.py took 0.092 seconds
[2024-01-18T21:39:26.586+0300] {processor.py:153} INFO - Started process (PID=4148) to work on /home/angry/mlops_4/venv4/lib/python3.10/site-packages/airflow/example_dags/example_kubernetes_executor.py
[2024-01-18T21:39:26.591+0300] {processor.py:743} INFO - Processing file /home/angry/mlops_4/venv4/lib/python3.10/site-packages/airflow/example_dags/example_kubernetes_executor.py for tasks to queue
[2024-01-18T21:39:26.594+0300] {logging_mixin.py:137} INFO - [2024-01-18T21:39:26.593+0300] {dagbag.py:532} INFO - Filling up the DagBag from /home/angry/mlops_4/venv4/lib/python3.10/site-packages/airflow/example_dags/example_kubernetes_executor.py
[2024-01-18T21:39:26.656+0300] {logging_mixin.py:137} INFO - [2024-01-18T21:39:26.656+0300] {example_kubernetes_executor.py:41} WARNING - The example_kubernetes_executor example DAG requires the kubernetes provider. Please install it with: pip install apache-airflow[cncf.kubernetes]
[2024-01-18T21:39:26.657+0300] {processor.py:755} WARNING - No viable dags retrieved from /home/angry/mlops_4/venv4/lib/python3.10/site-packages/airflow/example_dags/example_kubernetes_executor.py
[2024-01-18T21:39:26.678+0300] {processor.py:175} INFO - Processing /home/angry/mlops_4/venv4/lib/python3.10/site-packages/airflow/example_dags/example_kubernetes_executor.py took 0.118 seconds
[2024-01-18T21:40:24.085+0300] {processor.py:153} INFO - Started process (PID=4212) to work on /home/angry/mlops_4/venv4/lib/python3.10/site-packages/airflow/example_dags/example_kubernetes_executor.py
[2024-01-18T21:40:24.087+0300] {processor.py:743} INFO - Processing file /home/angry/mlops_4/venv4/lib/python3.10/site-packages/airflow/example_dags/example_kubernetes_executor.py for tasks to queue
[2024-01-18T21:40:24.089+0300] {logging_mixin.py:137} INFO - [2024-01-18T21:40:24.089+0300] {dagbag.py:532} INFO - Filling up the DagBag from /home/angry/mlops_4/venv4/lib/python3.10/site-packages/airflow/example_dags/example_kubernetes_executor.py
[2024-01-18T21:40:24.130+0300] {logging_mixin.py:137} INFO - [2024-01-18T21:40:24.130+0300] {example_kubernetes_executor.py:41} WARNING - The example_kubernetes_executor example DAG requires the kubernetes provider. Please install it with: pip install apache-airflow[cncf.kubernetes]
[2024-01-18T21:40:24.132+0300] {processor.py:755} WARNING - No viable dags retrieved from /home/angry/mlops_4/venv4/lib/python3.10/site-packages/airflow/example_dags/example_kubernetes_executor.py
[2024-01-18T21:40:24.151+0300] {processor.py:175} INFO - Processing /home/angry/mlops_4/venv4/lib/python3.10/site-packages/airflow/example_dags/example_kubernetes_executor.py took 0.074 seconds
[2024-01-18T21:41:33.152+0300] {processor.py:153} INFO - Started process (PID=4319) to work on /home/angry/mlops_4/venv4/lib/python3.10/site-packages/airflow/example_dags/example_kubernetes_executor.py
[2024-01-18T21:41:33.159+0300] {processor.py:743} INFO - Processing file /home/angry/mlops_4/venv4/lib/python3.10/site-packages/airflow/example_dags/example_kubernetes_executor.py for tasks to queue
[2024-01-18T21:41:33.162+0300] {logging_mixin.py:137} INFO - [2024-01-18T21:41:33.160+0300] {dagbag.py:532} INFO - Filling up the DagBag from /home/angry/mlops_4/venv4/lib/python3.10/site-packages/airflow/example_dags/example_kubernetes_executor.py
[2024-01-18T21:41:33.307+0300] {logging_mixin.py:137} INFO - [2024-01-18T21:41:33.307+0300] {example_kubernetes_executor.py:41} WARNING - The example_kubernetes_executor example DAG requires the kubernetes provider. Please install it with: pip install apache-airflow[cncf.kubernetes]
[2024-01-18T21:41:33.308+0300] {processor.py:755} WARNING - No viable dags retrieved from /home/angry/mlops_4/venv4/lib/python3.10/site-packages/airflow/example_dags/example_kubernetes_executor.py
[2024-01-18T21:41:33.346+0300] {processor.py:175} INFO - Processing /home/angry/mlops_4/venv4/lib/python3.10/site-packages/airflow/example_dags/example_kubernetes_executor.py took 0.209 seconds
[2024-01-18T21:42:28.946+0300] {processor.py:153} INFO - Started process (PID=4381) to work on /home/angry/mlops_4/venv4/lib/python3.10/site-packages/airflow/example_dags/example_kubernetes_executor.py
[2024-01-18T21:42:28.948+0300] {processor.py:743} INFO - Processing file /home/angry/mlops_4/venv4/lib/python3.10/site-packages/airflow/example_dags/example_kubernetes_executor.py for tasks to queue
[2024-01-18T21:42:28.950+0300] {logging_mixin.py:137} INFO - [2024-01-18T21:42:28.949+0300] {dagbag.py:532} INFO - Filling up the DagBag from /home/angry/mlops_4/venv4/lib/python3.10/site-packages/airflow/example_dags/example_kubernetes_executor.py
[2024-01-18T21:42:29.192+0300] {logging_mixin.py:137} INFO - [2024-01-18T21:42:29.192+0300] {example_kubernetes_executor.py:41} WARNING - The example_kubernetes_executor example DAG requires the kubernetes provider. Please install it with: pip install apache-airflow[cncf.kubernetes]
[2024-01-18T21:42:29.193+0300] {processor.py:755} WARNING - No viable dags retrieved from /home/angry/mlops_4/venv4/lib/python3.10/site-packages/airflow/example_dags/example_kubernetes_executor.py
[2024-01-18T21:42:29.205+0300] {processor.py:175} INFO - Processing /home/angry/mlops_4/venv4/lib/python3.10/site-packages/airflow/example_dags/example_kubernetes_executor.py took 0.268 seconds
[2024-01-18T21:43:22.733+0300] {processor.py:153} INFO - Started process (PID=4433) to work on /home/angry/mlops_4/venv4/lib/python3.10/site-packages/airflow/example_dags/example_kubernetes_executor.py
[2024-01-18T21:43:22.736+0300] {processor.py:743} INFO - Processing file /home/angry/mlops_4/venv4/lib/python3.10/site-packages/airflow/example_dags/example_kubernetes_executor.py for tasks to queue
[2024-01-18T21:43:22.738+0300] {logging_mixin.py:137} INFO - [2024-01-18T21:43:22.738+0300] {dagbag.py:532} INFO - Filling up the DagBag from /home/angry/mlops_4/venv4/lib/python3.10/site-packages/airflow/example_dags/example_kubernetes_executor.py
[2024-01-18T21:43:22.776+0300] {logging_mixin.py:137} INFO - [2024-01-18T21:43:22.776+0300] {example_kubernetes_executor.py:41} WARNING - The example_kubernetes_executor example DAG requires the kubernetes provider. Please install it with: pip install apache-airflow[cncf.kubernetes]
[2024-01-18T21:43:22.777+0300] {processor.py:755} WARNING - No viable dags retrieved from /home/angry/mlops_4/venv4/lib/python3.10/site-packages/airflow/example_dags/example_kubernetes_executor.py
[2024-01-18T21:43:22.796+0300] {processor.py:175} INFO - Processing /home/angry/mlops_4/venv4/lib/python3.10/site-packages/airflow/example_dags/example_kubernetes_executor.py took 0.071 seconds
[2024-01-18T21:44:12.157+0300] {processor.py:153} INFO - Started process (PID=4484) to work on /home/angry/mlops_4/venv4/lib/python3.10/site-packages/airflow/example_dags/example_kubernetes_executor.py
[2024-01-18T21:44:12.159+0300] {processor.py:743} INFO - Processing file /home/angry/mlops_4/venv4/lib/python3.10/site-packages/airflow/example_dags/example_kubernetes_executor.py for tasks to queue
[2024-01-18T21:44:12.161+0300] {logging_mixin.py:137} INFO - [2024-01-18T21:44:12.160+0300] {dagbag.py:532} INFO - Filling up the DagBag from /home/angry/mlops_4/venv4/lib/python3.10/site-packages/airflow/example_dags/example_kubernetes_executor.py
[2024-01-18T21:44:12.202+0300] {logging_mixin.py:137} INFO - [2024-01-18T21:44:12.201+0300] {example_kubernetes_executor.py:41} WARNING - The example_kubernetes_executor example DAG requires the kubernetes provider. Please install it with: pip install apache-airflow[cncf.kubernetes]
[2024-01-18T21:44:12.202+0300] {processor.py:755} WARNING - No viable dags retrieved from /home/angry/mlops_4/venv4/lib/python3.10/site-packages/airflow/example_dags/example_kubernetes_executor.py
[2024-01-18T21:44:12.221+0300] {processor.py:175} INFO - Processing /home/angry/mlops_4/venv4/lib/python3.10/site-packages/airflow/example_dags/example_kubernetes_executor.py took 0.072 seconds
[2024-01-18T21:45:04.314+0300] {processor.py:153} INFO - Started process (PID=4560) to work on /home/angry/mlops_4/venv4/lib/python3.10/site-packages/airflow/example_dags/example_kubernetes_executor.py
[2024-01-18T21:45:04.317+0300] {processor.py:743} INFO - Processing file /home/angry/mlops_4/venv4/lib/python3.10/site-packages/airflow/example_dags/example_kubernetes_executor.py for tasks to queue
[2024-01-18T21:45:04.319+0300] {logging_mixin.py:137} INFO - [2024-01-18T21:45:04.319+0300] {dagbag.py:532} INFO - Filling up the DagBag from /home/angry/mlops_4/venv4/lib/python3.10/site-packages/airflow/example_dags/example_kubernetes_executor.py
[2024-01-18T21:45:04.370+0300] {logging_mixin.py:137} INFO - [2024-01-18T21:45:04.369+0300] {example_kubernetes_executor.py:41} WARNING - The example_kubernetes_executor example DAG requires the kubernetes provider. Please install it with: pip install apache-airflow[cncf.kubernetes]
[2024-01-18T21:45:04.370+0300] {processor.py:755} WARNING - No viable dags retrieved from /home/angry/mlops_4/venv4/lib/python3.10/site-packages/airflow/example_dags/example_kubernetes_executor.py
[2024-01-18T21:45:04.418+0300] {processor.py:175} INFO - Processing /home/angry/mlops_4/venv4/lib/python3.10/site-packages/airflow/example_dags/example_kubernetes_executor.py took 0.111 seconds
[2024-01-18T21:45:53.291+0300] {processor.py:153} INFO - Started process (PID=4625) to work on /home/angry/mlops_4/venv4/lib/python3.10/site-packages/airflow/example_dags/example_kubernetes_executor.py
[2024-01-18T21:45:53.293+0300] {processor.py:743} INFO - Processing file /home/angry/mlops_4/venv4/lib/python3.10/site-packages/airflow/example_dags/example_kubernetes_executor.py for tasks to queue
[2024-01-18T21:45:53.295+0300] {logging_mixin.py:137} INFO - [2024-01-18T21:45:53.294+0300] {dagbag.py:532} INFO - Filling up the DagBag from /home/angry/mlops_4/venv4/lib/python3.10/site-packages/airflow/example_dags/example_kubernetes_executor.py
[2024-01-18T21:45:53.330+0300] {logging_mixin.py:137} INFO - [2024-01-18T21:45:53.330+0300] {example_kubernetes_executor.py:41} WARNING - The example_kubernetes_executor example DAG requires the kubernetes provider. Please install it with: pip install apache-airflow[cncf.kubernetes]
[2024-01-18T21:45:53.331+0300] {processor.py:755} WARNING - No viable dags retrieved from /home/angry/mlops_4/venv4/lib/python3.10/site-packages/airflow/example_dags/example_kubernetes_executor.py
[2024-01-18T21:45:53.349+0300] {processor.py:175} INFO - Processing /home/angry/mlops_4/venv4/lib/python3.10/site-packages/airflow/example_dags/example_kubernetes_executor.py took 0.066 seconds
[2024-01-18T21:46:42.302+0300] {processor.py:153} INFO - Started process (PID=4696) to work on /home/angry/mlops_4/venv4/lib/python3.10/site-packages/airflow/example_dags/example_kubernetes_executor.py
[2024-01-18T21:46:42.305+0300] {processor.py:743} INFO - Processing file /home/angry/mlops_4/venv4/lib/python3.10/site-packages/airflow/example_dags/example_kubernetes_executor.py for tasks to queue
[2024-01-18T21:46:42.306+0300] {logging_mixin.py:137} INFO - [2024-01-18T21:46:42.306+0300] {dagbag.py:532} INFO - Filling up the DagBag from /home/angry/mlops_4/venv4/lib/python3.10/site-packages/airflow/example_dags/example_kubernetes_executor.py
[2024-01-18T21:46:42.343+0300] {logging_mixin.py:137} INFO - [2024-01-18T21:46:42.343+0300] {example_kubernetes_executor.py:41} WARNING - The example_kubernetes_executor example DAG requires the kubernetes provider. Please install it with: pip install apache-airflow[cncf.kubernetes]
[2024-01-18T21:46:42.344+0300] {processor.py:755} WARNING - No viable dags retrieved from /home/angry/mlops_4/venv4/lib/python3.10/site-packages/airflow/example_dags/example_kubernetes_executor.py
[2024-01-18T21:46:42.363+0300] {processor.py:175} INFO - Processing /home/angry/mlops_4/venv4/lib/python3.10/site-packages/airflow/example_dags/example_kubernetes_executor.py took 0.068 seconds
[2024-01-18T21:47:33.138+0300] {processor.py:153} INFO - Started process (PID=4760) to work on /home/angry/mlops_4/venv4/lib/python3.10/site-packages/airflow/example_dags/example_kubernetes_executor.py
[2024-01-18T21:47:33.141+0300] {processor.py:743} INFO - Processing file /home/angry/mlops_4/venv4/lib/python3.10/site-packages/airflow/example_dags/example_kubernetes_executor.py for tasks to queue
[2024-01-18T21:47:33.142+0300] {logging_mixin.py:137} INFO - [2024-01-18T21:47:33.142+0300] {dagbag.py:532} INFO - Filling up the DagBag from /home/angry/mlops_4/venv4/lib/python3.10/site-packages/airflow/example_dags/example_kubernetes_executor.py
[2024-01-18T21:47:33.184+0300] {logging_mixin.py:137} INFO - [2024-01-18T21:47:33.184+0300] {example_kubernetes_executor.py:41} WARNING - The example_kubernetes_executor example DAG requires the kubernetes provider. Please install it with: pip install apache-airflow[cncf.kubernetes]
[2024-01-18T21:47:33.185+0300] {processor.py:755} WARNING - No viable dags retrieved from /home/angry/mlops_4/venv4/lib/python3.10/site-packages/airflow/example_dags/example_kubernetes_executor.py
[2024-01-18T21:47:33.203+0300] {processor.py:175} INFO - Processing /home/angry/mlops_4/venv4/lib/python3.10/site-packages/airflow/example_dags/example_kubernetes_executor.py took 0.073 seconds
[2024-01-18T21:48:22.479+0300] {processor.py:153} INFO - Started process (PID=4828) to work on /home/angry/mlops_4/venv4/lib/python3.10/site-packages/airflow/example_dags/example_kubernetes_executor.py
[2024-01-18T21:48:22.481+0300] {processor.py:743} INFO - Processing file /home/angry/mlops_4/venv4/lib/python3.10/site-packages/airflow/example_dags/example_kubernetes_executor.py for tasks to queue
[2024-01-18T21:48:22.483+0300] {logging_mixin.py:137} INFO - [2024-01-18T21:48:22.482+0300] {dagbag.py:532} INFO - Filling up the DagBag from /home/angry/mlops_4/venv4/lib/python3.10/site-packages/airflow/example_dags/example_kubernetes_executor.py
[2024-01-18T21:48:22.521+0300] {logging_mixin.py:137} INFO - [2024-01-18T21:48:22.521+0300] {example_kubernetes_executor.py:41} WARNING - The example_kubernetes_executor example DAG requires the kubernetes provider. Please install it with: pip install apache-airflow[cncf.kubernetes]
[2024-01-18T21:48:22.522+0300] {processor.py:755} WARNING - No viable dags retrieved from /home/angry/mlops_4/venv4/lib/python3.10/site-packages/airflow/example_dags/example_kubernetes_executor.py
[2024-01-18T21:48:22.542+0300] {processor.py:175} INFO - Processing /home/angry/mlops_4/venv4/lib/python3.10/site-packages/airflow/example_dags/example_kubernetes_executor.py took 0.071 seconds
[2024-01-18T21:49:15.133+0300] {processor.py:153} INFO - Started process (PID=4878) to work on /home/angry/mlops_4/venv4/lib/python3.10/site-packages/airflow/example_dags/example_kubernetes_executor.py
[2024-01-18T21:49:15.136+0300] {processor.py:743} INFO - Processing file /home/angry/mlops_4/venv4/lib/python3.10/site-packages/airflow/example_dags/example_kubernetes_executor.py for tasks to queue
[2024-01-18T21:49:15.138+0300] {logging_mixin.py:137} INFO - [2024-01-18T21:49:15.137+0300] {dagbag.py:532} INFO - Filling up the DagBag from /home/angry/mlops_4/venv4/lib/python3.10/site-packages/airflow/example_dags/example_kubernetes_executor.py
[2024-01-18T21:49:15.175+0300] {logging_mixin.py:137} INFO - [2024-01-18T21:49:15.175+0300] {example_kubernetes_executor.py:41} WARNING - The example_kubernetes_executor example DAG requires the kubernetes provider. Please install it with: pip install apache-airflow[cncf.kubernetes]
[2024-01-18T21:49:15.175+0300] {processor.py:755} WARNING - No viable dags retrieved from /home/angry/mlops_4/venv4/lib/python3.10/site-packages/airflow/example_dags/example_kubernetes_executor.py
[2024-01-18T21:49:15.196+0300] {processor.py:175} INFO - Processing /home/angry/mlops_4/venv4/lib/python3.10/site-packages/airflow/example_dags/example_kubernetes_executor.py took 0.071 seconds
[2024-01-18T21:50:05.486+0300] {processor.py:153} INFO - Started process (PID=4926) to work on /home/angry/mlops_4/venv4/lib/python3.10/site-packages/airflow/example_dags/example_kubernetes_executor.py
[2024-01-18T21:50:05.489+0300] {processor.py:743} INFO - Processing file /home/angry/mlops_4/venv4/lib/python3.10/site-packages/airflow/example_dags/example_kubernetes_executor.py for tasks to queue
[2024-01-18T21:50:05.494+0300] {logging_mixin.py:137} INFO - [2024-01-18T21:50:05.494+0300] {dagbag.py:532} INFO - Filling up the DagBag from /home/angry/mlops_4/venv4/lib/python3.10/site-packages/airflow/example_dags/example_kubernetes_executor.py
[2024-01-18T21:50:05.531+0300] {logging_mixin.py:137} INFO - [2024-01-18T21:50:05.531+0300] {example_kubernetes_executor.py:41} WARNING - The example_kubernetes_executor example DAG requires the kubernetes provider. Please install it with: pip install apache-airflow[cncf.kubernetes]
[2024-01-18T21:50:05.532+0300] {processor.py:755} WARNING - No viable dags retrieved from /home/angry/mlops_4/venv4/lib/python3.10/site-packages/airflow/example_dags/example_kubernetes_executor.py
[2024-01-18T21:50:05.552+0300] {processor.py:175} INFO - Processing /home/angry/mlops_4/venv4/lib/python3.10/site-packages/airflow/example_dags/example_kubernetes_executor.py took 0.074 seconds
[2024-01-18T21:50:56.426+0300] {processor.py:153} INFO - Started process (PID=4975) to work on /home/angry/mlops_4/venv4/lib/python3.10/site-packages/airflow/example_dags/example_kubernetes_executor.py
[2024-01-18T21:50:56.428+0300] {processor.py:743} INFO - Processing file /home/angry/mlops_4/venv4/lib/python3.10/site-packages/airflow/example_dags/example_kubernetes_executor.py for tasks to queue
[2024-01-18T21:50:56.430+0300] {logging_mixin.py:137} INFO - [2024-01-18T21:50:56.429+0300] {dagbag.py:532} INFO - Filling up the DagBag from /home/angry/mlops_4/venv4/lib/python3.10/site-packages/airflow/example_dags/example_kubernetes_executor.py
[2024-01-18T21:50:56.470+0300] {logging_mixin.py:137} INFO - [2024-01-18T21:50:56.469+0300] {example_kubernetes_executor.py:41} WARNING - The example_kubernetes_executor example DAG requires the kubernetes provider. Please install it with: pip install apache-airflow[cncf.kubernetes]
[2024-01-18T21:50:56.470+0300] {processor.py:755} WARNING - No viable dags retrieved from /home/angry/mlops_4/venv4/lib/python3.10/site-packages/airflow/example_dags/example_kubernetes_executor.py
[2024-01-18T21:50:56.493+0300] {processor.py:175} INFO - Processing /home/angry/mlops_4/venv4/lib/python3.10/site-packages/airflow/example_dags/example_kubernetes_executor.py took 0.075 seconds
[2024-01-18T21:51:48.256+0300] {processor.py:153} INFO - Started process (PID=5024) to work on /home/angry/mlops_4/venv4/lib/python3.10/site-packages/airflow/example_dags/example_kubernetes_executor.py
[2024-01-18T21:51:48.259+0300] {processor.py:743} INFO - Processing file /home/angry/mlops_4/venv4/lib/python3.10/site-packages/airflow/example_dags/example_kubernetes_executor.py for tasks to queue
[2024-01-18T21:51:48.260+0300] {logging_mixin.py:137} INFO - [2024-01-18T21:51:48.260+0300] {dagbag.py:532} INFO - Filling up the DagBag from /home/angry/mlops_4/venv4/lib/python3.10/site-packages/airflow/example_dags/example_kubernetes_executor.py
[2024-01-18T21:51:48.298+0300] {logging_mixin.py:137} INFO - [2024-01-18T21:51:48.298+0300] {example_kubernetes_executor.py:41} WARNING - The example_kubernetes_executor example DAG requires the kubernetes provider. Please install it with: pip install apache-airflow[cncf.kubernetes]
[2024-01-18T21:51:48.298+0300] {processor.py:755} WARNING - No viable dags retrieved from /home/angry/mlops_4/venv4/lib/python3.10/site-packages/airflow/example_dags/example_kubernetes_executor.py
[2024-01-18T21:51:48.317+0300] {processor.py:175} INFO - Processing /home/angry/mlops_4/venv4/lib/python3.10/site-packages/airflow/example_dags/example_kubernetes_executor.py took 0.068 seconds
[2024-01-18T21:52:43.493+0300] {processor.py:153} INFO - Started process (PID=5078) to work on /home/angry/mlops_4/venv4/lib/python3.10/site-packages/airflow/example_dags/example_kubernetes_executor.py
[2024-01-18T21:52:43.500+0300] {processor.py:743} INFO - Processing file /home/angry/mlops_4/venv4/lib/python3.10/site-packages/airflow/example_dags/example_kubernetes_executor.py for tasks to queue
[2024-01-18T21:52:43.503+0300] {logging_mixin.py:137} INFO - [2024-01-18T21:52:43.502+0300] {dagbag.py:532} INFO - Filling up the DagBag from /home/angry/mlops_4/venv4/lib/python3.10/site-packages/airflow/example_dags/example_kubernetes_executor.py
[2024-01-18T21:52:43.571+0300] {logging_mixin.py:137} INFO - [2024-01-18T21:52:43.571+0300] {example_kubernetes_executor.py:41} WARNING - The example_kubernetes_executor example DAG requires the kubernetes provider. Please install it with: pip install apache-airflow[cncf.kubernetes]
[2024-01-18T21:52:43.571+0300] {processor.py:755} WARNING - No viable dags retrieved from /home/angry/mlops_4/venv4/lib/python3.10/site-packages/airflow/example_dags/example_kubernetes_executor.py
[2024-01-18T21:52:43.603+0300] {processor.py:175} INFO - Processing /home/angry/mlops_4/venv4/lib/python3.10/site-packages/airflow/example_dags/example_kubernetes_executor.py took 0.128 seconds
[2024-01-18T21:53:43.072+0300] {processor.py:153} INFO - Started process (PID=5134) to work on /home/angry/mlops_4/venv4/lib/python3.10/site-packages/airflow/example_dags/example_kubernetes_executor.py
[2024-01-18T21:53:43.075+0300] {processor.py:743} INFO - Processing file /home/angry/mlops_4/venv4/lib/python3.10/site-packages/airflow/example_dags/example_kubernetes_executor.py for tasks to queue
[2024-01-18T21:53:43.077+0300] {logging_mixin.py:137} INFO - [2024-01-18T21:53:43.076+0300] {dagbag.py:532} INFO - Filling up the DagBag from /home/angry/mlops_4/venv4/lib/python3.10/site-packages/airflow/example_dags/example_kubernetes_executor.py
[2024-01-18T21:53:43.136+0300] {logging_mixin.py:137} INFO - [2024-01-18T21:53:43.135+0300] {example_kubernetes_executor.py:41} WARNING - The example_kubernetes_executor example DAG requires the kubernetes provider. Please install it with: pip install apache-airflow[cncf.kubernetes]
[2024-01-18T21:53:43.137+0300] {processor.py:755} WARNING - No viable dags retrieved from /home/angry/mlops_4/venv4/lib/python3.10/site-packages/airflow/example_dags/example_kubernetes_executor.py
[2024-01-18T21:53:43.165+0300] {processor.py:175} INFO - Processing /home/angry/mlops_4/venv4/lib/python3.10/site-packages/airflow/example_dags/example_kubernetes_executor.py took 0.101 seconds
[2024-01-18T22:00:52.830+0300] {processor.py:153} INFO - Started process (PID=5520) to work on /home/angry/mlops_4/venv4/lib/python3.10/site-packages/airflow/example_dags/example_kubernetes_executor.py
[2024-01-18T22:00:52.843+0300] {processor.py:743} INFO - Processing file /home/angry/mlops_4/venv4/lib/python3.10/site-packages/airflow/example_dags/example_kubernetes_executor.py for tasks to queue
[2024-01-18T22:00:52.847+0300] {logging_mixin.py:137} INFO - [2024-01-18T22:00:52.846+0300] {dagbag.py:532} INFO - Filling up the DagBag from /home/angry/mlops_4/venv4/lib/python3.10/site-packages/airflow/example_dags/example_kubernetes_executor.py
[2024-01-18T22:00:53.072+0300] {logging_mixin.py:137} INFO - [2024-01-18T22:00:53.071+0300] {example_kubernetes_executor.py:41} WARNING - The example_kubernetes_executor example DAG requires the kubernetes provider. Please install it with: pip install apache-airflow[cncf.kubernetes]
[2024-01-18T22:00:53.079+0300] {processor.py:755} WARNING - No viable dags retrieved from /home/angry/mlops_4/venv4/lib/python3.10/site-packages/airflow/example_dags/example_kubernetes_executor.py
[2024-01-18T22:00:53.187+0300] {processor.py:175} INFO - Processing /home/angry/mlops_4/venv4/lib/python3.10/site-packages/airflow/example_dags/example_kubernetes_executor.py took 0.387 seconds
