[2024-01-18T21:37:02.614+0300] {processor.py:153} INFO - Started process (PID=3310) to work on /home/angry/mlops_4/venv4/lib/python3.10/site-packages/airflow/example_dags/example_nested_branch_dag.py
[2024-01-18T21:37:02.616+0300] {processor.py:743} INFO - Processing file /home/angry/mlops_4/venv4/lib/python3.10/site-packages/airflow/example_dags/example_nested_branch_dag.py for tasks to queue
[2024-01-18T21:37:02.618+0300] {logging_mixin.py:137} INFO - [2024-01-18T21:37:02.618+0300] {dagbag.py:532} INFO - Filling up the DagBag from /home/angry/mlops_4/venv4/lib/python3.10/site-packages/airflow/example_dags/example_nested_branch_dag.py
[2024-01-18T21:37:02.683+0300] {processor.py:753} INFO - DAG(s) dict_keys(['example_nested_branch_dag']) retrieved from /home/angry/mlops_4/venv4/lib/python3.10/site-packages/airflow/example_dags/example_nested_branch_dag.py
[2024-01-18T21:37:02.727+0300] {logging_mixin.py:137} INFO - [2024-01-18T21:37:02.727+0300] {dag.py:2705} INFO - Sync 1 DAGs
[2024-01-18T21:37:02.984+0300] {logging_mixin.py:137} INFO - [2024-01-18T21:37:02.983+0300] {dag.py:3452} INFO - Setting next_dagrun for example_nested_branch_dag to 2024-01-17T00:00:00+00:00, run_after=2024-01-18T00:00:00+00:00
[2024-01-18T21:37:03.043+0300] {processor.py:175} INFO - Processing /home/angry/mlops_4/venv4/lib/python3.10/site-packages/airflow/example_dags/example_nested_branch_dag.py took 0.438 seconds
[2024-01-18T21:37:59.640+0300] {processor.py:153} INFO - Started process (PID=3420) to work on /home/angry/mlops_4/venv4/lib/python3.10/site-packages/airflow/example_dags/example_nested_branch_dag.py
[2024-01-18T21:37:59.642+0300] {processor.py:743} INFO - Processing file /home/angry/mlops_4/venv4/lib/python3.10/site-packages/airflow/example_dags/example_nested_branch_dag.py for tasks to queue
[2024-01-18T21:37:59.644+0300] {logging_mixin.py:137} INFO - [2024-01-18T21:37:59.644+0300] {dagbag.py:532} INFO - Filling up the DagBag from /home/angry/mlops_4/venv4/lib/python3.10/site-packages/airflow/example_dags/example_nested_branch_dag.py
[2024-01-18T21:37:59.737+0300] {processor.py:753} INFO - DAG(s) dict_keys(['example_nested_branch_dag']) retrieved from /home/angry/mlops_4/venv4/lib/python3.10/site-packages/airflow/example_dags/example_nested_branch_dag.py
[2024-01-18T21:37:59.803+0300] {logging_mixin.py:137} INFO - [2024-01-18T21:37:59.803+0300] {dag.py:2705} INFO - Sync 1 DAGs
[2024-01-18T21:38:00.164+0300] {logging_mixin.py:137} INFO - [2024-01-18T21:38:00.163+0300] {dag.py:3452} INFO - Setting next_dagrun for example_nested_branch_dag to 2024-01-17T00:00:00+00:00, run_after=2024-01-18T00:00:00+00:00
[2024-01-18T21:38:00.227+0300] {processor.py:175} INFO - Processing /home/angry/mlops_4/venv4/lib/python3.10/site-packages/airflow/example_dags/example_nested_branch_dag.py took 0.596 seconds
[2024-01-18T21:39:14.927+0300] {processor.py:153} INFO - Started process (PID=4138) to work on /home/angry/mlops_4/venv4/lib/python3.10/site-packages/airflow/example_dags/example_nested_branch_dag.py
[2024-01-18T21:39:14.933+0300] {processor.py:743} INFO - Processing file /home/angry/mlops_4/venv4/lib/python3.10/site-packages/airflow/example_dags/example_nested_branch_dag.py for tasks to queue
[2024-01-18T21:39:14.935+0300] {logging_mixin.py:137} INFO - [2024-01-18T21:39:14.934+0300] {dagbag.py:532} INFO - Filling up the DagBag from /home/angry/mlops_4/venv4/lib/python3.10/site-packages/airflow/example_dags/example_nested_branch_dag.py
[2024-01-18T21:39:15.021+0300] {processor.py:753} INFO - DAG(s) dict_keys(['example_nested_branch_dag']) retrieved from /home/angry/mlops_4/venv4/lib/python3.10/site-packages/airflow/example_dags/example_nested_branch_dag.py
[2024-01-18T21:39:15.072+0300] {logging_mixin.py:137} INFO - [2024-01-18T21:39:15.072+0300] {dag.py:2705} INFO - Sync 1 DAGs
[2024-01-18T21:39:15.470+0300] {logging_mixin.py:137} INFO - [2024-01-18T21:39:15.470+0300] {dag.py:3452} INFO - Setting next_dagrun for example_nested_branch_dag to 2024-01-17T00:00:00+00:00, run_after=2024-01-18T00:00:00+00:00
[2024-01-18T21:39:15.545+0300] {processor.py:175} INFO - Processing /home/angry/mlops_4/venv4/lib/python3.10/site-packages/airflow/example_dags/example_nested_branch_dag.py took 0.635 seconds
[2024-01-18T21:40:14.411+0300] {processor.py:153} INFO - Started process (PID=4200) to work on /home/angry/mlops_4/venv4/lib/python3.10/site-packages/airflow/example_dags/example_nested_branch_dag.py
[2024-01-18T21:40:14.415+0300] {processor.py:743} INFO - Processing file /home/angry/mlops_4/venv4/lib/python3.10/site-packages/airflow/example_dags/example_nested_branch_dag.py for tasks to queue
[2024-01-18T21:40:14.417+0300] {logging_mixin.py:137} INFO - [2024-01-18T21:40:14.417+0300] {dagbag.py:532} INFO - Filling up the DagBag from /home/angry/mlops_4/venv4/lib/python3.10/site-packages/airflow/example_dags/example_nested_branch_dag.py
[2024-01-18T21:40:14.483+0300] {processor.py:753} INFO - DAG(s) dict_keys(['example_nested_branch_dag']) retrieved from /home/angry/mlops_4/venv4/lib/python3.10/site-packages/airflow/example_dags/example_nested_branch_dag.py
[2024-01-18T21:40:14.742+0300] {logging_mixin.py:137} INFO - [2024-01-18T21:40:14.742+0300] {dag.py:2705} INFO - Sync 1 DAGs
[2024-01-18T21:40:14.782+0300] {logging_mixin.py:137} INFO - [2024-01-18T21:40:14.782+0300] {dag.py:3452} INFO - Setting next_dagrun for example_nested_branch_dag to 2024-01-17T00:00:00+00:00, run_after=2024-01-18T00:00:00+00:00
[2024-01-18T21:40:14.826+0300] {processor.py:175} INFO - Processing /home/angry/mlops_4/venv4/lib/python3.10/site-packages/airflow/example_dags/example_nested_branch_dag.py took 0.425 seconds
[2024-01-18T21:41:21.067+0300] {processor.py:153} INFO - Started process (PID=4311) to work on /home/angry/mlops_4/venv4/lib/python3.10/site-packages/airflow/example_dags/example_nested_branch_dag.py
[2024-01-18T21:41:21.073+0300] {processor.py:743} INFO - Processing file /home/angry/mlops_4/venv4/lib/python3.10/site-packages/airflow/example_dags/example_nested_branch_dag.py for tasks to queue
[2024-01-18T21:41:21.078+0300] {logging_mixin.py:137} INFO - [2024-01-18T21:41:21.077+0300] {dagbag.py:532} INFO - Filling up the DagBag from /home/angry/mlops_4/venv4/lib/python3.10/site-packages/airflow/example_dags/example_nested_branch_dag.py
[2024-01-18T21:41:21.539+0300] {processor.py:753} INFO - DAG(s) dict_keys(['example_nested_branch_dag']) retrieved from /home/angry/mlops_4/venv4/lib/python3.10/site-packages/airflow/example_dags/example_nested_branch_dag.py
[2024-01-18T21:41:21.612+0300] {logging_mixin.py:137} INFO - [2024-01-18T21:41:21.612+0300] {dag.py:2705} INFO - Sync 1 DAGs
[2024-01-18T21:41:21.675+0300] {logging_mixin.py:137} INFO - [2024-01-18T21:41:21.674+0300] {dag.py:3452} INFO - Setting next_dagrun for example_nested_branch_dag to 2024-01-17T00:00:00+00:00, run_after=2024-01-18T00:00:00+00:00
[2024-01-18T21:41:21.729+0300] {processor.py:175} INFO - Processing /home/angry/mlops_4/venv4/lib/python3.10/site-packages/airflow/example_dags/example_nested_branch_dag.py took 0.675 seconds
[2024-01-18T21:42:19.441+0300] {processor.py:153} INFO - Started process (PID=4372) to work on /home/angry/mlops_4/venv4/lib/python3.10/site-packages/airflow/example_dags/example_nested_branch_dag.py
[2024-01-18T21:42:19.444+0300] {processor.py:743} INFO - Processing file /home/angry/mlops_4/venv4/lib/python3.10/site-packages/airflow/example_dags/example_nested_branch_dag.py for tasks to queue
[2024-01-18T21:42:19.445+0300] {logging_mixin.py:137} INFO - [2024-01-18T21:42:19.445+0300] {dagbag.py:532} INFO - Filling up the DagBag from /home/angry/mlops_4/venv4/lib/python3.10/site-packages/airflow/example_dags/example_nested_branch_dag.py
[2024-01-18T21:42:19.711+0300] {processor.py:753} INFO - DAG(s) dict_keys(['example_nested_branch_dag']) retrieved from /home/angry/mlops_4/venv4/lib/python3.10/site-packages/airflow/example_dags/example_nested_branch_dag.py
[2024-01-18T21:42:19.744+0300] {logging_mixin.py:137} INFO - [2024-01-18T21:42:19.744+0300] {dag.py:2705} INFO - Sync 1 DAGs
[2024-01-18T21:42:19.788+0300] {logging_mixin.py:137} INFO - [2024-01-18T21:42:19.787+0300] {dag.py:3452} INFO - Setting next_dagrun for example_nested_branch_dag to 2024-01-17T00:00:00+00:00, run_after=2024-01-18T00:00:00+00:00
[2024-01-18T21:42:19.830+0300] {processor.py:175} INFO - Processing /home/angry/mlops_4/venv4/lib/python3.10/site-packages/airflow/example_dags/example_nested_branch_dag.py took 0.396 seconds
[2024-01-18T21:43:14.752+0300] {processor.py:153} INFO - Started process (PID=4423) to work on /home/angry/mlops_4/venv4/lib/python3.10/site-packages/airflow/example_dags/example_nested_branch_dag.py
[2024-01-18T21:43:14.755+0300] {processor.py:743} INFO - Processing file /home/angry/mlops_4/venv4/lib/python3.10/site-packages/airflow/example_dags/example_nested_branch_dag.py for tasks to queue
[2024-01-18T21:43:14.757+0300] {logging_mixin.py:137} INFO - [2024-01-18T21:43:14.756+0300] {dagbag.py:532} INFO - Filling up the DagBag from /home/angry/mlops_4/venv4/lib/python3.10/site-packages/airflow/example_dags/example_nested_branch_dag.py
[2024-01-18T21:43:14.839+0300] {processor.py:753} INFO - DAG(s) dict_keys(['example_nested_branch_dag']) retrieved from /home/angry/mlops_4/venv4/lib/python3.10/site-packages/airflow/example_dags/example_nested_branch_dag.py
[2024-01-18T21:43:14.886+0300] {logging_mixin.py:137} INFO - [2024-01-18T21:43:14.886+0300] {dag.py:2705} INFO - Sync 1 DAGs
[2024-01-18T21:43:14.931+0300] {logging_mixin.py:137} INFO - [2024-01-18T21:43:14.931+0300] {dag.py:3452} INFO - Setting next_dagrun for example_nested_branch_dag to 2024-01-17T00:00:00+00:00, run_after=2024-01-18T00:00:00+00:00
[2024-01-18T21:43:14.968+0300] {processor.py:175} INFO - Processing /home/angry/mlops_4/venv4/lib/python3.10/site-packages/airflow/example_dags/example_nested_branch_dag.py took 0.226 seconds
[2024-01-18T21:44:03.778+0300] {processor.py:153} INFO - Started process (PID=4477) to work on /home/angry/mlops_4/venv4/lib/python3.10/site-packages/airflow/example_dags/example_nested_branch_dag.py
[2024-01-18T21:44:03.783+0300] {processor.py:743} INFO - Processing file /home/angry/mlops_4/venv4/lib/python3.10/site-packages/airflow/example_dags/example_nested_branch_dag.py for tasks to queue
[2024-01-18T21:44:03.785+0300] {logging_mixin.py:137} INFO - [2024-01-18T21:44:03.784+0300] {dagbag.py:532} INFO - Filling up the DagBag from /home/angry/mlops_4/venv4/lib/python3.10/site-packages/airflow/example_dags/example_nested_branch_dag.py
[2024-01-18T21:44:03.862+0300] {processor.py:753} INFO - DAG(s) dict_keys(['example_nested_branch_dag']) retrieved from /home/angry/mlops_4/venv4/lib/python3.10/site-packages/airflow/example_dags/example_nested_branch_dag.py
[2024-01-18T21:44:03.911+0300] {logging_mixin.py:137} INFO - [2024-01-18T21:44:03.911+0300] {dag.py:2705} INFO - Sync 1 DAGs
[2024-01-18T21:44:03.956+0300] {logging_mixin.py:137} INFO - [2024-01-18T21:44:03.956+0300] {dag.py:3452} INFO - Setting next_dagrun for example_nested_branch_dag to 2024-01-17T00:00:00+00:00, run_after=2024-01-18T00:00:00+00:00
[2024-01-18T21:44:03.994+0300] {processor.py:175} INFO - Processing /home/angry/mlops_4/venv4/lib/python3.10/site-packages/airflow/example_dags/example_nested_branch_dag.py took 0.225 seconds
[2024-01-18T21:44:54.489+0300] {processor.py:153} INFO - Started process (PID=4536) to work on /home/angry/mlops_4/venv4/lib/python3.10/site-packages/airflow/example_dags/example_nested_branch_dag.py
[2024-01-18T21:44:54.491+0300] {processor.py:743} INFO - Processing file /home/angry/mlops_4/venv4/lib/python3.10/site-packages/airflow/example_dags/example_nested_branch_dag.py for tasks to queue
[2024-01-18T21:44:54.493+0300] {logging_mixin.py:137} INFO - [2024-01-18T21:44:54.493+0300] {dagbag.py:532} INFO - Filling up the DagBag from /home/angry/mlops_4/venv4/lib/python3.10/site-packages/airflow/example_dags/example_nested_branch_dag.py
[2024-01-18T21:44:54.562+0300] {processor.py:753} INFO - DAG(s) dict_keys(['example_nested_branch_dag']) retrieved from /home/angry/mlops_4/venv4/lib/python3.10/site-packages/airflow/example_dags/example_nested_branch_dag.py
[2024-01-18T21:44:54.606+0300] {logging_mixin.py:137} INFO - [2024-01-18T21:44:54.606+0300] {dag.py:2705} INFO - Sync 1 DAGs
[2024-01-18T21:44:54.651+0300] {logging_mixin.py:137} INFO - [2024-01-18T21:44:54.651+0300] {dag.py:3452} INFO - Setting next_dagrun for example_nested_branch_dag to 2024-01-17T00:00:00+00:00, run_after=2024-01-18T00:00:00+00:00
[2024-01-18T21:44:54.691+0300] {processor.py:175} INFO - Processing /home/angry/mlops_4/venv4/lib/python3.10/site-packages/airflow/example_dags/example_nested_branch_dag.py took 0.211 seconds
[2024-01-18T21:45:45.656+0300] {processor.py:153} INFO - Started process (PID=4617) to work on /home/angry/mlops_4/venv4/lib/python3.10/site-packages/airflow/example_dags/example_nested_branch_dag.py
[2024-01-18T21:45:45.659+0300] {processor.py:743} INFO - Processing file /home/angry/mlops_4/venv4/lib/python3.10/site-packages/airflow/example_dags/example_nested_branch_dag.py for tasks to queue
[2024-01-18T21:45:45.661+0300] {logging_mixin.py:137} INFO - [2024-01-18T21:45:45.661+0300] {dagbag.py:532} INFO - Filling up the DagBag from /home/angry/mlops_4/venv4/lib/python3.10/site-packages/airflow/example_dags/example_nested_branch_dag.py
[2024-01-18T21:45:45.718+0300] {processor.py:753} INFO - DAG(s) dict_keys(['example_nested_branch_dag']) retrieved from /home/angry/mlops_4/venv4/lib/python3.10/site-packages/airflow/example_dags/example_nested_branch_dag.py
[2024-01-18T21:45:45.765+0300] {logging_mixin.py:137} INFO - [2024-01-18T21:45:45.765+0300] {dag.py:2705} INFO - Sync 1 DAGs
[2024-01-18T21:45:45.806+0300] {logging_mixin.py:137} INFO - [2024-01-18T21:45:45.806+0300] {dag.py:3452} INFO - Setting next_dagrun for example_nested_branch_dag to 2024-01-17T00:00:00+00:00, run_after=2024-01-18T00:00:00+00:00
[2024-01-18T21:45:45.847+0300] {processor.py:175} INFO - Processing /home/angry/mlops_4/venv4/lib/python3.10/site-packages/airflow/example_dags/example_nested_branch_dag.py took 0.198 seconds
[2024-01-18T21:46:35.491+0300] {processor.py:153} INFO - Started process (PID=4688) to work on /home/angry/mlops_4/venv4/lib/python3.10/site-packages/airflow/example_dags/example_nested_branch_dag.py
[2024-01-18T21:46:35.493+0300] {processor.py:743} INFO - Processing file /home/angry/mlops_4/venv4/lib/python3.10/site-packages/airflow/example_dags/example_nested_branch_dag.py for tasks to queue
[2024-01-18T21:46:35.494+0300] {logging_mixin.py:137} INFO - [2024-01-18T21:46:35.494+0300] {dagbag.py:532} INFO - Filling up the DagBag from /home/angry/mlops_4/venv4/lib/python3.10/site-packages/airflow/example_dags/example_nested_branch_dag.py
[2024-01-18T21:46:35.550+0300] {processor.py:753} INFO - DAG(s) dict_keys(['example_nested_branch_dag']) retrieved from /home/angry/mlops_4/venv4/lib/python3.10/site-packages/airflow/example_dags/example_nested_branch_dag.py
[2024-01-18T21:46:35.591+0300] {logging_mixin.py:137} INFO - [2024-01-18T21:46:35.591+0300] {dag.py:2705} INFO - Sync 1 DAGs
[2024-01-18T21:46:35.634+0300] {logging_mixin.py:137} INFO - [2024-01-18T21:46:35.633+0300] {dag.py:3452} INFO - Setting next_dagrun for example_nested_branch_dag to 2024-01-17T00:00:00+00:00, run_after=2024-01-18T00:00:00+00:00
[2024-01-18T21:46:35.681+0300] {processor.py:175} INFO - Processing /home/angry/mlops_4/venv4/lib/python3.10/site-packages/airflow/example_dags/example_nested_branch_dag.py took 0.198 seconds
[2024-01-18T21:47:23.683+0300] {processor.py:153} INFO - Started process (PID=4746) to work on /home/angry/mlops_4/venv4/lib/python3.10/site-packages/airflow/example_dags/example_nested_branch_dag.py
[2024-01-18T21:47:23.685+0300] {processor.py:743} INFO - Processing file /home/angry/mlops_4/venv4/lib/python3.10/site-packages/airflow/example_dags/example_nested_branch_dag.py for tasks to queue
[2024-01-18T21:47:23.687+0300] {logging_mixin.py:137} INFO - [2024-01-18T21:47:23.686+0300] {dagbag.py:532} INFO - Filling up the DagBag from /home/angry/mlops_4/venv4/lib/python3.10/site-packages/airflow/example_dags/example_nested_branch_dag.py
[2024-01-18T21:47:23.757+0300] {processor.py:753} INFO - DAG(s) dict_keys(['example_nested_branch_dag']) retrieved from /home/angry/mlops_4/venv4/lib/python3.10/site-packages/airflow/example_dags/example_nested_branch_dag.py
[2024-01-18T21:47:23.804+0300] {logging_mixin.py:137} INFO - [2024-01-18T21:47:23.803+0300] {dag.py:2705} INFO - Sync 1 DAGs
[2024-01-18T21:47:23.857+0300] {logging_mixin.py:137} INFO - [2024-01-18T21:47:23.856+0300] {dag.py:3452} INFO - Setting next_dagrun for example_nested_branch_dag to 2024-01-17T00:00:00+00:00, run_after=2024-01-18T00:00:00+00:00
[2024-01-18T21:47:23.900+0300] {processor.py:175} INFO - Processing /home/angry/mlops_4/venv4/lib/python3.10/site-packages/airflow/example_dags/example_nested_branch_dag.py took 0.225 seconds
[2024-01-18T21:48:13.659+0300] {processor.py:153} INFO - Started process (PID=4818) to work on /home/angry/mlops_4/venv4/lib/python3.10/site-packages/airflow/example_dags/example_nested_branch_dag.py
[2024-01-18T21:48:13.661+0300] {processor.py:743} INFO - Processing file /home/angry/mlops_4/venv4/lib/python3.10/site-packages/airflow/example_dags/example_nested_branch_dag.py for tasks to queue
[2024-01-18T21:48:13.663+0300] {logging_mixin.py:137} INFO - [2024-01-18T21:48:13.662+0300] {dagbag.py:532} INFO - Filling up the DagBag from /home/angry/mlops_4/venv4/lib/python3.10/site-packages/airflow/example_dags/example_nested_branch_dag.py
[2024-01-18T21:48:13.721+0300] {processor.py:753} INFO - DAG(s) dict_keys(['example_nested_branch_dag']) retrieved from /home/angry/mlops_4/venv4/lib/python3.10/site-packages/airflow/example_dags/example_nested_branch_dag.py
[2024-01-18T21:48:13.764+0300] {logging_mixin.py:137} INFO - [2024-01-18T21:48:13.764+0300] {dag.py:2705} INFO - Sync 1 DAGs
[2024-01-18T21:48:13.810+0300] {logging_mixin.py:137} INFO - [2024-01-18T21:48:13.809+0300] {dag.py:3452} INFO - Setting next_dagrun for example_nested_branch_dag to 2024-01-17T00:00:00+00:00, run_after=2024-01-18T00:00:00+00:00
[2024-01-18T21:48:13.857+0300] {processor.py:175} INFO - Processing /home/angry/mlops_4/venv4/lib/python3.10/site-packages/airflow/example_dags/example_nested_branch_dag.py took 0.209 seconds
[2024-01-18T21:49:07.634+0300] {processor.py:153} INFO - Started process (PID=4871) to work on /home/angry/mlops_4/venv4/lib/python3.10/site-packages/airflow/example_dags/example_nested_branch_dag.py
[2024-01-18T21:49:07.637+0300] {processor.py:743} INFO - Processing file /home/angry/mlops_4/venv4/lib/python3.10/site-packages/airflow/example_dags/example_nested_branch_dag.py for tasks to queue
[2024-01-18T21:49:07.638+0300] {logging_mixin.py:137} INFO - [2024-01-18T21:49:07.638+0300] {dagbag.py:532} INFO - Filling up the DagBag from /home/angry/mlops_4/venv4/lib/python3.10/site-packages/airflow/example_dags/example_nested_branch_dag.py
[2024-01-18T21:49:07.698+0300] {processor.py:753} INFO - DAG(s) dict_keys(['example_nested_branch_dag']) retrieved from /home/angry/mlops_4/venv4/lib/python3.10/site-packages/airflow/example_dags/example_nested_branch_dag.py
[2024-01-18T21:49:07.743+0300] {logging_mixin.py:137} INFO - [2024-01-18T21:49:07.743+0300] {dag.py:2705} INFO - Sync 1 DAGs
[2024-01-18T21:49:07.799+0300] {logging_mixin.py:137} INFO - [2024-01-18T21:49:07.799+0300] {dag.py:3452} INFO - Setting next_dagrun for example_nested_branch_dag to 2024-01-17T00:00:00+00:00, run_after=2024-01-18T00:00:00+00:00
[2024-01-18T21:49:07.839+0300] {processor.py:175} INFO - Processing /home/angry/mlops_4/venv4/lib/python3.10/site-packages/airflow/example_dags/example_nested_branch_dag.py took 0.212 seconds
[2024-01-18T21:49:56.486+0300] {processor.py:153} INFO - Started process (PID=4918) to work on /home/angry/mlops_4/venv4/lib/python3.10/site-packages/airflow/example_dags/example_nested_branch_dag.py
[2024-01-18T21:49:56.489+0300] {processor.py:743} INFO - Processing file /home/angry/mlops_4/venv4/lib/python3.10/site-packages/airflow/example_dags/example_nested_branch_dag.py for tasks to queue
[2024-01-18T21:49:56.490+0300] {logging_mixin.py:137} INFO - [2024-01-18T21:49:56.490+0300] {dagbag.py:532} INFO - Filling up the DagBag from /home/angry/mlops_4/venv4/lib/python3.10/site-packages/airflow/example_dags/example_nested_branch_dag.py
[2024-01-18T21:49:56.551+0300] {processor.py:753} INFO - DAG(s) dict_keys(['example_nested_branch_dag']) retrieved from /home/angry/mlops_4/venv4/lib/python3.10/site-packages/airflow/example_dags/example_nested_branch_dag.py
[2024-01-18T21:49:56.599+0300] {logging_mixin.py:137} INFO - [2024-01-18T21:49:56.599+0300] {dag.py:2705} INFO - Sync 1 DAGs
[2024-01-18T21:49:56.644+0300] {logging_mixin.py:137} INFO - [2024-01-18T21:49:56.644+0300] {dag.py:3452} INFO - Setting next_dagrun for example_nested_branch_dag to 2024-01-17T00:00:00+00:00, run_after=2024-01-18T00:00:00+00:00
[2024-01-18T21:49:56.683+0300] {processor.py:175} INFO - Processing /home/angry/mlops_4/venv4/lib/python3.10/site-packages/airflow/example_dags/example_nested_branch_dag.py took 0.205 seconds
[2024-01-18T21:50:47.629+0300] {processor.py:153} INFO - Started process (PID=4967) to work on /home/angry/mlops_4/venv4/lib/python3.10/site-packages/airflow/example_dags/example_nested_branch_dag.py
[2024-01-18T21:50:47.632+0300] {processor.py:743} INFO - Processing file /home/angry/mlops_4/venv4/lib/python3.10/site-packages/airflow/example_dags/example_nested_branch_dag.py for tasks to queue
[2024-01-18T21:50:47.633+0300] {logging_mixin.py:137} INFO - [2024-01-18T21:50:47.633+0300] {dagbag.py:532} INFO - Filling up the DagBag from /home/angry/mlops_4/venv4/lib/python3.10/site-packages/airflow/example_dags/example_nested_branch_dag.py
[2024-01-18T21:50:47.697+0300] {processor.py:753} INFO - DAG(s) dict_keys(['example_nested_branch_dag']) retrieved from /home/angry/mlops_4/venv4/lib/python3.10/site-packages/airflow/example_dags/example_nested_branch_dag.py
[2024-01-18T21:50:47.743+0300] {logging_mixin.py:137} INFO - [2024-01-18T21:50:47.743+0300] {dag.py:2705} INFO - Sync 1 DAGs
[2024-01-18T21:50:47.785+0300] {logging_mixin.py:137} INFO - [2024-01-18T21:50:47.785+0300] {dag.py:3452} INFO - Setting next_dagrun for example_nested_branch_dag to 2024-01-17T00:00:00+00:00, run_after=2024-01-18T00:00:00+00:00
[2024-01-18T21:50:47.825+0300] {processor.py:175} INFO - Processing /home/angry/mlops_4/venv4/lib/python3.10/site-packages/airflow/example_dags/example_nested_branch_dag.py took 0.204 seconds
[2024-01-18T21:51:39.265+0300] {processor.py:153} INFO - Started process (PID=5016) to work on /home/angry/mlops_4/venv4/lib/python3.10/site-packages/airflow/example_dags/example_nested_branch_dag.py
[2024-01-18T21:51:39.267+0300] {processor.py:743} INFO - Processing file /home/angry/mlops_4/venv4/lib/python3.10/site-packages/airflow/example_dags/example_nested_branch_dag.py for tasks to queue
[2024-01-18T21:51:39.269+0300] {logging_mixin.py:137} INFO - [2024-01-18T21:51:39.268+0300] {dagbag.py:532} INFO - Filling up the DagBag from /home/angry/mlops_4/venv4/lib/python3.10/site-packages/airflow/example_dags/example_nested_branch_dag.py
[2024-01-18T21:51:39.341+0300] {processor.py:753} INFO - DAG(s) dict_keys(['example_nested_branch_dag']) retrieved from /home/angry/mlops_4/venv4/lib/python3.10/site-packages/airflow/example_dags/example_nested_branch_dag.py
[2024-01-18T21:51:39.384+0300] {logging_mixin.py:137} INFO - [2024-01-18T21:51:39.383+0300] {dag.py:2705} INFO - Sync 1 DAGs
[2024-01-18T21:51:39.423+0300] {logging_mixin.py:137} INFO - [2024-01-18T21:51:39.423+0300] {dag.py:3452} INFO - Setting next_dagrun for example_nested_branch_dag to 2024-01-17T00:00:00+00:00, run_after=2024-01-18T00:00:00+00:00
[2024-01-18T21:51:39.466+0300] {processor.py:175} INFO - Processing /home/angry/mlops_4/venv4/lib/python3.10/site-packages/airflow/example_dags/example_nested_branch_dag.py took 0.208 seconds
[2024-01-18T21:52:34.996+0300] {processor.py:153} INFO - Started process (PID=5069) to work on /home/angry/mlops_4/venv4/lib/python3.10/site-packages/airflow/example_dags/example_nested_branch_dag.py
[2024-01-18T21:52:34.999+0300] {processor.py:743} INFO - Processing file /home/angry/mlops_4/venv4/lib/python3.10/site-packages/airflow/example_dags/example_nested_branch_dag.py for tasks to queue
[2024-01-18T21:52:35.001+0300] {logging_mixin.py:137} INFO - [2024-01-18T21:52:35.000+0300] {dagbag.py:532} INFO - Filling up the DagBag from /home/angry/mlops_4/venv4/lib/python3.10/site-packages/airflow/example_dags/example_nested_branch_dag.py
[2024-01-18T21:52:35.084+0300] {processor.py:753} INFO - DAG(s) dict_keys(['example_nested_branch_dag']) retrieved from /home/angry/mlops_4/venv4/lib/python3.10/site-packages/airflow/example_dags/example_nested_branch_dag.py
[2024-01-18T21:52:35.196+0300] {logging_mixin.py:137} INFO - [2024-01-18T21:52:35.195+0300] {dag.py:2705} INFO - Sync 1 DAGs
[2024-01-18T21:52:35.304+0300] {logging_mixin.py:137} INFO - [2024-01-18T21:52:35.303+0300] {dag.py:3452} INFO - Setting next_dagrun for example_nested_branch_dag to 2024-01-17T00:00:00+00:00, run_after=2024-01-18T00:00:00+00:00
[2024-01-18T21:52:35.347+0300] {processor.py:175} INFO - Processing /home/angry/mlops_4/venv4/lib/python3.10/site-packages/airflow/example_dags/example_nested_branch_dag.py took 0.357 seconds
[2024-01-18T21:53:32.875+0300] {processor.py:153} INFO - Started process (PID=5125) to work on /home/angry/mlops_4/venv4/lib/python3.10/site-packages/airflow/example_dags/example_nested_branch_dag.py
[2024-01-18T21:53:32.878+0300] {processor.py:743} INFO - Processing file /home/angry/mlops_4/venv4/lib/python3.10/site-packages/airflow/example_dags/example_nested_branch_dag.py for tasks to queue
[2024-01-18T21:53:32.879+0300] {logging_mixin.py:137} INFO - [2024-01-18T21:53:32.879+0300] {dagbag.py:532} INFO - Filling up the DagBag from /home/angry/mlops_4/venv4/lib/python3.10/site-packages/airflow/example_dags/example_nested_branch_dag.py
[2024-01-18T21:53:32.939+0300] {processor.py:753} INFO - DAG(s) dict_keys(['example_nested_branch_dag']) retrieved from /home/angry/mlops_4/venv4/lib/python3.10/site-packages/airflow/example_dags/example_nested_branch_dag.py
[2024-01-18T21:53:32.999+0300] {logging_mixin.py:137} INFO - [2024-01-18T21:53:32.998+0300] {dag.py:2705} INFO - Sync 1 DAGs
[2024-01-18T21:53:33.077+0300] {logging_mixin.py:137} INFO - [2024-01-18T21:53:33.077+0300] {dag.py:3452} INFO - Setting next_dagrun for example_nested_branch_dag to 2024-01-17T00:00:00+00:00, run_after=2024-01-18T00:00:00+00:00
[2024-01-18T21:53:33.139+0300] {processor.py:175} INFO - Processing /home/angry/mlops_4/venv4/lib/python3.10/site-packages/airflow/example_dags/example_nested_branch_dag.py took 0.271 seconds
[2024-01-18T22:00:43.216+0300] {processor.py:153} INFO - Started process (PID=5512) to work on /home/angry/mlops_4/venv4/lib/python3.10/site-packages/airflow/example_dags/example_nested_branch_dag.py
[2024-01-18T22:00:43.222+0300] {processor.py:743} INFO - Processing file /home/angry/mlops_4/venv4/lib/python3.10/site-packages/airflow/example_dags/example_nested_branch_dag.py for tasks to queue
[2024-01-18T22:00:43.225+0300] {logging_mixin.py:137} INFO - [2024-01-18T22:00:43.224+0300] {dagbag.py:532} INFO - Filling up the DagBag from /home/angry/mlops_4/venv4/lib/python3.10/site-packages/airflow/example_dags/example_nested_branch_dag.py
[2024-01-18T22:00:43.329+0300] {processor.py:753} INFO - DAG(s) dict_keys(['example_nested_branch_dag']) retrieved from /home/angry/mlops_4/venv4/lib/python3.10/site-packages/airflow/example_dags/example_nested_branch_dag.py
[2024-01-18T22:00:43.413+0300] {logging_mixin.py:137} INFO - [2024-01-18T22:00:43.413+0300] {dag.py:2705} INFO - Sync 1 DAGs
[2024-01-18T22:00:43.477+0300] {logging_mixin.py:137} INFO - [2024-01-18T22:00:43.476+0300] {dag.py:3452} INFO - Setting next_dagrun for example_nested_branch_dag to 2024-01-17T00:00:00+00:00, run_after=2024-01-18T00:00:00+00:00
[2024-01-18T22:00:43.595+0300] {processor.py:175} INFO - Processing /home/angry/mlops_4/venv4/lib/python3.10/site-packages/airflow/example_dags/example_nested_branch_dag.py took 0.389 seconds
