[2024-01-18T21:36:48.593+0300] {processor.py:153} INFO - Started process (PID=3298) to work on /home/angry/mlops_4/venv4/lib/python3.10/site-packages/airflow/example_dags/example_task_group_decorator.py
[2024-01-18T21:36:48.595+0300] {processor.py:743} INFO - Processing file /home/angry/mlops_4/venv4/lib/python3.10/site-packages/airflow/example_dags/example_task_group_decorator.py for tasks to queue
[2024-01-18T21:36:48.596+0300] {logging_mixin.py:137} INFO - [2024-01-18T21:36:48.596+0300] {dagbag.py:532} INFO - Filling up the DagBag from /home/angry/mlops_4/venv4/lib/python3.10/site-packages/airflow/example_dags/example_task_group_decorator.py
[2024-01-18T21:36:48.663+0300] {processor.py:753} INFO - DAG(s) dict_keys(['example_task_group_decorator']) retrieved from /home/angry/mlops_4/venv4/lib/python3.10/site-packages/airflow/example_dags/example_task_group_decorator.py
[2024-01-18T21:36:48.678+0300] {logging_mixin.py:137} INFO - [2024-01-18T21:36:48.678+0300] {dag.py:2705} INFO - Sync 1 DAGs
[2024-01-18T21:36:48.716+0300] {logging_mixin.py:137} INFO - [2024-01-18T21:36:48.716+0300] {dag.py:3452} INFO - Setting next_dagrun for example_task_group_decorator to 2024-01-17T18:36:48.715542+00:00, run_after=2024-01-18T18:36:48.715542+00:00
[2024-01-18T21:36:48.757+0300] {processor.py:175} INFO - Processing /home/angry/mlops_4/venv4/lib/python3.10/site-packages/airflow/example_dags/example_task_group_decorator.py took 0.171 seconds
[2024-01-18T21:37:43.399+0300] {processor.py:153} INFO - Started process (PID=3363) to work on /home/angry/mlops_4/venv4/lib/python3.10/site-packages/airflow/example_dags/example_task_group_decorator.py
[2024-01-18T21:37:43.402+0300] {processor.py:743} INFO - Processing file /home/angry/mlops_4/venv4/lib/python3.10/site-packages/airflow/example_dags/example_task_group_decorator.py for tasks to queue
[2024-01-18T21:37:43.403+0300] {logging_mixin.py:137} INFO - [2024-01-18T21:37:43.403+0300] {dagbag.py:532} INFO - Filling up the DagBag from /home/angry/mlops_4/venv4/lib/python3.10/site-packages/airflow/example_dags/example_task_group_decorator.py
[2024-01-18T21:37:43.464+0300] {processor.py:753} INFO - DAG(s) dict_keys(['example_task_group_decorator']) retrieved from /home/angry/mlops_4/venv4/lib/python3.10/site-packages/airflow/example_dags/example_task_group_decorator.py
[2024-01-18T21:37:43.514+0300] {logging_mixin.py:137} INFO - [2024-01-18T21:37:43.513+0300] {dag.py:2705} INFO - Sync 1 DAGs
[2024-01-18T21:37:43.734+0300] {logging_mixin.py:137} INFO - [2024-01-18T21:37:43.734+0300] {dag.py:3452} INFO - Setting next_dagrun for example_task_group_decorator to 2024-01-17T18:37:43.733755+00:00, run_after=2024-01-18T18:37:43.733755+00:00
[2024-01-18T21:37:43.770+0300] {processor.py:175} INFO - Processing /home/angry/mlops_4/venv4/lib/python3.10/site-packages/airflow/example_dags/example_task_group_decorator.py took 0.378 seconds
[2024-01-18T21:38:53.983+0300] {processor.py:153} INFO - Started process (PID=4117) to work on /home/angry/mlops_4/venv4/lib/python3.10/site-packages/airflow/example_dags/example_task_group_decorator.py
[2024-01-18T21:38:53.986+0300] {processor.py:743} INFO - Processing file /home/angry/mlops_4/venv4/lib/python3.10/site-packages/airflow/example_dags/example_task_group_decorator.py for tasks to queue
[2024-01-18T21:38:53.988+0300] {logging_mixin.py:137} INFO - [2024-01-18T21:38:53.987+0300] {dagbag.py:532} INFO - Filling up the DagBag from /home/angry/mlops_4/venv4/lib/python3.10/site-packages/airflow/example_dags/example_task_group_decorator.py
[2024-01-18T21:38:54.066+0300] {processor.py:753} INFO - DAG(s) dict_keys(['example_task_group_decorator']) retrieved from /home/angry/mlops_4/venv4/lib/python3.10/site-packages/airflow/example_dags/example_task_group_decorator.py
[2024-01-18T21:38:54.390+0300] {logging_mixin.py:137} INFO - [2024-01-18T21:38:54.389+0300] {dag.py:2705} INFO - Sync 1 DAGs
[2024-01-18T21:38:54.452+0300] {logging_mixin.py:137} INFO - [2024-01-18T21:38:54.451+0300] {dag.py:3452} INFO - Setting next_dagrun for example_task_group_decorator to 2024-01-17T18:38:54.450937+00:00, run_after=2024-01-18T18:38:54.450937+00:00
[2024-01-18T21:38:54.502+0300] {processor.py:175} INFO - Processing /home/angry/mlops_4/venv4/lib/python3.10/site-packages/airflow/example_dags/example_task_group_decorator.py took 0.527 seconds
[2024-01-18T21:39:59.165+0300] {processor.py:153} INFO - Started process (PID=4185) to work on /home/angry/mlops_4/venv4/lib/python3.10/site-packages/airflow/example_dags/example_task_group_decorator.py
[2024-01-18T21:39:59.172+0300] {processor.py:743} INFO - Processing file /home/angry/mlops_4/venv4/lib/python3.10/site-packages/airflow/example_dags/example_task_group_decorator.py for tasks to queue
[2024-01-18T21:39:59.178+0300] {logging_mixin.py:137} INFO - [2024-01-18T21:39:59.177+0300] {dagbag.py:532} INFO - Filling up the DagBag from /home/angry/mlops_4/venv4/lib/python3.10/site-packages/airflow/example_dags/example_task_group_decorator.py
[2024-01-18T21:39:59.372+0300] {processor.py:753} INFO - DAG(s) dict_keys(['example_task_group_decorator']) retrieved from /home/angry/mlops_4/venv4/lib/python3.10/site-packages/airflow/example_dags/example_task_group_decorator.py
[2024-01-18T21:39:59.770+0300] {logging_mixin.py:137} INFO - [2024-01-18T21:39:59.770+0300] {dag.py:2705} INFO - Sync 1 DAGs
[2024-01-18T21:39:59.808+0300] {logging_mixin.py:137} INFO - [2024-01-18T21:39:59.807+0300] {dag.py:3452} INFO - Setting next_dagrun for example_task_group_decorator to 2024-01-17T18:39:59.807628+00:00, run_after=2024-01-18T18:39:59.807628+00:00
[2024-01-18T21:39:59.856+0300] {processor.py:175} INFO - Processing /home/angry/mlops_4/venv4/lib/python3.10/site-packages/airflow/example_dags/example_task_group_decorator.py took 0.699 seconds
[2024-01-18T21:41:01.827+0300] {processor.py:153} INFO - Started process (PID=4269) to work on /home/angry/mlops_4/venv4/lib/python3.10/site-packages/airflow/example_dags/example_task_group_decorator.py
[2024-01-18T21:41:01.831+0300] {processor.py:743} INFO - Processing file /home/angry/mlops_4/venv4/lib/python3.10/site-packages/airflow/example_dags/example_task_group_decorator.py for tasks to queue
[2024-01-18T21:41:01.835+0300] {logging_mixin.py:137} INFO - [2024-01-18T21:41:01.835+0300] {dagbag.py:532} INFO - Filling up the DagBag from /home/angry/mlops_4/venv4/lib/python3.10/site-packages/airflow/example_dags/example_task_group_decorator.py
[2024-01-18T21:41:02.536+0300] {processor.py:753} INFO - DAG(s) dict_keys(['example_task_group_decorator']) retrieved from /home/angry/mlops_4/venv4/lib/python3.10/site-packages/airflow/example_dags/example_task_group_decorator.py
[2024-01-18T21:41:02.619+0300] {logging_mixin.py:137} INFO - [2024-01-18T21:41:02.618+0300] {dag.py:2705} INFO - Sync 1 DAGs
[2024-01-18T21:41:02.727+0300] {logging_mixin.py:137} INFO - [2024-01-18T21:41:02.727+0300] {dag.py:3452} INFO - Setting next_dagrun for example_task_group_decorator to 2024-01-17T18:41:02.726900+00:00, run_after=2024-01-18T18:41:02.726900+00:00
[2024-01-18T21:41:02.772+0300] {processor.py:175} INFO - Processing /home/angry/mlops_4/venv4/lib/python3.10/site-packages/airflow/example_dags/example_task_group_decorator.py took 0.957 seconds
[2024-01-18T21:42:04.287+0300] {processor.py:153} INFO - Started process (PID=4356) to work on /home/angry/mlops_4/venv4/lib/python3.10/site-packages/airflow/example_dags/example_task_group_decorator.py
[2024-01-18T21:42:04.289+0300] {processor.py:743} INFO - Processing file /home/angry/mlops_4/venv4/lib/python3.10/site-packages/airflow/example_dags/example_task_group_decorator.py for tasks to queue
[2024-01-18T21:42:04.291+0300] {logging_mixin.py:137} INFO - [2024-01-18T21:42:04.290+0300] {dagbag.py:532} INFO - Filling up the DagBag from /home/angry/mlops_4/venv4/lib/python3.10/site-packages/airflow/example_dags/example_task_group_decorator.py
[2024-01-18T21:42:04.573+0300] {processor.py:753} INFO - DAG(s) dict_keys(['example_task_group_decorator']) retrieved from /home/angry/mlops_4/venv4/lib/python3.10/site-packages/airflow/example_dags/example_task_group_decorator.py
[2024-01-18T21:42:04.611+0300] {logging_mixin.py:137} INFO - [2024-01-18T21:42:04.611+0300] {dag.py:2705} INFO - Sync 1 DAGs
[2024-01-18T21:42:04.650+0300] {logging_mixin.py:137} INFO - [2024-01-18T21:42:04.650+0300] {dag.py:3452} INFO - Setting next_dagrun for example_task_group_decorator to 2024-01-17T18:42:04.649797+00:00, run_after=2024-01-18T18:42:04.649797+00:00
[2024-01-18T21:42:04.688+0300] {processor.py:175} INFO - Processing /home/angry/mlops_4/venv4/lib/python3.10/site-packages/airflow/example_dags/example_task_group_decorator.py took 0.411 seconds
[2024-01-18T21:43:01.947+0300] {processor.py:153} INFO - Started process (PID=4409) to work on /home/angry/mlops_4/venv4/lib/python3.10/site-packages/airflow/example_dags/example_task_group_decorator.py
[2024-01-18T21:43:01.951+0300] {processor.py:743} INFO - Processing file /home/angry/mlops_4/venv4/lib/python3.10/site-packages/airflow/example_dags/example_task_group_decorator.py for tasks to queue
[2024-01-18T21:43:01.953+0300] {logging_mixin.py:137} INFO - [2024-01-18T21:43:01.952+0300] {dagbag.py:532} INFO - Filling up the DagBag from /home/angry/mlops_4/venv4/lib/python3.10/site-packages/airflow/example_dags/example_task_group_decorator.py
[2024-01-18T21:43:02.020+0300] {processor.py:753} INFO - DAG(s) dict_keys(['example_task_group_decorator']) retrieved from /home/angry/mlops_4/venv4/lib/python3.10/site-packages/airflow/example_dags/example_task_group_decorator.py
[2024-01-18T21:43:02.064+0300] {logging_mixin.py:137} INFO - [2024-01-18T21:43:02.063+0300] {dag.py:2705} INFO - Sync 1 DAGs
[2024-01-18T21:43:02.101+0300] {logging_mixin.py:137} INFO - [2024-01-18T21:43:02.101+0300] {dag.py:3452} INFO - Setting next_dagrun for example_task_group_decorator to 2024-01-17T18:43:02.100764+00:00, run_after=2024-01-18T18:43:02.100764+00:00
[2024-01-18T21:43:02.141+0300] {processor.py:175} INFO - Processing /home/angry/mlops_4/venv4/lib/python3.10/site-packages/airflow/example_dags/example_task_group_decorator.py took 0.200 seconds
[2024-01-18T21:43:50.208+0300] {processor.py:153} INFO - Started process (PID=4463) to work on /home/angry/mlops_4/venv4/lib/python3.10/site-packages/airflow/example_dags/example_task_group_decorator.py
[2024-01-18T21:43:50.210+0300] {processor.py:743} INFO - Processing file /home/angry/mlops_4/venv4/lib/python3.10/site-packages/airflow/example_dags/example_task_group_decorator.py for tasks to queue
[2024-01-18T21:43:50.212+0300] {logging_mixin.py:137} INFO - [2024-01-18T21:43:50.212+0300] {dagbag.py:532} INFO - Filling up the DagBag from /home/angry/mlops_4/venv4/lib/python3.10/site-packages/airflow/example_dags/example_task_group_decorator.py
[2024-01-18T21:43:50.273+0300] {processor.py:753} INFO - DAG(s) dict_keys(['example_task_group_decorator']) retrieved from /home/angry/mlops_4/venv4/lib/python3.10/site-packages/airflow/example_dags/example_task_group_decorator.py
[2024-01-18T21:43:50.319+0300] {logging_mixin.py:137} INFO - [2024-01-18T21:43:50.319+0300] {dag.py:2705} INFO - Sync 1 DAGs
[2024-01-18T21:43:50.356+0300] {logging_mixin.py:137} INFO - [2024-01-18T21:43:50.356+0300] {dag.py:3452} INFO - Setting next_dagrun for example_task_group_decorator to 2024-01-17T18:43:50.355936+00:00, run_after=2024-01-18T18:43:50.355936+00:00
[2024-01-18T21:43:50.396+0300] {processor.py:175} INFO - Processing /home/angry/mlops_4/venv4/lib/python3.10/site-packages/airflow/example_dags/example_task_group_decorator.py took 0.195 seconds
[2024-01-18T21:44:39.691+0300] {processor.py:153} INFO - Started process (PID=4519) to work on /home/angry/mlops_4/venv4/lib/python3.10/site-packages/airflow/example_dags/example_task_group_decorator.py
[2024-01-18T21:44:39.694+0300] {processor.py:743} INFO - Processing file /home/angry/mlops_4/venv4/lib/python3.10/site-packages/airflow/example_dags/example_task_group_decorator.py for tasks to queue
[2024-01-18T21:44:39.695+0300] {logging_mixin.py:137} INFO - [2024-01-18T21:44:39.695+0300] {dagbag.py:532} INFO - Filling up the DagBag from /home/angry/mlops_4/venv4/lib/python3.10/site-packages/airflow/example_dags/example_task_group_decorator.py
[2024-01-18T21:44:39.768+0300] {processor.py:753} INFO - DAG(s) dict_keys(['example_task_group_decorator']) retrieved from /home/angry/mlops_4/venv4/lib/python3.10/site-packages/airflow/example_dags/example_task_group_decorator.py
[2024-01-18T21:44:39.818+0300] {logging_mixin.py:137} INFO - [2024-01-18T21:44:39.817+0300] {dag.py:2705} INFO - Sync 1 DAGs
[2024-01-18T21:44:39.862+0300] {logging_mixin.py:137} INFO - [2024-01-18T21:44:39.861+0300] {dag.py:3452} INFO - Setting next_dagrun for example_task_group_decorator to 2024-01-17T18:44:39.860850+00:00, run_after=2024-01-18T18:44:39.860850+00:00
[2024-01-18T21:44:39.916+0300] {processor.py:175} INFO - Processing /home/angry/mlops_4/venv4/lib/python3.10/site-packages/airflow/example_dags/example_task_group_decorator.py took 0.235 seconds
[2024-01-18T21:45:32.328+0300] {processor.py:153} INFO - Started process (PID=4605) to work on /home/angry/mlops_4/venv4/lib/python3.10/site-packages/airflow/example_dags/example_task_group_decorator.py
[2024-01-18T21:45:32.331+0300] {processor.py:743} INFO - Processing file /home/angry/mlops_4/venv4/lib/python3.10/site-packages/airflow/example_dags/example_task_group_decorator.py for tasks to queue
[2024-01-18T21:45:32.333+0300] {logging_mixin.py:137} INFO - [2024-01-18T21:45:32.332+0300] {dagbag.py:532} INFO - Filling up the DagBag from /home/angry/mlops_4/venv4/lib/python3.10/site-packages/airflow/example_dags/example_task_group_decorator.py
[2024-01-18T21:45:32.397+0300] {processor.py:753} INFO - DAG(s) dict_keys(['example_task_group_decorator']) retrieved from /home/angry/mlops_4/venv4/lib/python3.10/site-packages/airflow/example_dags/example_task_group_decorator.py
[2024-01-18T21:45:32.442+0300] {logging_mixin.py:137} INFO - [2024-01-18T21:45:32.442+0300] {dag.py:2705} INFO - Sync 1 DAGs
[2024-01-18T21:45:32.479+0300] {logging_mixin.py:137} INFO - [2024-01-18T21:45:32.479+0300] {dag.py:3452} INFO - Setting next_dagrun for example_task_group_decorator to 2024-01-17T18:45:32.479147+00:00, run_after=2024-01-18T18:45:32.479147+00:00
[2024-01-18T21:45:32.524+0300] {processor.py:175} INFO - Processing /home/angry/mlops_4/venv4/lib/python3.10/site-packages/airflow/example_dags/example_task_group_decorator.py took 0.203 seconds
[2024-01-18T21:46:23.330+0300] {processor.py:153} INFO - Started process (PID=4671) to work on /home/angry/mlops_4/venv4/lib/python3.10/site-packages/airflow/example_dags/example_task_group_decorator.py
[2024-01-18T21:46:23.333+0300] {processor.py:743} INFO - Processing file /home/angry/mlops_4/venv4/lib/python3.10/site-packages/airflow/example_dags/example_task_group_decorator.py for tasks to queue
[2024-01-18T21:46:23.334+0300] {logging_mixin.py:137} INFO - [2024-01-18T21:46:23.334+0300] {dagbag.py:532} INFO - Filling up the DagBag from /home/angry/mlops_4/venv4/lib/python3.10/site-packages/airflow/example_dags/example_task_group_decorator.py
[2024-01-18T21:46:23.396+0300] {processor.py:753} INFO - DAG(s) dict_keys(['example_task_group_decorator']) retrieved from /home/angry/mlops_4/venv4/lib/python3.10/site-packages/airflow/example_dags/example_task_group_decorator.py
[2024-01-18T21:46:23.443+0300] {logging_mixin.py:137} INFO - [2024-01-18T21:46:23.443+0300] {dag.py:2705} INFO - Sync 1 DAGs
[2024-01-18T21:46:23.481+0300] {logging_mixin.py:137} INFO - [2024-01-18T21:46:23.481+0300] {dag.py:3452} INFO - Setting next_dagrun for example_task_group_decorator to 2024-01-17T18:46:23.480668+00:00, run_after=2024-01-18T18:46:23.480668+00:00
[2024-01-18T21:46:23.530+0300] {processor.py:175} INFO - Processing /home/angry/mlops_4/venv4/lib/python3.10/site-packages/airflow/example_dags/example_task_group_decorator.py took 0.207 seconds
[2024-01-18T21:47:11.260+0300] {processor.py:153} INFO - Started process (PID=4724) to work on /home/angry/mlops_4/venv4/lib/python3.10/site-packages/airflow/example_dags/example_task_group_decorator.py
[2024-01-18T21:47:11.263+0300] {processor.py:743} INFO - Processing file /home/angry/mlops_4/venv4/lib/python3.10/site-packages/airflow/example_dags/example_task_group_decorator.py for tasks to queue
[2024-01-18T21:47:11.264+0300] {logging_mixin.py:137} INFO - [2024-01-18T21:47:11.264+0300] {dagbag.py:532} INFO - Filling up the DagBag from /home/angry/mlops_4/venv4/lib/python3.10/site-packages/airflow/example_dags/example_task_group_decorator.py
[2024-01-18T21:47:11.335+0300] {processor.py:753} INFO - DAG(s) dict_keys(['example_task_group_decorator']) retrieved from /home/angry/mlops_4/venv4/lib/python3.10/site-packages/airflow/example_dags/example_task_group_decorator.py
[2024-01-18T21:47:11.386+0300] {logging_mixin.py:137} INFO - [2024-01-18T21:47:11.386+0300] {dag.py:2705} INFO - Sync 1 DAGs
[2024-01-18T21:47:11.426+0300] {logging_mixin.py:137} INFO - [2024-01-18T21:47:11.426+0300] {dag.py:3452} INFO - Setting next_dagrun for example_task_group_decorator to 2024-01-17T18:47:11.426108+00:00, run_after=2024-01-18T18:47:11.426108+00:00
[2024-01-18T21:47:11.466+0300] {processor.py:175} INFO - Processing /home/angry/mlops_4/venv4/lib/python3.10/site-packages/airflow/example_dags/example_task_group_decorator.py took 0.214 seconds
[2024-01-18T21:48:01.684+0300] {processor.py:153} INFO - Started process (PID=4802) to work on /home/angry/mlops_4/venv4/lib/python3.10/site-packages/airflow/example_dags/example_task_group_decorator.py
[2024-01-18T21:48:01.687+0300] {processor.py:743} INFO - Processing file /home/angry/mlops_4/venv4/lib/python3.10/site-packages/airflow/example_dags/example_task_group_decorator.py for tasks to queue
[2024-01-18T21:48:01.688+0300] {logging_mixin.py:137} INFO - [2024-01-18T21:48:01.688+0300] {dagbag.py:532} INFO - Filling up the DagBag from /home/angry/mlops_4/venv4/lib/python3.10/site-packages/airflow/example_dags/example_task_group_decorator.py
[2024-01-18T21:48:01.773+0300] {processor.py:753} INFO - DAG(s) dict_keys(['example_task_group_decorator']) retrieved from /home/angry/mlops_4/venv4/lib/python3.10/site-packages/airflow/example_dags/example_task_group_decorator.py
[2024-01-18T21:48:01.825+0300] {logging_mixin.py:137} INFO - [2024-01-18T21:48:01.825+0300] {dag.py:2705} INFO - Sync 1 DAGs
[2024-01-18T21:48:01.926+0300] {logging_mixin.py:137} INFO - [2024-01-18T21:48:01.925+0300] {dag.py:3452} INFO - Setting next_dagrun for example_task_group_decorator to 2024-01-17T18:48:01.924268+00:00, run_after=2024-01-18T18:48:01.924268+00:00
[2024-01-18T21:48:02.015+0300] {processor.py:175} INFO - Processing /home/angry/mlops_4/venv4/lib/python3.10/site-packages/airflow/example_dags/example_task_group_decorator.py took 0.341 seconds
[2024-01-18T21:48:52.990+0300] {processor.py:153} INFO - Started process (PID=4857) to work on /home/angry/mlops_4/venv4/lib/python3.10/site-packages/airflow/example_dags/example_task_group_decorator.py
[2024-01-18T21:48:52.993+0300] {processor.py:743} INFO - Processing file /home/angry/mlops_4/venv4/lib/python3.10/site-packages/airflow/example_dags/example_task_group_decorator.py for tasks to queue
[2024-01-18T21:48:52.995+0300] {logging_mixin.py:137} INFO - [2024-01-18T21:48:52.995+0300] {dagbag.py:532} INFO - Filling up the DagBag from /home/angry/mlops_4/venv4/lib/python3.10/site-packages/airflow/example_dags/example_task_group_decorator.py
[2024-01-18T21:48:53.088+0300] {processor.py:753} INFO - DAG(s) dict_keys(['example_task_group_decorator']) retrieved from /home/angry/mlops_4/venv4/lib/python3.10/site-packages/airflow/example_dags/example_task_group_decorator.py
[2024-01-18T21:48:53.137+0300] {logging_mixin.py:137} INFO - [2024-01-18T21:48:53.137+0300] {dag.py:2705} INFO - Sync 1 DAGs
[2024-01-18T21:48:53.182+0300] {logging_mixin.py:137} INFO - [2024-01-18T21:48:53.181+0300] {dag.py:3452} INFO - Setting next_dagrun for example_task_group_decorator to 2024-01-17T18:48:53.181355+00:00, run_after=2024-01-18T18:48:53.181355+00:00
[2024-01-18T21:48:53.225+0300] {processor.py:175} INFO - Processing /home/angry/mlops_4/venv4/lib/python3.10/site-packages/airflow/example_dags/example_task_group_decorator.py took 0.243 seconds
[2024-01-18T21:49:42.013+0300] {processor.py:153} INFO - Started process (PID=4906) to work on /home/angry/mlops_4/venv4/lib/python3.10/site-packages/airflow/example_dags/example_task_group_decorator.py
[2024-01-18T21:49:42.017+0300] {processor.py:743} INFO - Processing file /home/angry/mlops_4/venv4/lib/python3.10/site-packages/airflow/example_dags/example_task_group_decorator.py for tasks to queue
[2024-01-18T21:49:42.019+0300] {logging_mixin.py:137} INFO - [2024-01-18T21:49:42.019+0300] {dagbag.py:532} INFO - Filling up the DagBag from /home/angry/mlops_4/venv4/lib/python3.10/site-packages/airflow/example_dags/example_task_group_decorator.py
[2024-01-18T21:49:42.084+0300] {processor.py:753} INFO - DAG(s) dict_keys(['example_task_group_decorator']) retrieved from /home/angry/mlops_4/venv4/lib/python3.10/site-packages/airflow/example_dags/example_task_group_decorator.py
[2024-01-18T21:49:42.145+0300] {logging_mixin.py:137} INFO - [2024-01-18T21:49:42.145+0300] {dag.py:2705} INFO - Sync 1 DAGs
[2024-01-18T21:49:42.190+0300] {logging_mixin.py:137} INFO - [2024-01-18T21:49:42.190+0300] {dag.py:3452} INFO - Setting next_dagrun for example_task_group_decorator to 2024-01-17T18:49:42.189913+00:00, run_after=2024-01-18T18:49:42.189913+00:00
[2024-01-18T21:49:42.231+0300] {processor.py:175} INFO - Processing /home/angry/mlops_4/venv4/lib/python3.10/site-packages/airflow/example_dags/example_task_group_decorator.py took 0.226 seconds
[2024-01-18T21:50:34.368+0300] {processor.py:153} INFO - Started process (PID=4955) to work on /home/angry/mlops_4/venv4/lib/python3.10/site-packages/airflow/example_dags/example_task_group_decorator.py
[2024-01-18T21:50:34.370+0300] {processor.py:743} INFO - Processing file /home/angry/mlops_4/venv4/lib/python3.10/site-packages/airflow/example_dags/example_task_group_decorator.py for tasks to queue
[2024-01-18T21:50:34.372+0300] {logging_mixin.py:137} INFO - [2024-01-18T21:50:34.372+0300] {dagbag.py:532} INFO - Filling up the DagBag from /home/angry/mlops_4/venv4/lib/python3.10/site-packages/airflow/example_dags/example_task_group_decorator.py
[2024-01-18T21:50:34.437+0300] {processor.py:753} INFO - DAG(s) dict_keys(['example_task_group_decorator']) retrieved from /home/angry/mlops_4/venv4/lib/python3.10/site-packages/airflow/example_dags/example_task_group_decorator.py
[2024-01-18T21:50:34.494+0300] {logging_mixin.py:137} INFO - [2024-01-18T21:50:34.494+0300] {dag.py:2705} INFO - Sync 1 DAGs
[2024-01-18T21:50:34.541+0300] {logging_mixin.py:137} INFO - [2024-01-18T21:50:34.540+0300] {dag.py:3452} INFO - Setting next_dagrun for example_task_group_decorator to 2024-01-17T18:50:34.540131+00:00, run_after=2024-01-18T18:50:34.540131+00:00
[2024-01-18T21:50:34.582+0300] {processor.py:175} INFO - Processing /home/angry/mlops_4/venv4/lib/python3.10/site-packages/airflow/example_dags/example_task_group_decorator.py took 0.222 seconds
[2024-01-18T21:51:24.424+0300] {processor.py:153} INFO - Started process (PID=5002) to work on /home/angry/mlops_4/venv4/lib/python3.10/site-packages/airflow/example_dags/example_task_group_decorator.py
[2024-01-18T21:51:24.428+0300] {processor.py:743} INFO - Processing file /home/angry/mlops_4/venv4/lib/python3.10/site-packages/airflow/example_dags/example_task_group_decorator.py for tasks to queue
[2024-01-18T21:51:24.430+0300] {logging_mixin.py:137} INFO - [2024-01-18T21:51:24.429+0300] {dagbag.py:532} INFO - Filling up the DagBag from /home/angry/mlops_4/venv4/lib/python3.10/site-packages/airflow/example_dags/example_task_group_decorator.py
[2024-01-18T21:51:24.492+0300] {processor.py:753} INFO - DAG(s) dict_keys(['example_task_group_decorator']) retrieved from /home/angry/mlops_4/venv4/lib/python3.10/site-packages/airflow/example_dags/example_task_group_decorator.py
[2024-01-18T21:51:24.538+0300] {logging_mixin.py:137} INFO - [2024-01-18T21:51:24.537+0300] {dag.py:2705} INFO - Sync 1 DAGs
[2024-01-18T21:51:24.575+0300] {logging_mixin.py:137} INFO - [2024-01-18T21:51:24.574+0300] {dag.py:3452} INFO - Setting next_dagrun for example_task_group_decorator to 2024-01-17T18:51:24.573883+00:00, run_after=2024-01-18T18:51:24.573883+00:00
[2024-01-18T21:51:24.616+0300] {processor.py:175} INFO - Processing /home/angry/mlops_4/venv4/lib/python3.10/site-packages/airflow/example_dags/example_task_group_decorator.py took 0.202 seconds
[2024-01-18T21:52:19.581+0300] {processor.py:153} INFO - Started process (PID=5057) to work on /home/angry/mlops_4/venv4/lib/python3.10/site-packages/airflow/example_dags/example_task_group_decorator.py
[2024-01-18T21:52:19.590+0300] {processor.py:743} INFO - Processing file /home/angry/mlops_4/venv4/lib/python3.10/site-packages/airflow/example_dags/example_task_group_decorator.py for tasks to queue
[2024-01-18T21:52:19.593+0300] {logging_mixin.py:137} INFO - [2024-01-18T21:52:19.592+0300] {dagbag.py:532} INFO - Filling up the DagBag from /home/angry/mlops_4/venv4/lib/python3.10/site-packages/airflow/example_dags/example_task_group_decorator.py
[2024-01-18T21:52:19.760+0300] {processor.py:753} INFO - DAG(s) dict_keys(['example_task_group_decorator']) retrieved from /home/angry/mlops_4/venv4/lib/python3.10/site-packages/airflow/example_dags/example_task_group_decorator.py
[2024-01-18T21:52:19.882+0300] {logging_mixin.py:137} INFO - [2024-01-18T21:52:19.881+0300] {dag.py:2705} INFO - Sync 1 DAGs
[2024-01-18T21:52:19.987+0300] {logging_mixin.py:137} INFO - [2024-01-18T21:52:19.986+0300] {dag.py:3452} INFO - Setting next_dagrun for example_task_group_decorator to 2024-01-17T18:52:19.986016+00:00, run_after=2024-01-18T18:52:19.986016+00:00
[2024-01-18T21:52:20.048+0300] {processor.py:175} INFO - Processing /home/angry/mlops_4/venv4/lib/python3.10/site-packages/airflow/example_dags/example_task_group_decorator.py took 0.488 seconds
[2024-01-18T21:53:18.621+0300] {processor.py:153} INFO - Started process (PID=5108) to work on /home/angry/mlops_4/venv4/lib/python3.10/site-packages/airflow/example_dags/example_task_group_decorator.py
[2024-01-18T21:53:18.624+0300] {processor.py:743} INFO - Processing file /home/angry/mlops_4/venv4/lib/python3.10/site-packages/airflow/example_dags/example_task_group_decorator.py for tasks to queue
[2024-01-18T21:53:18.626+0300] {logging_mixin.py:137} INFO - [2024-01-18T21:53:18.625+0300] {dagbag.py:532} INFO - Filling up the DagBag from /home/angry/mlops_4/venv4/lib/python3.10/site-packages/airflow/example_dags/example_task_group_decorator.py
[2024-01-18T21:53:18.693+0300] {processor.py:753} INFO - DAG(s) dict_keys(['example_task_group_decorator']) retrieved from /home/angry/mlops_4/venv4/lib/python3.10/site-packages/airflow/example_dags/example_task_group_decorator.py
[2024-01-18T21:53:18.741+0300] {logging_mixin.py:137} INFO - [2024-01-18T21:53:18.740+0300] {dag.py:2705} INFO - Sync 1 DAGs
[2024-01-18T21:53:18.784+0300] {logging_mixin.py:137} INFO - [2024-01-18T21:53:18.784+0300] {dag.py:3452} INFO - Setting next_dagrun for example_task_group_decorator to 2024-01-17T18:53:18.783549+00:00, run_after=2024-01-18T18:53:18.783549+00:00
[2024-01-18T21:53:18.825+0300] {processor.py:175} INFO - Processing /home/angry/mlops_4/venv4/lib/python3.10/site-packages/airflow/example_dags/example_task_group_decorator.py took 0.212 seconds
[2024-01-18T21:54:16.992+0300] {processor.py:153} INFO - Started process (PID=5163) to work on /home/angry/mlops_4/venv4/lib/python3.10/site-packages/airflow/example_dags/example_task_group_decorator.py
[2024-01-18T21:54:16.995+0300] {processor.py:743} INFO - Processing file /home/angry/mlops_4/venv4/lib/python3.10/site-packages/airflow/example_dags/example_task_group_decorator.py for tasks to queue
[2024-01-18T21:54:16.996+0300] {logging_mixin.py:137} INFO - [2024-01-18T21:54:16.996+0300] {dagbag.py:532} INFO - Filling up the DagBag from /home/angry/mlops_4/venv4/lib/python3.10/site-packages/airflow/example_dags/example_task_group_decorator.py
[2024-01-18T21:54:17.074+0300] {processor.py:753} INFO - DAG(s) dict_keys(['example_task_group_decorator']) retrieved from /home/angry/mlops_4/venv4/lib/python3.10/site-packages/airflow/example_dags/example_task_group_decorator.py
[2024-01-18T21:54:17.124+0300] {logging_mixin.py:137} INFO - [2024-01-18T21:54:17.124+0300] {dag.py:2705} INFO - Sync 1 DAGs
[2024-01-18T21:54:17.163+0300] {logging_mixin.py:137} INFO - [2024-01-18T21:54:17.163+0300] {dag.py:3452} INFO - Setting next_dagrun for example_task_group_decorator to 2024-01-17T18:54:17.162862+00:00, run_after=2024-01-18T18:54:17.162862+00:00
[2024-01-18T21:54:17.204+0300] {processor.py:175} INFO - Processing /home/angry/mlops_4/venv4/lib/python3.10/site-packages/airflow/example_dags/example_task_group_decorator.py took 0.219 seconds
[2024-01-18T22:00:27.693+0300] {processor.py:153} INFO - Started process (PID=5499) to work on /home/angry/mlops_4/venv4/lib/python3.10/site-packages/airflow/example_dags/example_task_group_decorator.py
[2024-01-18T22:00:27.696+0300] {processor.py:743} INFO - Processing file /home/angry/mlops_4/venv4/lib/python3.10/site-packages/airflow/example_dags/example_task_group_decorator.py for tasks to queue
[2024-01-18T22:00:27.700+0300] {logging_mixin.py:137} INFO - [2024-01-18T22:00:27.699+0300] {dagbag.py:532} INFO - Filling up the DagBag from /home/angry/mlops_4/venv4/lib/python3.10/site-packages/airflow/example_dags/example_task_group_decorator.py
[2024-01-18T22:00:27.798+0300] {processor.py:753} INFO - DAG(s) dict_keys(['example_task_group_decorator']) retrieved from /home/angry/mlops_4/venv4/lib/python3.10/site-packages/airflow/example_dags/example_task_group_decorator.py
[2024-01-18T22:00:27.907+0300] {logging_mixin.py:137} INFO - [2024-01-18T22:00:27.906+0300] {dag.py:2705} INFO - Sync 1 DAGs
[2024-01-18T22:00:27.975+0300] {logging_mixin.py:137} INFO - [2024-01-18T22:00:27.975+0300] {dag.py:3452} INFO - Setting next_dagrun for example_task_group_decorator to 2024-01-17T19:00:27.974604+00:00, run_after=2024-01-18T19:00:27.974604+00:00
[2024-01-18T22:00:28.051+0300] {processor.py:175} INFO - Processing /home/angry/mlops_4/venv4/lib/python3.10/site-packages/airflow/example_dags/example_task_group_decorator.py took 0.368 seconds
