[2024-01-18T21:37:08.132+0300] {processor.py:153} INFO - Started process (PID=3318) to work on /home/angry/mlops_4/venv4/lib/python3.10/site-packages/airflow/example_dags/example_dag_decorator.py
[2024-01-18T21:37:08.134+0300] {processor.py:743} INFO - Processing file /home/angry/mlops_4/venv4/lib/python3.10/site-packages/airflow/example_dags/example_dag_decorator.py for tasks to queue
[2024-01-18T21:37:08.136+0300] {logging_mixin.py:137} INFO - [2024-01-18T21:37:08.135+0300] {dagbag.py:532} INFO - Filling up the DagBag from /home/angry/mlops_4/venv4/lib/python3.10/site-packages/airflow/example_dags/example_dag_decorator.py
[2024-01-18T21:37:08.173+0300] {logging_mixin.py:137} INFO - [2024-01-18T21:37:08.173+0300] {taskmixin.py:211} WARNING - Dependency <Task(_PythonDecoratedOperator): prepare_email>, send_email already registered for DAG: example_dag_decorator
[2024-01-18T21:37:08.173+0300] {logging_mixin.py:137} INFO - [2024-01-18T21:37:08.173+0300] {taskmixin.py:211} WARNING - Dependency <Task(EmailOperator): send_email>, prepare_email already registered for DAG: example_dag_decorator
[2024-01-18T21:37:08.197+0300] {processor.py:753} INFO - DAG(s) dict_keys(['example_dag_decorator']) retrieved from /home/angry/mlops_4/venv4/lib/python3.10/site-packages/airflow/example_dags/example_dag_decorator.py
[2024-01-18T21:37:08.475+0300] {logging_mixin.py:137} INFO - [2024-01-18T21:37:08.474+0300] {dag.py:2705} INFO - Sync 1 DAGs
[2024-01-18T21:37:08.511+0300] {logging_mixin.py:137} INFO - [2024-01-18T21:37:08.510+0300] {dag.py:3452} INFO - Setting next_dagrun for example_dag_decorator to None, run_after=None
[2024-01-18T21:37:08.547+0300] {processor.py:175} INFO - Processing /home/angry/mlops_4/venv4/lib/python3.10/site-packages/airflow/example_dags/example_dag_decorator.py took 0.422 seconds
[2024-01-18T21:38:09.110+0300] {processor.py:153} INFO - Started process (PID=3482) to work on /home/angry/mlops_4/venv4/lib/python3.10/site-packages/airflow/example_dags/example_dag_decorator.py
[2024-01-18T21:38:09.139+0300] {processor.py:743} INFO - Processing file /home/angry/mlops_4/venv4/lib/python3.10/site-packages/airflow/example_dags/example_dag_decorator.py for tasks to queue
[2024-01-18T21:38:09.150+0300] {logging_mixin.py:137} INFO - [2024-01-18T21:38:09.148+0300] {dagbag.py:532} INFO - Filling up the DagBag from /home/angry/mlops_4/venv4/lib/python3.10/site-packages/airflow/example_dags/example_dag_decorator.py
[2024-01-18T21:38:09.407+0300] {logging_mixin.py:137} INFO - [2024-01-18T21:38:09.407+0300] {taskmixin.py:211} WARNING - Dependency <Task(_PythonDecoratedOperator): prepare_email>, send_email already registered for DAG: example_dag_decorator
[2024-01-18T21:38:09.408+0300] {logging_mixin.py:137} INFO - [2024-01-18T21:38:09.408+0300] {taskmixin.py:211} WARNING - Dependency <Task(EmailOperator): send_email>, prepare_email already registered for DAG: example_dag_decorator
[2024-01-18T21:38:09.532+0300] {processor.py:753} INFO - DAG(s) dict_keys(['example_dag_decorator']) retrieved from /home/angry/mlops_4/venv4/lib/python3.10/site-packages/airflow/example_dags/example_dag_decorator.py
[2024-01-18T21:38:10.689+0300] {logging_mixin.py:137} INFO - [2024-01-18T21:38:10.689+0300] {dag.py:2705} INFO - Sync 1 DAGs
[2024-01-18T21:38:10.883+0300] {logging_mixin.py:137} INFO - [2024-01-18T21:38:10.881+0300] {dag.py:3452} INFO - Setting next_dagrun for example_dag_decorator to None, run_after=None
[2024-01-18T21:38:11.192+0300] {processor.py:175} INFO - Processing /home/angry/mlops_4/venv4/lib/python3.10/site-packages/airflow/example_dags/example_dag_decorator.py took 2.173 seconds
[2024-01-18T21:39:23.032+0300] {processor.py:153} INFO - Started process (PID=4146) to work on /home/angry/mlops_4/venv4/lib/python3.10/site-packages/airflow/example_dags/example_dag_decorator.py
[2024-01-18T21:39:23.034+0300] {processor.py:743} INFO - Processing file /home/angry/mlops_4/venv4/lib/python3.10/site-packages/airflow/example_dags/example_dag_decorator.py for tasks to queue
[2024-01-18T21:39:23.036+0300] {logging_mixin.py:137} INFO - [2024-01-18T21:39:23.035+0300] {dagbag.py:532} INFO - Filling up the DagBag from /home/angry/mlops_4/venv4/lib/python3.10/site-packages/airflow/example_dags/example_dag_decorator.py
[2024-01-18T21:39:23.088+0300] {logging_mixin.py:137} INFO - [2024-01-18T21:39:23.087+0300] {taskmixin.py:211} WARNING - Dependency <Task(_PythonDecoratedOperator): prepare_email>, send_email already registered for DAG: example_dag_decorator
[2024-01-18T21:39:23.088+0300] {logging_mixin.py:137} INFO - [2024-01-18T21:39:23.088+0300] {taskmixin.py:211} WARNING - Dependency <Task(EmailOperator): send_email>, prepare_email already registered for DAG: example_dag_decorator
[2024-01-18T21:39:23.174+0300] {processor.py:753} INFO - DAG(s) dict_keys(['example_dag_decorator']) retrieved from /home/angry/mlops_4/venv4/lib/python3.10/site-packages/airflow/example_dags/example_dag_decorator.py
[2024-01-18T21:39:23.563+0300] {logging_mixin.py:137} INFO - [2024-01-18T21:39:23.563+0300] {dag.py:2705} INFO - Sync 1 DAGs
[2024-01-18T21:39:23.594+0300] {logging_mixin.py:137} INFO - [2024-01-18T21:39:23.593+0300] {dag.py:3452} INFO - Setting next_dagrun for example_dag_decorator to None, run_after=None
[2024-01-18T21:39:23.637+0300] {processor.py:175} INFO - Processing /home/angry/mlops_4/venv4/lib/python3.10/site-packages/airflow/example_dags/example_dag_decorator.py took 0.612 seconds
[2024-01-18T21:40:21.568+0300] {processor.py:153} INFO - Started process (PID=4207) to work on /home/angry/mlops_4/venv4/lib/python3.10/site-packages/airflow/example_dags/example_dag_decorator.py
[2024-01-18T21:40:21.571+0300] {processor.py:743} INFO - Processing file /home/angry/mlops_4/venv4/lib/python3.10/site-packages/airflow/example_dags/example_dag_decorator.py for tasks to queue
[2024-01-18T21:40:21.572+0300] {logging_mixin.py:137} INFO - [2024-01-18T21:40:21.572+0300] {dagbag.py:532} INFO - Filling up the DagBag from /home/angry/mlops_4/venv4/lib/python3.10/site-packages/airflow/example_dags/example_dag_decorator.py
[2024-01-18T21:40:21.627+0300] {logging_mixin.py:137} INFO - [2024-01-18T21:40:21.627+0300] {taskmixin.py:211} WARNING - Dependency <Task(_PythonDecoratedOperator): prepare_email>, send_email already registered for DAG: example_dag_decorator
[2024-01-18T21:40:21.628+0300] {logging_mixin.py:137} INFO - [2024-01-18T21:40:21.628+0300] {taskmixin.py:211} WARNING - Dependency <Task(EmailOperator): send_email>, prepare_email already registered for DAG: example_dag_decorator
[2024-01-18T21:40:21.668+0300] {processor.py:753} INFO - DAG(s) dict_keys(['example_dag_decorator']) retrieved from /home/angry/mlops_4/venv4/lib/python3.10/site-packages/airflow/example_dags/example_dag_decorator.py
[2024-01-18T21:40:22.050+0300] {logging_mixin.py:137} INFO - [2024-01-18T21:40:22.050+0300] {dag.py:2705} INFO - Sync 1 DAGs
[2024-01-18T21:40:22.088+0300] {logging_mixin.py:137} INFO - [2024-01-18T21:40:22.088+0300] {dag.py:3452} INFO - Setting next_dagrun for example_dag_decorator to None, run_after=None
[2024-01-18T21:40:22.128+0300] {processor.py:175} INFO - Processing /home/angry/mlops_4/venv4/lib/python3.10/site-packages/airflow/example_dags/example_dag_decorator.py took 0.575 seconds
[2024-01-18T21:41:29.646+0300] {processor.py:153} INFO - Started process (PID=4317) to work on /home/angry/mlops_4/venv4/lib/python3.10/site-packages/airflow/example_dags/example_dag_decorator.py
[2024-01-18T21:41:29.650+0300] {processor.py:743} INFO - Processing file /home/angry/mlops_4/venv4/lib/python3.10/site-packages/airflow/example_dags/example_dag_decorator.py for tasks to queue
[2024-01-18T21:41:29.652+0300] {logging_mixin.py:137} INFO - [2024-01-18T21:41:29.652+0300] {dagbag.py:532} INFO - Filling up the DagBag from /home/angry/mlops_4/venv4/lib/python3.10/site-packages/airflow/example_dags/example_dag_decorator.py
[2024-01-18T21:41:29.759+0300] {logging_mixin.py:137} INFO - [2024-01-18T21:41:29.758+0300] {taskmixin.py:211} WARNING - Dependency <Task(_PythonDecoratedOperator): prepare_email>, send_email already registered for DAG: example_dag_decorator
[2024-01-18T21:41:29.759+0300] {logging_mixin.py:137} INFO - [2024-01-18T21:41:29.759+0300] {taskmixin.py:211} WARNING - Dependency <Task(EmailOperator): send_email>, prepare_email already registered for DAG: example_dag_decorator
[2024-01-18T21:41:30.168+0300] {processor.py:753} INFO - DAG(s) dict_keys(['example_dag_decorator']) retrieved from /home/angry/mlops_4/venv4/lib/python3.10/site-packages/airflow/example_dags/example_dag_decorator.py
[2024-01-18T21:41:30.355+0300] {logging_mixin.py:137} INFO - [2024-01-18T21:41:30.355+0300] {dag.py:2705} INFO - Sync 1 DAGs
[2024-01-18T21:41:30.390+0300] {logging_mixin.py:137} INFO - [2024-01-18T21:41:30.389+0300] {dag.py:3452} INFO - Setting next_dagrun for example_dag_decorator to None, run_after=None
[2024-01-18T21:41:30.433+0300] {processor.py:175} INFO - Processing /home/angry/mlops_4/venv4/lib/python3.10/site-packages/airflow/example_dags/example_dag_decorator.py took 0.803 seconds
[2024-01-18T21:42:26.524+0300] {processor.py:153} INFO - Started process (PID=4377) to work on /home/angry/mlops_4/venv4/lib/python3.10/site-packages/airflow/example_dags/example_dag_decorator.py
[2024-01-18T21:42:26.527+0300] {processor.py:743} INFO - Processing file /home/angry/mlops_4/venv4/lib/python3.10/site-packages/airflow/example_dags/example_dag_decorator.py for tasks to queue
[2024-01-18T21:42:26.529+0300] {logging_mixin.py:137} INFO - [2024-01-18T21:42:26.528+0300] {dagbag.py:532} INFO - Filling up the DagBag from /home/angry/mlops_4/venv4/lib/python3.10/site-packages/airflow/example_dags/example_dag_decorator.py
[2024-01-18T21:42:26.804+0300] {logging_mixin.py:137} INFO - [2024-01-18T21:42:26.804+0300] {taskmixin.py:211} WARNING - Dependency <Task(_PythonDecoratedOperator): prepare_email>, send_email already registered for DAG: example_dag_decorator
[2024-01-18T21:42:26.805+0300] {logging_mixin.py:137} INFO - [2024-01-18T21:42:26.805+0300] {taskmixin.py:211} WARNING - Dependency <Task(EmailOperator): send_email>, prepare_email already registered for DAG: example_dag_decorator
[2024-01-18T21:42:26.824+0300] {processor.py:753} INFO - DAG(s) dict_keys(['example_dag_decorator']) retrieved from /home/angry/mlops_4/venv4/lib/python3.10/site-packages/airflow/example_dags/example_dag_decorator.py
[2024-01-18T21:42:26.931+0300] {logging_mixin.py:137} INFO - [2024-01-18T21:42:26.930+0300] {dag.py:2705} INFO - Sync 1 DAGs
[2024-01-18T21:42:26.966+0300] {logging_mixin.py:137} INFO - [2024-01-18T21:42:26.965+0300] {dag.py:3452} INFO - Setting next_dagrun for example_dag_decorator to None, run_after=None
[2024-01-18T21:42:27.009+0300] {processor.py:175} INFO - Processing /home/angry/mlops_4/venv4/lib/python3.10/site-packages/airflow/example_dags/example_dag_decorator.py took 0.495 seconds
[2024-01-18T21:43:20.168+0300] {processor.py:153} INFO - Started process (PID=4429) to work on /home/angry/mlops_4/venv4/lib/python3.10/site-packages/airflow/example_dags/example_dag_decorator.py
[2024-01-18T21:43:20.171+0300] {processor.py:743} INFO - Processing file /home/angry/mlops_4/venv4/lib/python3.10/site-packages/airflow/example_dags/example_dag_decorator.py for tasks to queue
[2024-01-18T21:43:20.172+0300] {logging_mixin.py:137} INFO - [2024-01-18T21:43:20.172+0300] {dagbag.py:532} INFO - Filling up the DagBag from /home/angry/mlops_4/venv4/lib/python3.10/site-packages/airflow/example_dags/example_dag_decorator.py
[2024-01-18T21:43:20.217+0300] {logging_mixin.py:137} INFO - [2024-01-18T21:43:20.217+0300] {taskmixin.py:211} WARNING - Dependency <Task(_PythonDecoratedOperator): prepare_email>, send_email already registered for DAG: example_dag_decorator
[2024-01-18T21:43:20.218+0300] {logging_mixin.py:137} INFO - [2024-01-18T21:43:20.218+0300] {taskmixin.py:211} WARNING - Dependency <Task(EmailOperator): send_email>, prepare_email already registered for DAG: example_dag_decorator
[2024-01-18T21:43:20.243+0300] {processor.py:753} INFO - DAG(s) dict_keys(['example_dag_decorator']) retrieved from /home/angry/mlops_4/venv4/lib/python3.10/site-packages/airflow/example_dags/example_dag_decorator.py
[2024-01-18T21:43:20.342+0300] {logging_mixin.py:137} INFO - [2024-01-18T21:43:20.342+0300] {dag.py:2705} INFO - Sync 1 DAGs
[2024-01-18T21:43:20.377+0300] {logging_mixin.py:137} INFO - [2024-01-18T21:43:20.376+0300] {dag.py:3452} INFO - Setting next_dagrun for example_dag_decorator to None, run_after=None
[2024-01-18T21:43:20.422+0300] {processor.py:175} INFO - Processing /home/angry/mlops_4/venv4/lib/python3.10/site-packages/airflow/example_dags/example_dag_decorator.py took 0.261 seconds
[2024-01-18T21:44:09.535+0300] {processor.py:153} INFO - Started process (PID=4482) to work on /home/angry/mlops_4/venv4/lib/python3.10/site-packages/airflow/example_dags/example_dag_decorator.py
[2024-01-18T21:44:09.538+0300] {processor.py:743} INFO - Processing file /home/angry/mlops_4/venv4/lib/python3.10/site-packages/airflow/example_dags/example_dag_decorator.py for tasks to queue
[2024-01-18T21:44:09.540+0300] {logging_mixin.py:137} INFO - [2024-01-18T21:44:09.540+0300] {dagbag.py:532} INFO - Filling up the DagBag from /home/angry/mlops_4/venv4/lib/python3.10/site-packages/airflow/example_dags/example_dag_decorator.py
[2024-01-18T21:44:09.585+0300] {logging_mixin.py:137} INFO - [2024-01-18T21:44:09.584+0300] {taskmixin.py:211} WARNING - Dependency <Task(_PythonDecoratedOperator): prepare_email>, send_email already registered for DAG: example_dag_decorator
[2024-01-18T21:44:09.586+0300] {logging_mixin.py:137} INFO - [2024-01-18T21:44:09.585+0300] {taskmixin.py:211} WARNING - Dependency <Task(EmailOperator): send_email>, prepare_email already registered for DAG: example_dag_decorator
[2024-01-18T21:44:09.612+0300] {processor.py:753} INFO - DAG(s) dict_keys(['example_dag_decorator']) retrieved from /home/angry/mlops_4/venv4/lib/python3.10/site-packages/airflow/example_dags/example_dag_decorator.py
[2024-01-18T21:44:09.714+0300] {logging_mixin.py:137} INFO - [2024-01-18T21:44:09.713+0300] {dag.py:2705} INFO - Sync 1 DAGs
[2024-01-18T21:44:09.747+0300] {logging_mixin.py:137} INFO - [2024-01-18T21:44:09.746+0300] {dag.py:3452} INFO - Setting next_dagrun for example_dag_decorator to None, run_after=None
[2024-01-18T21:44:09.796+0300] {processor.py:175} INFO - Processing /home/angry/mlops_4/venv4/lib/python3.10/site-packages/airflow/example_dags/example_dag_decorator.py took 0.269 seconds
[2024-01-18T21:45:01.321+0300] {processor.py:153} INFO - Started process (PID=4553) to work on /home/angry/mlops_4/venv4/lib/python3.10/site-packages/airflow/example_dags/example_dag_decorator.py
[2024-01-18T21:45:01.323+0300] {processor.py:743} INFO - Processing file /home/angry/mlops_4/venv4/lib/python3.10/site-packages/airflow/example_dags/example_dag_decorator.py for tasks to queue
[2024-01-18T21:45:01.325+0300] {logging_mixin.py:137} INFO - [2024-01-18T21:45:01.325+0300] {dagbag.py:532} INFO - Filling up the DagBag from /home/angry/mlops_4/venv4/lib/python3.10/site-packages/airflow/example_dags/example_dag_decorator.py
[2024-01-18T21:45:01.374+0300] {logging_mixin.py:137} INFO - [2024-01-18T21:45:01.374+0300] {taskmixin.py:211} WARNING - Dependency <Task(_PythonDecoratedOperator): prepare_email>, send_email already registered for DAG: example_dag_decorator
[2024-01-18T21:45:01.374+0300] {logging_mixin.py:137} INFO - [2024-01-18T21:45:01.374+0300] {taskmixin.py:211} WARNING - Dependency <Task(EmailOperator): send_email>, prepare_email already registered for DAG: example_dag_decorator
[2024-01-18T21:45:01.415+0300] {processor.py:753} INFO - DAG(s) dict_keys(['example_dag_decorator']) retrieved from /home/angry/mlops_4/venv4/lib/python3.10/site-packages/airflow/example_dags/example_dag_decorator.py
[2024-01-18T21:45:01.595+0300] {logging_mixin.py:137} INFO - [2024-01-18T21:45:01.594+0300] {dag.py:2705} INFO - Sync 1 DAGs
[2024-01-18T21:45:01.668+0300] {logging_mixin.py:137} INFO - [2024-01-18T21:45:01.668+0300] {dag.py:3452} INFO - Setting next_dagrun for example_dag_decorator to None, run_after=None
[2024-01-18T21:45:01.737+0300] {processor.py:175} INFO - Processing /home/angry/mlops_4/venv4/lib/python3.10/site-packages/airflow/example_dags/example_dag_decorator.py took 0.424 seconds
[2024-01-18T21:45:51.471+0300] {processor.py:153} INFO - Started process (PID=4623) to work on /home/angry/mlops_4/venv4/lib/python3.10/site-packages/airflow/example_dags/example_dag_decorator.py
[2024-01-18T21:45:51.473+0300] {processor.py:743} INFO - Processing file /home/angry/mlops_4/venv4/lib/python3.10/site-packages/airflow/example_dags/example_dag_decorator.py for tasks to queue
[2024-01-18T21:45:51.475+0300] {logging_mixin.py:137} INFO - [2024-01-18T21:45:51.475+0300] {dagbag.py:532} INFO - Filling up the DagBag from /home/angry/mlops_4/venv4/lib/python3.10/site-packages/airflow/example_dags/example_dag_decorator.py
[2024-01-18T21:45:51.519+0300] {logging_mixin.py:137} INFO - [2024-01-18T21:45:51.519+0300] {taskmixin.py:211} WARNING - Dependency <Task(_PythonDecoratedOperator): prepare_email>, send_email already registered for DAG: example_dag_decorator
[2024-01-18T21:45:51.519+0300] {logging_mixin.py:137} INFO - [2024-01-18T21:45:51.519+0300] {taskmixin.py:211} WARNING - Dependency <Task(EmailOperator): send_email>, prepare_email already registered for DAG: example_dag_decorator
[2024-01-18T21:45:51.546+0300] {processor.py:753} INFO - DAG(s) dict_keys(['example_dag_decorator']) retrieved from /home/angry/mlops_4/venv4/lib/python3.10/site-packages/airflow/example_dags/example_dag_decorator.py
[2024-01-18T21:45:51.644+0300] {logging_mixin.py:137} INFO - [2024-01-18T21:45:51.644+0300] {dag.py:2705} INFO - Sync 1 DAGs
[2024-01-18T21:45:51.679+0300] {logging_mixin.py:137} INFO - [2024-01-18T21:45:51.679+0300] {dag.py:3452} INFO - Setting next_dagrun for example_dag_decorator to None, run_after=None
[2024-01-18T21:45:51.719+0300] {processor.py:175} INFO - Processing /home/angry/mlops_4/venv4/lib/python3.10/site-packages/airflow/example_dags/example_dag_decorator.py took 0.255 seconds
[2024-01-18T21:46:40.161+0300] {processor.py:153} INFO - Started process (PID=4694) to work on /home/angry/mlops_4/venv4/lib/python3.10/site-packages/airflow/example_dags/example_dag_decorator.py
[2024-01-18T21:46:40.164+0300] {processor.py:743} INFO - Processing file /home/angry/mlops_4/venv4/lib/python3.10/site-packages/airflow/example_dags/example_dag_decorator.py for tasks to queue
[2024-01-18T21:46:40.165+0300] {logging_mixin.py:137} INFO - [2024-01-18T21:46:40.165+0300] {dagbag.py:532} INFO - Filling up the DagBag from /home/angry/mlops_4/venv4/lib/python3.10/site-packages/airflow/example_dags/example_dag_decorator.py
[2024-01-18T21:46:40.212+0300] {logging_mixin.py:137} INFO - [2024-01-18T21:46:40.211+0300] {taskmixin.py:211} WARNING - Dependency <Task(_PythonDecoratedOperator): prepare_email>, send_email already registered for DAG: example_dag_decorator
[2024-01-18T21:46:40.212+0300] {logging_mixin.py:137} INFO - [2024-01-18T21:46:40.212+0300] {taskmixin.py:211} WARNING - Dependency <Task(EmailOperator): send_email>, prepare_email already registered for DAG: example_dag_decorator
[2024-01-18T21:46:40.237+0300] {processor.py:753} INFO - DAG(s) dict_keys(['example_dag_decorator']) retrieved from /home/angry/mlops_4/venv4/lib/python3.10/site-packages/airflow/example_dags/example_dag_decorator.py
[2024-01-18T21:46:40.336+0300] {logging_mixin.py:137} INFO - [2024-01-18T21:46:40.335+0300] {dag.py:2705} INFO - Sync 1 DAGs
[2024-01-18T21:46:40.370+0300] {logging_mixin.py:137} INFO - [2024-01-18T21:46:40.370+0300] {dag.py:3452} INFO - Setting next_dagrun for example_dag_decorator to None, run_after=None
[2024-01-18T21:46:40.410+0300] {processor.py:175} INFO - Processing /home/angry/mlops_4/venv4/lib/python3.10/site-packages/airflow/example_dags/example_dag_decorator.py took 0.258 seconds
[2024-01-18T21:47:30.361+0300] {processor.py:153} INFO - Started process (PID=4758) to work on /home/angry/mlops_4/venv4/lib/python3.10/site-packages/airflow/example_dags/example_dag_decorator.py
[2024-01-18T21:47:30.368+0300] {processor.py:743} INFO - Processing file /home/angry/mlops_4/venv4/lib/python3.10/site-packages/airflow/example_dags/example_dag_decorator.py for tasks to queue
[2024-01-18T21:47:30.371+0300] {logging_mixin.py:137} INFO - [2024-01-18T21:47:30.370+0300] {dagbag.py:532} INFO - Filling up the DagBag from /home/angry/mlops_4/venv4/lib/python3.10/site-packages/airflow/example_dags/example_dag_decorator.py
[2024-01-18T21:47:30.414+0300] {logging_mixin.py:137} INFO - [2024-01-18T21:47:30.414+0300] {taskmixin.py:211} WARNING - Dependency <Task(_PythonDecoratedOperator): prepare_email>, send_email already registered for DAG: example_dag_decorator
[2024-01-18T21:47:30.415+0300] {logging_mixin.py:137} INFO - [2024-01-18T21:47:30.415+0300] {taskmixin.py:211} WARNING - Dependency <Task(EmailOperator): send_email>, prepare_email already registered for DAG: example_dag_decorator
[2024-01-18T21:47:30.440+0300] {processor.py:753} INFO - DAG(s) dict_keys(['example_dag_decorator']) retrieved from /home/angry/mlops_4/venv4/lib/python3.10/site-packages/airflow/example_dags/example_dag_decorator.py
[2024-01-18T21:47:30.546+0300] {logging_mixin.py:137} INFO - [2024-01-18T21:47:30.546+0300] {dag.py:2705} INFO - Sync 1 DAGs
[2024-01-18T21:47:30.579+0300] {logging_mixin.py:137} INFO - [2024-01-18T21:47:30.579+0300] {dag.py:3452} INFO - Setting next_dagrun for example_dag_decorator to None, run_after=None
[2024-01-18T21:47:30.652+0300] {processor.py:175} INFO - Processing /home/angry/mlops_4/venv4/lib/python3.10/site-packages/airflow/example_dags/example_dag_decorator.py took 0.301 seconds
[2024-01-18T21:48:19.868+0300] {processor.py:153} INFO - Started process (PID=4824) to work on /home/angry/mlops_4/venv4/lib/python3.10/site-packages/airflow/example_dags/example_dag_decorator.py
[2024-01-18T21:48:19.871+0300] {processor.py:743} INFO - Processing file /home/angry/mlops_4/venv4/lib/python3.10/site-packages/airflow/example_dags/example_dag_decorator.py for tasks to queue
[2024-01-18T21:48:19.873+0300] {logging_mixin.py:137} INFO - [2024-01-18T21:48:19.872+0300] {dagbag.py:532} INFO - Filling up the DagBag from /home/angry/mlops_4/venv4/lib/python3.10/site-packages/airflow/example_dags/example_dag_decorator.py
[2024-01-18T21:48:19.912+0300] {logging_mixin.py:137} INFO - [2024-01-18T21:48:19.912+0300] {taskmixin.py:211} WARNING - Dependency <Task(_PythonDecoratedOperator): prepare_email>, send_email already registered for DAG: example_dag_decorator
[2024-01-18T21:48:19.913+0300] {logging_mixin.py:137} INFO - [2024-01-18T21:48:19.912+0300] {taskmixin.py:211} WARNING - Dependency <Task(EmailOperator): send_email>, prepare_email already registered for DAG: example_dag_decorator
[2024-01-18T21:48:19.937+0300] {processor.py:753} INFO - DAG(s) dict_keys(['example_dag_decorator']) retrieved from /home/angry/mlops_4/venv4/lib/python3.10/site-packages/airflow/example_dags/example_dag_decorator.py
[2024-01-18T21:48:20.040+0300] {logging_mixin.py:137} INFO - [2024-01-18T21:48:20.040+0300] {dag.py:2705} INFO - Sync 1 DAGs
[2024-01-18T21:48:20.073+0300] {logging_mixin.py:137} INFO - [2024-01-18T21:48:20.073+0300] {dag.py:3452} INFO - Setting next_dagrun for example_dag_decorator to None, run_after=None
[2024-01-18T21:48:20.112+0300] {processor.py:175} INFO - Processing /home/angry/mlops_4/venv4/lib/python3.10/site-packages/airflow/example_dags/example_dag_decorator.py took 0.250 seconds
[2024-01-18T21:49:12.935+0300] {processor.py:153} INFO - Started process (PID=4876) to work on /home/angry/mlops_4/venv4/lib/python3.10/site-packages/airflow/example_dags/example_dag_decorator.py
[2024-01-18T21:49:12.938+0300] {processor.py:743} INFO - Processing file /home/angry/mlops_4/venv4/lib/python3.10/site-packages/airflow/example_dags/example_dag_decorator.py for tasks to queue
[2024-01-18T21:49:12.939+0300] {logging_mixin.py:137} INFO - [2024-01-18T21:49:12.939+0300] {dagbag.py:532} INFO - Filling up the DagBag from /home/angry/mlops_4/venv4/lib/python3.10/site-packages/airflow/example_dags/example_dag_decorator.py
[2024-01-18T21:49:12.984+0300] {logging_mixin.py:137} INFO - [2024-01-18T21:49:12.983+0300] {taskmixin.py:211} WARNING - Dependency <Task(_PythonDecoratedOperator): prepare_email>, send_email already registered for DAG: example_dag_decorator
[2024-01-18T21:49:12.985+0300] {logging_mixin.py:137} INFO - [2024-01-18T21:49:12.984+0300] {taskmixin.py:211} WARNING - Dependency <Task(EmailOperator): send_email>, prepare_email already registered for DAG: example_dag_decorator
[2024-01-18T21:49:13.019+0300] {processor.py:753} INFO - DAG(s) dict_keys(['example_dag_decorator']) retrieved from /home/angry/mlops_4/venv4/lib/python3.10/site-packages/airflow/example_dags/example_dag_decorator.py
[2024-01-18T21:49:13.128+0300] {logging_mixin.py:137} INFO - [2024-01-18T21:49:13.128+0300] {dag.py:2705} INFO - Sync 1 DAGs
[2024-01-18T21:49:13.162+0300] {logging_mixin.py:137} INFO - [2024-01-18T21:49:13.162+0300] {dag.py:3452} INFO - Setting next_dagrun for example_dag_decorator to None, run_after=None
[2024-01-18T21:49:13.204+0300] {processor.py:175} INFO - Processing /home/angry/mlops_4/venv4/lib/python3.10/site-packages/airflow/example_dags/example_dag_decorator.py took 0.276 seconds
[2024-01-18T21:50:03.063+0300] {processor.py:153} INFO - Started process (PID=4923) to work on /home/angry/mlops_4/venv4/lib/python3.10/site-packages/airflow/example_dags/example_dag_decorator.py
[2024-01-18T21:50:03.065+0300] {processor.py:743} INFO - Processing file /home/angry/mlops_4/venv4/lib/python3.10/site-packages/airflow/example_dags/example_dag_decorator.py for tasks to queue
[2024-01-18T21:50:03.066+0300] {logging_mixin.py:137} INFO - [2024-01-18T21:50:03.066+0300] {dagbag.py:532} INFO - Filling up the DagBag from /home/angry/mlops_4/venv4/lib/python3.10/site-packages/airflow/example_dags/example_dag_decorator.py
[2024-01-18T21:50:03.106+0300] {logging_mixin.py:137} INFO - [2024-01-18T21:50:03.105+0300] {taskmixin.py:211} WARNING - Dependency <Task(_PythonDecoratedOperator): prepare_email>, send_email already registered for DAG: example_dag_decorator
[2024-01-18T21:50:03.106+0300] {logging_mixin.py:137} INFO - [2024-01-18T21:50:03.106+0300] {taskmixin.py:211} WARNING - Dependency <Task(EmailOperator): send_email>, prepare_email already registered for DAG: example_dag_decorator
[2024-01-18T21:50:03.135+0300] {processor.py:753} INFO - DAG(s) dict_keys(['example_dag_decorator']) retrieved from /home/angry/mlops_4/venv4/lib/python3.10/site-packages/airflow/example_dags/example_dag_decorator.py
[2024-01-18T21:50:03.260+0300] {logging_mixin.py:137} INFO - [2024-01-18T21:50:03.260+0300] {dag.py:2705} INFO - Sync 1 DAGs
[2024-01-18T21:50:03.303+0300] {logging_mixin.py:137} INFO - [2024-01-18T21:50:03.303+0300] {dag.py:3452} INFO - Setting next_dagrun for example_dag_decorator to None, run_after=None
[2024-01-18T21:50:03.359+0300] {processor.py:175} INFO - Processing /home/angry/mlops_4/venv4/lib/python3.10/site-packages/airflow/example_dags/example_dag_decorator.py took 0.304 seconds
[2024-01-18T21:50:54.233+0300] {processor.py:153} INFO - Started process (PID=4973) to work on /home/angry/mlops_4/venv4/lib/python3.10/site-packages/airflow/example_dags/example_dag_decorator.py
[2024-01-18T21:50:54.236+0300] {processor.py:743} INFO - Processing file /home/angry/mlops_4/venv4/lib/python3.10/site-packages/airflow/example_dags/example_dag_decorator.py for tasks to queue
[2024-01-18T21:50:54.239+0300] {logging_mixin.py:137} INFO - [2024-01-18T21:50:54.239+0300] {dagbag.py:532} INFO - Filling up the DagBag from /home/angry/mlops_4/venv4/lib/python3.10/site-packages/airflow/example_dags/example_dag_decorator.py
[2024-01-18T21:50:54.280+0300] {logging_mixin.py:137} INFO - [2024-01-18T21:50:54.279+0300] {taskmixin.py:211} WARNING - Dependency <Task(_PythonDecoratedOperator): prepare_email>, send_email already registered for DAG: example_dag_decorator
[2024-01-18T21:50:54.280+0300] {logging_mixin.py:137} INFO - [2024-01-18T21:50:54.280+0300] {taskmixin.py:211} WARNING - Dependency <Task(EmailOperator): send_email>, prepare_email already registered for DAG: example_dag_decorator
[2024-01-18T21:50:54.307+0300] {processor.py:753} INFO - DAG(s) dict_keys(['example_dag_decorator']) retrieved from /home/angry/mlops_4/venv4/lib/python3.10/site-packages/airflow/example_dags/example_dag_decorator.py
[2024-01-18T21:50:54.417+0300] {logging_mixin.py:137} INFO - [2024-01-18T21:50:54.417+0300] {dag.py:2705} INFO - Sync 1 DAGs
[2024-01-18T21:50:54.455+0300] {logging_mixin.py:137} INFO - [2024-01-18T21:50:54.455+0300] {dag.py:3452} INFO - Setting next_dagrun for example_dag_decorator to None, run_after=None
[2024-01-18T21:50:54.497+0300] {processor.py:175} INFO - Processing /home/angry/mlops_4/venv4/lib/python3.10/site-packages/airflow/example_dags/example_dag_decorator.py took 0.273 seconds
[2024-01-18T21:51:45.919+0300] {processor.py:153} INFO - Started process (PID=5021) to work on /home/angry/mlops_4/venv4/lib/python3.10/site-packages/airflow/example_dags/example_dag_decorator.py
[2024-01-18T21:51:45.922+0300] {processor.py:743} INFO - Processing file /home/angry/mlops_4/venv4/lib/python3.10/site-packages/airflow/example_dags/example_dag_decorator.py for tasks to queue
[2024-01-18T21:51:45.923+0300] {logging_mixin.py:137} INFO - [2024-01-18T21:51:45.923+0300] {dagbag.py:532} INFO - Filling up the DagBag from /home/angry/mlops_4/venv4/lib/python3.10/site-packages/airflow/example_dags/example_dag_decorator.py
[2024-01-18T21:51:45.963+0300] {logging_mixin.py:137} INFO - [2024-01-18T21:51:45.963+0300] {taskmixin.py:211} WARNING - Dependency <Task(_PythonDecoratedOperator): prepare_email>, send_email already registered for DAG: example_dag_decorator
[2024-01-18T21:51:45.963+0300] {logging_mixin.py:137} INFO - [2024-01-18T21:51:45.963+0300] {taskmixin.py:211} WARNING - Dependency <Task(EmailOperator): send_email>, prepare_email already registered for DAG: example_dag_decorator
[2024-01-18T21:51:45.988+0300] {processor.py:753} INFO - DAG(s) dict_keys(['example_dag_decorator']) retrieved from /home/angry/mlops_4/venv4/lib/python3.10/site-packages/airflow/example_dags/example_dag_decorator.py
[2024-01-18T21:51:46.098+0300] {logging_mixin.py:137} INFO - [2024-01-18T21:51:46.098+0300] {dag.py:2705} INFO - Sync 1 DAGs
[2024-01-18T21:51:46.140+0300] {logging_mixin.py:137} INFO - [2024-01-18T21:51:46.140+0300] {dag.py:3452} INFO - Setting next_dagrun for example_dag_decorator to None, run_after=None
[2024-01-18T21:51:46.181+0300] {processor.py:175} INFO - Processing /home/angry/mlops_4/venv4/lib/python3.10/site-packages/airflow/example_dags/example_dag_decorator.py took 0.269 seconds
[2024-01-18T21:52:40.952+0300] {processor.py:153} INFO - Started process (PID=5075) to work on /home/angry/mlops_4/venv4/lib/python3.10/site-packages/airflow/example_dags/example_dag_decorator.py
[2024-01-18T21:52:40.957+0300] {processor.py:743} INFO - Processing file /home/angry/mlops_4/venv4/lib/python3.10/site-packages/airflow/example_dags/example_dag_decorator.py for tasks to queue
[2024-01-18T21:52:40.959+0300] {logging_mixin.py:137} INFO - [2024-01-18T21:52:40.958+0300] {dagbag.py:532} INFO - Filling up the DagBag from /home/angry/mlops_4/venv4/lib/python3.10/site-packages/airflow/example_dags/example_dag_decorator.py
[2024-01-18T21:52:41.047+0300] {logging_mixin.py:137} INFO - [2024-01-18T21:52:41.046+0300] {taskmixin.py:211} WARNING - Dependency <Task(_PythonDecoratedOperator): prepare_email>, send_email already registered for DAG: example_dag_decorator
[2024-01-18T21:52:41.047+0300] {logging_mixin.py:137} INFO - [2024-01-18T21:52:41.047+0300] {taskmixin.py:211} WARNING - Dependency <Task(EmailOperator): send_email>, prepare_email already registered for DAG: example_dag_decorator
[2024-01-18T21:52:41.095+0300] {processor.py:753} INFO - DAG(s) dict_keys(['example_dag_decorator']) retrieved from /home/angry/mlops_4/venv4/lib/python3.10/site-packages/airflow/example_dags/example_dag_decorator.py
[2024-01-18T21:52:41.342+0300] {logging_mixin.py:137} INFO - [2024-01-18T21:52:41.342+0300] {dag.py:2705} INFO - Sync 1 DAGs
[2024-01-18T21:52:41.423+0300] {logging_mixin.py:137} INFO - [2024-01-18T21:52:41.422+0300] {dag.py:3452} INFO - Setting next_dagrun for example_dag_decorator to None, run_after=None
[2024-01-18T21:52:41.511+0300] {processor.py:175} INFO - Processing /home/angry/mlops_4/venv4/lib/python3.10/site-packages/airflow/example_dags/example_dag_decorator.py took 0.572 seconds
[2024-01-18T21:53:39.892+0300] {processor.py:153} INFO - Started process (PID=5132) to work on /home/angry/mlops_4/venv4/lib/python3.10/site-packages/airflow/example_dags/example_dag_decorator.py
[2024-01-18T21:53:39.895+0300] {processor.py:743} INFO - Processing file /home/angry/mlops_4/venv4/lib/python3.10/site-packages/airflow/example_dags/example_dag_decorator.py for tasks to queue
[2024-01-18T21:53:39.898+0300] {logging_mixin.py:137} INFO - [2024-01-18T21:53:39.897+0300] {dagbag.py:532} INFO - Filling up the DagBag from /home/angry/mlops_4/venv4/lib/python3.10/site-packages/airflow/example_dags/example_dag_decorator.py
[2024-01-18T21:53:39.972+0300] {logging_mixin.py:137} INFO - [2024-01-18T21:53:39.972+0300] {taskmixin.py:211} WARNING - Dependency <Task(_PythonDecoratedOperator): prepare_email>, send_email already registered for DAG: example_dag_decorator
[2024-01-18T21:53:39.973+0300] {logging_mixin.py:137} INFO - [2024-01-18T21:53:39.973+0300] {taskmixin.py:211} WARNING - Dependency <Task(EmailOperator): send_email>, prepare_email already registered for DAG: example_dag_decorator
[2024-01-18T21:53:40.023+0300] {processor.py:753} INFO - DAG(s) dict_keys(['example_dag_decorator']) retrieved from /home/angry/mlops_4/venv4/lib/python3.10/site-packages/airflow/example_dags/example_dag_decorator.py
[2024-01-18T21:53:40.206+0300] {logging_mixin.py:137} INFO - [2024-01-18T21:53:40.206+0300] {dag.py:2705} INFO - Sync 1 DAGs
[2024-01-18T21:53:40.249+0300] {logging_mixin.py:137} INFO - [2024-01-18T21:53:40.249+0300] {dag.py:3452} INFO - Setting next_dagrun for example_dag_decorator to None, run_after=None
[2024-01-18T21:53:40.350+0300] {processor.py:175} INFO - Processing /home/angry/mlops_4/venv4/lib/python3.10/site-packages/airflow/example_dags/example_dag_decorator.py took 0.474 seconds
[2024-01-18T22:00:50.277+0300] {processor.py:153} INFO - Started process (PID=5517) to work on /home/angry/mlops_4/venv4/lib/python3.10/site-packages/airflow/example_dags/example_dag_decorator.py
[2024-01-18T22:00:50.283+0300] {processor.py:743} INFO - Processing file /home/angry/mlops_4/venv4/lib/python3.10/site-packages/airflow/example_dags/example_dag_decorator.py for tasks to queue
[2024-01-18T22:00:50.286+0300] {logging_mixin.py:137} INFO - [2024-01-18T22:00:50.285+0300] {dagbag.py:532} INFO - Filling up the DagBag from /home/angry/mlops_4/venv4/lib/python3.10/site-packages/airflow/example_dags/example_dag_decorator.py
[2024-01-18T22:00:50.352+0300] {logging_mixin.py:137} INFO - [2024-01-18T22:00:50.352+0300] {taskmixin.py:211} WARNING - Dependency <Task(_PythonDecoratedOperator): prepare_email>, send_email already registered for DAG: example_dag_decorator
[2024-01-18T22:00:50.353+0300] {logging_mixin.py:137} INFO - [2024-01-18T22:00:50.353+0300] {taskmixin.py:211} WARNING - Dependency <Task(EmailOperator): send_email>, prepare_email already registered for DAG: example_dag_decorator
[2024-01-18T22:00:50.378+0300] {processor.py:753} INFO - DAG(s) dict_keys(['example_dag_decorator']) retrieved from /home/angry/mlops_4/venv4/lib/python3.10/site-packages/airflow/example_dags/example_dag_decorator.py
[2024-01-18T22:00:50.566+0300] {logging_mixin.py:137} INFO - [2024-01-18T22:00:50.565+0300] {dag.py:2705} INFO - Sync 1 DAGs
[2024-01-18T22:00:50.628+0300] {logging_mixin.py:137} INFO - [2024-01-18T22:00:50.627+0300] {dag.py:3452} INFO - Setting next_dagrun for example_dag_decorator to None, run_after=None
[2024-01-18T22:00:50.701+0300] {processor.py:175} INFO - Processing /home/angry/mlops_4/venv4/lib/python3.10/site-packages/airflow/example_dags/example_dag_decorator.py took 0.451 seconds
