[2024-01-18T21:37:03.842+0300] {processor.py:153} INFO - Started process (PID=3313) to work on /home/angry/mlops_4/venv4/lib/python3.10/site-packages/airflow/example_dags/example_latest_only_with_trigger.py
[2024-01-18T21:37:03.844+0300] {processor.py:743} INFO - Processing file /home/angry/mlops_4/venv4/lib/python3.10/site-packages/airflow/example_dags/example_latest_only_with_trigger.py for tasks to queue
[2024-01-18T21:37:03.846+0300] {logging_mixin.py:137} INFO - [2024-01-18T21:37:03.845+0300] {dagbag.py:532} INFO - Filling up the DagBag from /home/angry/mlops_4/venv4/lib/python3.10/site-packages/airflow/example_dags/example_latest_only_with_trigger.py
[2024-01-18T21:37:03.880+0300] {processor.py:753} INFO - DAG(s) dict_keys(['latest_only_with_trigger']) retrieved from /home/angry/mlops_4/venv4/lib/python3.10/site-packages/airflow/example_dags/example_latest_only_with_trigger.py
[2024-01-18T21:37:03.920+0300] {logging_mixin.py:137} INFO - [2024-01-18T21:37:03.919+0300] {dag.py:2705} INFO - Sync 1 DAGs
[2024-01-18T21:37:03.962+0300] {logging_mixin.py:137} INFO - [2024-01-18T21:37:03.962+0300] {dag.py:3452} INFO - Setting next_dagrun for latest_only_with_trigger to 2024-01-18T14:37:03.961784+00:00, run_after=2024-01-18T18:37:03.961784+00:00
[2024-01-18T21:37:04.210+0300] {processor.py:175} INFO - Processing /home/angry/mlops_4/venv4/lib/python3.10/site-packages/airflow/example_dags/example_latest_only_with_trigger.py took 0.379 seconds
[2024-01-18T21:38:02.794+0300] {processor.py:153} INFO - Started process (PID=3459) to work on /home/angry/mlops_4/venv4/lib/python3.10/site-packages/airflow/example_dags/example_latest_only_with_trigger.py
[2024-01-18T21:38:02.798+0300] {processor.py:743} INFO - Processing file /home/angry/mlops_4/venv4/lib/python3.10/site-packages/airflow/example_dags/example_latest_only_with_trigger.py for tasks to queue
[2024-01-18T21:38:02.800+0300] {logging_mixin.py:137} INFO - [2024-01-18T21:38:02.799+0300] {dagbag.py:532} INFO - Filling up the DagBag from /home/angry/mlops_4/venv4/lib/python3.10/site-packages/airflow/example_dags/example_latest_only_with_trigger.py
[2024-01-18T21:38:02.884+0300] {processor.py:753} INFO - DAG(s) dict_keys(['latest_only_with_trigger']) retrieved from /home/angry/mlops_4/venv4/lib/python3.10/site-packages/airflow/example_dags/example_latest_only_with_trigger.py
[2024-01-18T21:38:02.946+0300] {logging_mixin.py:137} INFO - [2024-01-18T21:38:02.945+0300] {dag.py:2705} INFO - Sync 1 DAGs
[2024-01-18T21:38:03.327+0300] {logging_mixin.py:137} INFO - [2024-01-18T21:38:03.327+0300] {dag.py:3452} INFO - Setting next_dagrun for latest_only_with_trigger to 2024-01-18T14:38:03.327146+00:00, run_after=2024-01-18T18:38:03.327146+00:00
[2024-01-18T21:38:03.373+0300] {processor.py:175} INFO - Processing /home/angry/mlops_4/venv4/lib/python3.10/site-packages/airflow/example_dags/example_latest_only_with_trigger.py took 0.594 seconds
[2024-01-18T21:39:17.941+0300] {processor.py:153} INFO - Started process (PID=4141) to work on /home/angry/mlops_4/venv4/lib/python3.10/site-packages/airflow/example_dags/example_latest_only_with_trigger.py
[2024-01-18T21:39:17.951+0300] {processor.py:743} INFO - Processing file /home/angry/mlops_4/venv4/lib/python3.10/site-packages/airflow/example_dags/example_latest_only_with_trigger.py for tasks to queue
[2024-01-18T21:39:17.955+0300] {logging_mixin.py:137} INFO - [2024-01-18T21:39:17.955+0300] {dagbag.py:532} INFO - Filling up the DagBag from /home/angry/mlops_4/venv4/lib/python3.10/site-packages/airflow/example_dags/example_latest_only_with_trigger.py
[2024-01-18T21:39:17.996+0300] {processor.py:753} INFO - DAG(s) dict_keys(['latest_only_with_trigger']) retrieved from /home/angry/mlops_4/venv4/lib/python3.10/site-packages/airflow/example_dags/example_latest_only_with_trigger.py
[2024-01-18T21:39:18.049+0300] {logging_mixin.py:137} INFO - [2024-01-18T21:39:18.049+0300] {dag.py:2705} INFO - Sync 1 DAGs
[2024-01-18T21:39:18.338+0300] {logging_mixin.py:137} INFO - [2024-01-18T21:39:18.338+0300] {dag.py:3452} INFO - Setting next_dagrun for latest_only_with_trigger to 2024-01-18T14:39:18.337645+00:00, run_after=2024-01-18T18:39:18.337645+00:00
[2024-01-18T21:39:18.403+0300] {processor.py:175} INFO - Processing /home/angry/mlops_4/venv4/lib/python3.10/site-packages/airflow/example_dags/example_latest_only_with_trigger.py took 0.471 seconds
[2024-01-18T21:40:16.726+0300] {processor.py:153} INFO - Started process (PID=4203) to work on /home/angry/mlops_4/venv4/lib/python3.10/site-packages/airflow/example_dags/example_latest_only_with_trigger.py
[2024-01-18T21:40:16.731+0300] {processor.py:743} INFO - Processing file /home/angry/mlops_4/venv4/lib/python3.10/site-packages/airflow/example_dags/example_latest_only_with_trigger.py for tasks to queue
[2024-01-18T21:40:16.734+0300] {logging_mixin.py:137} INFO - [2024-01-18T21:40:16.734+0300] {dagbag.py:532} INFO - Filling up the DagBag from /home/angry/mlops_4/venv4/lib/python3.10/site-packages/airflow/example_dags/example_latest_only_with_trigger.py
[2024-01-18T21:40:16.769+0300] {processor.py:753} INFO - DAG(s) dict_keys(['latest_only_with_trigger']) retrieved from /home/angry/mlops_4/venv4/lib/python3.10/site-packages/airflow/example_dags/example_latest_only_with_trigger.py
[2024-01-18T21:40:17.035+0300] {logging_mixin.py:137} INFO - [2024-01-18T21:40:17.034+0300] {dag.py:2705} INFO - Sync 1 DAGs
[2024-01-18T21:40:17.071+0300] {logging_mixin.py:137} INFO - [2024-01-18T21:40:17.071+0300] {dag.py:3452} INFO - Setting next_dagrun for latest_only_with_trigger to 2024-01-18T14:40:17.070400+00:00, run_after=2024-01-18T18:40:17.070400+00:00
[2024-01-18T21:40:17.124+0300] {processor.py:175} INFO - Processing /home/angry/mlops_4/venv4/lib/python3.10/site-packages/airflow/example_dags/example_latest_only_with_trigger.py took 0.404 seconds
[2024-01-18T21:41:24.265+0300] {processor.py:153} INFO - Started process (PID=4313) to work on /home/angry/mlops_4/venv4/lib/python3.10/site-packages/airflow/example_dags/example_latest_only_with_trigger.py
[2024-01-18T21:41:24.271+0300] {processor.py:743} INFO - Processing file /home/angry/mlops_4/venv4/lib/python3.10/site-packages/airflow/example_dags/example_latest_only_with_trigger.py for tasks to queue
[2024-01-18T21:41:24.274+0300] {logging_mixin.py:137} INFO - [2024-01-18T21:41:24.274+0300] {dagbag.py:532} INFO - Filling up the DagBag from /home/angry/mlops_4/venv4/lib/python3.10/site-packages/airflow/example_dags/example_latest_only_with_trigger.py
[2024-01-18T21:41:24.402+0300] {processor.py:753} INFO - DAG(s) dict_keys(['latest_only_with_trigger']) retrieved from /home/angry/mlops_4/venv4/lib/python3.10/site-packages/airflow/example_dags/example_latest_only_with_trigger.py
[2024-01-18T21:41:24.899+0300] {logging_mixin.py:137} INFO - [2024-01-18T21:41:24.898+0300] {dag.py:2705} INFO - Sync 1 DAGs
[2024-01-18T21:41:24.981+0300] {logging_mixin.py:137} INFO - [2024-01-18T21:41:24.981+0300] {dag.py:3452} INFO - Setting next_dagrun for latest_only_with_trigger to 2024-01-18T14:41:24.976935+00:00, run_after=2024-01-18T18:41:24.976935+00:00
[2024-01-18T21:41:25.065+0300] {processor.py:175} INFO - Processing /home/angry/mlops_4/venv4/lib/python3.10/site-packages/airflow/example_dags/example_latest_only_with_trigger.py took 0.858 seconds
[2024-01-18T21:42:22.398+0300] {processor.py:153} INFO - Started process (PID=4374) to work on /home/angry/mlops_4/venv4/lib/python3.10/site-packages/airflow/example_dags/example_latest_only_with_trigger.py
[2024-01-18T21:42:22.401+0300] {processor.py:743} INFO - Processing file /home/angry/mlops_4/venv4/lib/python3.10/site-packages/airflow/example_dags/example_latest_only_with_trigger.py for tasks to queue
[2024-01-18T21:42:22.402+0300] {logging_mixin.py:137} INFO - [2024-01-18T21:42:22.402+0300] {dagbag.py:532} INFO - Filling up the DagBag from /home/angry/mlops_4/venv4/lib/python3.10/site-packages/airflow/example_dags/example_latest_only_with_trigger.py
[2024-01-18T21:42:22.633+0300] {processor.py:753} INFO - DAG(s) dict_keys(['latest_only_with_trigger']) retrieved from /home/angry/mlops_4/venv4/lib/python3.10/site-packages/airflow/example_dags/example_latest_only_with_trigger.py
[2024-01-18T21:42:22.665+0300] {logging_mixin.py:137} INFO - [2024-01-18T21:42:22.665+0300] {dag.py:2705} INFO - Sync 1 DAGs
[2024-01-18T21:42:22.702+0300] {logging_mixin.py:137} INFO - [2024-01-18T21:42:22.702+0300] {dag.py:3452} INFO - Setting next_dagrun for latest_only_with_trigger to 2024-01-18T14:42:22.701856+00:00, run_after=2024-01-18T18:42:22.701856+00:00
[2024-01-18T21:42:22.741+0300] {processor.py:175} INFO - Processing /home/angry/mlops_4/venv4/lib/python3.10/site-packages/airflow/example_dags/example_latest_only_with_trigger.py took 0.351 seconds
[2024-01-18T21:43:16.775+0300] {processor.py:153} INFO - Started process (PID=4426) to work on /home/angry/mlops_4/venv4/lib/python3.10/site-packages/airflow/example_dags/example_latest_only_with_trigger.py
[2024-01-18T21:43:16.777+0300] {processor.py:743} INFO - Processing file /home/angry/mlops_4/venv4/lib/python3.10/site-packages/airflow/example_dags/example_latest_only_with_trigger.py for tasks to queue
[2024-01-18T21:43:16.778+0300] {logging_mixin.py:137} INFO - [2024-01-18T21:43:16.778+0300] {dagbag.py:532} INFO - Filling up the DagBag from /home/angry/mlops_4/venv4/lib/python3.10/site-packages/airflow/example_dags/example_latest_only_with_trigger.py
[2024-01-18T21:43:16.810+0300] {processor.py:753} INFO - DAG(s) dict_keys(['latest_only_with_trigger']) retrieved from /home/angry/mlops_4/venv4/lib/python3.10/site-packages/airflow/example_dags/example_latest_only_with_trigger.py
[2024-01-18T21:43:16.849+0300] {logging_mixin.py:137} INFO - [2024-01-18T21:43:16.849+0300] {dag.py:2705} INFO - Sync 1 DAGs
[2024-01-18T21:43:16.890+0300] {logging_mixin.py:137} INFO - [2024-01-18T21:43:16.890+0300] {dag.py:3452} INFO - Setting next_dagrun for latest_only_with_trigger to 2024-01-18T14:43:16.889596+00:00, run_after=2024-01-18T18:43:16.889596+00:00
[2024-01-18T21:43:16.926+0300] {processor.py:175} INFO - Processing /home/angry/mlops_4/venv4/lib/python3.10/site-packages/airflow/example_dags/example_latest_only_with_trigger.py took 0.159 seconds
[2024-01-18T21:44:06.326+0300] {processor.py:153} INFO - Started process (PID=4479) to work on /home/angry/mlops_4/venv4/lib/python3.10/site-packages/airflow/example_dags/example_latest_only_with_trigger.py
[2024-01-18T21:44:06.328+0300] {processor.py:743} INFO - Processing file /home/angry/mlops_4/venv4/lib/python3.10/site-packages/airflow/example_dags/example_latest_only_with_trigger.py for tasks to queue
[2024-01-18T21:44:06.331+0300] {logging_mixin.py:137} INFO - [2024-01-18T21:44:06.330+0300] {dagbag.py:532} INFO - Filling up the DagBag from /home/angry/mlops_4/venv4/lib/python3.10/site-packages/airflow/example_dags/example_latest_only_with_trigger.py
[2024-01-18T21:44:06.369+0300] {processor.py:753} INFO - DAG(s) dict_keys(['latest_only_with_trigger']) retrieved from /home/angry/mlops_4/venv4/lib/python3.10/site-packages/airflow/example_dags/example_latest_only_with_trigger.py
[2024-01-18T21:44:06.410+0300] {logging_mixin.py:137} INFO - [2024-01-18T21:44:06.410+0300] {dag.py:2705} INFO - Sync 1 DAGs
[2024-01-18T21:44:06.455+0300] {logging_mixin.py:137} INFO - [2024-01-18T21:44:06.455+0300] {dag.py:3452} INFO - Setting next_dagrun for latest_only_with_trigger to 2024-01-18T14:44:06.454494+00:00, run_after=2024-01-18T18:44:06.454494+00:00
[2024-01-18T21:44:06.495+0300] {processor.py:175} INFO - Processing /home/angry/mlops_4/venv4/lib/python3.10/site-packages/airflow/example_dags/example_latest_only_with_trigger.py took 0.177 seconds
[2024-01-18T21:44:56.692+0300] {processor.py:153} INFO - Started process (PID=4541) to work on /home/angry/mlops_4/venv4/lib/python3.10/site-packages/airflow/example_dags/example_latest_only_with_trigger.py
[2024-01-18T21:44:56.696+0300] {processor.py:743} INFO - Processing file /home/angry/mlops_4/venv4/lib/python3.10/site-packages/airflow/example_dags/example_latest_only_with_trigger.py for tasks to queue
[2024-01-18T21:44:56.697+0300] {logging_mixin.py:137} INFO - [2024-01-18T21:44:56.697+0300] {dagbag.py:532} INFO - Filling up the DagBag from /home/angry/mlops_4/venv4/lib/python3.10/site-packages/airflow/example_dags/example_latest_only_with_trigger.py
[2024-01-18T21:44:56.768+0300] {processor.py:753} INFO - DAG(s) dict_keys(['latest_only_with_trigger']) retrieved from /home/angry/mlops_4/venv4/lib/python3.10/site-packages/airflow/example_dags/example_latest_only_with_trigger.py
[2024-01-18T21:44:56.851+0300] {logging_mixin.py:137} INFO - [2024-01-18T21:44:56.851+0300] {dag.py:2705} INFO - Sync 1 DAGs
[2024-01-18T21:44:56.914+0300] {logging_mixin.py:137} INFO - [2024-01-18T21:44:56.913+0300] {dag.py:3452} INFO - Setting next_dagrun for latest_only_with_trigger to 2024-01-18T14:44:56.912606+00:00, run_after=2024-01-18T18:44:56.912606+00:00
[2024-01-18T21:44:56.965+0300] {processor.py:175} INFO - Processing /home/angry/mlops_4/venv4/lib/python3.10/site-packages/airflow/example_dags/example_latest_only_with_trigger.py took 0.287 seconds
[2024-01-18T21:45:47.981+0300] {processor.py:153} INFO - Started process (PID=4619) to work on /home/angry/mlops_4/venv4/lib/python3.10/site-packages/airflow/example_dags/example_latest_only_with_trigger.py
[2024-01-18T21:45:47.984+0300] {processor.py:743} INFO - Processing file /home/angry/mlops_4/venv4/lib/python3.10/site-packages/airflow/example_dags/example_latest_only_with_trigger.py for tasks to queue
[2024-01-18T21:45:47.986+0300] {logging_mixin.py:137} INFO - [2024-01-18T21:45:47.985+0300] {dagbag.py:532} INFO - Filling up the DagBag from /home/angry/mlops_4/venv4/lib/python3.10/site-packages/airflow/example_dags/example_latest_only_with_trigger.py
[2024-01-18T21:45:48.026+0300] {processor.py:753} INFO - DAG(s) dict_keys(['latest_only_with_trigger']) retrieved from /home/angry/mlops_4/venv4/lib/python3.10/site-packages/airflow/example_dags/example_latest_only_with_trigger.py
[2024-01-18T21:45:48.067+0300] {logging_mixin.py:137} INFO - [2024-01-18T21:45:48.067+0300] {dag.py:2705} INFO - Sync 1 DAGs
[2024-01-18T21:45:48.105+0300] {logging_mixin.py:137} INFO - [2024-01-18T21:45:48.105+0300] {dag.py:3452} INFO - Setting next_dagrun for latest_only_with_trigger to 2024-01-18T14:45:48.105172+00:00, run_after=2024-01-18T18:45:48.105172+00:00
[2024-01-18T21:45:48.148+0300] {processor.py:175} INFO - Processing /home/angry/mlops_4/venv4/lib/python3.10/site-packages/airflow/example_dags/example_latest_only_with_trigger.py took 0.173 seconds
[2024-01-18T21:46:37.349+0300] {processor.py:153} INFO - Started process (PID=4690) to work on /home/angry/mlops_4/venv4/lib/python3.10/site-packages/airflow/example_dags/example_latest_only_with_trigger.py
[2024-01-18T21:46:37.352+0300] {processor.py:743} INFO - Processing file /home/angry/mlops_4/venv4/lib/python3.10/site-packages/airflow/example_dags/example_latest_only_with_trigger.py for tasks to queue
[2024-01-18T21:46:37.353+0300] {logging_mixin.py:137} INFO - [2024-01-18T21:46:37.353+0300] {dagbag.py:532} INFO - Filling up the DagBag from /home/angry/mlops_4/venv4/lib/python3.10/site-packages/airflow/example_dags/example_latest_only_with_trigger.py
[2024-01-18T21:46:37.388+0300] {processor.py:753} INFO - DAG(s) dict_keys(['latest_only_with_trigger']) retrieved from /home/angry/mlops_4/venv4/lib/python3.10/site-packages/airflow/example_dags/example_latest_only_with_trigger.py
[2024-01-18T21:46:37.426+0300] {logging_mixin.py:137} INFO - [2024-01-18T21:46:37.426+0300] {dag.py:2705} INFO - Sync 1 DAGs
[2024-01-18T21:46:37.471+0300] {logging_mixin.py:137} INFO - [2024-01-18T21:46:37.471+0300] {dag.py:3452} INFO - Setting next_dagrun for latest_only_with_trigger to 2024-01-18T14:46:37.470673+00:00, run_after=2024-01-18T18:46:37.470673+00:00
[2024-01-18T21:46:37.510+0300] {processor.py:175} INFO - Processing /home/angry/mlops_4/venv4/lib/python3.10/site-packages/airflow/example_dags/example_latest_only_with_trigger.py took 0.168 seconds
[2024-01-18T21:47:26.285+0300] {processor.py:153} INFO - Started process (PID=4748) to work on /home/angry/mlops_4/venv4/lib/python3.10/site-packages/airflow/example_dags/example_latest_only_with_trigger.py
[2024-01-18T21:47:26.288+0300] {processor.py:743} INFO - Processing file /home/angry/mlops_4/venv4/lib/python3.10/site-packages/airflow/example_dags/example_latest_only_with_trigger.py for tasks to queue
[2024-01-18T21:47:26.290+0300] {logging_mixin.py:137} INFO - [2024-01-18T21:47:26.289+0300] {dagbag.py:532} INFO - Filling up the DagBag from /home/angry/mlops_4/venv4/lib/python3.10/site-packages/airflow/example_dags/example_latest_only_with_trigger.py
[2024-01-18T21:47:26.325+0300] {processor.py:753} INFO - DAG(s) dict_keys(['latest_only_with_trigger']) retrieved from /home/angry/mlops_4/venv4/lib/python3.10/site-packages/airflow/example_dags/example_latest_only_with_trigger.py
[2024-01-18T21:47:26.369+0300] {logging_mixin.py:137} INFO - [2024-01-18T21:47:26.369+0300] {dag.py:2705} INFO - Sync 1 DAGs
[2024-01-18T21:47:26.412+0300] {logging_mixin.py:137} INFO - [2024-01-18T21:47:26.411+0300] {dag.py:3452} INFO - Setting next_dagrun for latest_only_with_trigger to 2024-01-18T14:47:26.411340+00:00, run_after=2024-01-18T18:47:26.411340+00:00
[2024-01-18T21:47:26.457+0300] {processor.py:175} INFO - Processing /home/angry/mlops_4/venv4/lib/python3.10/site-packages/airflow/example_dags/example_latest_only_with_trigger.py took 0.179 seconds
[2024-01-18T21:48:16.220+0300] {processor.py:153} INFO - Started process (PID=4821) to work on /home/angry/mlops_4/venv4/lib/python3.10/site-packages/airflow/example_dags/example_latest_only_with_trigger.py
[2024-01-18T21:48:16.223+0300] {processor.py:743} INFO - Processing file /home/angry/mlops_4/venv4/lib/python3.10/site-packages/airflow/example_dags/example_latest_only_with_trigger.py for tasks to queue
[2024-01-18T21:48:16.224+0300] {logging_mixin.py:137} INFO - [2024-01-18T21:48:16.224+0300] {dagbag.py:532} INFO - Filling up the DagBag from /home/angry/mlops_4/venv4/lib/python3.10/site-packages/airflow/example_dags/example_latest_only_with_trigger.py
[2024-01-18T21:48:16.258+0300] {processor.py:753} INFO - DAG(s) dict_keys(['latest_only_with_trigger']) retrieved from /home/angry/mlops_4/venv4/lib/python3.10/site-packages/airflow/example_dags/example_latest_only_with_trigger.py
[2024-01-18T21:48:16.301+0300] {logging_mixin.py:137} INFO - [2024-01-18T21:48:16.300+0300] {dag.py:2705} INFO - Sync 1 DAGs
[2024-01-18T21:48:16.347+0300] {logging_mixin.py:137} INFO - [2024-01-18T21:48:16.347+0300] {dag.py:3452} INFO - Setting next_dagrun for latest_only_with_trigger to 2024-01-18T14:48:16.347254+00:00, run_after=2024-01-18T18:48:16.347254+00:00
[2024-01-18T21:48:16.388+0300] {processor.py:175} INFO - Processing /home/angry/mlops_4/venv4/lib/python3.10/site-packages/airflow/example_dags/example_latest_only_with_trigger.py took 0.176 seconds
[2024-01-18T21:49:09.482+0300] {processor.py:153} INFO - Started process (PID=4873) to work on /home/angry/mlops_4/venv4/lib/python3.10/site-packages/airflow/example_dags/example_latest_only_with_trigger.py
[2024-01-18T21:49:09.485+0300] {processor.py:743} INFO - Processing file /home/angry/mlops_4/venv4/lib/python3.10/site-packages/airflow/example_dags/example_latest_only_with_trigger.py for tasks to queue
[2024-01-18T21:49:09.486+0300] {logging_mixin.py:137} INFO - [2024-01-18T21:49:09.486+0300] {dagbag.py:532} INFO - Filling up the DagBag from /home/angry/mlops_4/venv4/lib/python3.10/site-packages/airflow/example_dags/example_latest_only_with_trigger.py
[2024-01-18T21:49:09.522+0300] {processor.py:753} INFO - DAG(s) dict_keys(['latest_only_with_trigger']) retrieved from /home/angry/mlops_4/venv4/lib/python3.10/site-packages/airflow/example_dags/example_latest_only_with_trigger.py
[2024-01-18T21:49:09.563+0300] {logging_mixin.py:137} INFO - [2024-01-18T21:49:09.563+0300] {dag.py:2705} INFO - Sync 1 DAGs
[2024-01-18T21:49:09.605+0300] {logging_mixin.py:137} INFO - [2024-01-18T21:49:09.605+0300] {dag.py:3452} INFO - Setting next_dagrun for latest_only_with_trigger to 2024-01-18T14:49:09.604624+00:00, run_after=2024-01-18T18:49:09.604624+00:00
[2024-01-18T21:49:09.646+0300] {processor.py:175} INFO - Processing /home/angry/mlops_4/venv4/lib/python3.10/site-packages/airflow/example_dags/example_latest_only_with_trigger.py took 0.174 seconds
[2024-01-18T21:49:59.063+0300] {processor.py:153} INFO - Started process (PID=4920) to work on /home/angry/mlops_4/venv4/lib/python3.10/site-packages/airflow/example_dags/example_latest_only_with_trigger.py
[2024-01-18T21:49:59.067+0300] {processor.py:743} INFO - Processing file /home/angry/mlops_4/venv4/lib/python3.10/site-packages/airflow/example_dags/example_latest_only_with_trigger.py for tasks to queue
[2024-01-18T21:49:59.069+0300] {logging_mixin.py:137} INFO - [2024-01-18T21:49:59.069+0300] {dagbag.py:532} INFO - Filling up the DagBag from /home/angry/mlops_4/venv4/lib/python3.10/site-packages/airflow/example_dags/example_latest_only_with_trigger.py
[2024-01-18T21:49:59.112+0300] {processor.py:753} INFO - DAG(s) dict_keys(['latest_only_with_trigger']) retrieved from /home/angry/mlops_4/venv4/lib/python3.10/site-packages/airflow/example_dags/example_latest_only_with_trigger.py
[2024-01-18T21:49:59.183+0300] {logging_mixin.py:137} INFO - [2024-01-18T21:49:59.182+0300] {dag.py:2705} INFO - Sync 1 DAGs
[2024-01-18T21:49:59.227+0300] {logging_mixin.py:137} INFO - [2024-01-18T21:49:59.226+0300] {dag.py:3452} INFO - Setting next_dagrun for latest_only_with_trigger to 2024-01-18T14:49:59.226348+00:00, run_after=2024-01-18T18:49:59.226348+00:00
[2024-01-18T21:49:59.268+0300] {processor.py:175} INFO - Processing /home/angry/mlops_4/venv4/lib/python3.10/site-packages/airflow/example_dags/example_latest_only_with_trigger.py took 0.213 seconds
[2024-01-18T21:50:50.186+0300] {processor.py:153} INFO - Started process (PID=4969) to work on /home/angry/mlops_4/venv4/lib/python3.10/site-packages/airflow/example_dags/example_latest_only_with_trigger.py
[2024-01-18T21:50:50.189+0300] {processor.py:743} INFO - Processing file /home/angry/mlops_4/venv4/lib/python3.10/site-packages/airflow/example_dags/example_latest_only_with_trigger.py for tasks to queue
[2024-01-18T21:50:50.190+0300] {logging_mixin.py:137} INFO - [2024-01-18T21:50:50.190+0300] {dagbag.py:532} INFO - Filling up the DagBag from /home/angry/mlops_4/venv4/lib/python3.10/site-packages/airflow/example_dags/example_latest_only_with_trigger.py
[2024-01-18T21:50:50.225+0300] {processor.py:753} INFO - DAG(s) dict_keys(['latest_only_with_trigger']) retrieved from /home/angry/mlops_4/venv4/lib/python3.10/site-packages/airflow/example_dags/example_latest_only_with_trigger.py
[2024-01-18T21:50:50.268+0300] {logging_mixin.py:137} INFO - [2024-01-18T21:50:50.268+0300] {dag.py:2705} INFO - Sync 1 DAGs
[2024-01-18T21:50:50.309+0300] {logging_mixin.py:137} INFO - [2024-01-18T21:50:50.309+0300] {dag.py:3452} INFO - Setting next_dagrun for latest_only_with_trigger to 2024-01-18T14:50:50.308510+00:00, run_after=2024-01-18T18:50:50.308510+00:00
[2024-01-18T21:50:50.349+0300] {processor.py:175} INFO - Processing /home/angry/mlops_4/venv4/lib/python3.10/site-packages/airflow/example_dags/example_latest_only_with_trigger.py took 0.170 seconds
[2024-01-18T21:51:41.860+0300] {processor.py:153} INFO - Started process (PID=5018) to work on /home/angry/mlops_4/venv4/lib/python3.10/site-packages/airflow/example_dags/example_latest_only_with_trigger.py
[2024-01-18T21:51:41.862+0300] {processor.py:743} INFO - Processing file /home/angry/mlops_4/venv4/lib/python3.10/site-packages/airflow/example_dags/example_latest_only_with_trigger.py for tasks to queue
[2024-01-18T21:51:41.864+0300] {logging_mixin.py:137} INFO - [2024-01-18T21:51:41.863+0300] {dagbag.py:532} INFO - Filling up the DagBag from /home/angry/mlops_4/venv4/lib/python3.10/site-packages/airflow/example_dags/example_latest_only_with_trigger.py
[2024-01-18T21:51:41.899+0300] {processor.py:753} INFO - DAG(s) dict_keys(['latest_only_with_trigger']) retrieved from /home/angry/mlops_4/venv4/lib/python3.10/site-packages/airflow/example_dags/example_latest_only_with_trigger.py
[2024-01-18T21:51:41.939+0300] {logging_mixin.py:137} INFO - [2024-01-18T21:51:41.938+0300] {dag.py:2705} INFO - Sync 1 DAGs
[2024-01-18T21:51:41.977+0300] {logging_mixin.py:137} INFO - [2024-01-18T21:51:41.977+0300] {dag.py:3452} INFO - Setting next_dagrun for latest_only_with_trigger to 2024-01-18T14:51:41.976742+00:00, run_after=2024-01-18T18:51:41.976742+00:00
[2024-01-18T21:51:42.022+0300] {processor.py:175} INFO - Processing /home/angry/mlops_4/venv4/lib/python3.10/site-packages/airflow/example_dags/example_latest_only_with_trigger.py took 0.170 seconds
[2024-01-18T21:52:37.838+0300] {processor.py:153} INFO - Started process (PID=5071) to work on /home/angry/mlops_4/venv4/lib/python3.10/site-packages/airflow/example_dags/example_latest_only_with_trigger.py
[2024-01-18T21:52:37.842+0300] {processor.py:743} INFO - Processing file /home/angry/mlops_4/venv4/lib/python3.10/site-packages/airflow/example_dags/example_latest_only_with_trigger.py for tasks to queue
[2024-01-18T21:52:37.849+0300] {logging_mixin.py:137} INFO - [2024-01-18T21:52:37.847+0300] {dagbag.py:532} INFO - Filling up the DagBag from /home/angry/mlops_4/venv4/lib/python3.10/site-packages/airflow/example_dags/example_latest_only_with_trigger.py
[2024-01-18T21:52:37.926+0300] {processor.py:753} INFO - DAG(s) dict_keys(['latest_only_with_trigger']) retrieved from /home/angry/mlops_4/venv4/lib/python3.10/site-packages/airflow/example_dags/example_latest_only_with_trigger.py
[2024-01-18T21:52:38.022+0300] {logging_mixin.py:137} INFO - [2024-01-18T21:52:38.021+0300] {dag.py:2705} INFO - Sync 1 DAGs
[2024-01-18T21:52:38.092+0300] {logging_mixin.py:137} INFO - [2024-01-18T21:52:38.092+0300] {dag.py:3452} INFO - Setting next_dagrun for latest_only_with_trigger to 2024-01-18T14:52:38.091402+00:00, run_after=2024-01-18T18:52:38.091402+00:00
[2024-01-18T21:52:38.179+0300] {processor.py:175} INFO - Processing /home/angry/mlops_4/venv4/lib/python3.10/site-packages/airflow/example_dags/example_latest_only_with_trigger.py took 0.356 seconds
[2024-01-18T21:53:35.196+0300] {processor.py:153} INFO - Started process (PID=5127) to work on /home/angry/mlops_4/venv4/lib/python3.10/site-packages/airflow/example_dags/example_latest_only_with_trigger.py
[2024-01-18T21:53:35.201+0300] {processor.py:743} INFO - Processing file /home/angry/mlops_4/venv4/lib/python3.10/site-packages/airflow/example_dags/example_latest_only_with_trigger.py for tasks to queue
[2024-01-18T21:53:35.204+0300] {logging_mixin.py:137} INFO - [2024-01-18T21:53:35.203+0300] {dagbag.py:532} INFO - Filling up the DagBag from /home/angry/mlops_4/venv4/lib/python3.10/site-packages/airflow/example_dags/example_latest_only_with_trigger.py
[2024-01-18T21:53:35.273+0300] {processor.py:753} INFO - DAG(s) dict_keys(['latest_only_with_trigger']) retrieved from /home/angry/mlops_4/venv4/lib/python3.10/site-packages/airflow/example_dags/example_latest_only_with_trigger.py
[2024-01-18T21:53:35.348+0300] {logging_mixin.py:137} INFO - [2024-01-18T21:53:35.348+0300] {dag.py:2705} INFO - Sync 1 DAGs
[2024-01-18T21:53:35.449+0300] {logging_mixin.py:137} INFO - [2024-01-18T21:53:35.449+0300] {dag.py:3452} INFO - Setting next_dagrun for latest_only_with_trigger to 2024-01-18T14:53:35.448107+00:00, run_after=2024-01-18T18:53:35.448107+00:00
[2024-01-18T21:53:35.529+0300] {processor.py:175} INFO - Processing /home/angry/mlops_4/venv4/lib/python3.10/site-packages/airflow/example_dags/example_latest_only_with_trigger.py took 0.346 seconds
[2024-01-18T22:00:45.617+0300] {processor.py:153} INFO - Started process (PID=5514) to work on /home/angry/mlops_4/venv4/lib/python3.10/site-packages/airflow/example_dags/example_latest_only_with_trigger.py
[2024-01-18T22:00:45.619+0300] {processor.py:743} INFO - Processing file /home/angry/mlops_4/venv4/lib/python3.10/site-packages/airflow/example_dags/example_latest_only_with_trigger.py for tasks to queue
[2024-01-18T22:00:45.621+0300] {logging_mixin.py:137} INFO - [2024-01-18T22:00:45.620+0300] {dagbag.py:532} INFO - Filling up the DagBag from /home/angry/mlops_4/venv4/lib/python3.10/site-packages/airflow/example_dags/example_latest_only_with_trigger.py
[2024-01-18T22:00:45.671+0300] {processor.py:753} INFO - DAG(s) dict_keys(['latest_only_with_trigger']) retrieved from /home/angry/mlops_4/venv4/lib/python3.10/site-packages/airflow/example_dags/example_latest_only_with_trigger.py
[2024-01-18T22:00:45.752+0300] {logging_mixin.py:137} INFO - [2024-01-18T22:00:45.752+0300] {dag.py:2705} INFO - Sync 1 DAGs
[2024-01-18T22:00:45.792+0300] {logging_mixin.py:137} INFO - [2024-01-18T22:00:45.791+0300] {dag.py:3452} INFO - Setting next_dagrun for latest_only_with_trigger to 2024-01-18T15:00:45.791521+00:00, run_after=2024-01-18T19:00:45.791521+00:00
[2024-01-18T22:00:45.830+0300] {processor.py:175} INFO - Processing /home/angry/mlops_4/venv4/lib/python3.10/site-packages/airflow/example_dags/example_latest_only_with_trigger.py took 0.221 seconds
