[2024-01-18T21:37:22.742+0300] {processor.py:153} INFO - Started process (PID=3332) to work on /home/angry/mlops_4/venv4/lib/python3.10/site-packages/airflow/example_dags/example_branch_python_dop_operator_3.py
[2024-01-18T21:37:22.745+0300] {processor.py:743} INFO - Processing file /home/angry/mlops_4/venv4/lib/python3.10/site-packages/airflow/example_dags/example_branch_python_dop_operator_3.py for tasks to queue
[2024-01-18T21:37:22.746+0300] {logging_mixin.py:137} INFO - [2024-01-18T21:37:22.746+0300] {dagbag.py:532} INFO - Filling up the DagBag from /home/angry/mlops_4/venv4/lib/python3.10/site-packages/airflow/example_dags/example_branch_python_dop_operator_3.py
[2024-01-18T21:37:22.803+0300] {processor.py:753} INFO - DAG(s) dict_keys(['example_branch_dop_operator_v3']) retrieved from /home/angry/mlops_4/venv4/lib/python3.10/site-packages/airflow/example_dags/example_branch_python_dop_operator_3.py
[2024-01-18T21:37:22.858+0300] {logging_mixin.py:137} INFO - [2024-01-18T21:37:22.858+0300] {dag.py:2705} INFO - Sync 1 DAGs
[2024-01-18T21:37:23.156+0300] {logging_mixin.py:137} INFO - [2024-01-18T21:37:23.156+0300] {dag.py:3452} INFO - Setting next_dagrun for example_branch_dop_operator_v3 to 2024-01-18T18:36:00+00:00, run_after=2024-01-18T18:37:00+00:00
[2024-01-18T21:37:23.204+0300] {processor.py:175} INFO - Processing /home/angry/mlops_4/venv4/lib/python3.10/site-packages/airflow/example_dags/example_branch_python_dop_operator_3.py took 0.469 seconds
[2024-01-18T21:38:31.031+0300] {processor.py:153} INFO - Started process (PID=4062) to work on /home/angry/mlops_4/venv4/lib/python3.10/site-packages/airflow/example_dags/example_branch_python_dop_operator_3.py
[2024-01-18T21:38:31.035+0300] {processor.py:743} INFO - Processing file /home/angry/mlops_4/venv4/lib/python3.10/site-packages/airflow/example_dags/example_branch_python_dop_operator_3.py for tasks to queue
[2024-01-18T21:38:31.038+0300] {logging_mixin.py:137} INFO - [2024-01-18T21:38:31.037+0300] {dagbag.py:532} INFO - Filling up the DagBag from /home/angry/mlops_4/venv4/lib/python3.10/site-packages/airflow/example_dags/example_branch_python_dop_operator_3.py
[2024-01-18T21:38:31.106+0300] {processor.py:753} INFO - DAG(s) dict_keys(['example_branch_dop_operator_v3']) retrieved from /home/angry/mlops_4/venv4/lib/python3.10/site-packages/airflow/example_dags/example_branch_python_dop_operator_3.py
[2024-01-18T21:38:31.164+0300] {logging_mixin.py:137} INFO - [2024-01-18T21:38:31.164+0300] {dag.py:2705} INFO - Sync 1 DAGs
[2024-01-18T21:38:31.625+0300] {logging_mixin.py:137} INFO - [2024-01-18T21:38:31.624+0300] {dag.py:3452} INFO - Setting next_dagrun for example_branch_dop_operator_v3 to 2024-01-18T18:37:00+00:00, run_after=2024-01-18T18:38:00+00:00
[2024-01-18T21:38:31.698+0300] {processor.py:175} INFO - Processing /home/angry/mlops_4/venv4/lib/python3.10/site-packages/airflow/example_dags/example_branch_python_dop_operator_3.py took 0.676 seconds
[2024-01-18T21:39:38.815+0300] {processor.py:153} INFO - Started process (PID=4164) to work on /home/angry/mlops_4/venv4/lib/python3.10/site-packages/airflow/example_dags/example_branch_python_dop_operator_3.py
[2024-01-18T21:39:38.818+0300] {processor.py:743} INFO - Processing file /home/angry/mlops_4/venv4/lib/python3.10/site-packages/airflow/example_dags/example_branch_python_dop_operator_3.py for tasks to queue
[2024-01-18T21:39:38.819+0300] {logging_mixin.py:137} INFO - [2024-01-18T21:39:38.819+0300] {dagbag.py:532} INFO - Filling up the DagBag from /home/angry/mlops_4/venv4/lib/python3.10/site-packages/airflow/example_dags/example_branch_python_dop_operator_3.py
[2024-01-18T21:39:38.882+0300] {processor.py:753} INFO - DAG(s) dict_keys(['example_branch_dop_operator_v3']) retrieved from /home/angry/mlops_4/venv4/lib/python3.10/site-packages/airflow/example_dags/example_branch_python_dop_operator_3.py
[2024-01-18T21:39:39.138+0300] {logging_mixin.py:137} INFO - [2024-01-18T21:39:39.137+0300] {dag.py:2705} INFO - Sync 1 DAGs
[2024-01-18T21:39:39.179+0300] {logging_mixin.py:137} INFO - [2024-01-18T21:39:39.178+0300] {dag.py:3452} INFO - Setting next_dagrun for example_branch_dop_operator_v3 to 2024-01-18T18:38:00+00:00, run_after=2024-01-18T18:39:00+00:00
[2024-01-18T21:39:39.223+0300] {processor.py:175} INFO - Processing /home/angry/mlops_4/venv4/lib/python3.10/site-packages/airflow/example_dags/example_branch_python_dop_operator_3.py took 0.415 seconds
[2024-01-18T21:40:37.470+0300] {processor.py:153} INFO - Started process (PID=4222) to work on /home/angry/mlops_4/venv4/lib/python3.10/site-packages/airflow/example_dags/example_branch_python_dop_operator_3.py
[2024-01-18T21:40:37.473+0300] {processor.py:743} INFO - Processing file /home/angry/mlops_4/venv4/lib/python3.10/site-packages/airflow/example_dags/example_branch_python_dop_operator_3.py for tasks to queue
[2024-01-18T21:40:37.474+0300] {logging_mixin.py:137} INFO - [2024-01-18T21:40:37.474+0300] {dagbag.py:532} INFO - Filling up the DagBag from /home/angry/mlops_4/venv4/lib/python3.10/site-packages/airflow/example_dags/example_branch_python_dop_operator_3.py
[2024-01-18T21:40:37.546+0300] {processor.py:753} INFO - DAG(s) dict_keys(['example_branch_dop_operator_v3']) retrieved from /home/angry/mlops_4/venv4/lib/python3.10/site-packages/airflow/example_dags/example_branch_python_dop_operator_3.py
[2024-01-18T21:40:37.850+0300] {logging_mixin.py:137} INFO - [2024-01-18T21:40:37.850+0300] {dag.py:2705} INFO - Sync 1 DAGs
[2024-01-18T21:40:37.916+0300] {logging_mixin.py:137} INFO - [2024-01-18T21:40:37.915+0300] {dag.py:3452} INFO - Setting next_dagrun for example_branch_dop_operator_v3 to 2024-01-18T18:39:00+00:00, run_after=2024-01-18T18:40:00+00:00
[2024-01-18T21:40:37.994+0300] {processor.py:175} INFO - Processing /home/angry/mlops_4/venv4/lib/python3.10/site-packages/airflow/example_dags/example_branch_python_dop_operator_3.py took 0.532 seconds
[2024-01-18T21:41:44.755+0300] {processor.py:153} INFO - Started process (PID=4337) to work on /home/angry/mlops_4/venv4/lib/python3.10/site-packages/airflow/example_dags/example_branch_python_dop_operator_3.py
[2024-01-18T21:41:44.757+0300] {processor.py:743} INFO - Processing file /home/angry/mlops_4/venv4/lib/python3.10/site-packages/airflow/example_dags/example_branch_python_dop_operator_3.py for tasks to queue
[2024-01-18T21:41:44.758+0300] {logging_mixin.py:137} INFO - [2024-01-18T21:41:44.758+0300] {dagbag.py:532} INFO - Filling up the DagBag from /home/angry/mlops_4/venv4/lib/python3.10/site-packages/airflow/example_dags/example_branch_python_dop_operator_3.py
[2024-01-18T21:41:45.045+0300] {processor.py:753} INFO - DAG(s) dict_keys(['example_branch_dop_operator_v3']) retrieved from /home/angry/mlops_4/venv4/lib/python3.10/site-packages/airflow/example_dags/example_branch_python_dop_operator_3.py
[2024-01-18T21:41:45.079+0300] {logging_mixin.py:137} INFO - [2024-01-18T21:41:45.079+0300] {dag.py:2705} INFO - Sync 1 DAGs
[2024-01-18T21:41:45.124+0300] {logging_mixin.py:137} INFO - [2024-01-18T21:41:45.124+0300] {dag.py:3452} INFO - Setting next_dagrun for example_branch_dop_operator_v3 to 2024-01-18T18:40:00+00:00, run_after=2024-01-18T18:41:00+00:00
[2024-01-18T21:41:45.165+0300] {processor.py:175} INFO - Processing /home/angry/mlops_4/venv4/lib/python3.10/site-packages/airflow/example_dags/example_branch_python_dop_operator_3.py took 0.419 seconds
[2024-01-18T21:42:41.344+0300] {processor.py:153} INFO - Started process (PID=4391) to work on /home/angry/mlops_4/venv4/lib/python3.10/site-packages/airflow/example_dags/example_branch_python_dop_operator_3.py
[2024-01-18T21:42:41.346+0300] {processor.py:743} INFO - Processing file /home/angry/mlops_4/venv4/lib/python3.10/site-packages/airflow/example_dags/example_branch_python_dop_operator_3.py for tasks to queue
[2024-01-18T21:42:41.348+0300] {logging_mixin.py:137} INFO - [2024-01-18T21:42:41.347+0300] {dagbag.py:532} INFO - Filling up the DagBag from /home/angry/mlops_4/venv4/lib/python3.10/site-packages/airflow/example_dags/example_branch_python_dop_operator_3.py
[2024-01-18T21:42:41.603+0300] {processor.py:753} INFO - DAG(s) dict_keys(['example_branch_dop_operator_v3']) retrieved from /home/angry/mlops_4/venv4/lib/python3.10/site-packages/airflow/example_dags/example_branch_python_dop_operator_3.py
[2024-01-18T21:42:41.631+0300] {logging_mixin.py:137} INFO - [2024-01-18T21:42:41.631+0300] {dag.py:2705} INFO - Sync 1 DAGs
[2024-01-18T21:42:41.673+0300] {logging_mixin.py:137} INFO - [2024-01-18T21:42:41.673+0300] {dag.py:3452} INFO - Setting next_dagrun for example_branch_dop_operator_v3 to 2024-01-18T18:41:00+00:00, run_after=2024-01-18T18:42:00+00:00
[2024-01-18T21:42:41.730+0300] {processor.py:175} INFO - Processing /home/angry/mlops_4/venv4/lib/python3.10/site-packages/airflow/example_dags/example_branch_python_dop_operator_3.py took 0.393 seconds
[2024-01-18T21:43:34.301+0300] {processor.py:153} INFO - Started process (PID=4444) to work on /home/angry/mlops_4/venv4/lib/python3.10/site-packages/airflow/example_dags/example_branch_python_dop_operator_3.py
[2024-01-18T21:43:34.303+0300] {processor.py:743} INFO - Processing file /home/angry/mlops_4/venv4/lib/python3.10/site-packages/airflow/example_dags/example_branch_python_dop_operator_3.py for tasks to queue
[2024-01-18T21:43:34.305+0300] {logging_mixin.py:137} INFO - [2024-01-18T21:43:34.305+0300] {dagbag.py:532} INFO - Filling up the DagBag from /home/angry/mlops_4/venv4/lib/python3.10/site-packages/airflow/example_dags/example_branch_python_dop_operator_3.py
[2024-01-18T21:43:34.368+0300] {processor.py:753} INFO - DAG(s) dict_keys(['example_branch_dop_operator_v3']) retrieved from /home/angry/mlops_4/venv4/lib/python3.10/site-packages/airflow/example_dags/example_branch_python_dop_operator_3.py
[2024-01-18T21:43:34.412+0300] {logging_mixin.py:137} INFO - [2024-01-18T21:43:34.412+0300] {dag.py:2705} INFO - Sync 1 DAGs
[2024-01-18T21:43:34.467+0300] {logging_mixin.py:137} INFO - [2024-01-18T21:43:34.466+0300] {dag.py:3452} INFO - Setting next_dagrun for example_branch_dop_operator_v3 to 2024-01-18T18:42:00+00:00, run_after=2024-01-18T18:43:00+00:00
[2024-01-18T21:43:34.509+0300] {processor.py:175} INFO - Processing /home/angry/mlops_4/venv4/lib/python3.10/site-packages/airflow/example_dags/example_branch_python_dop_operator_3.py took 0.216 seconds
[2024-01-18T21:44:22.542+0300] {processor.py:153} INFO - Started process (PID=4497) to work on /home/angry/mlops_4/venv4/lib/python3.10/site-packages/airflow/example_dags/example_branch_python_dop_operator_3.py
[2024-01-18T21:44:22.544+0300] {processor.py:743} INFO - Processing file /home/angry/mlops_4/venv4/lib/python3.10/site-packages/airflow/example_dags/example_branch_python_dop_operator_3.py for tasks to queue
[2024-01-18T21:44:22.546+0300] {logging_mixin.py:137} INFO - [2024-01-18T21:44:22.546+0300] {dagbag.py:532} INFO - Filling up the DagBag from /home/angry/mlops_4/venv4/lib/python3.10/site-packages/airflow/example_dags/example_branch_python_dop_operator_3.py
[2024-01-18T21:44:22.599+0300] {processor.py:753} INFO - DAG(s) dict_keys(['example_branch_dop_operator_v3']) retrieved from /home/angry/mlops_4/venv4/lib/python3.10/site-packages/airflow/example_dags/example_branch_python_dop_operator_3.py
[2024-01-18T21:44:22.642+0300] {logging_mixin.py:137} INFO - [2024-01-18T21:44:22.642+0300] {dag.py:2705} INFO - Sync 1 DAGs
[2024-01-18T21:44:22.689+0300] {logging_mixin.py:137} INFO - [2024-01-18T21:44:22.688+0300] {dag.py:3452} INFO - Setting next_dagrun for example_branch_dop_operator_v3 to 2024-01-18T18:43:00+00:00, run_after=2024-01-18T18:44:00+00:00
[2024-01-18T21:44:22.734+0300] {processor.py:175} INFO - Processing /home/angry/mlops_4/venv4/lib/python3.10/site-packages/airflow/example_dags/example_branch_python_dop_operator_3.py took 0.199 seconds
[2024-01-18T21:45:15.734+0300] {processor.py:153} INFO - Started process (PID=4577) to work on /home/angry/mlops_4/venv4/lib/python3.10/site-packages/airflow/example_dags/example_branch_python_dop_operator_3.py
[2024-01-18T21:45:15.736+0300] {processor.py:743} INFO - Processing file /home/angry/mlops_4/venv4/lib/python3.10/site-packages/airflow/example_dags/example_branch_python_dop_operator_3.py for tasks to queue
[2024-01-18T21:45:15.738+0300] {logging_mixin.py:137} INFO - [2024-01-18T21:45:15.738+0300] {dagbag.py:532} INFO - Filling up the DagBag from /home/angry/mlops_4/venv4/lib/python3.10/site-packages/airflow/example_dags/example_branch_python_dop_operator_3.py
[2024-01-18T21:45:15.818+0300] {processor.py:753} INFO - DAG(s) dict_keys(['example_branch_dop_operator_v3']) retrieved from /home/angry/mlops_4/venv4/lib/python3.10/site-packages/airflow/example_dags/example_branch_python_dop_operator_3.py
[2024-01-18T21:45:15.862+0300] {logging_mixin.py:137} INFO - [2024-01-18T21:45:15.862+0300] {dag.py:2705} INFO - Sync 1 DAGs
[2024-01-18T21:45:15.909+0300] {logging_mixin.py:137} INFO - [2024-01-18T21:45:15.908+0300] {dag.py:3452} INFO - Setting next_dagrun for example_branch_dop_operator_v3 to 2024-01-18T18:44:00+00:00, run_after=2024-01-18T18:45:00+00:00
[2024-01-18T21:45:15.952+0300] {processor.py:175} INFO - Processing /home/angry/mlops_4/venv4/lib/python3.10/site-packages/airflow/example_dags/example_branch_python_dop_operator_3.py took 0.227 seconds
[2024-01-18T21:46:05.089+0300] {processor.py:153} INFO - Started process (PID=4640) to work on /home/angry/mlops_4/venv4/lib/python3.10/site-packages/airflow/example_dags/example_branch_python_dop_operator_3.py
[2024-01-18T21:46:05.091+0300] {processor.py:743} INFO - Processing file /home/angry/mlops_4/venv4/lib/python3.10/site-packages/airflow/example_dags/example_branch_python_dop_operator_3.py for tasks to queue
[2024-01-18T21:46:05.093+0300] {logging_mixin.py:137} INFO - [2024-01-18T21:46:05.092+0300] {dagbag.py:532} INFO - Filling up the DagBag from /home/angry/mlops_4/venv4/lib/python3.10/site-packages/airflow/example_dags/example_branch_python_dop_operator_3.py
[2024-01-18T21:46:05.157+0300] {processor.py:753} INFO - DAG(s) dict_keys(['example_branch_dop_operator_v3']) retrieved from /home/angry/mlops_4/venv4/lib/python3.10/site-packages/airflow/example_dags/example_branch_python_dop_operator_3.py
[2024-01-18T21:46:05.200+0300] {logging_mixin.py:137} INFO - [2024-01-18T21:46:05.200+0300] {dag.py:2705} INFO - Sync 1 DAGs
[2024-01-18T21:46:05.266+0300] {logging_mixin.py:137} INFO - [2024-01-18T21:46:05.266+0300] {dag.py:3452} INFO - Setting next_dagrun for example_branch_dop_operator_v3 to 2024-01-18T18:45:00+00:00, run_after=2024-01-18T18:46:00+00:00
[2024-01-18T21:46:05.313+0300] {processor.py:175} INFO - Processing /home/angry/mlops_4/venv4/lib/python3.10/site-packages/airflow/example_dags/example_branch_python_dop_operator_3.py took 0.232 seconds
[2024-01-18T21:46:52.746+0300] {processor.py:153} INFO - Started process (PID=4706) to work on /home/angry/mlops_4/venv4/lib/python3.10/site-packages/airflow/example_dags/example_branch_python_dop_operator_3.py
[2024-01-18T21:46:52.748+0300] {processor.py:743} INFO - Processing file /home/angry/mlops_4/venv4/lib/python3.10/site-packages/airflow/example_dags/example_branch_python_dop_operator_3.py for tasks to queue
[2024-01-18T21:46:52.752+0300] {logging_mixin.py:137} INFO - [2024-01-18T21:46:52.751+0300] {dagbag.py:532} INFO - Filling up the DagBag from /home/angry/mlops_4/venv4/lib/python3.10/site-packages/airflow/example_dags/example_branch_python_dop_operator_3.py
[2024-01-18T21:46:52.804+0300] {processor.py:753} INFO - DAG(s) dict_keys(['example_branch_dop_operator_v3']) retrieved from /home/angry/mlops_4/venv4/lib/python3.10/site-packages/airflow/example_dags/example_branch_python_dop_operator_3.py
[2024-01-18T21:46:52.844+0300] {logging_mixin.py:137} INFO - [2024-01-18T21:46:52.844+0300] {dag.py:2705} INFO - Sync 1 DAGs
[2024-01-18T21:46:52.900+0300] {logging_mixin.py:137} INFO - [2024-01-18T21:46:52.900+0300] {dag.py:3452} INFO - Setting next_dagrun for example_branch_dop_operator_v3 to 2024-01-18T18:45:00+00:00, run_after=2024-01-18T18:46:00+00:00
[2024-01-18T21:46:52.942+0300] {processor.py:175} INFO - Processing /home/angry/mlops_4/venv4/lib/python3.10/site-packages/airflow/example_dags/example_branch_python_dop_operator_3.py took 0.204 seconds
[2024-01-18T21:47:43.622+0300] {processor.py:153} INFO - Started process (PID=4770) to work on /home/angry/mlops_4/venv4/lib/python3.10/site-packages/airflow/example_dags/example_branch_python_dop_operator_3.py
[2024-01-18T21:47:43.625+0300] {processor.py:743} INFO - Processing file /home/angry/mlops_4/venv4/lib/python3.10/site-packages/airflow/example_dags/example_branch_python_dop_operator_3.py for tasks to queue
[2024-01-18T21:47:43.626+0300] {logging_mixin.py:137} INFO - [2024-01-18T21:47:43.626+0300] {dagbag.py:532} INFO - Filling up the DagBag from /home/angry/mlops_4/venv4/lib/python3.10/site-packages/airflow/example_dags/example_branch_python_dop_operator_3.py
[2024-01-18T21:47:43.680+0300] {processor.py:753} INFO - DAG(s) dict_keys(['example_branch_dop_operator_v3']) retrieved from /home/angry/mlops_4/venv4/lib/python3.10/site-packages/airflow/example_dags/example_branch_python_dop_operator_3.py
[2024-01-18T21:47:43.719+0300] {logging_mixin.py:137} INFO - [2024-01-18T21:47:43.719+0300] {dag.py:2705} INFO - Sync 1 DAGs
[2024-01-18T21:47:43.767+0300] {logging_mixin.py:137} INFO - [2024-01-18T21:47:43.767+0300] {dag.py:3452} INFO - Setting next_dagrun for example_branch_dop_operator_v3 to 2024-01-18T18:46:00+00:00, run_after=2024-01-18T18:47:00+00:00
[2024-01-18T21:47:43.806+0300] {processor.py:175} INFO - Processing /home/angry/mlops_4/venv4/lib/python3.10/site-packages/airflow/example_dags/example_branch_python_dop_operator_3.py took 0.191 seconds
[2024-01-18T21:48:34.106+0300] {processor.py:153} INFO - Started process (PID=4839) to work on /home/angry/mlops_4/venv4/lib/python3.10/site-packages/airflow/example_dags/example_branch_python_dop_operator_3.py
[2024-01-18T21:48:34.110+0300] {processor.py:743} INFO - Processing file /home/angry/mlops_4/venv4/lib/python3.10/site-packages/airflow/example_dags/example_branch_python_dop_operator_3.py for tasks to queue
[2024-01-18T21:48:34.112+0300] {logging_mixin.py:137} INFO - [2024-01-18T21:48:34.111+0300] {dagbag.py:532} INFO - Filling up the DagBag from /home/angry/mlops_4/venv4/lib/python3.10/site-packages/airflow/example_dags/example_branch_python_dop_operator_3.py
[2024-01-18T21:48:34.175+0300] {processor.py:753} INFO - DAG(s) dict_keys(['example_branch_dop_operator_v3']) retrieved from /home/angry/mlops_4/venv4/lib/python3.10/site-packages/airflow/example_dags/example_branch_python_dop_operator_3.py
[2024-01-18T21:48:34.218+0300] {logging_mixin.py:137} INFO - [2024-01-18T21:48:34.218+0300] {dag.py:2705} INFO - Sync 1 DAGs
[2024-01-18T21:48:34.265+0300] {logging_mixin.py:137} INFO - [2024-01-18T21:48:34.265+0300] {dag.py:3452} INFO - Setting next_dagrun for example_branch_dop_operator_v3 to 2024-01-18T18:47:00+00:00, run_after=2024-01-18T18:48:00+00:00
[2024-01-18T21:48:34.309+0300] {processor.py:175} INFO - Processing /home/angry/mlops_4/venv4/lib/python3.10/site-packages/airflow/example_dags/example_branch_python_dop_operator_3.py took 0.211 seconds
[2024-01-18T21:49:24.762+0300] {processor.py:153} INFO - Started process (PID=4888) to work on /home/angry/mlops_4/venv4/lib/python3.10/site-packages/airflow/example_dags/example_branch_python_dop_operator_3.py
[2024-01-18T21:49:24.765+0300] {processor.py:743} INFO - Processing file /home/angry/mlops_4/venv4/lib/python3.10/site-packages/airflow/example_dags/example_branch_python_dop_operator_3.py for tasks to queue
[2024-01-18T21:49:24.767+0300] {logging_mixin.py:137} INFO - [2024-01-18T21:49:24.767+0300] {dagbag.py:532} INFO - Filling up the DagBag from /home/angry/mlops_4/venv4/lib/python3.10/site-packages/airflow/example_dags/example_branch_python_dop_operator_3.py
[2024-01-18T21:49:24.823+0300] {processor.py:753} INFO - DAG(s) dict_keys(['example_branch_dop_operator_v3']) retrieved from /home/angry/mlops_4/venv4/lib/python3.10/site-packages/airflow/example_dags/example_branch_python_dop_operator_3.py
[2024-01-18T21:49:24.865+0300] {logging_mixin.py:137} INFO - [2024-01-18T21:49:24.865+0300] {dag.py:2705} INFO - Sync 1 DAGs
[2024-01-18T21:49:24.910+0300] {logging_mixin.py:137} INFO - [2024-01-18T21:49:24.909+0300] {dag.py:3452} INFO - Setting next_dagrun for example_branch_dop_operator_v3 to 2024-01-18T18:48:00+00:00, run_after=2024-01-18T18:49:00+00:00
[2024-01-18T21:49:24.949+0300] {processor.py:175} INFO - Processing /home/angry/mlops_4/venv4/lib/python3.10/site-packages/airflow/example_dags/example_branch_python_dop_operator_3.py took 0.195 seconds
[2024-01-18T21:50:15.357+0300] {processor.py:153} INFO - Started process (PID=4936) to work on /home/angry/mlops_4/venv4/lib/python3.10/site-packages/airflow/example_dags/example_branch_python_dop_operator_3.py
[2024-01-18T21:50:15.359+0300] {processor.py:743} INFO - Processing file /home/angry/mlops_4/venv4/lib/python3.10/site-packages/airflow/example_dags/example_branch_python_dop_operator_3.py for tasks to queue
[2024-01-18T21:50:15.361+0300] {logging_mixin.py:137} INFO - [2024-01-18T21:50:15.361+0300] {dagbag.py:532} INFO - Filling up the DagBag from /home/angry/mlops_4/venv4/lib/python3.10/site-packages/airflow/example_dags/example_branch_python_dop_operator_3.py
[2024-01-18T21:50:15.418+0300] {processor.py:753} INFO - DAG(s) dict_keys(['example_branch_dop_operator_v3']) retrieved from /home/angry/mlops_4/venv4/lib/python3.10/site-packages/airflow/example_dags/example_branch_python_dop_operator_3.py
[2024-01-18T21:50:15.461+0300] {logging_mixin.py:137} INFO - [2024-01-18T21:50:15.460+0300] {dag.py:2705} INFO - Sync 1 DAGs
[2024-01-18T21:50:15.510+0300] {logging_mixin.py:137} INFO - [2024-01-18T21:50:15.510+0300] {dag.py:3452} INFO - Setting next_dagrun for example_branch_dop_operator_v3 to 2024-01-18T18:49:00+00:00, run_after=2024-01-18T18:50:00+00:00
[2024-01-18T21:50:15.578+0300] {processor.py:175} INFO - Processing /home/angry/mlops_4/venv4/lib/python3.10/site-packages/airflow/example_dags/example_branch_python_dop_operator_3.py took 0.231 seconds
[2024-01-18T21:51:06.916+0300] {processor.py:153} INFO - Started process (PID=4985) to work on /home/angry/mlops_4/venv4/lib/python3.10/site-packages/airflow/example_dags/example_branch_python_dop_operator_3.py
[2024-01-18T21:51:06.919+0300] {processor.py:743} INFO - Processing file /home/angry/mlops_4/venv4/lib/python3.10/site-packages/airflow/example_dags/example_branch_python_dop_operator_3.py for tasks to queue
[2024-01-18T21:51:06.920+0300] {logging_mixin.py:137} INFO - [2024-01-18T21:51:06.920+0300] {dagbag.py:532} INFO - Filling up the DagBag from /home/angry/mlops_4/venv4/lib/python3.10/site-packages/airflow/example_dags/example_branch_python_dop_operator_3.py
[2024-01-18T21:51:06.986+0300] {processor.py:753} INFO - DAG(s) dict_keys(['example_branch_dop_operator_v3']) retrieved from /home/angry/mlops_4/venv4/lib/python3.10/site-packages/airflow/example_dags/example_branch_python_dop_operator_3.py
[2024-01-18T21:51:07.030+0300] {logging_mixin.py:137} INFO - [2024-01-18T21:51:07.030+0300] {dag.py:2705} INFO - Sync 1 DAGs
[2024-01-18T21:51:07.081+0300] {logging_mixin.py:137} INFO - [2024-01-18T21:51:07.081+0300] {dag.py:3452} INFO - Setting next_dagrun for example_branch_dop_operator_v3 to 2024-01-18T18:50:00+00:00, run_after=2024-01-18T18:51:00+00:00
[2024-01-18T21:51:07.127+0300] {processor.py:175} INFO - Processing /home/angry/mlops_4/venv4/lib/python3.10/site-packages/airflow/example_dags/example_branch_python_dop_operator_3.py took 0.219 seconds
[2024-01-18T21:51:58.434+0300] {processor.py:153} INFO - Started process (PID=5035) to work on /home/angry/mlops_4/venv4/lib/python3.10/site-packages/airflow/example_dags/example_branch_python_dop_operator_3.py
[2024-01-18T21:51:58.437+0300] {processor.py:743} INFO - Processing file /home/angry/mlops_4/venv4/lib/python3.10/site-packages/airflow/example_dags/example_branch_python_dop_operator_3.py for tasks to queue
[2024-01-18T21:51:58.438+0300] {logging_mixin.py:137} INFO - [2024-01-18T21:51:58.438+0300] {dagbag.py:532} INFO - Filling up the DagBag from /home/angry/mlops_4/venv4/lib/python3.10/site-packages/airflow/example_dags/example_branch_python_dop_operator_3.py
[2024-01-18T21:51:58.492+0300] {processor.py:753} INFO - DAG(s) dict_keys(['example_branch_dop_operator_v3']) retrieved from /home/angry/mlops_4/venv4/lib/python3.10/site-packages/airflow/example_dags/example_branch_python_dop_operator_3.py
[2024-01-18T21:51:58.535+0300] {logging_mixin.py:137} INFO - [2024-01-18T21:51:58.535+0300] {dag.py:2705} INFO - Sync 1 DAGs
[2024-01-18T21:51:58.598+0300] {logging_mixin.py:137} INFO - [2024-01-18T21:51:58.598+0300] {dag.py:3452} INFO - Setting next_dagrun for example_branch_dop_operator_v3 to 2024-01-18T18:50:00+00:00, run_after=2024-01-18T18:51:00+00:00
[2024-01-18T21:51:58.656+0300] {processor.py:175} INFO - Processing /home/angry/mlops_4/venv4/lib/python3.10/site-packages/airflow/example_dags/example_branch_python_dop_operator_3.py took 0.229 seconds
[2024-01-18T21:52:57.136+0300] {processor.py:153} INFO - Started process (PID=5089) to work on /home/angry/mlops_4/venv4/lib/python3.10/site-packages/airflow/example_dags/example_branch_python_dop_operator_3.py
[2024-01-18T21:52:57.144+0300] {processor.py:743} INFO - Processing file /home/angry/mlops_4/venv4/lib/python3.10/site-packages/airflow/example_dags/example_branch_python_dop_operator_3.py for tasks to queue
[2024-01-18T21:52:57.148+0300] {logging_mixin.py:137} INFO - [2024-01-18T21:52:57.148+0300] {dagbag.py:532} INFO - Filling up the DagBag from /home/angry/mlops_4/venv4/lib/python3.10/site-packages/airflow/example_dags/example_branch_python_dop_operator_3.py
[2024-01-18T21:52:57.279+0300] {processor.py:753} INFO - DAG(s) dict_keys(['example_branch_dop_operator_v3']) retrieved from /home/angry/mlops_4/venv4/lib/python3.10/site-packages/airflow/example_dags/example_branch_python_dop_operator_3.py
[2024-01-18T21:52:57.362+0300] {logging_mixin.py:137} INFO - [2024-01-18T21:52:57.362+0300] {dag.py:2705} INFO - Sync 1 DAGs
[2024-01-18T21:52:57.441+0300] {logging_mixin.py:137} INFO - [2024-01-18T21:52:57.441+0300] {dag.py:3452} INFO - Setting next_dagrun for example_branch_dop_operator_v3 to 2024-01-18T18:51:00+00:00, run_after=2024-01-18T18:52:00+00:00
[2024-01-18T21:52:57.497+0300] {processor.py:175} INFO - Processing /home/angry/mlops_4/venv4/lib/python3.10/site-packages/airflow/example_dags/example_branch_python_dop_operator_3.py took 0.389 seconds
[2024-01-18T21:53:54.872+0300] {processor.py:153} INFO - Started process (PID=5144) to work on /home/angry/mlops_4/venv4/lib/python3.10/site-packages/airflow/example_dags/example_branch_python_dop_operator_3.py
[2024-01-18T21:53:54.874+0300] {processor.py:743} INFO - Processing file /home/angry/mlops_4/venv4/lib/python3.10/site-packages/airflow/example_dags/example_branch_python_dop_operator_3.py for tasks to queue
[2024-01-18T21:53:54.876+0300] {logging_mixin.py:137} INFO - [2024-01-18T21:53:54.876+0300] {dagbag.py:532} INFO - Filling up the DagBag from /home/angry/mlops_4/venv4/lib/python3.10/site-packages/airflow/example_dags/example_branch_python_dop_operator_3.py
[2024-01-18T21:53:54.959+0300] {processor.py:753} INFO - DAG(s) dict_keys(['example_branch_dop_operator_v3']) retrieved from /home/angry/mlops_4/venv4/lib/python3.10/site-packages/airflow/example_dags/example_branch_python_dop_operator_3.py
[2024-01-18T21:53:55.030+0300] {logging_mixin.py:137} INFO - [2024-01-18T21:53:55.030+0300] {dag.py:2705} INFO - Sync 1 DAGs
[2024-01-18T21:53:55.140+0300] {logging_mixin.py:137} INFO - [2024-01-18T21:53:55.139+0300] {dag.py:3452} INFO - Setting next_dagrun for example_branch_dop_operator_v3 to 2024-01-18T18:52:00+00:00, run_after=2024-01-18T18:53:00+00:00
[2024-01-18T21:53:55.222+0300] {processor.py:175} INFO - Processing /home/angry/mlops_4/venv4/lib/python3.10/site-packages/airflow/example_dags/example_branch_python_dop_operator_3.py took 0.361 seconds
[2024-01-18T22:01:04.614+0300] {processor.py:153} INFO - Started process (PID=5542) to work on /home/angry/mlops_4/venv4/lib/python3.10/site-packages/airflow/example_dags/example_branch_python_dop_operator_3.py
[2024-01-18T22:01:04.617+0300] {processor.py:743} INFO - Processing file /home/angry/mlops_4/venv4/lib/python3.10/site-packages/airflow/example_dags/example_branch_python_dop_operator_3.py for tasks to queue
[2024-01-18T22:01:04.619+0300] {logging_mixin.py:137} INFO - [2024-01-18T22:01:04.619+0300] {dagbag.py:532} INFO - Filling up the DagBag from /home/angry/mlops_4/venv4/lib/python3.10/site-packages/airflow/example_dags/example_branch_python_dop_operator_3.py
[2024-01-18T22:01:04.670+0300] {processor.py:753} INFO - DAG(s) dict_keys(['example_branch_dop_operator_v3']) retrieved from /home/angry/mlops_4/venv4/lib/python3.10/site-packages/airflow/example_dags/example_branch_python_dop_operator_3.py
[2024-01-18T22:01:04.716+0300] {logging_mixin.py:137} INFO - [2024-01-18T22:01:04.715+0300] {dag.py:2705} INFO - Sync 1 DAGs
[2024-01-18T22:01:04.767+0300] {logging_mixin.py:137} INFO - [2024-01-18T22:01:04.767+0300] {dag.py:3452} INFO - Setting next_dagrun for example_branch_dop_operator_v3 to 2024-01-18T19:00:00+00:00, run_after=2024-01-18T19:01:00+00:00
[2024-01-18T22:01:04.818+0300] {processor.py:175} INFO - Processing /home/angry/mlops_4/venv4/lib/python3.10/site-packages/airflow/example_dags/example_branch_python_dop_operator_3.py took 0.215 seconds
