[2024-01-18T21:36:47.397+0300] {processor.py:153} INFO - Started process (PID=3296) to work on /home/angry/mlops_4/venv4/lib/python3.10/site-packages/airflow/example_dags/example_subdag_operator.py
[2024-01-18T21:36:47.399+0300] {processor.py:743} INFO - Processing file /home/angry/mlops_4/venv4/lib/python3.10/site-packages/airflow/example_dags/example_subdag_operator.py for tasks to queue
[2024-01-18T21:36:47.400+0300] {logging_mixin.py:137} INFO - [2024-01-18T21:36:47.399+0300] {dagbag.py:532} INFO - Filling up the DagBag from /home/angry/mlops_4/venv4/lib/python3.10/site-packages/airflow/example_dags/example_subdag_operator.py
[2024-01-18T21:36:47.457+0300] {processor.py:753} INFO - DAG(s) dict_keys(['example_subdag_operator.section-1', 'example_subdag_operator.section-2', 'example_subdag_operator']) retrieved from /home/angry/mlops_4/venv4/lib/python3.10/site-packages/airflow/example_dags/example_subdag_operator.py
[2024-01-18T21:36:47.465+0300] {logging_mixin.py:137} INFO - [2024-01-18T21:36:47.465+0300] {dag.py:2705} INFO - Sync 3 DAGs
[2024-01-18T21:36:47.512+0300] {logging_mixin.py:137} INFO - [2024-01-18T21:36:47.512+0300] {dag.py:3452} INFO - Setting next_dagrun for example_subdag_operator to 2022-01-01T00:00:00+00:00, run_after=2022-01-01T00:00:00+00:00
[2024-01-18T21:36:47.518+0300] {logging_mixin.py:137} INFO - [2024-01-18T21:36:47.518+0300] {dag.py:3452} INFO - Setting next_dagrun for example_subdag_operator.section-1 to None, run_after=None
[2024-01-18T21:36:47.520+0300] {logging_mixin.py:137} INFO - [2024-01-18T21:36:47.520+0300] {dag.py:3452} INFO - Setting next_dagrun for example_subdag_operator.section-2 to None, run_after=None
[2024-01-18T21:36:47.530+0300] {logging_mixin.py:137} INFO - [2024-01-18T21:36:47.530+0300] {dag.py:2705} INFO - Sync 2 DAGs
[2024-01-18T21:36:47.539+0300] {logging_mixin.py:137} INFO - [2024-01-18T21:36:47.539+0300] {dag.py:3452} INFO - Setting next_dagrun for example_subdag_operator.section-1 to None, run_after=None
[2024-01-18T21:36:47.539+0300] {logging_mixin.py:137} INFO - [2024-01-18T21:36:47.539+0300] {dag.py:3452} INFO - Setting next_dagrun for example_subdag_operator.section-2 to None, run_after=None
[2024-01-18T21:36:47.564+0300] {processor.py:175} INFO - Processing /home/angry/mlops_4/venv4/lib/python3.10/site-packages/airflow/example_dags/example_subdag_operator.py took 0.175 seconds
[2024-01-18T21:37:40.878+0300] {processor.py:153} INFO - Started process (PID=3361) to work on /home/angry/mlops_4/venv4/lib/python3.10/site-packages/airflow/example_dags/example_subdag_operator.py
[2024-01-18T21:37:40.881+0300] {processor.py:743} INFO - Processing file /home/angry/mlops_4/venv4/lib/python3.10/site-packages/airflow/example_dags/example_subdag_operator.py for tasks to queue
[2024-01-18T21:37:40.882+0300] {logging_mixin.py:137} INFO - [2024-01-18T21:37:40.882+0300] {dagbag.py:532} INFO - Filling up the DagBag from /home/angry/mlops_4/venv4/lib/python3.10/site-packages/airflow/example_dags/example_subdag_operator.py
[2024-01-18T21:37:40.938+0300] {processor.py:753} INFO - DAG(s) dict_keys(['example_subdag_operator.section-1', 'example_subdag_operator.section-2', 'example_subdag_operator']) retrieved from /home/angry/mlops_4/venv4/lib/python3.10/site-packages/airflow/example_dags/example_subdag_operator.py
[2024-01-18T21:37:40.979+0300] {logging_mixin.py:137} INFO - [2024-01-18T21:37:40.979+0300] {dag.py:2705} INFO - Sync 3 DAGs
[2024-01-18T21:37:41.019+0300] {logging_mixin.py:137} INFO - [2024-01-18T21:37:41.019+0300] {dag.py:3452} INFO - Setting next_dagrun for example_subdag_operator to 2022-01-01T00:00:00+00:00, run_after=2022-01-01T00:00:00+00:00
[2024-01-18T21:37:41.198+0300] {logging_mixin.py:137} INFO - [2024-01-18T21:37:41.198+0300] {dag.py:3452} INFO - Setting next_dagrun for example_subdag_operator.section-1 to None, run_after=None
[2024-01-18T21:37:41.200+0300] {logging_mixin.py:137} INFO - [2024-01-18T21:37:41.200+0300] {dag.py:3452} INFO - Setting next_dagrun for example_subdag_operator.section-2 to None, run_after=None
[2024-01-18T21:37:41.211+0300] {logging_mixin.py:137} INFO - [2024-01-18T21:37:41.210+0300] {dag.py:2705} INFO - Sync 2 DAGs
[2024-01-18T21:37:41.218+0300] {logging_mixin.py:137} INFO - [2024-01-18T21:37:41.218+0300] {dag.py:3452} INFO - Setting next_dagrun for example_subdag_operator.section-1 to None, run_after=None
[2024-01-18T21:37:41.219+0300] {logging_mixin.py:137} INFO - [2024-01-18T21:37:41.219+0300] {dag.py:3452} INFO - Setting next_dagrun for example_subdag_operator.section-2 to None, run_after=None
[2024-01-18T21:37:41.244+0300] {processor.py:175} INFO - Processing /home/angry/mlops_4/venv4/lib/python3.10/site-packages/airflow/example_dags/example_subdag_operator.py took 0.374 seconds
[2024-01-18T21:38:50.390+0300] {processor.py:153} INFO - Started process (PID=4091) to work on /home/angry/mlops_4/venv4/lib/python3.10/site-packages/airflow/example_dags/example_subdag_operator.py
[2024-01-18T21:38:50.395+0300] {processor.py:743} INFO - Processing file /home/angry/mlops_4/venv4/lib/python3.10/site-packages/airflow/example_dags/example_subdag_operator.py for tasks to queue
[2024-01-18T21:38:50.403+0300] {logging_mixin.py:137} INFO - [2024-01-18T21:38:50.402+0300] {dagbag.py:532} INFO - Filling up the DagBag from /home/angry/mlops_4/venv4/lib/python3.10/site-packages/airflow/example_dags/example_subdag_operator.py
[2024-01-18T21:38:50.524+0300] {processor.py:753} INFO - DAG(s) dict_keys(['example_subdag_operator.section-1', 'example_subdag_operator.section-2', 'example_subdag_operator']) retrieved from /home/angry/mlops_4/venv4/lib/python3.10/site-packages/airflow/example_dags/example_subdag_operator.py
[2024-01-18T21:38:50.587+0300] {logging_mixin.py:137} INFO - [2024-01-18T21:38:50.587+0300] {dag.py:2705} INFO - Sync 3 DAGs
[2024-01-18T21:38:50.977+0300] {logging_mixin.py:137} INFO - [2024-01-18T21:38:50.977+0300] {dag.py:3452} INFO - Setting next_dagrun for example_subdag_operator to 2022-01-01T00:00:00+00:00, run_after=2022-01-01T00:00:00+00:00
[2024-01-18T21:38:51.017+0300] {logging_mixin.py:137} INFO - [2024-01-18T21:38:51.017+0300] {dag.py:3452} INFO - Setting next_dagrun for example_subdag_operator.section-1 to None, run_after=None
[2024-01-18T21:38:51.021+0300] {logging_mixin.py:137} INFO - [2024-01-18T21:38:51.021+0300] {dag.py:3452} INFO - Setting next_dagrun for example_subdag_operator.section-2 to None, run_after=None
[2024-01-18T21:38:51.060+0300] {logging_mixin.py:137} INFO - [2024-01-18T21:38:51.059+0300] {dag.py:2705} INFO - Sync 2 DAGs
[2024-01-18T21:38:51.086+0300] {logging_mixin.py:137} INFO - [2024-01-18T21:38:51.085+0300] {dag.py:3452} INFO - Setting next_dagrun for example_subdag_operator.section-1 to None, run_after=None
[2024-01-18T21:38:51.086+0300] {logging_mixin.py:137} INFO - [2024-01-18T21:38:51.086+0300] {dag.py:3452} INFO - Setting next_dagrun for example_subdag_operator.section-2 to None, run_after=None
[2024-01-18T21:38:51.122+0300] {processor.py:175} INFO - Processing /home/angry/mlops_4/venv4/lib/python3.10/site-packages/airflow/example_dags/example_subdag_operator.py took 0.761 seconds
[2024-01-18T21:39:56.009+0300] {processor.py:153} INFO - Started process (PID=4183) to work on /home/angry/mlops_4/venv4/lib/python3.10/site-packages/airflow/example_dags/example_subdag_operator.py
[2024-01-18T21:39:56.013+0300] {processor.py:743} INFO - Processing file /home/angry/mlops_4/venv4/lib/python3.10/site-packages/airflow/example_dags/example_subdag_operator.py for tasks to queue
[2024-01-18T21:39:56.015+0300] {logging_mixin.py:137} INFO - [2024-01-18T21:39:56.014+0300] {dagbag.py:532} INFO - Filling up the DagBag from /home/angry/mlops_4/venv4/lib/python3.10/site-packages/airflow/example_dags/example_subdag_operator.py
[2024-01-18T21:39:56.105+0300] {processor.py:753} INFO - DAG(s) dict_keys(['example_subdag_operator.section-1', 'example_subdag_operator.section-2', 'example_subdag_operator']) retrieved from /home/angry/mlops_4/venv4/lib/python3.10/site-packages/airflow/example_dags/example_subdag_operator.py
[2024-01-18T21:39:56.182+0300] {logging_mixin.py:137} INFO - [2024-01-18T21:39:56.181+0300] {dag.py:2705} INFO - Sync 3 DAGs
[2024-01-18T21:39:56.428+0300] {logging_mixin.py:137} INFO - [2024-01-18T21:39:56.428+0300] {dag.py:3452} INFO - Setting next_dagrun for example_subdag_operator to 2022-01-01T00:00:00+00:00, run_after=2022-01-01T00:00:00+00:00
[2024-01-18T21:39:56.434+0300] {logging_mixin.py:137} INFO - [2024-01-18T21:39:56.434+0300] {dag.py:3452} INFO - Setting next_dagrun for example_subdag_operator.section-1 to None, run_after=None
[2024-01-18T21:39:56.436+0300] {logging_mixin.py:137} INFO - [2024-01-18T21:39:56.435+0300] {dag.py:3452} INFO - Setting next_dagrun for example_subdag_operator.section-2 to None, run_after=None
[2024-01-18T21:39:56.446+0300] {logging_mixin.py:137} INFO - [2024-01-18T21:39:56.446+0300] {dag.py:2705} INFO - Sync 2 DAGs
[2024-01-18T21:39:56.454+0300] {logging_mixin.py:137} INFO - [2024-01-18T21:39:56.454+0300] {dag.py:3452} INFO - Setting next_dagrun for example_subdag_operator.section-1 to None, run_after=None
[2024-01-18T21:39:56.455+0300] {logging_mixin.py:137} INFO - [2024-01-18T21:39:56.454+0300] {dag.py:3452} INFO - Setting next_dagrun for example_subdag_operator.section-2 to None, run_after=None
[2024-01-18T21:39:56.481+0300] {processor.py:175} INFO - Processing /home/angry/mlops_4/venv4/lib/python3.10/site-packages/airflow/example_dags/example_subdag_operator.py took 0.483 seconds
[2024-01-18T21:40:57.202+0300] {processor.py:153} INFO - Started process (PID=4256) to work on /home/angry/mlops_4/venv4/lib/python3.10/site-packages/airflow/example_dags/example_subdag_operator.py
[2024-01-18T21:40:57.210+0300] {processor.py:743} INFO - Processing file /home/angry/mlops_4/venv4/lib/python3.10/site-packages/airflow/example_dags/example_subdag_operator.py for tasks to queue
[2024-01-18T21:40:57.211+0300] {logging_mixin.py:137} INFO - [2024-01-18T21:40:57.211+0300] {dagbag.py:532} INFO - Filling up the DagBag from /home/angry/mlops_4/venv4/lib/python3.10/site-packages/airflow/example_dags/example_subdag_operator.py
[2024-01-18T21:40:57.315+0300] {processor.py:753} INFO - DAG(s) dict_keys(['example_subdag_operator.section-1', 'example_subdag_operator.section-2', 'example_subdag_operator']) retrieved from /home/angry/mlops_4/venv4/lib/python3.10/site-packages/airflow/example_dags/example_subdag_operator.py
[2024-01-18T21:40:57.937+0300] {logging_mixin.py:137} INFO - [2024-01-18T21:40:57.937+0300] {dag.py:2705} INFO - Sync 3 DAGs
[2024-01-18T21:40:58.060+0300] {logging_mixin.py:137} INFO - [2024-01-18T21:40:58.059+0300] {dag.py:3452} INFO - Setting next_dagrun for example_subdag_operator to 2022-01-01T00:00:00+00:00, run_after=2022-01-01T00:00:00+00:00
[2024-01-18T21:40:58.095+0300] {logging_mixin.py:137} INFO - [2024-01-18T21:40:58.095+0300] {dag.py:3452} INFO - Setting next_dagrun for example_subdag_operator.section-1 to None, run_after=None
[2024-01-18T21:40:58.107+0300] {logging_mixin.py:137} INFO - [2024-01-18T21:40:58.107+0300] {dag.py:3452} INFO - Setting next_dagrun for example_subdag_operator.section-2 to None, run_after=None
[2024-01-18T21:40:58.137+0300] {logging_mixin.py:137} INFO - [2024-01-18T21:40:58.137+0300] {dag.py:2705} INFO - Sync 2 DAGs
[2024-01-18T21:40:58.158+0300] {logging_mixin.py:137} INFO - [2024-01-18T21:40:58.158+0300] {dag.py:3452} INFO - Setting next_dagrun for example_subdag_operator.section-1 to None, run_after=None
[2024-01-18T21:40:58.159+0300] {logging_mixin.py:137} INFO - [2024-01-18T21:40:58.159+0300] {dag.py:3452} INFO - Setting next_dagrun for example_subdag_operator.section-2 to None, run_after=None
[2024-01-18T21:40:58.222+0300] {processor.py:175} INFO - Processing /home/angry/mlops_4/venv4/lib/python3.10/site-packages/airflow/example_dags/example_subdag_operator.py took 1.050 seconds
[2024-01-18T21:42:01.096+0300] {processor.py:153} INFO - Started process (PID=4352) to work on /home/angry/mlops_4/venv4/lib/python3.10/site-packages/airflow/example_dags/example_subdag_operator.py
[2024-01-18T21:42:01.098+0300] {processor.py:743} INFO - Processing file /home/angry/mlops_4/venv4/lib/python3.10/site-packages/airflow/example_dags/example_subdag_operator.py for tasks to queue
[2024-01-18T21:42:01.100+0300] {logging_mixin.py:137} INFO - [2024-01-18T21:42:01.099+0300] {dagbag.py:532} INFO - Filling up the DagBag from /home/angry/mlops_4/venv4/lib/python3.10/site-packages/airflow/example_dags/example_subdag_operator.py
[2024-01-18T21:42:01.407+0300] {processor.py:753} INFO - DAG(s) dict_keys(['example_subdag_operator.section-1', 'example_subdag_operator.section-2', 'example_subdag_operator']) retrieved from /home/angry/mlops_4/venv4/lib/python3.10/site-packages/airflow/example_dags/example_subdag_operator.py
[2024-01-18T21:42:01.452+0300] {logging_mixin.py:137} INFO - [2024-01-18T21:42:01.452+0300] {dag.py:2705} INFO - Sync 3 DAGs
[2024-01-18T21:42:01.498+0300] {logging_mixin.py:137} INFO - [2024-01-18T21:42:01.498+0300] {dag.py:3452} INFO - Setting next_dagrun for example_subdag_operator to 2022-01-01T00:00:00+00:00, run_after=2022-01-01T00:00:00+00:00
[2024-01-18T21:42:01.505+0300] {logging_mixin.py:137} INFO - [2024-01-18T21:42:01.505+0300] {dag.py:3452} INFO - Setting next_dagrun for example_subdag_operator.section-1 to None, run_after=None
[2024-01-18T21:42:01.507+0300] {logging_mixin.py:137} INFO - [2024-01-18T21:42:01.507+0300] {dag.py:3452} INFO - Setting next_dagrun for example_subdag_operator.section-2 to None, run_after=None
[2024-01-18T21:42:01.521+0300] {logging_mixin.py:137} INFO - [2024-01-18T21:42:01.521+0300] {dag.py:2705} INFO - Sync 2 DAGs
[2024-01-18T21:42:01.531+0300] {logging_mixin.py:137} INFO - [2024-01-18T21:42:01.531+0300] {dag.py:3452} INFO - Setting next_dagrun for example_subdag_operator.section-1 to None, run_after=None
[2024-01-18T21:42:01.531+0300] {logging_mixin.py:137} INFO - [2024-01-18T21:42:01.531+0300] {dag.py:3452} INFO - Setting next_dagrun for example_subdag_operator.section-2 to None, run_after=None
[2024-01-18T21:42:01.558+0300] {processor.py:175} INFO - Processing /home/angry/mlops_4/venv4/lib/python3.10/site-packages/airflow/example_dags/example_subdag_operator.py took 0.474 seconds
[2024-01-18T21:43:00.147+0300] {processor.py:153} INFO - Started process (PID=4407) to work on /home/angry/mlops_4/venv4/lib/python3.10/site-packages/airflow/example_dags/example_subdag_operator.py
[2024-01-18T21:43:00.149+0300] {processor.py:743} INFO - Processing file /home/angry/mlops_4/venv4/lib/python3.10/site-packages/airflow/example_dags/example_subdag_operator.py for tasks to queue
[2024-01-18T21:43:00.150+0300] {logging_mixin.py:137} INFO - [2024-01-18T21:43:00.149+0300] {dagbag.py:532} INFO - Filling up the DagBag from /home/angry/mlops_4/venv4/lib/python3.10/site-packages/airflow/example_dags/example_subdag_operator.py
[2024-01-18T21:43:00.203+0300] {processor.py:753} INFO - DAG(s) dict_keys(['example_subdag_operator.section-1', 'example_subdag_operator.section-2', 'example_subdag_operator']) retrieved from /home/angry/mlops_4/venv4/lib/python3.10/site-packages/airflow/example_dags/example_subdag_operator.py
[2024-01-18T21:43:00.235+0300] {logging_mixin.py:137} INFO - [2024-01-18T21:43:00.235+0300] {dag.py:2705} INFO - Sync 3 DAGs
[2024-01-18T21:43:00.271+0300] {logging_mixin.py:137} INFO - [2024-01-18T21:43:00.270+0300] {dag.py:3452} INFO - Setting next_dagrun for example_subdag_operator to 2022-01-01T00:00:00+00:00, run_after=2022-01-01T00:00:00+00:00
[2024-01-18T21:43:00.278+0300] {logging_mixin.py:137} INFO - [2024-01-18T21:43:00.278+0300] {dag.py:3452} INFO - Setting next_dagrun for example_subdag_operator.section-1 to None, run_after=None
[2024-01-18T21:43:00.281+0300] {logging_mixin.py:137} INFO - [2024-01-18T21:43:00.281+0300] {dag.py:3452} INFO - Setting next_dagrun for example_subdag_operator.section-2 to None, run_after=None
[2024-01-18T21:43:00.291+0300] {logging_mixin.py:137} INFO - [2024-01-18T21:43:00.291+0300] {dag.py:2705} INFO - Sync 2 DAGs
[2024-01-18T21:43:00.299+0300] {logging_mixin.py:137} INFO - [2024-01-18T21:43:00.299+0300] {dag.py:3452} INFO - Setting next_dagrun for example_subdag_operator.section-1 to None, run_after=None
[2024-01-18T21:43:00.300+0300] {logging_mixin.py:137} INFO - [2024-01-18T21:43:00.300+0300] {dag.py:3452} INFO - Setting next_dagrun for example_subdag_operator.section-2 to None, run_after=None
[2024-01-18T21:43:00.323+0300] {processor.py:175} INFO - Processing /home/angry/mlops_4/venv4/lib/python3.10/site-packages/airflow/example_dags/example_subdag_operator.py took 0.402 seconds
[2024-01-18T21:43:47.517+0300] {processor.py:153} INFO - Started process (PID=4461) to work on /home/angry/mlops_4/venv4/lib/python3.10/site-packages/airflow/example_dags/example_subdag_operator.py
[2024-01-18T21:43:47.519+0300] {processor.py:743} INFO - Processing file /home/angry/mlops_4/venv4/lib/python3.10/site-packages/airflow/example_dags/example_subdag_operator.py for tasks to queue
[2024-01-18T21:43:47.521+0300] {logging_mixin.py:137} INFO - [2024-01-18T21:43:47.520+0300] {dagbag.py:532} INFO - Filling up the DagBag from /home/angry/mlops_4/venv4/lib/python3.10/site-packages/airflow/example_dags/example_subdag_operator.py
[2024-01-18T21:43:47.578+0300] {processor.py:753} INFO - DAG(s) dict_keys(['example_subdag_operator.section-1', 'example_subdag_operator.section-2', 'example_subdag_operator']) retrieved from /home/angry/mlops_4/venv4/lib/python3.10/site-packages/airflow/example_dags/example_subdag_operator.py
[2024-01-18T21:43:47.620+0300] {logging_mixin.py:137} INFO - [2024-01-18T21:43:47.620+0300] {dag.py:2705} INFO - Sync 3 DAGs
[2024-01-18T21:43:47.660+0300] {logging_mixin.py:137} INFO - [2024-01-18T21:43:47.659+0300] {dag.py:3452} INFO - Setting next_dagrun for example_subdag_operator to 2022-01-01T00:00:00+00:00, run_after=2022-01-01T00:00:00+00:00
[2024-01-18T21:43:47.666+0300] {logging_mixin.py:137} INFO - [2024-01-18T21:43:47.666+0300] {dag.py:3452} INFO - Setting next_dagrun for example_subdag_operator.section-1 to None, run_after=None
[2024-01-18T21:43:47.668+0300] {logging_mixin.py:137} INFO - [2024-01-18T21:43:47.667+0300] {dag.py:3452} INFO - Setting next_dagrun for example_subdag_operator.section-2 to None, run_after=None
[2024-01-18T21:43:47.680+0300] {logging_mixin.py:137} INFO - [2024-01-18T21:43:47.680+0300] {dag.py:2705} INFO - Sync 2 DAGs
[2024-01-18T21:43:47.689+0300] {logging_mixin.py:137} INFO - [2024-01-18T21:43:47.689+0300] {dag.py:3452} INFO - Setting next_dagrun for example_subdag_operator.section-1 to None, run_after=None
[2024-01-18T21:43:47.690+0300] {logging_mixin.py:137} INFO - [2024-01-18T21:43:47.690+0300] {dag.py:3452} INFO - Setting next_dagrun for example_subdag_operator.section-2 to None, run_after=None
[2024-01-18T21:43:47.717+0300] {processor.py:175} INFO - Processing /home/angry/mlops_4/venv4/lib/python3.10/site-packages/airflow/example_dags/example_subdag_operator.py took 0.210 seconds
[2024-01-18T21:44:36.974+0300] {processor.py:153} INFO - Started process (PID=4512) to work on /home/angry/mlops_4/venv4/lib/python3.10/site-packages/airflow/example_dags/example_subdag_operator.py
[2024-01-18T21:44:36.977+0300] {processor.py:743} INFO - Processing file /home/angry/mlops_4/venv4/lib/python3.10/site-packages/airflow/example_dags/example_subdag_operator.py for tasks to queue
[2024-01-18T21:44:36.978+0300] {logging_mixin.py:137} INFO - [2024-01-18T21:44:36.978+0300] {dagbag.py:532} INFO - Filling up the DagBag from /home/angry/mlops_4/venv4/lib/python3.10/site-packages/airflow/example_dags/example_subdag_operator.py
[2024-01-18T21:44:37.041+0300] {processor.py:753} INFO - DAG(s) dict_keys(['example_subdag_operator.section-1', 'example_subdag_operator.section-2', 'example_subdag_operator']) retrieved from /home/angry/mlops_4/venv4/lib/python3.10/site-packages/airflow/example_dags/example_subdag_operator.py
[2024-01-18T21:44:37.078+0300] {logging_mixin.py:137} INFO - [2024-01-18T21:44:37.077+0300] {dag.py:2705} INFO - Sync 3 DAGs
[2024-01-18T21:44:37.125+0300] {logging_mixin.py:137} INFO - [2024-01-18T21:44:37.124+0300] {dag.py:3452} INFO - Setting next_dagrun for example_subdag_operator to 2022-01-01T00:00:00+00:00, run_after=2022-01-01T00:00:00+00:00
[2024-01-18T21:44:37.131+0300] {logging_mixin.py:137} INFO - [2024-01-18T21:44:37.131+0300] {dag.py:3452} INFO - Setting next_dagrun for example_subdag_operator.section-1 to None, run_after=None
[2024-01-18T21:44:37.133+0300] {logging_mixin.py:137} INFO - [2024-01-18T21:44:37.133+0300] {dag.py:3452} INFO - Setting next_dagrun for example_subdag_operator.section-2 to None, run_after=None
[2024-01-18T21:44:37.146+0300] {logging_mixin.py:137} INFO - [2024-01-18T21:44:37.146+0300] {dag.py:2705} INFO - Sync 2 DAGs
[2024-01-18T21:44:37.155+0300] {logging_mixin.py:137} INFO - [2024-01-18T21:44:37.154+0300] {dag.py:3452} INFO - Setting next_dagrun for example_subdag_operator.section-1 to None, run_after=None
[2024-01-18T21:44:37.155+0300] {logging_mixin.py:137} INFO - [2024-01-18T21:44:37.155+0300] {dag.py:3452} INFO - Setting next_dagrun for example_subdag_operator.section-2 to None, run_after=None
[2024-01-18T21:44:37.185+0300] {processor.py:175} INFO - Processing /home/angry/mlops_4/venv4/lib/python3.10/site-packages/airflow/example_dags/example_subdag_operator.py took 0.219 seconds
[2024-01-18T21:45:29.705+0300] {processor.py:153} INFO - Started process (PID=4603) to work on /home/angry/mlops_4/venv4/lib/python3.10/site-packages/airflow/example_dags/example_subdag_operator.py
[2024-01-18T21:45:29.708+0300] {processor.py:743} INFO - Processing file /home/angry/mlops_4/venv4/lib/python3.10/site-packages/airflow/example_dags/example_subdag_operator.py for tasks to queue
[2024-01-18T21:45:29.710+0300] {logging_mixin.py:137} INFO - [2024-01-18T21:45:29.709+0300] {dagbag.py:532} INFO - Filling up the DagBag from /home/angry/mlops_4/venv4/lib/python3.10/site-packages/airflow/example_dags/example_subdag_operator.py
[2024-01-18T21:45:29.774+0300] {processor.py:753} INFO - DAG(s) dict_keys(['example_subdag_operator.section-1', 'example_subdag_operator.section-2', 'example_subdag_operator']) retrieved from /home/angry/mlops_4/venv4/lib/python3.10/site-packages/airflow/example_dags/example_subdag_operator.py
[2024-01-18T21:45:29.812+0300] {logging_mixin.py:137} INFO - [2024-01-18T21:45:29.812+0300] {dag.py:2705} INFO - Sync 3 DAGs
[2024-01-18T21:45:29.849+0300] {logging_mixin.py:137} INFO - [2024-01-18T21:45:29.849+0300] {dag.py:3452} INFO - Setting next_dagrun for example_subdag_operator to 2022-01-01T00:00:00+00:00, run_after=2022-01-01T00:00:00+00:00
[2024-01-18T21:45:29.855+0300] {logging_mixin.py:137} INFO - [2024-01-18T21:45:29.854+0300] {dag.py:3452} INFO - Setting next_dagrun for example_subdag_operator.section-1 to None, run_after=None
[2024-01-18T21:45:29.857+0300] {logging_mixin.py:137} INFO - [2024-01-18T21:45:29.856+0300] {dag.py:3452} INFO - Setting next_dagrun for example_subdag_operator.section-2 to None, run_after=None
[2024-01-18T21:45:29.871+0300] {logging_mixin.py:137} INFO - [2024-01-18T21:45:29.870+0300] {dag.py:2705} INFO - Sync 2 DAGs
[2024-01-18T21:45:29.878+0300] {logging_mixin.py:137} INFO - [2024-01-18T21:45:29.878+0300] {dag.py:3452} INFO - Setting next_dagrun for example_subdag_operator.section-1 to None, run_after=None
[2024-01-18T21:45:29.879+0300] {logging_mixin.py:137} INFO - [2024-01-18T21:45:29.879+0300] {dag.py:3452} INFO - Setting next_dagrun for example_subdag_operator.section-2 to None, run_after=None
[2024-01-18T21:45:29.905+0300] {processor.py:175} INFO - Processing /home/angry/mlops_4/venv4/lib/python3.10/site-packages/airflow/example_dags/example_subdag_operator.py took 0.207 seconds
[2024-01-18T21:46:20.653+0300] {processor.py:153} INFO - Started process (PID=4669) to work on /home/angry/mlops_4/venv4/lib/python3.10/site-packages/airflow/example_dags/example_subdag_operator.py
[2024-01-18T21:46:20.655+0300] {processor.py:743} INFO - Processing file /home/angry/mlops_4/venv4/lib/python3.10/site-packages/airflow/example_dags/example_subdag_operator.py for tasks to queue
[2024-01-18T21:46:20.657+0300] {logging_mixin.py:137} INFO - [2024-01-18T21:46:20.657+0300] {dagbag.py:532} INFO - Filling up the DagBag from /home/angry/mlops_4/venv4/lib/python3.10/site-packages/airflow/example_dags/example_subdag_operator.py
[2024-01-18T21:46:20.718+0300] {processor.py:753} INFO - DAG(s) dict_keys(['example_subdag_operator.section-1', 'example_subdag_operator.section-2', 'example_subdag_operator']) retrieved from /home/angry/mlops_4/venv4/lib/python3.10/site-packages/airflow/example_dags/example_subdag_operator.py
[2024-01-18T21:46:20.759+0300] {logging_mixin.py:137} INFO - [2024-01-18T21:46:20.759+0300] {dag.py:2705} INFO - Sync 3 DAGs
[2024-01-18T21:46:20.797+0300] {logging_mixin.py:137} INFO - [2024-01-18T21:46:20.797+0300] {dag.py:3452} INFO - Setting next_dagrun for example_subdag_operator to 2022-01-01T00:00:00+00:00, run_after=2022-01-01T00:00:00+00:00
[2024-01-18T21:46:20.803+0300] {logging_mixin.py:137} INFO - [2024-01-18T21:46:20.803+0300] {dag.py:3452} INFO - Setting next_dagrun for example_subdag_operator.section-1 to None, run_after=None
[2024-01-18T21:46:20.805+0300] {logging_mixin.py:137} INFO - [2024-01-18T21:46:20.805+0300] {dag.py:3452} INFO - Setting next_dagrun for example_subdag_operator.section-2 to None, run_after=None
[2024-01-18T21:46:20.817+0300] {logging_mixin.py:137} INFO - [2024-01-18T21:46:20.817+0300] {dag.py:2705} INFO - Sync 2 DAGs
[2024-01-18T21:46:20.825+0300] {logging_mixin.py:137} INFO - [2024-01-18T21:46:20.825+0300] {dag.py:3452} INFO - Setting next_dagrun for example_subdag_operator.section-1 to None, run_after=None
[2024-01-18T21:46:20.825+0300] {logging_mixin.py:137} INFO - [2024-01-18T21:46:20.825+0300] {dag.py:3452} INFO - Setting next_dagrun for example_subdag_operator.section-2 to None, run_after=None
[2024-01-18T21:46:20.851+0300] {processor.py:175} INFO - Processing /home/angry/mlops_4/venv4/lib/python3.10/site-packages/airflow/example_dags/example_subdag_operator.py took 0.205 seconds
[2024-01-18T21:47:09.038+0300] {processor.py:153} INFO - Started process (PID=4722) to work on /home/angry/mlops_4/venv4/lib/python3.10/site-packages/airflow/example_dags/example_subdag_operator.py
[2024-01-18T21:47:09.041+0300] {processor.py:743} INFO - Processing file /home/angry/mlops_4/venv4/lib/python3.10/site-packages/airflow/example_dags/example_subdag_operator.py for tasks to queue
[2024-01-18T21:47:09.042+0300] {logging_mixin.py:137} INFO - [2024-01-18T21:47:09.042+0300] {dagbag.py:532} INFO - Filling up the DagBag from /home/angry/mlops_4/venv4/lib/python3.10/site-packages/airflow/example_dags/example_subdag_operator.py
[2024-01-18T21:47:09.104+0300] {processor.py:753} INFO - DAG(s) dict_keys(['example_subdag_operator.section-1', 'example_subdag_operator.section-2', 'example_subdag_operator']) retrieved from /home/angry/mlops_4/venv4/lib/python3.10/site-packages/airflow/example_dags/example_subdag_operator.py
[2024-01-18T21:47:09.143+0300] {logging_mixin.py:137} INFO - [2024-01-18T21:47:09.143+0300] {dag.py:2705} INFO - Sync 3 DAGs
[2024-01-18T21:47:09.183+0300] {logging_mixin.py:137} INFO - [2024-01-18T21:47:09.183+0300] {dag.py:3452} INFO - Setting next_dagrun for example_subdag_operator to 2022-01-01T00:00:00+00:00, run_after=2022-01-01T00:00:00+00:00
[2024-01-18T21:47:09.189+0300] {logging_mixin.py:137} INFO - [2024-01-18T21:47:09.189+0300] {dag.py:3452} INFO - Setting next_dagrun for example_subdag_operator.section-1 to None, run_after=None
[2024-01-18T21:47:09.191+0300] {logging_mixin.py:137} INFO - [2024-01-18T21:47:09.191+0300] {dag.py:3452} INFO - Setting next_dagrun for example_subdag_operator.section-2 to None, run_after=None
[2024-01-18T21:47:09.203+0300] {logging_mixin.py:137} INFO - [2024-01-18T21:47:09.203+0300] {dag.py:2705} INFO - Sync 2 DAGs
[2024-01-18T21:47:09.211+0300] {logging_mixin.py:137} INFO - [2024-01-18T21:47:09.211+0300] {dag.py:3452} INFO - Setting next_dagrun for example_subdag_operator.section-1 to None, run_after=None
[2024-01-18T21:47:09.211+0300] {logging_mixin.py:137} INFO - [2024-01-18T21:47:09.211+0300] {dag.py:3452} INFO - Setting next_dagrun for example_subdag_operator.section-2 to None, run_after=None
[2024-01-18T21:47:09.246+0300] {processor.py:175} INFO - Processing /home/angry/mlops_4/venv4/lib/python3.10/site-packages/airflow/example_dags/example_subdag_operator.py took 0.215 seconds
[2024-01-18T21:47:59.865+0300] {processor.py:153} INFO - Started process (PID=4799) to work on /home/angry/mlops_4/venv4/lib/python3.10/site-packages/airflow/example_dags/example_subdag_operator.py
[2024-01-18T21:47:59.868+0300] {processor.py:743} INFO - Processing file /home/angry/mlops_4/venv4/lib/python3.10/site-packages/airflow/example_dags/example_subdag_operator.py for tasks to queue
[2024-01-18T21:47:59.870+0300] {logging_mixin.py:137} INFO - [2024-01-18T21:47:59.870+0300] {dagbag.py:532} INFO - Filling up the DagBag from /home/angry/mlops_4/venv4/lib/python3.10/site-packages/airflow/example_dags/example_subdag_operator.py
[2024-01-18T21:47:59.954+0300] {processor.py:753} INFO - DAG(s) dict_keys(['example_subdag_operator.section-1', 'example_subdag_operator.section-2', 'example_subdag_operator']) retrieved from /home/angry/mlops_4/venv4/lib/python3.10/site-packages/airflow/example_dags/example_subdag_operator.py
[2024-01-18T21:48:00.025+0300] {logging_mixin.py:137} INFO - [2024-01-18T21:48:00.024+0300] {dag.py:2705} INFO - Sync 3 DAGs
[2024-01-18T21:48:00.078+0300] {logging_mixin.py:137} INFO - [2024-01-18T21:48:00.078+0300] {dag.py:3452} INFO - Setting next_dagrun for example_subdag_operator to 2022-01-01T00:00:00+00:00, run_after=2022-01-01T00:00:00+00:00
[2024-01-18T21:48:00.085+0300] {logging_mixin.py:137} INFO - [2024-01-18T21:48:00.084+0300] {dag.py:3452} INFO - Setting next_dagrun for example_subdag_operator.section-1 to None, run_after=None
[2024-01-18T21:48:00.087+0300] {logging_mixin.py:137} INFO - [2024-01-18T21:48:00.086+0300] {dag.py:3452} INFO - Setting next_dagrun for example_subdag_operator.section-2 to None, run_after=None
[2024-01-18T21:48:00.103+0300] {logging_mixin.py:137} INFO - [2024-01-18T21:48:00.102+0300] {dag.py:2705} INFO - Sync 2 DAGs
[2024-01-18T21:48:00.115+0300] {logging_mixin.py:137} INFO - [2024-01-18T21:48:00.115+0300] {dag.py:3452} INFO - Setting next_dagrun for example_subdag_operator.section-1 to None, run_after=None
[2024-01-18T21:48:00.116+0300] {logging_mixin.py:137} INFO - [2024-01-18T21:48:00.116+0300] {dag.py:3452} INFO - Setting next_dagrun for example_subdag_operator.section-2 to None, run_after=None
[2024-01-18T21:48:00.147+0300] {processor.py:175} INFO - Processing /home/angry/mlops_4/venv4/lib/python3.10/site-packages/airflow/example_dags/example_subdag_operator.py took 0.293 seconds
[2024-01-18T21:48:50.325+0300] {processor.py:153} INFO - Started process (PID=4854) to work on /home/angry/mlops_4/venv4/lib/python3.10/site-packages/airflow/example_dags/example_subdag_operator.py
[2024-01-18T21:48:50.328+0300] {processor.py:743} INFO - Processing file /home/angry/mlops_4/venv4/lib/python3.10/site-packages/airflow/example_dags/example_subdag_operator.py for tasks to queue
[2024-01-18T21:48:50.330+0300] {logging_mixin.py:137} INFO - [2024-01-18T21:48:50.329+0300] {dagbag.py:532} INFO - Filling up the DagBag from /home/angry/mlops_4/venv4/lib/python3.10/site-packages/airflow/example_dags/example_subdag_operator.py
[2024-01-18T21:48:50.397+0300] {processor.py:753} INFO - DAG(s) dict_keys(['example_subdag_operator.section-1', 'example_subdag_operator.section-2', 'example_subdag_operator']) retrieved from /home/angry/mlops_4/venv4/lib/python3.10/site-packages/airflow/example_dags/example_subdag_operator.py
[2024-01-18T21:48:50.439+0300] {logging_mixin.py:137} INFO - [2024-01-18T21:48:50.439+0300] {dag.py:2705} INFO - Sync 3 DAGs
[2024-01-18T21:48:50.485+0300] {logging_mixin.py:137} INFO - [2024-01-18T21:48:50.485+0300] {dag.py:3452} INFO - Setting next_dagrun for example_subdag_operator to 2022-01-01T00:00:00+00:00, run_after=2022-01-01T00:00:00+00:00
[2024-01-18T21:48:50.492+0300] {logging_mixin.py:137} INFO - [2024-01-18T21:48:50.491+0300] {dag.py:3452} INFO - Setting next_dagrun for example_subdag_operator.section-1 to None, run_after=None
[2024-01-18T21:48:50.496+0300] {logging_mixin.py:137} INFO - [2024-01-18T21:48:50.496+0300] {dag.py:3452} INFO - Setting next_dagrun for example_subdag_operator.section-2 to None, run_after=None
[2024-01-18T21:48:50.510+0300] {logging_mixin.py:137} INFO - [2024-01-18T21:48:50.509+0300] {dag.py:2705} INFO - Sync 2 DAGs
[2024-01-18T21:48:50.518+0300] {logging_mixin.py:137} INFO - [2024-01-18T21:48:50.518+0300] {dag.py:3452} INFO - Setting next_dagrun for example_subdag_operator.section-1 to None, run_after=None
[2024-01-18T21:48:50.519+0300] {logging_mixin.py:137} INFO - [2024-01-18T21:48:50.519+0300] {dag.py:3452} INFO - Setting next_dagrun for example_subdag_operator.section-2 to None, run_after=None
[2024-01-18T21:48:50.553+0300] {processor.py:175} INFO - Processing /home/angry/mlops_4/venv4/lib/python3.10/site-packages/airflow/example_dags/example_subdag_operator.py took 0.236 seconds
[2024-01-18T21:49:40.088+0300] {processor.py:153} INFO - Started process (PID=4904) to work on /home/angry/mlops_4/venv4/lib/python3.10/site-packages/airflow/example_dags/example_subdag_operator.py
[2024-01-18T21:49:40.091+0300] {processor.py:743} INFO - Processing file /home/angry/mlops_4/venv4/lib/python3.10/site-packages/airflow/example_dags/example_subdag_operator.py for tasks to queue
[2024-01-18T21:49:40.092+0300] {logging_mixin.py:137} INFO - [2024-01-18T21:49:40.092+0300] {dagbag.py:532} INFO - Filling up the DagBag from /home/angry/mlops_4/venv4/lib/python3.10/site-packages/airflow/example_dags/example_subdag_operator.py
[2024-01-18T21:49:40.158+0300] {processor.py:753} INFO - DAG(s) dict_keys(['example_subdag_operator.section-1', 'example_subdag_operator.section-2', 'example_subdag_operator']) retrieved from /home/angry/mlops_4/venv4/lib/python3.10/site-packages/airflow/example_dags/example_subdag_operator.py
[2024-01-18T21:49:40.197+0300] {logging_mixin.py:137} INFO - [2024-01-18T21:49:40.196+0300] {dag.py:2705} INFO - Sync 3 DAGs
[2024-01-18T21:49:40.242+0300] {logging_mixin.py:137} INFO - [2024-01-18T21:49:40.242+0300] {dag.py:3452} INFO - Setting next_dagrun for example_subdag_operator to 2022-01-01T00:00:00+00:00, run_after=2022-01-01T00:00:00+00:00
[2024-01-18T21:49:40.250+0300] {logging_mixin.py:137} INFO - [2024-01-18T21:49:40.250+0300] {dag.py:3452} INFO - Setting next_dagrun for example_subdag_operator.section-1 to None, run_after=None
[2024-01-18T21:49:40.252+0300] {logging_mixin.py:137} INFO - [2024-01-18T21:49:40.252+0300] {dag.py:3452} INFO - Setting next_dagrun for example_subdag_operator.section-2 to None, run_after=None
[2024-01-18T21:49:40.265+0300] {logging_mixin.py:137} INFO - [2024-01-18T21:49:40.265+0300] {dag.py:2705} INFO - Sync 2 DAGs
[2024-01-18T21:49:40.274+0300] {logging_mixin.py:137} INFO - [2024-01-18T21:49:40.274+0300] {dag.py:3452} INFO - Setting next_dagrun for example_subdag_operator.section-1 to None, run_after=None
[2024-01-18T21:49:40.275+0300] {logging_mixin.py:137} INFO - [2024-01-18T21:49:40.275+0300] {dag.py:3452} INFO - Setting next_dagrun for example_subdag_operator.section-2 to None, run_after=None
[2024-01-18T21:49:40.303+0300] {processor.py:175} INFO - Processing /home/angry/mlops_4/venv4/lib/python3.10/site-packages/airflow/example_dags/example_subdag_operator.py took 0.222 seconds
[2024-01-18T21:50:31.711+0300] {processor.py:153} INFO - Started process (PID=4953) to work on /home/angry/mlops_4/venv4/lib/python3.10/site-packages/airflow/example_dags/example_subdag_operator.py
[2024-01-18T21:50:31.715+0300] {processor.py:743} INFO - Processing file /home/angry/mlops_4/venv4/lib/python3.10/site-packages/airflow/example_dags/example_subdag_operator.py for tasks to queue
[2024-01-18T21:50:31.717+0300] {logging_mixin.py:137} INFO - [2024-01-18T21:50:31.716+0300] {dagbag.py:532} INFO - Filling up the DagBag from /home/angry/mlops_4/venv4/lib/python3.10/site-packages/airflow/example_dags/example_subdag_operator.py
[2024-01-18T21:50:31.780+0300] {processor.py:753} INFO - DAG(s) dict_keys(['example_subdag_operator.section-1', 'example_subdag_operator.section-2', 'example_subdag_operator']) retrieved from /home/angry/mlops_4/venv4/lib/python3.10/site-packages/airflow/example_dags/example_subdag_operator.py
[2024-01-18T21:50:31.825+0300] {logging_mixin.py:137} INFO - [2024-01-18T21:50:31.824+0300] {dag.py:2705} INFO - Sync 3 DAGs
[2024-01-18T21:50:31.884+0300] {logging_mixin.py:137} INFO - [2024-01-18T21:50:31.883+0300] {dag.py:3452} INFO - Setting next_dagrun for example_subdag_operator to 2022-01-01T00:00:00+00:00, run_after=2022-01-01T00:00:00+00:00
[2024-01-18T21:50:31.892+0300] {logging_mixin.py:137} INFO - [2024-01-18T21:50:31.892+0300] {dag.py:3452} INFO - Setting next_dagrun for example_subdag_operator.section-1 to None, run_after=None
[2024-01-18T21:50:31.894+0300] {logging_mixin.py:137} INFO - [2024-01-18T21:50:31.894+0300] {dag.py:3452} INFO - Setting next_dagrun for example_subdag_operator.section-2 to None, run_after=None
[2024-01-18T21:50:31.909+0300] {logging_mixin.py:137} INFO - [2024-01-18T21:50:31.909+0300] {dag.py:2705} INFO - Sync 2 DAGs
[2024-01-18T21:50:31.919+0300] {logging_mixin.py:137} INFO - [2024-01-18T21:50:31.919+0300] {dag.py:3452} INFO - Setting next_dagrun for example_subdag_operator.section-1 to None, run_after=None
[2024-01-18T21:50:31.920+0300] {logging_mixin.py:137} INFO - [2024-01-18T21:50:31.920+0300] {dag.py:3452} INFO - Setting next_dagrun for example_subdag_operator.section-2 to None, run_after=None
[2024-01-18T21:50:31.947+0300] {processor.py:175} INFO - Processing /home/angry/mlops_4/venv4/lib/python3.10/site-packages/airflow/example_dags/example_subdag_operator.py took 0.244 seconds
[2024-01-18T21:51:21.800+0300] {processor.py:153} INFO - Started process (PID=5000) to work on /home/angry/mlops_4/venv4/lib/python3.10/site-packages/airflow/example_dags/example_subdag_operator.py
[2024-01-18T21:51:21.803+0300] {processor.py:743} INFO - Processing file /home/angry/mlops_4/venv4/lib/python3.10/site-packages/airflow/example_dags/example_subdag_operator.py for tasks to queue
[2024-01-18T21:51:21.804+0300] {logging_mixin.py:137} INFO - [2024-01-18T21:51:21.804+0300] {dagbag.py:532} INFO - Filling up the DagBag from /home/angry/mlops_4/venv4/lib/python3.10/site-packages/airflow/example_dags/example_subdag_operator.py
[2024-01-18T21:51:21.868+0300] {processor.py:753} INFO - DAG(s) dict_keys(['example_subdag_operator.section-1', 'example_subdag_operator.section-2', 'example_subdag_operator']) retrieved from /home/angry/mlops_4/venv4/lib/python3.10/site-packages/airflow/example_dags/example_subdag_operator.py
[2024-01-18T21:51:21.904+0300] {logging_mixin.py:137} INFO - [2024-01-18T21:51:21.904+0300] {dag.py:2705} INFO - Sync 3 DAGs
[2024-01-18T21:51:21.944+0300] {logging_mixin.py:137} INFO - [2024-01-18T21:51:21.944+0300] {dag.py:3452} INFO - Setting next_dagrun for example_subdag_operator to 2022-01-01T00:00:00+00:00, run_after=2022-01-01T00:00:00+00:00
[2024-01-18T21:51:21.950+0300] {logging_mixin.py:137} INFO - [2024-01-18T21:51:21.950+0300] {dag.py:3452} INFO - Setting next_dagrun for example_subdag_operator.section-1 to None, run_after=None
[2024-01-18T21:51:21.953+0300] {logging_mixin.py:137} INFO - [2024-01-18T21:51:21.953+0300] {dag.py:3452} INFO - Setting next_dagrun for example_subdag_operator.section-2 to None, run_after=None
[2024-01-18T21:51:21.966+0300] {logging_mixin.py:137} INFO - [2024-01-18T21:51:21.965+0300] {dag.py:2705} INFO - Sync 2 DAGs
[2024-01-18T21:51:21.974+0300] {logging_mixin.py:137} INFO - [2024-01-18T21:51:21.974+0300] {dag.py:3452} INFO - Setting next_dagrun for example_subdag_operator.section-1 to None, run_after=None
[2024-01-18T21:51:21.974+0300] {logging_mixin.py:137} INFO - [2024-01-18T21:51:21.974+0300] {dag.py:3452} INFO - Setting next_dagrun for example_subdag_operator.section-2 to None, run_after=None
[2024-01-18T21:51:22.009+0300] {processor.py:175} INFO - Processing /home/angry/mlops_4/venv4/lib/python3.10/site-packages/airflow/example_dags/example_subdag_operator.py took 0.217 seconds
[2024-01-18T21:52:16.838+0300] {processor.py:153} INFO - Started process (PID=5055) to work on /home/angry/mlops_4/venv4/lib/python3.10/site-packages/airflow/example_dags/example_subdag_operator.py
[2024-01-18T21:52:16.841+0300] {processor.py:743} INFO - Processing file /home/angry/mlops_4/venv4/lib/python3.10/site-packages/airflow/example_dags/example_subdag_operator.py for tasks to queue
[2024-01-18T21:52:16.843+0300] {logging_mixin.py:137} INFO - [2024-01-18T21:52:16.842+0300] {dagbag.py:532} INFO - Filling up the DagBag from /home/angry/mlops_4/venv4/lib/python3.10/site-packages/airflow/example_dags/example_subdag_operator.py
[2024-01-18T21:52:16.943+0300] {processor.py:753} INFO - DAG(s) dict_keys(['example_subdag_operator.section-1', 'example_subdag_operator.section-2', 'example_subdag_operator']) retrieved from /home/angry/mlops_4/venv4/lib/python3.10/site-packages/airflow/example_dags/example_subdag_operator.py
[2024-01-18T21:52:17.000+0300] {logging_mixin.py:137} INFO - [2024-01-18T21:52:16.999+0300] {dag.py:2705} INFO - Sync 3 DAGs
[2024-01-18T21:52:17.069+0300] {logging_mixin.py:137} INFO - [2024-01-18T21:52:17.069+0300] {dag.py:3452} INFO - Setting next_dagrun for example_subdag_operator to 2022-01-01T00:00:00+00:00, run_after=2022-01-01T00:00:00+00:00
[2024-01-18T21:52:17.078+0300] {logging_mixin.py:137} INFO - [2024-01-18T21:52:17.078+0300] {dag.py:3452} INFO - Setting next_dagrun for example_subdag_operator.section-1 to None, run_after=None
[2024-01-18T21:52:17.082+0300] {logging_mixin.py:137} INFO - [2024-01-18T21:52:17.082+0300] {dag.py:3452} INFO - Setting next_dagrun for example_subdag_operator.section-2 to None, run_after=None
[2024-01-18T21:52:17.102+0300] {logging_mixin.py:137} INFO - [2024-01-18T21:52:17.102+0300] {dag.py:2705} INFO - Sync 2 DAGs
[2024-01-18T21:52:17.119+0300] {logging_mixin.py:137} INFO - [2024-01-18T21:52:17.119+0300] {dag.py:3452} INFO - Setting next_dagrun for example_subdag_operator.section-1 to None, run_after=None
[2024-01-18T21:52:17.120+0300] {logging_mixin.py:137} INFO - [2024-01-18T21:52:17.119+0300] {dag.py:3452} INFO - Setting next_dagrun for example_subdag_operator.section-2 to None, run_after=None
[2024-01-18T21:52:17.150+0300] {processor.py:175} INFO - Processing /home/angry/mlops_4/venv4/lib/python3.10/site-packages/airflow/example_dags/example_subdag_operator.py took 0.327 seconds
[2024-01-18T21:53:15.838+0300] {processor.py:153} INFO - Started process (PID=5106) to work on /home/angry/mlops_4/venv4/lib/python3.10/site-packages/airflow/example_dags/example_subdag_operator.py
[2024-01-18T21:53:15.842+0300] {processor.py:743} INFO - Processing file /home/angry/mlops_4/venv4/lib/python3.10/site-packages/airflow/example_dags/example_subdag_operator.py for tasks to queue
[2024-01-18T21:53:15.844+0300] {logging_mixin.py:137} INFO - [2024-01-18T21:53:15.843+0300] {dagbag.py:532} INFO - Filling up the DagBag from /home/angry/mlops_4/venv4/lib/python3.10/site-packages/airflow/example_dags/example_subdag_operator.py
[2024-01-18T21:53:15.950+0300] {processor.py:753} INFO - DAG(s) dict_keys(['example_subdag_operator.section-1', 'example_subdag_operator.section-2', 'example_subdag_operator']) retrieved from /home/angry/mlops_4/venv4/lib/python3.10/site-packages/airflow/example_dags/example_subdag_operator.py
[2024-01-18T21:53:16.004+0300] {logging_mixin.py:137} INFO - [2024-01-18T21:53:16.003+0300] {dag.py:2705} INFO - Sync 3 DAGs
[2024-01-18T21:53:16.055+0300] {logging_mixin.py:137} INFO - [2024-01-18T21:53:16.055+0300] {dag.py:3452} INFO - Setting next_dagrun for example_subdag_operator to 2022-01-01T00:00:00+00:00, run_after=2022-01-01T00:00:00+00:00
[2024-01-18T21:53:16.061+0300] {logging_mixin.py:137} INFO - [2024-01-18T21:53:16.060+0300] {dag.py:3452} INFO - Setting next_dagrun for example_subdag_operator.section-1 to None, run_after=None
[2024-01-18T21:53:16.063+0300] {logging_mixin.py:137} INFO - [2024-01-18T21:53:16.062+0300] {dag.py:3452} INFO - Setting next_dagrun for example_subdag_operator.section-2 to None, run_after=None
[2024-01-18T21:53:16.074+0300] {logging_mixin.py:137} INFO - [2024-01-18T21:53:16.074+0300] {dag.py:2705} INFO - Sync 2 DAGs
[2024-01-18T21:53:16.085+0300] {logging_mixin.py:137} INFO - [2024-01-18T21:53:16.084+0300] {dag.py:3452} INFO - Setting next_dagrun for example_subdag_operator.section-1 to None, run_after=None
[2024-01-18T21:53:16.085+0300] {logging_mixin.py:137} INFO - [2024-01-18T21:53:16.085+0300] {dag.py:3452} INFO - Setting next_dagrun for example_subdag_operator.section-2 to None, run_after=None
[2024-01-18T21:53:16.114+0300] {processor.py:175} INFO - Processing /home/angry/mlops_4/venv4/lib/python3.10/site-packages/airflow/example_dags/example_subdag_operator.py took 0.288 seconds
[2024-01-18T21:54:14.898+0300] {processor.py:153} INFO - Started process (PID=5160) to work on /home/angry/mlops_4/venv4/lib/python3.10/site-packages/airflow/example_dags/example_subdag_operator.py
[2024-01-18T21:54:14.902+0300] {processor.py:743} INFO - Processing file /home/angry/mlops_4/venv4/lib/python3.10/site-packages/airflow/example_dags/example_subdag_operator.py for tasks to queue
[2024-01-18T21:54:14.903+0300] {logging_mixin.py:137} INFO - [2024-01-18T21:54:14.903+0300] {dagbag.py:532} INFO - Filling up the DagBag from /home/angry/mlops_4/venv4/lib/python3.10/site-packages/airflow/example_dags/example_subdag_operator.py
[2024-01-18T21:54:15.045+0300] {processor.py:753} INFO - DAG(s) dict_keys(['example_subdag_operator.section-1', 'example_subdag_operator.section-2', 'example_subdag_operator']) retrieved from /home/angry/mlops_4/venv4/lib/python3.10/site-packages/airflow/example_dags/example_subdag_operator.py
[2024-01-18T21:54:15.121+0300] {logging_mixin.py:137} INFO - [2024-01-18T21:54:15.121+0300] {dag.py:2705} INFO - Sync 3 DAGs
[2024-01-18T21:54:15.235+0300] {logging_mixin.py:137} INFO - [2024-01-18T21:54:15.234+0300] {dag.py:3452} INFO - Setting next_dagrun for example_subdag_operator to 2022-01-01T00:00:00+00:00, run_after=2022-01-01T00:00:00+00:00
[2024-01-18T21:54:15.261+0300] {logging_mixin.py:137} INFO - [2024-01-18T21:54:15.261+0300] {dag.py:3452} INFO - Setting next_dagrun for example_subdag_operator.section-1 to None, run_after=None
[2024-01-18T21:54:15.264+0300] {logging_mixin.py:137} INFO - [2024-01-18T21:54:15.263+0300] {dag.py:3452} INFO - Setting next_dagrun for example_subdag_operator.section-2 to None, run_after=None
[2024-01-18T21:54:15.292+0300] {logging_mixin.py:137} INFO - [2024-01-18T21:54:15.292+0300] {dag.py:2705} INFO - Sync 2 DAGs
[2024-01-18T21:54:15.317+0300] {logging_mixin.py:137} INFO - [2024-01-18T21:54:15.316+0300] {dag.py:3452} INFO - Setting next_dagrun for example_subdag_operator.section-1 to None, run_after=None
[2024-01-18T21:54:15.318+0300] {logging_mixin.py:137} INFO - [2024-01-18T21:54:15.318+0300] {dag.py:3452} INFO - Setting next_dagrun for example_subdag_operator.section-2 to None, run_after=None
[2024-01-18T21:54:15.367+0300] {processor.py:175} INFO - Processing /home/angry/mlops_4/venv4/lib/python3.10/site-packages/airflow/example_dags/example_subdag_operator.py took 0.477 seconds
[2024-01-18T22:00:25.028+0300] {processor.py:153} INFO - Started process (PID=5496) to work on /home/angry/mlops_4/venv4/lib/python3.10/site-packages/airflow/example_dags/example_subdag_operator.py
[2024-01-18T22:00:25.032+0300] {processor.py:743} INFO - Processing file /home/angry/mlops_4/venv4/lib/python3.10/site-packages/airflow/example_dags/example_subdag_operator.py for tasks to queue
[2024-01-18T22:00:25.034+0300] {logging_mixin.py:137} INFO - [2024-01-18T22:00:25.034+0300] {dagbag.py:532} INFO - Filling up the DagBag from /home/angry/mlops_4/venv4/lib/python3.10/site-packages/airflow/example_dags/example_subdag_operator.py
[2024-01-18T22:00:25.162+0300] {processor.py:753} INFO - DAG(s) dict_keys(['example_subdag_operator.section-1', 'example_subdag_operator.section-2', 'example_subdag_operator']) retrieved from /home/angry/mlops_4/venv4/lib/python3.10/site-packages/airflow/example_dags/example_subdag_operator.py
[2024-01-18T22:00:25.279+0300] {logging_mixin.py:137} INFO - [2024-01-18T22:00:25.279+0300] {dag.py:2705} INFO - Sync 3 DAGs
[2024-01-18T22:00:25.361+0300] {logging_mixin.py:137} INFO - [2024-01-18T22:00:25.361+0300] {dag.py:3452} INFO - Setting next_dagrun for example_subdag_operator to 2022-01-01T00:00:00+00:00, run_after=2022-01-01T00:00:00+00:00
[2024-01-18T22:00:25.369+0300] {logging_mixin.py:137} INFO - [2024-01-18T22:00:25.369+0300] {dag.py:3452} INFO - Setting next_dagrun for example_subdag_operator.section-1 to None, run_after=None
[2024-01-18T22:00:25.371+0300] {logging_mixin.py:137} INFO - [2024-01-18T22:00:25.371+0300] {dag.py:3452} INFO - Setting next_dagrun for example_subdag_operator.section-2 to None, run_after=None
[2024-01-18T22:00:25.391+0300] {logging_mixin.py:137} INFO - [2024-01-18T22:00:25.390+0300] {dag.py:2705} INFO - Sync 2 DAGs
[2024-01-18T22:00:25.404+0300] {logging_mixin.py:137} INFO - [2024-01-18T22:00:25.404+0300] {dag.py:3452} INFO - Setting next_dagrun for example_subdag_operator.section-1 to None, run_after=None
[2024-01-18T22:00:25.406+0300] {logging_mixin.py:137} INFO - [2024-01-18T22:00:25.406+0300] {dag.py:3452} INFO - Setting next_dagrun for example_subdag_operator.section-2 to None, run_after=None
[2024-01-18T22:00:25.447+0300] {processor.py:175} INFO - Processing /home/angry/mlops_4/venv4/lib/python3.10/site-packages/airflow/example_dags/example_subdag_operator.py took 0.441 seconds
