[2024-01-18T21:36:52.429+0300] {processor.py:153} INFO - Started process (PID=3302) to work on /home/angry/mlops_4/venv4/lib/python3.10/site-packages/airflow/example_dags/example_skip_dag.py
[2024-01-18T21:36:52.431+0300] {processor.py:743} INFO - Processing file /home/angry/mlops_4/venv4/lib/python3.10/site-packages/airflow/example_dags/example_skip_dag.py for tasks to queue
[2024-01-18T21:36:52.432+0300] {logging_mixin.py:137} INFO - [2024-01-18T21:36:52.432+0300] {dagbag.py:532} INFO - Filling up the DagBag from /home/angry/mlops_4/venv4/lib/python3.10/site-packages/airflow/example_dags/example_skip_dag.py
[2024-01-18T21:36:52.466+0300] {processor.py:753} INFO - DAG(s) dict_keys(['example_skip_dag']) retrieved from /home/angry/mlops_4/venv4/lib/python3.10/site-packages/airflow/example_dags/example_skip_dag.py
[2024-01-18T21:36:52.506+0300] {logging_mixin.py:137} INFO - [2024-01-18T21:36:52.506+0300] {dag.py:2705} INFO - Sync 1 DAGs
[2024-01-18T21:36:52.545+0300] {logging_mixin.py:137} INFO - [2024-01-18T21:36:52.545+0300] {dag.py:3452} INFO - Setting next_dagrun for example_skip_dag to 2024-01-17T18:36:52.544512+00:00, run_after=2024-01-18T18:36:52.544512+00:00
[2024-01-18T21:36:52.593+0300] {processor.py:175} INFO - Processing /home/angry/mlops_4/venv4/lib/python3.10/site-packages/airflow/example_dags/example_skip_dag.py took 0.172 seconds
[2024-01-18T21:37:47.867+0300] {processor.py:153} INFO - Started process (PID=3366) to work on /home/angry/mlops_4/venv4/lib/python3.10/site-packages/airflow/example_dags/example_skip_dag.py
[2024-01-18T21:37:47.870+0300] {processor.py:743} INFO - Processing file /home/angry/mlops_4/venv4/lib/python3.10/site-packages/airflow/example_dags/example_skip_dag.py for tasks to queue
[2024-01-18T21:37:47.871+0300] {logging_mixin.py:137} INFO - [2024-01-18T21:37:47.871+0300] {dagbag.py:532} INFO - Filling up the DagBag from /home/angry/mlops_4/venv4/lib/python3.10/site-packages/airflow/example_dags/example_skip_dag.py
[2024-01-18T21:37:47.903+0300] {processor.py:753} INFO - DAG(s) dict_keys(['example_skip_dag']) retrieved from /home/angry/mlops_4/venv4/lib/python3.10/site-packages/airflow/example_dags/example_skip_dag.py
[2024-01-18T21:37:47.955+0300] {logging_mixin.py:137} INFO - [2024-01-18T21:37:47.954+0300] {dag.py:2705} INFO - Sync 1 DAGs
[2024-01-18T21:37:47.998+0300] {logging_mixin.py:137} INFO - [2024-01-18T21:37:47.998+0300] {dag.py:3452} INFO - Setting next_dagrun for example_skip_dag to 2024-01-17T18:37:47.997778+00:00, run_after=2024-01-18T18:37:47.997778+00:00
[2024-01-18T21:37:48.218+0300] {processor.py:175} INFO - Processing /home/angry/mlops_4/venv4/lib/python3.10/site-packages/airflow/example_dags/example_skip_dag.py took 0.359 seconds
[2024-01-18T21:38:59.227+0300] {processor.py:153} INFO - Started process (PID=4124) to work on /home/angry/mlops_4/venv4/lib/python3.10/site-packages/airflow/example_dags/example_skip_dag.py
[2024-01-18T21:38:59.230+0300] {processor.py:743} INFO - Processing file /home/angry/mlops_4/venv4/lib/python3.10/site-packages/airflow/example_dags/example_skip_dag.py for tasks to queue
[2024-01-18T21:38:59.231+0300] {logging_mixin.py:137} INFO - [2024-01-18T21:38:59.231+0300] {dagbag.py:532} INFO - Filling up the DagBag from /home/angry/mlops_4/venv4/lib/python3.10/site-packages/airflow/example_dags/example_skip_dag.py
[2024-01-18T21:38:59.262+0300] {processor.py:753} INFO - DAG(s) dict_keys(['example_skip_dag']) retrieved from /home/angry/mlops_4/venv4/lib/python3.10/site-packages/airflow/example_dags/example_skip_dag.py
[2024-01-18T21:38:59.356+0300] {logging_mixin.py:137} INFO - [2024-01-18T21:38:59.356+0300] {dag.py:2705} INFO - Sync 1 DAGs
[2024-01-18T21:38:59.649+0300] {logging_mixin.py:137} INFO - [2024-01-18T21:38:59.648+0300] {dag.py:3452} INFO - Setting next_dagrun for example_skip_dag to 2024-01-17T18:38:59.648402+00:00, run_after=2024-01-18T18:38:59.648402+00:00
[2024-01-18T21:38:59.702+0300] {processor.py:175} INFO - Processing /home/angry/mlops_4/venv4/lib/python3.10/site-packages/airflow/example_dags/example_skip_dag.py took 0.482 seconds
[2024-01-18T21:40:03.199+0300] {processor.py:153} INFO - Started process (PID=4191) to work on /home/angry/mlops_4/venv4/lib/python3.10/site-packages/airflow/example_dags/example_skip_dag.py
[2024-01-18T21:40:03.205+0300] {processor.py:743} INFO - Processing file /home/angry/mlops_4/venv4/lib/python3.10/site-packages/airflow/example_dags/example_skip_dag.py for tasks to queue
[2024-01-18T21:40:03.207+0300] {logging_mixin.py:137} INFO - [2024-01-18T21:40:03.206+0300] {dagbag.py:532} INFO - Filling up the DagBag from /home/angry/mlops_4/venv4/lib/python3.10/site-packages/airflow/example_dags/example_skip_dag.py
[2024-01-18T21:40:03.245+0300] {processor.py:753} INFO - DAG(s) dict_keys(['example_skip_dag']) retrieved from /home/angry/mlops_4/venv4/lib/python3.10/site-packages/airflow/example_dags/example_skip_dag.py
[2024-01-18T21:40:03.298+0300] {logging_mixin.py:137} INFO - [2024-01-18T21:40:03.298+0300] {dag.py:2705} INFO - Sync 1 DAGs
[2024-01-18T21:40:03.536+0300] {logging_mixin.py:137} INFO - [2024-01-18T21:40:03.535+0300] {dag.py:3452} INFO - Setting next_dagrun for example_skip_dag to 2024-01-17T18:40:03.535553+00:00, run_after=2024-01-18T18:40:03.535553+00:00
[2024-01-18T21:40:03.574+0300] {processor.py:175} INFO - Processing /home/angry/mlops_4/venv4/lib/python3.10/site-packages/airflow/example_dags/example_skip_dag.py took 0.383 seconds
[2024-01-18T21:41:06.891+0300] {processor.py:153} INFO - Started process (PID=4279) to work on /home/angry/mlops_4/venv4/lib/python3.10/site-packages/airflow/example_dags/example_skip_dag.py
[2024-01-18T21:41:06.894+0300] {processor.py:743} INFO - Processing file /home/angry/mlops_4/venv4/lib/python3.10/site-packages/airflow/example_dags/example_skip_dag.py for tasks to queue
[2024-01-18T21:41:06.897+0300] {logging_mixin.py:137} INFO - [2024-01-18T21:41:06.896+0300] {dagbag.py:532} INFO - Filling up the DagBag from /home/angry/mlops_4/venv4/lib/python3.10/site-packages/airflow/example_dags/example_skip_dag.py
[2024-01-18T21:41:06.936+0300] {processor.py:753} INFO - DAG(s) dict_keys(['example_skip_dag']) retrieved from /home/angry/mlops_4/venv4/lib/python3.10/site-packages/airflow/example_dags/example_skip_dag.py
[2024-01-18T21:41:07.174+0300] {logging_mixin.py:137} INFO - [2024-01-18T21:41:07.174+0300] {dag.py:2705} INFO - Sync 1 DAGs
[2024-01-18T21:41:07.209+0300] {logging_mixin.py:137} INFO - [2024-01-18T21:41:07.209+0300] {dag.py:3452} INFO - Setting next_dagrun for example_skip_dag to 2024-01-17T18:41:07.208384+00:00, run_after=2024-01-18T18:41:07.208384+00:00
[2024-01-18T21:41:07.249+0300] {processor.py:175} INFO - Processing /home/angry/mlops_4/venv4/lib/python3.10/site-packages/airflow/example_dags/example_skip_dag.py took 0.383 seconds
[2024-01-18T21:42:08.191+0300] {processor.py:153} INFO - Started process (PID=4360) to work on /home/angry/mlops_4/venv4/lib/python3.10/site-packages/airflow/example_dags/example_skip_dag.py
[2024-01-18T21:42:08.193+0300] {processor.py:743} INFO - Processing file /home/angry/mlops_4/venv4/lib/python3.10/site-packages/airflow/example_dags/example_skip_dag.py for tasks to queue
[2024-01-18T21:42:08.194+0300] {logging_mixin.py:137} INFO - [2024-01-18T21:42:08.194+0300] {dagbag.py:532} INFO - Filling up the DagBag from /home/angry/mlops_4/venv4/lib/python3.10/site-packages/airflow/example_dags/example_skip_dag.py
[2024-01-18T21:42:08.433+0300] {processor.py:753} INFO - DAG(s) dict_keys(['example_skip_dag']) retrieved from /home/angry/mlops_4/venv4/lib/python3.10/site-packages/airflow/example_dags/example_skip_dag.py
[2024-01-18T21:42:08.464+0300] {logging_mixin.py:137} INFO - [2024-01-18T21:42:08.464+0300] {dag.py:2705} INFO - Sync 1 DAGs
[2024-01-18T21:42:08.501+0300] {logging_mixin.py:137} INFO - [2024-01-18T21:42:08.500+0300] {dag.py:3452} INFO - Setting next_dagrun for example_skip_dag to 2024-01-17T18:42:08.500469+00:00, run_after=2024-01-18T18:42:08.500469+00:00
[2024-01-18T21:42:08.543+0300] {processor.py:175} INFO - Processing /home/angry/mlops_4/venv4/lib/python3.10/site-packages/airflow/example_dags/example_skip_dag.py took 0.359 seconds
[2024-01-18T21:43:05.239+0300] {processor.py:153} INFO - Started process (PID=4414) to work on /home/angry/mlops_4/venv4/lib/python3.10/site-packages/airflow/example_dags/example_skip_dag.py
[2024-01-18T21:43:05.242+0300] {processor.py:743} INFO - Processing file /home/angry/mlops_4/venv4/lib/python3.10/site-packages/airflow/example_dags/example_skip_dag.py for tasks to queue
[2024-01-18T21:43:05.243+0300] {logging_mixin.py:137} INFO - [2024-01-18T21:43:05.243+0300] {dagbag.py:532} INFO - Filling up the DagBag from /home/angry/mlops_4/venv4/lib/python3.10/site-packages/airflow/example_dags/example_skip_dag.py
[2024-01-18T21:43:05.279+0300] {processor.py:753} INFO - DAG(s) dict_keys(['example_skip_dag']) retrieved from /home/angry/mlops_4/venv4/lib/python3.10/site-packages/airflow/example_dags/example_skip_dag.py
[2024-01-18T21:43:05.332+0300] {logging_mixin.py:137} INFO - [2024-01-18T21:43:05.332+0300] {dag.py:2705} INFO - Sync 1 DAGs
[2024-01-18T21:43:05.373+0300] {logging_mixin.py:137} INFO - [2024-01-18T21:43:05.373+0300] {dag.py:3452} INFO - Setting next_dagrun for example_skip_dag to 2024-01-17T18:43:05.373086+00:00, run_after=2024-01-18T18:43:05.373086+00:00
[2024-01-18T21:43:05.431+0300] {processor.py:175} INFO - Processing /home/angry/mlops_4/venv4/lib/python3.10/site-packages/airflow/example_dags/example_skip_dag.py took 0.200 seconds
[2024-01-18T21:43:53.479+0300] {processor.py:153} INFO - Started process (PID=4467) to work on /home/angry/mlops_4/venv4/lib/python3.10/site-packages/airflow/example_dags/example_skip_dag.py
[2024-01-18T21:43:53.482+0300] {processor.py:743} INFO - Processing file /home/angry/mlops_4/venv4/lib/python3.10/site-packages/airflow/example_dags/example_skip_dag.py for tasks to queue
[2024-01-18T21:43:53.483+0300] {logging_mixin.py:137} INFO - [2024-01-18T21:43:53.483+0300] {dagbag.py:532} INFO - Filling up the DagBag from /home/angry/mlops_4/venv4/lib/python3.10/site-packages/airflow/example_dags/example_skip_dag.py
[2024-01-18T21:43:53.516+0300] {processor.py:753} INFO - DAG(s) dict_keys(['example_skip_dag']) retrieved from /home/angry/mlops_4/venv4/lib/python3.10/site-packages/airflow/example_dags/example_skip_dag.py
[2024-01-18T21:43:53.556+0300] {logging_mixin.py:137} INFO - [2024-01-18T21:43:53.556+0300] {dag.py:2705} INFO - Sync 1 DAGs
[2024-01-18T21:43:53.596+0300] {logging_mixin.py:137} INFO - [2024-01-18T21:43:53.596+0300] {dag.py:3452} INFO - Setting next_dagrun for example_skip_dag to 2024-01-17T18:43:53.595541+00:00, run_after=2024-01-18T18:43:53.595541+00:00
[2024-01-18T21:43:53.644+0300] {processor.py:175} INFO - Processing /home/angry/mlops_4/venv4/lib/python3.10/site-packages/airflow/example_dags/example_skip_dag.py took 0.171 seconds
[2024-01-18T21:44:43.679+0300] {processor.py:153} INFO - Started process (PID=4522) to work on /home/angry/mlops_4/venv4/lib/python3.10/site-packages/airflow/example_dags/example_skip_dag.py
[2024-01-18T21:44:43.681+0300] {processor.py:743} INFO - Processing file /home/angry/mlops_4/venv4/lib/python3.10/site-packages/airflow/example_dags/example_skip_dag.py for tasks to queue
[2024-01-18T21:44:43.683+0300] {logging_mixin.py:137} INFO - [2024-01-18T21:44:43.682+0300] {dagbag.py:532} INFO - Filling up the DagBag from /home/angry/mlops_4/venv4/lib/python3.10/site-packages/airflow/example_dags/example_skip_dag.py
[2024-01-18T21:44:43.717+0300] {processor.py:753} INFO - DAG(s) dict_keys(['example_skip_dag']) retrieved from /home/angry/mlops_4/venv4/lib/python3.10/site-packages/airflow/example_dags/example_skip_dag.py
[2024-01-18T21:44:43.760+0300] {logging_mixin.py:137} INFO - [2024-01-18T21:44:43.760+0300] {dag.py:2705} INFO - Sync 1 DAGs
[2024-01-18T21:44:43.801+0300] {logging_mixin.py:137} INFO - [2024-01-18T21:44:43.801+0300] {dag.py:3452} INFO - Setting next_dagrun for example_skip_dag to 2024-01-17T18:44:43.800691+00:00, run_after=2024-01-18T18:44:43.800691+00:00
[2024-01-18T21:44:43.844+0300] {processor.py:175} INFO - Processing /home/angry/mlops_4/venv4/lib/python3.10/site-packages/airflow/example_dags/example_skip_dag.py took 0.172 seconds
[2024-01-18T21:45:36.116+0300] {processor.py:153} INFO - Started process (PID=4608) to work on /home/angry/mlops_4/venv4/lib/python3.10/site-packages/airflow/example_dags/example_skip_dag.py
[2024-01-18T21:45:36.120+0300] {processor.py:743} INFO - Processing file /home/angry/mlops_4/venv4/lib/python3.10/site-packages/airflow/example_dags/example_skip_dag.py for tasks to queue
[2024-01-18T21:45:36.122+0300] {logging_mixin.py:137} INFO - [2024-01-18T21:45:36.121+0300] {dagbag.py:532} INFO - Filling up the DagBag from /home/angry/mlops_4/venv4/lib/python3.10/site-packages/airflow/example_dags/example_skip_dag.py
[2024-01-18T21:45:36.155+0300] {processor.py:753} INFO - DAG(s) dict_keys(['example_skip_dag']) retrieved from /home/angry/mlops_4/venv4/lib/python3.10/site-packages/airflow/example_dags/example_skip_dag.py
[2024-01-18T21:45:36.197+0300] {logging_mixin.py:137} INFO - [2024-01-18T21:45:36.197+0300] {dag.py:2705} INFO - Sync 1 DAGs
[2024-01-18T21:45:36.239+0300] {logging_mixin.py:137} INFO - [2024-01-18T21:45:36.239+0300] {dag.py:3452} INFO - Setting next_dagrun for example_skip_dag to 2024-01-17T18:45:36.239187+00:00, run_after=2024-01-18T18:45:36.239187+00:00
[2024-01-18T21:45:36.285+0300] {processor.py:175} INFO - Processing /home/angry/mlops_4/venv4/lib/python3.10/site-packages/airflow/example_dags/example_skip_dag.py took 0.182 seconds
[2024-01-18T21:46:27.370+0300] {processor.py:153} INFO - Started process (PID=4680) to work on /home/angry/mlops_4/venv4/lib/python3.10/site-packages/airflow/example_dags/example_skip_dag.py
[2024-01-18T21:46:27.372+0300] {processor.py:743} INFO - Processing file /home/angry/mlops_4/venv4/lib/python3.10/site-packages/airflow/example_dags/example_skip_dag.py for tasks to queue
[2024-01-18T21:46:27.373+0300] {logging_mixin.py:137} INFO - [2024-01-18T21:46:27.373+0300] {dagbag.py:532} INFO - Filling up the DagBag from /home/angry/mlops_4/venv4/lib/python3.10/site-packages/airflow/example_dags/example_skip_dag.py
[2024-01-18T21:46:27.408+0300] {processor.py:753} INFO - DAG(s) dict_keys(['example_skip_dag']) retrieved from /home/angry/mlops_4/venv4/lib/python3.10/site-packages/airflow/example_dags/example_skip_dag.py
[2024-01-18T21:46:27.448+0300] {logging_mixin.py:137} INFO - [2024-01-18T21:46:27.447+0300] {dag.py:2705} INFO - Sync 1 DAGs
[2024-01-18T21:46:27.486+0300] {logging_mixin.py:137} INFO - [2024-01-18T21:46:27.486+0300] {dag.py:3452} INFO - Setting next_dagrun for example_skip_dag to 2024-01-17T18:46:27.485937+00:00, run_after=2024-01-18T18:46:27.485937+00:00
[2024-01-18T21:46:27.525+0300] {processor.py:175} INFO - Processing /home/angry/mlops_4/venv4/lib/python3.10/site-packages/airflow/example_dags/example_skip_dag.py took 0.163 seconds
[2024-01-18T21:47:14.336+0300] {processor.py:153} INFO - Started process (PID=4727) to work on /home/angry/mlops_4/venv4/lib/python3.10/site-packages/airflow/example_dags/example_skip_dag.py
[2024-01-18T21:47:14.339+0300] {processor.py:743} INFO - Processing file /home/angry/mlops_4/venv4/lib/python3.10/site-packages/airflow/example_dags/example_skip_dag.py for tasks to queue
[2024-01-18T21:47:14.340+0300] {logging_mixin.py:137} INFO - [2024-01-18T21:47:14.340+0300] {dagbag.py:532} INFO - Filling up the DagBag from /home/angry/mlops_4/venv4/lib/python3.10/site-packages/airflow/example_dags/example_skip_dag.py
[2024-01-18T21:47:14.374+0300] {processor.py:753} INFO - DAG(s) dict_keys(['example_skip_dag']) retrieved from /home/angry/mlops_4/venv4/lib/python3.10/site-packages/airflow/example_dags/example_skip_dag.py
[2024-01-18T21:47:14.417+0300] {logging_mixin.py:137} INFO - [2024-01-18T21:47:14.417+0300] {dag.py:2705} INFO - Sync 1 DAGs
[2024-01-18T21:47:14.457+0300] {logging_mixin.py:137} INFO - [2024-01-18T21:47:14.457+0300] {dag.py:3452} INFO - Setting next_dagrun for example_skip_dag to 2024-01-17T18:47:14.456392+00:00, run_after=2024-01-18T18:47:14.456392+00:00
[2024-01-18T21:47:14.495+0300] {processor.py:175} INFO - Processing /home/angry/mlops_4/venv4/lib/python3.10/site-packages/airflow/example_dags/example_skip_dag.py took 0.167 seconds
[2024-01-18T21:48:05.834+0300] {processor.py:153} INFO - Started process (PID=4810) to work on /home/angry/mlops_4/venv4/lib/python3.10/site-packages/airflow/example_dags/example_skip_dag.py
[2024-01-18T21:48:05.836+0300] {processor.py:743} INFO - Processing file /home/angry/mlops_4/venv4/lib/python3.10/site-packages/airflow/example_dags/example_skip_dag.py for tasks to queue
[2024-01-18T21:48:05.838+0300] {logging_mixin.py:137} INFO - [2024-01-18T21:48:05.838+0300] {dagbag.py:532} INFO - Filling up the DagBag from /home/angry/mlops_4/venv4/lib/python3.10/site-packages/airflow/example_dags/example_skip_dag.py
[2024-01-18T21:48:05.880+0300] {processor.py:753} INFO - DAG(s) dict_keys(['example_skip_dag']) retrieved from /home/angry/mlops_4/venv4/lib/python3.10/site-packages/airflow/example_dags/example_skip_dag.py
[2024-01-18T21:48:05.928+0300] {logging_mixin.py:137} INFO - [2024-01-18T21:48:05.928+0300] {dag.py:2705} INFO - Sync 1 DAGs
[2024-01-18T21:48:05.968+0300] {logging_mixin.py:137} INFO - [2024-01-18T21:48:05.967+0300] {dag.py:3452} INFO - Setting next_dagrun for example_skip_dag to 2024-01-17T18:48:05.967432+00:00, run_after=2024-01-18T18:48:05.967432+00:00
[2024-01-18T21:48:06.013+0300] {processor.py:175} INFO - Processing /home/angry/mlops_4/venv4/lib/python3.10/site-packages/airflow/example_dags/example_skip_dag.py took 0.187 seconds
[2024-01-18T21:48:56.778+0300] {processor.py:153} INFO - Started process (PID=4861) to work on /home/angry/mlops_4/venv4/lib/python3.10/site-packages/airflow/example_dags/example_skip_dag.py
[2024-01-18T21:48:56.781+0300] {processor.py:743} INFO - Processing file /home/angry/mlops_4/venv4/lib/python3.10/site-packages/airflow/example_dags/example_skip_dag.py for tasks to queue
[2024-01-18T21:48:56.782+0300] {logging_mixin.py:137} INFO - [2024-01-18T21:48:56.782+0300] {dagbag.py:532} INFO - Filling up the DagBag from /home/angry/mlops_4/venv4/lib/python3.10/site-packages/airflow/example_dags/example_skip_dag.py
[2024-01-18T21:48:56.822+0300] {processor.py:753} INFO - DAG(s) dict_keys(['example_skip_dag']) retrieved from /home/angry/mlops_4/venv4/lib/python3.10/site-packages/airflow/example_dags/example_skip_dag.py
[2024-01-18T21:48:56.884+0300] {logging_mixin.py:137} INFO - [2024-01-18T21:48:56.884+0300] {dag.py:2705} INFO - Sync 1 DAGs
[2024-01-18T21:48:56.944+0300] {logging_mixin.py:137} INFO - [2024-01-18T21:48:56.944+0300] {dag.py:3452} INFO - Setting next_dagrun for example_skip_dag to 2024-01-17T18:48:56.944018+00:00, run_after=2024-01-18T18:48:56.944018+00:00
[2024-01-18T21:48:56.999+0300] {processor.py:175} INFO - Processing /home/angry/mlops_4/venv4/lib/python3.10/site-packages/airflow/example_dags/example_skip_dag.py took 0.229 seconds
[2024-01-18T21:49:46.009+0300] {processor.py:153} INFO - Started process (PID=4909) to work on /home/angry/mlops_4/venv4/lib/python3.10/site-packages/airflow/example_dags/example_skip_dag.py
[2024-01-18T21:49:46.012+0300] {processor.py:743} INFO - Processing file /home/angry/mlops_4/venv4/lib/python3.10/site-packages/airflow/example_dags/example_skip_dag.py for tasks to queue
[2024-01-18T21:49:46.014+0300] {logging_mixin.py:137} INFO - [2024-01-18T21:49:46.014+0300] {dagbag.py:532} INFO - Filling up the DagBag from /home/angry/mlops_4/venv4/lib/python3.10/site-packages/airflow/example_dags/example_skip_dag.py
[2024-01-18T21:49:46.051+0300] {processor.py:753} INFO - DAG(s) dict_keys(['example_skip_dag']) retrieved from /home/angry/mlops_4/venv4/lib/python3.10/site-packages/airflow/example_dags/example_skip_dag.py
[2024-01-18T21:49:46.098+0300] {logging_mixin.py:137} INFO - [2024-01-18T21:49:46.097+0300] {dag.py:2705} INFO - Sync 1 DAGs
[2024-01-18T21:49:46.141+0300] {logging_mixin.py:137} INFO - [2024-01-18T21:49:46.141+0300] {dag.py:3452} INFO - Setting next_dagrun for example_skip_dag to 2024-01-17T18:49:46.140596+00:00, run_after=2024-01-18T18:49:46.140596+00:00
[2024-01-18T21:49:46.183+0300] {processor.py:175} INFO - Processing /home/angry/mlops_4/venv4/lib/python3.10/site-packages/airflow/example_dags/example_skip_dag.py took 0.183 seconds
[2024-01-18T21:50:38.405+0300] {processor.py:153} INFO - Started process (PID=4958) to work on /home/angry/mlops_4/venv4/lib/python3.10/site-packages/airflow/example_dags/example_skip_dag.py
[2024-01-18T21:50:38.408+0300] {processor.py:743} INFO - Processing file /home/angry/mlops_4/venv4/lib/python3.10/site-packages/airflow/example_dags/example_skip_dag.py for tasks to queue
[2024-01-18T21:50:38.409+0300] {logging_mixin.py:137} INFO - [2024-01-18T21:50:38.409+0300] {dagbag.py:532} INFO - Filling up the DagBag from /home/angry/mlops_4/venv4/lib/python3.10/site-packages/airflow/example_dags/example_skip_dag.py
[2024-01-18T21:50:38.449+0300] {processor.py:753} INFO - DAG(s) dict_keys(['example_skip_dag']) retrieved from /home/angry/mlops_4/venv4/lib/python3.10/site-packages/airflow/example_dags/example_skip_dag.py
[2024-01-18T21:50:38.491+0300] {logging_mixin.py:137} INFO - [2024-01-18T21:50:38.491+0300] {dag.py:2705} INFO - Sync 1 DAGs
[2024-01-18T21:50:38.543+0300] {logging_mixin.py:137} INFO - [2024-01-18T21:50:38.543+0300] {dag.py:3452} INFO - Setting next_dagrun for example_skip_dag to 2024-01-17T18:50:38.543074+00:00, run_after=2024-01-18T18:50:38.543074+00:00
[2024-01-18T21:50:38.582+0300] {processor.py:175} INFO - Processing /home/angry/mlops_4/venv4/lib/python3.10/site-packages/airflow/example_dags/example_skip_dag.py took 0.185 seconds
[2024-01-18T21:51:27.495+0300] {processor.py:153} INFO - Started process (PID=5006) to work on /home/angry/mlops_4/venv4/lib/python3.10/site-packages/airflow/example_dags/example_skip_dag.py
[2024-01-18T21:51:27.497+0300] {processor.py:743} INFO - Processing file /home/angry/mlops_4/venv4/lib/python3.10/site-packages/airflow/example_dags/example_skip_dag.py for tasks to queue
[2024-01-18T21:51:27.498+0300] {logging_mixin.py:137} INFO - [2024-01-18T21:51:27.498+0300] {dagbag.py:532} INFO - Filling up the DagBag from /home/angry/mlops_4/venv4/lib/python3.10/site-packages/airflow/example_dags/example_skip_dag.py
[2024-01-18T21:51:27.532+0300] {processor.py:753} INFO - DAG(s) dict_keys(['example_skip_dag']) retrieved from /home/angry/mlops_4/venv4/lib/python3.10/site-packages/airflow/example_dags/example_skip_dag.py
[2024-01-18T21:51:27.573+0300] {logging_mixin.py:137} INFO - [2024-01-18T21:51:27.573+0300] {dag.py:2705} INFO - Sync 1 DAGs
[2024-01-18T21:51:27.617+0300] {logging_mixin.py:137} INFO - [2024-01-18T21:51:27.616+0300] {dag.py:3452} INFO - Setting next_dagrun for example_skip_dag to 2024-01-17T18:51:27.616061+00:00, run_after=2024-01-18T18:51:27.616061+00:00
[2024-01-18T21:51:27.658+0300] {processor.py:175} INFO - Processing /home/angry/mlops_4/venv4/lib/python3.10/site-packages/airflow/example_dags/example_skip_dag.py took 0.171 seconds
[2024-01-18T21:52:23.851+0300] {processor.py:153} INFO - Started process (PID=5060) to work on /home/angry/mlops_4/venv4/lib/python3.10/site-packages/airflow/example_dags/example_skip_dag.py
[2024-01-18T21:52:23.854+0300] {processor.py:743} INFO - Processing file /home/angry/mlops_4/venv4/lib/python3.10/site-packages/airflow/example_dags/example_skip_dag.py for tasks to queue
[2024-01-18T21:52:23.856+0300] {logging_mixin.py:137} INFO - [2024-01-18T21:52:23.855+0300] {dagbag.py:532} INFO - Filling up the DagBag from /home/angry/mlops_4/venv4/lib/python3.10/site-packages/airflow/example_dags/example_skip_dag.py
[2024-01-18T21:52:23.890+0300] {processor.py:753} INFO - DAG(s) dict_keys(['example_skip_dag']) retrieved from /home/angry/mlops_4/venv4/lib/python3.10/site-packages/airflow/example_dags/example_skip_dag.py
[2024-01-18T21:52:23.942+0300] {logging_mixin.py:137} INFO - [2024-01-18T21:52:23.942+0300] {dag.py:2705} INFO - Sync 1 DAGs
[2024-01-18T21:52:23.996+0300] {logging_mixin.py:137} INFO - [2024-01-18T21:52:23.996+0300] {dag.py:3452} INFO - Setting next_dagrun for example_skip_dag to 2024-01-17T18:52:23.995896+00:00, run_after=2024-01-18T18:52:23.995896+00:00
[2024-01-18T21:52:24.037+0300] {processor.py:175} INFO - Processing /home/angry/mlops_4/venv4/lib/python3.10/site-packages/airflow/example_dags/example_skip_dag.py took 0.192 seconds
[2024-01-18T21:53:22.622+0300] {processor.py:153} INFO - Started process (PID=5115) to work on /home/angry/mlops_4/venv4/lib/python3.10/site-packages/airflow/example_dags/example_skip_dag.py
[2024-01-18T21:53:22.625+0300] {processor.py:743} INFO - Processing file /home/angry/mlops_4/venv4/lib/python3.10/site-packages/airflow/example_dags/example_skip_dag.py for tasks to queue
[2024-01-18T21:53:22.626+0300] {logging_mixin.py:137} INFO - [2024-01-18T21:53:22.626+0300] {dagbag.py:532} INFO - Filling up the DagBag from /home/angry/mlops_4/venv4/lib/python3.10/site-packages/airflow/example_dags/example_skip_dag.py
[2024-01-18T21:53:22.665+0300] {processor.py:753} INFO - DAG(s) dict_keys(['example_skip_dag']) retrieved from /home/angry/mlops_4/venv4/lib/python3.10/site-packages/airflow/example_dags/example_skip_dag.py
[2024-01-18T21:53:22.712+0300] {logging_mixin.py:137} INFO - [2024-01-18T21:53:22.712+0300] {dag.py:2705} INFO - Sync 1 DAGs
[2024-01-18T21:53:22.756+0300] {logging_mixin.py:137} INFO - [2024-01-18T21:53:22.756+0300] {dag.py:3452} INFO - Setting next_dagrun for example_skip_dag to 2024-01-17T18:53:22.755615+00:00, run_after=2024-01-18T18:53:22.755615+00:00
[2024-01-18T21:53:22.807+0300] {processor.py:175} INFO - Processing /home/angry/mlops_4/venv4/lib/python3.10/site-packages/airflow/example_dags/example_skip_dag.py took 0.192 seconds
[2024-01-18T21:54:21.329+0300] {processor.py:153} INFO - Started process (PID=5166) to work on /home/angry/mlops_4/venv4/lib/python3.10/site-packages/airflow/example_dags/example_skip_dag.py
[2024-01-18T21:54:21.332+0300] {processor.py:743} INFO - Processing file /home/angry/mlops_4/venv4/lib/python3.10/site-packages/airflow/example_dags/example_skip_dag.py for tasks to queue
[2024-01-18T21:54:21.333+0300] {logging_mixin.py:137} INFO - [2024-01-18T21:54:21.333+0300] {dagbag.py:532} INFO - Filling up the DagBag from /home/angry/mlops_4/venv4/lib/python3.10/site-packages/airflow/example_dags/example_skip_dag.py
[2024-01-18T21:54:21.369+0300] {processor.py:753} INFO - DAG(s) dict_keys(['example_skip_dag']) retrieved from /home/angry/mlops_4/venv4/lib/python3.10/site-packages/airflow/example_dags/example_skip_dag.py
[2024-01-18T21:54:21.419+0300] {logging_mixin.py:137} INFO - [2024-01-18T21:54:21.418+0300] {dag.py:2705} INFO - Sync 1 DAGs
[2024-01-18T21:54:21.463+0300] {logging_mixin.py:137} INFO - [2024-01-18T21:54:21.462+0300] {dag.py:3452} INFO - Setting next_dagrun for example_skip_dag to 2024-01-17T18:54:21.462139+00:00, run_after=2024-01-18T18:54:21.462139+00:00
[2024-01-18T21:54:21.529+0300] {processor.py:175} INFO - Processing /home/angry/mlops_4/venv4/lib/python3.10/site-packages/airflow/example_dags/example_skip_dag.py took 0.207 seconds
[2024-01-18T22:00:32.140+0300] {processor.py:153} INFO - Started process (PID=5502) to work on /home/angry/mlops_4/venv4/lib/python3.10/site-packages/airflow/example_dags/example_skip_dag.py
[2024-01-18T22:00:32.148+0300] {processor.py:743} INFO - Processing file /home/angry/mlops_4/venv4/lib/python3.10/site-packages/airflow/example_dags/example_skip_dag.py for tasks to queue
[2024-01-18T22:00:32.151+0300] {logging_mixin.py:137} INFO - [2024-01-18T22:00:32.151+0300] {dagbag.py:532} INFO - Filling up the DagBag from /home/angry/mlops_4/venv4/lib/python3.10/site-packages/airflow/example_dags/example_skip_dag.py
[2024-01-18T22:00:32.174+0300] {processor.py:753} INFO - DAG(s) dict_keys(['example_skip_dag']) retrieved from /home/angry/mlops_4/venv4/lib/python3.10/site-packages/airflow/example_dags/example_skip_dag.py
[2024-01-18T22:00:32.281+0300] {logging_mixin.py:137} INFO - [2024-01-18T22:00:32.280+0300] {dag.py:2705} INFO - Sync 1 DAGs
[2024-01-18T22:00:32.345+0300] {logging_mixin.py:137} INFO - [2024-01-18T22:00:32.344+0300] {dag.py:3452} INFO - Setting next_dagrun for example_skip_dag to 2024-01-17T19:00:32.343724+00:00, run_after=2024-01-18T19:00:32.343724+00:00
[2024-01-18T22:00:32.430+0300] {processor.py:175} INFO - Processing /home/angry/mlops_4/venv4/lib/python3.10/site-packages/airflow/example_dags/example_skip_dag.py took 0.307 seconds
