[2024-01-18T21:36:58.330+0300] {processor.py:153} INFO - Started process (PID=3307) to work on /home/angry/mlops_4/venv4/lib/python3.10/site-packages/airflow/example_dags/example_sensor_decorator.py
[2024-01-18T21:36:58.332+0300] {processor.py:743} INFO - Processing file /home/angry/mlops_4/venv4/lib/python3.10/site-packages/airflow/example_dags/example_sensor_decorator.py for tasks to queue
[2024-01-18T21:36:58.333+0300] {logging_mixin.py:137} INFO - [2024-01-18T21:36:58.333+0300] {dagbag.py:532} INFO - Filling up the DagBag from /home/angry/mlops_4/venv4/lib/python3.10/site-packages/airflow/example_dags/example_sensor_decorator.py
[2024-01-18T21:36:58.396+0300] {processor.py:753} INFO - DAG(s) dict_keys(['example_sensor_decorator']) retrieved from /home/angry/mlops_4/venv4/lib/python3.10/site-packages/airflow/example_dags/example_sensor_decorator.py
[2024-01-18T21:36:58.432+0300] {logging_mixin.py:137} INFO - [2024-01-18T21:36:58.432+0300] {dag.py:2705} INFO - Sync 1 DAGs
[2024-01-18T21:36:58.472+0300] {logging_mixin.py:137} INFO - [2024-01-18T21:36:58.472+0300] {dag.py:3452} INFO - Setting next_dagrun for example_sensor_decorator to None, run_after=None
[2024-01-18T21:36:58.698+0300] {processor.py:175} INFO - Processing /home/angry/mlops_4/venv4/lib/python3.10/site-packages/airflow/example_dags/example_sensor_decorator.py took 0.374 seconds
[2024-01-18T21:37:54.227+0300] {processor.py:153} INFO - Started process (PID=3380) to work on /home/angry/mlops_4/venv4/lib/python3.10/site-packages/airflow/example_dags/example_sensor_decorator.py
[2024-01-18T21:37:54.231+0300] {processor.py:743} INFO - Processing file /home/angry/mlops_4/venv4/lib/python3.10/site-packages/airflow/example_dags/example_sensor_decorator.py for tasks to queue
[2024-01-18T21:37:54.234+0300] {logging_mixin.py:137} INFO - [2024-01-18T21:37:54.233+0300] {dagbag.py:532} INFO - Filling up the DagBag from /home/angry/mlops_4/venv4/lib/python3.10/site-packages/airflow/example_dags/example_sensor_decorator.py
[2024-01-18T21:37:54.382+0300] {processor.py:753} INFO - DAG(s) dict_keys(['example_sensor_decorator']) retrieved from /home/angry/mlops_4/venv4/lib/python3.10/site-packages/airflow/example_dags/example_sensor_decorator.py
[2024-01-18T21:37:54.483+0300] {logging_mixin.py:137} INFO - [2024-01-18T21:37:54.482+0300] {dag.py:2705} INFO - Sync 1 DAGs
[2024-01-18T21:37:54.958+0300] {logging_mixin.py:137} INFO - [2024-01-18T21:37:54.958+0300] {dag.py:3452} INFO - Setting next_dagrun for example_sensor_decorator to None, run_after=None
[2024-01-18T21:37:55.022+0300] {processor.py:175} INFO - Processing /home/angry/mlops_4/venv4/lib/python3.10/site-packages/airflow/example_dags/example_sensor_decorator.py took 0.806 seconds
[2024-01-18T21:39:09.046+0300] {processor.py:153} INFO - Started process (PID=4134) to work on /home/angry/mlops_4/venv4/lib/python3.10/site-packages/airflow/example_dags/example_sensor_decorator.py
[2024-01-18T21:39:09.049+0300] {processor.py:743} INFO - Processing file /home/angry/mlops_4/venv4/lib/python3.10/site-packages/airflow/example_dags/example_sensor_decorator.py for tasks to queue
[2024-01-18T21:39:09.051+0300] {logging_mixin.py:137} INFO - [2024-01-18T21:39:09.051+0300] {dagbag.py:532} INFO - Filling up the DagBag from /home/angry/mlops_4/venv4/lib/python3.10/site-packages/airflow/example_dags/example_sensor_decorator.py
[2024-01-18T21:39:09.137+0300] {processor.py:753} INFO - DAG(s) dict_keys(['example_sensor_decorator']) retrieved from /home/angry/mlops_4/venv4/lib/python3.10/site-packages/airflow/example_dags/example_sensor_decorator.py
[2024-01-18T21:39:09.209+0300] {logging_mixin.py:137} INFO - [2024-01-18T21:39:09.209+0300] {dag.py:2705} INFO - Sync 1 DAGs
[2024-01-18T21:39:09.606+0300] {logging_mixin.py:137} INFO - [2024-01-18T21:39:09.605+0300] {dag.py:3452} INFO - Setting next_dagrun for example_sensor_decorator to None, run_after=None
[2024-01-18T21:39:09.686+0300] {processor.py:175} INFO - Processing /home/angry/mlops_4/venv4/lib/python3.10/site-packages/airflow/example_dags/example_sensor_decorator.py took 0.651 seconds
[2024-01-18T21:40:09.995+0300] {processor.py:153} INFO - Started process (PID=4197) to work on /home/angry/mlops_4/venv4/lib/python3.10/site-packages/airflow/example_dags/example_sensor_decorator.py
[2024-01-18T21:40:09.998+0300] {processor.py:743} INFO - Processing file /home/angry/mlops_4/venv4/lib/python3.10/site-packages/airflow/example_dags/example_sensor_decorator.py for tasks to queue
[2024-01-18T21:40:09.999+0300] {logging_mixin.py:137} INFO - [2024-01-18T21:40:09.999+0300] {dagbag.py:532} INFO - Filling up the DagBag from /home/angry/mlops_4/venv4/lib/python3.10/site-packages/airflow/example_dags/example_sensor_decorator.py
[2024-01-18T21:40:10.051+0300] {processor.py:753} INFO - DAG(s) dict_keys(['example_sensor_decorator']) retrieved from /home/angry/mlops_4/venv4/lib/python3.10/site-packages/airflow/example_dags/example_sensor_decorator.py
[2024-01-18T21:40:10.396+0300] {logging_mixin.py:137} INFO - [2024-01-18T21:40:10.396+0300] {dag.py:2705} INFO - Sync 1 DAGs
[2024-01-18T21:40:10.442+0300] {logging_mixin.py:137} INFO - [2024-01-18T21:40:10.441+0300] {dag.py:3452} INFO - Setting next_dagrun for example_sensor_decorator to None, run_after=None
[2024-01-18T21:40:10.485+0300] {processor.py:175} INFO - Processing /home/angry/mlops_4/venv4/lib/python3.10/site-packages/airflow/example_dags/example_sensor_decorator.py took 0.497 seconds
[2024-01-18T21:41:14.530+0300] {processor.py:153} INFO - Started process (PID=4287) to work on /home/angry/mlops_4/venv4/lib/python3.10/site-packages/airflow/example_dags/example_sensor_decorator.py
[2024-01-18T21:41:14.542+0300] {processor.py:743} INFO - Processing file /home/angry/mlops_4/venv4/lib/python3.10/site-packages/airflow/example_dags/example_sensor_decorator.py for tasks to queue
[2024-01-18T21:41:14.543+0300] {logging_mixin.py:137} INFO - [2024-01-18T21:41:14.543+0300] {dagbag.py:532} INFO - Filling up the DagBag from /home/angry/mlops_4/venv4/lib/python3.10/site-packages/airflow/example_dags/example_sensor_decorator.py
[2024-01-18T21:41:15.180+0300] {processor.py:753} INFO - DAG(s) dict_keys(['example_sensor_decorator']) retrieved from /home/angry/mlops_4/venv4/lib/python3.10/site-packages/airflow/example_dags/example_sensor_decorator.py
[2024-01-18T21:41:15.265+0300] {logging_mixin.py:137} INFO - [2024-01-18T21:41:15.264+0300] {dag.py:2705} INFO - Sync 1 DAGs
[2024-01-18T21:41:15.353+0300] {logging_mixin.py:137} INFO - [2024-01-18T21:41:15.352+0300] {dag.py:3452} INFO - Setting next_dagrun for example_sensor_decorator to None, run_after=None
[2024-01-18T21:41:15.406+0300] {processor.py:175} INFO - Processing /home/angry/mlops_4/venv4/lib/python3.10/site-packages/airflow/example_dags/example_sensor_decorator.py took 0.897 seconds
[2024-01-18T21:42:14.802+0300] {processor.py:153} INFO - Started process (PID=4367) to work on /home/angry/mlops_4/venv4/lib/python3.10/site-packages/airflow/example_dags/example_sensor_decorator.py
[2024-01-18T21:42:14.804+0300] {processor.py:743} INFO - Processing file /home/angry/mlops_4/venv4/lib/python3.10/site-packages/airflow/example_dags/example_sensor_decorator.py for tasks to queue
[2024-01-18T21:42:14.806+0300] {logging_mixin.py:137} INFO - [2024-01-18T21:42:14.805+0300] {dagbag.py:532} INFO - Filling up the DagBag from /home/angry/mlops_4/venv4/lib/python3.10/site-packages/airflow/example_dags/example_sensor_decorator.py
[2024-01-18T21:42:15.051+0300] {processor.py:753} INFO - DAG(s) dict_keys(['example_sensor_decorator']) retrieved from /home/angry/mlops_4/venv4/lib/python3.10/site-packages/airflow/example_dags/example_sensor_decorator.py
[2024-01-18T21:42:15.079+0300] {logging_mixin.py:137} INFO - [2024-01-18T21:42:15.079+0300] {dag.py:2705} INFO - Sync 1 DAGs
[2024-01-18T21:42:15.117+0300] {logging_mixin.py:137} INFO - [2024-01-18T21:42:15.117+0300] {dag.py:3452} INFO - Setting next_dagrun for example_sensor_decorator to None, run_after=None
[2024-01-18T21:42:15.161+0300] {processor.py:175} INFO - Processing /home/angry/mlops_4/venv4/lib/python3.10/site-packages/airflow/example_dags/example_sensor_decorator.py took 0.366 seconds
[2024-01-18T21:43:11.911+0300] {processor.py:153} INFO - Started process (PID=4419) to work on /home/angry/mlops_4/venv4/lib/python3.10/site-packages/airflow/example_dags/example_sensor_decorator.py
[2024-01-18T21:43:11.913+0300] {processor.py:743} INFO - Processing file /home/angry/mlops_4/venv4/lib/python3.10/site-packages/airflow/example_dags/example_sensor_decorator.py for tasks to queue
[2024-01-18T21:43:11.915+0300] {logging_mixin.py:137} INFO - [2024-01-18T21:43:11.914+0300] {dagbag.py:532} INFO - Filling up the DagBag from /home/angry/mlops_4/venv4/lib/python3.10/site-packages/airflow/example_dags/example_sensor_decorator.py
[2024-01-18T21:43:11.966+0300] {processor.py:753} INFO - DAG(s) dict_keys(['example_sensor_decorator']) retrieved from /home/angry/mlops_4/venv4/lib/python3.10/site-packages/airflow/example_dags/example_sensor_decorator.py
[2024-01-18T21:43:12.024+0300] {logging_mixin.py:137} INFO - [2024-01-18T21:43:12.023+0300] {dag.py:2705} INFO - Sync 1 DAGs
[2024-01-18T21:43:12.099+0300] {logging_mixin.py:137} INFO - [2024-01-18T21:43:12.099+0300] {dag.py:3452} INFO - Setting next_dagrun for example_sensor_decorator to None, run_after=None
[2024-01-18T21:43:12.164+0300] {processor.py:175} INFO - Processing /home/angry/mlops_4/venv4/lib/python3.10/site-packages/airflow/example_dags/example_sensor_decorator.py took 0.261 seconds
[2024-01-18T21:44:00.124+0300] {processor.py:153} INFO - Started process (PID=4472) to work on /home/angry/mlops_4/venv4/lib/python3.10/site-packages/airflow/example_dags/example_sensor_decorator.py
[2024-01-18T21:44:00.127+0300] {processor.py:743} INFO - Processing file /home/angry/mlops_4/venv4/lib/python3.10/site-packages/airflow/example_dags/example_sensor_decorator.py for tasks to queue
[2024-01-18T21:44:00.128+0300] {logging_mixin.py:137} INFO - [2024-01-18T21:44:00.128+0300] {dagbag.py:532} INFO - Filling up the DagBag from /home/angry/mlops_4/venv4/lib/python3.10/site-packages/airflow/example_dags/example_sensor_decorator.py
[2024-01-18T21:44:00.187+0300] {processor.py:753} INFO - DAG(s) dict_keys(['example_sensor_decorator']) retrieved from /home/angry/mlops_4/venv4/lib/python3.10/site-packages/airflow/example_dags/example_sensor_decorator.py
[2024-01-18T21:44:00.242+0300] {logging_mixin.py:137} INFO - [2024-01-18T21:44:00.241+0300] {dag.py:2705} INFO - Sync 1 DAGs
[2024-01-18T21:44:00.294+0300] {logging_mixin.py:137} INFO - [2024-01-18T21:44:00.293+0300] {dag.py:3452} INFO - Setting next_dagrun for example_sensor_decorator to None, run_after=None
[2024-01-18T21:44:00.350+0300] {processor.py:175} INFO - Processing /home/angry/mlops_4/venv4/lib/python3.10/site-packages/airflow/example_dags/example_sensor_decorator.py took 0.233 seconds
[2024-01-18T21:44:50.507+0300] {processor.py:153} INFO - Started process (PID=4531) to work on /home/angry/mlops_4/venv4/lib/python3.10/site-packages/airflow/example_dags/example_sensor_decorator.py
[2024-01-18T21:44:50.510+0300] {processor.py:743} INFO - Processing file /home/angry/mlops_4/venv4/lib/python3.10/site-packages/airflow/example_dags/example_sensor_decorator.py for tasks to queue
[2024-01-18T21:44:50.511+0300] {logging_mixin.py:137} INFO - [2024-01-18T21:44:50.511+0300] {dagbag.py:532} INFO - Filling up the DagBag from /home/angry/mlops_4/venv4/lib/python3.10/site-packages/airflow/example_dags/example_sensor_decorator.py
[2024-01-18T21:44:50.671+0300] {processor.py:753} INFO - DAG(s) dict_keys(['example_sensor_decorator']) retrieved from /home/angry/mlops_4/venv4/lib/python3.10/site-packages/airflow/example_dags/example_sensor_decorator.py
[2024-01-18T21:44:50.735+0300] {logging_mixin.py:137} INFO - [2024-01-18T21:44:50.734+0300] {dag.py:2705} INFO - Sync 1 DAGs
[2024-01-18T21:44:50.798+0300] {logging_mixin.py:137} INFO - [2024-01-18T21:44:50.798+0300] {dag.py:3452} INFO - Setting next_dagrun for example_sensor_decorator to None, run_after=None
[2024-01-18T21:44:50.858+0300] {processor.py:175} INFO - Processing /home/angry/mlops_4/venv4/lib/python3.10/site-packages/airflow/example_dags/example_sensor_decorator.py took 0.360 seconds
[2024-01-18T21:45:41.556+0300] {processor.py:153} INFO - Started process (PID=4614) to work on /home/angry/mlops_4/venv4/lib/python3.10/site-packages/airflow/example_dags/example_sensor_decorator.py
[2024-01-18T21:45:41.559+0300] {processor.py:743} INFO - Processing file /home/angry/mlops_4/venv4/lib/python3.10/site-packages/airflow/example_dags/example_sensor_decorator.py for tasks to queue
[2024-01-18T21:45:41.562+0300] {logging_mixin.py:137} INFO - [2024-01-18T21:45:41.562+0300] {dagbag.py:532} INFO - Filling up the DagBag from /home/angry/mlops_4/venv4/lib/python3.10/site-packages/airflow/example_dags/example_sensor_decorator.py
[2024-01-18T21:45:41.628+0300] {processor.py:753} INFO - DAG(s) dict_keys(['example_sensor_decorator']) retrieved from /home/angry/mlops_4/venv4/lib/python3.10/site-packages/airflow/example_dags/example_sensor_decorator.py
[2024-01-18T21:45:41.667+0300] {logging_mixin.py:137} INFO - [2024-01-18T21:45:41.666+0300] {dag.py:2705} INFO - Sync 1 DAGs
[2024-01-18T21:45:41.710+0300] {logging_mixin.py:137} INFO - [2024-01-18T21:45:41.709+0300] {dag.py:3452} INFO - Setting next_dagrun for example_sensor_decorator to None, run_after=None
[2024-01-18T21:45:41.748+0300] {processor.py:175} INFO - Processing /home/angry/mlops_4/venv4/lib/python3.10/site-packages/airflow/example_dags/example_sensor_decorator.py took 0.200 seconds
[2024-01-18T21:46:32.884+0300] {processor.py:153} INFO - Started process (PID=4685) to work on /home/angry/mlops_4/venv4/lib/python3.10/site-packages/airflow/example_dags/example_sensor_decorator.py
[2024-01-18T21:46:32.887+0300] {processor.py:743} INFO - Processing file /home/angry/mlops_4/venv4/lib/python3.10/site-packages/airflow/example_dags/example_sensor_decorator.py for tasks to queue
[2024-01-18T21:46:32.889+0300] {logging_mixin.py:137} INFO - [2024-01-18T21:46:32.888+0300] {dagbag.py:532} INFO - Filling up the DagBag from /home/angry/mlops_4/venv4/lib/python3.10/site-packages/airflow/example_dags/example_sensor_decorator.py
[2024-01-18T21:46:32.940+0300] {processor.py:753} INFO - DAG(s) dict_keys(['example_sensor_decorator']) retrieved from /home/angry/mlops_4/venv4/lib/python3.10/site-packages/airflow/example_dags/example_sensor_decorator.py
[2024-01-18T21:46:32.978+0300] {logging_mixin.py:137} INFO - [2024-01-18T21:46:32.978+0300] {dag.py:2705} INFO - Sync 1 DAGs
[2024-01-18T21:46:33.023+0300] {logging_mixin.py:137} INFO - [2024-01-18T21:46:33.023+0300] {dag.py:3452} INFO - Setting next_dagrun for example_sensor_decorator to None, run_after=None
[2024-01-18T21:46:33.061+0300] {processor.py:175} INFO - Processing /home/angry/mlops_4/venv4/lib/python3.10/site-packages/airflow/example_dags/example_sensor_decorator.py took 0.184 seconds
[2024-01-18T21:47:20.260+0300] {processor.py:153} INFO - Started process (PID=4737) to work on /home/angry/mlops_4/venv4/lib/python3.10/site-packages/airflow/example_dags/example_sensor_decorator.py
[2024-01-18T21:47:20.263+0300] {processor.py:743} INFO - Processing file /home/angry/mlops_4/venv4/lib/python3.10/site-packages/airflow/example_dags/example_sensor_decorator.py for tasks to queue
[2024-01-18T21:47:20.265+0300] {logging_mixin.py:137} INFO - [2024-01-18T21:47:20.265+0300] {dagbag.py:532} INFO - Filling up the DagBag from /home/angry/mlops_4/venv4/lib/python3.10/site-packages/airflow/example_dags/example_sensor_decorator.py
[2024-01-18T21:47:20.320+0300] {processor.py:753} INFO - DAG(s) dict_keys(['example_sensor_decorator']) retrieved from /home/angry/mlops_4/venv4/lib/python3.10/site-packages/airflow/example_dags/example_sensor_decorator.py
[2024-01-18T21:47:20.360+0300] {logging_mixin.py:137} INFO - [2024-01-18T21:47:20.359+0300] {dag.py:2705} INFO - Sync 1 DAGs
[2024-01-18T21:47:20.424+0300] {logging_mixin.py:137} INFO - [2024-01-18T21:47:20.424+0300] {dag.py:3452} INFO - Setting next_dagrun for example_sensor_decorator to None, run_after=None
[2024-01-18T21:47:20.475+0300] {processor.py:175} INFO - Processing /home/angry/mlops_4/venv4/lib/python3.10/site-packages/airflow/example_dags/example_sensor_decorator.py took 0.228 seconds
[2024-01-18T21:48:10.980+0300] {processor.py:153} INFO - Started process (PID=4815) to work on /home/angry/mlops_4/venv4/lib/python3.10/site-packages/airflow/example_dags/example_sensor_decorator.py
[2024-01-18T21:48:10.983+0300] {processor.py:743} INFO - Processing file /home/angry/mlops_4/venv4/lib/python3.10/site-packages/airflow/example_dags/example_sensor_decorator.py for tasks to queue
[2024-01-18T21:48:10.984+0300] {logging_mixin.py:137} INFO - [2024-01-18T21:48:10.984+0300] {dagbag.py:532} INFO - Filling up the DagBag from /home/angry/mlops_4/venv4/lib/python3.10/site-packages/airflow/example_dags/example_sensor_decorator.py
[2024-01-18T21:48:11.079+0300] {processor.py:753} INFO - DAG(s) dict_keys(['example_sensor_decorator']) retrieved from /home/angry/mlops_4/venv4/lib/python3.10/site-packages/airflow/example_dags/example_sensor_decorator.py
[2024-01-18T21:48:11.115+0300] {logging_mixin.py:137} INFO - [2024-01-18T21:48:11.115+0300] {dag.py:2705} INFO - Sync 1 DAGs
[2024-01-18T21:48:11.158+0300] {logging_mixin.py:137} INFO - [2024-01-18T21:48:11.158+0300] {dag.py:3452} INFO - Setting next_dagrun for example_sensor_decorator to None, run_after=None
[2024-01-18T21:48:11.197+0300] {processor.py:175} INFO - Processing /home/angry/mlops_4/venv4/lib/python3.10/site-packages/airflow/example_dags/example_sensor_decorator.py took 0.224 seconds
[2024-01-18T21:49:03.377+0300] {processor.py:153} INFO - Started process (PID=4868) to work on /home/angry/mlops_4/venv4/lib/python3.10/site-packages/airflow/example_dags/example_sensor_decorator.py
[2024-01-18T21:49:03.379+0300] {processor.py:743} INFO - Processing file /home/angry/mlops_4/venv4/lib/python3.10/site-packages/airflow/example_dags/example_sensor_decorator.py for tasks to queue
[2024-01-18T21:49:03.380+0300] {logging_mixin.py:137} INFO - [2024-01-18T21:49:03.380+0300] {dagbag.py:532} INFO - Filling up the DagBag from /home/angry/mlops_4/venv4/lib/python3.10/site-packages/airflow/example_dags/example_sensor_decorator.py
[2024-01-18T21:49:03.433+0300] {processor.py:753} INFO - DAG(s) dict_keys(['example_sensor_decorator']) retrieved from /home/angry/mlops_4/venv4/lib/python3.10/site-packages/airflow/example_dags/example_sensor_decorator.py
[2024-01-18T21:49:03.474+0300] {logging_mixin.py:137} INFO - [2024-01-18T21:49:03.474+0300] {dag.py:2705} INFO - Sync 1 DAGs
[2024-01-18T21:49:03.521+0300] {logging_mixin.py:137} INFO - [2024-01-18T21:49:03.521+0300] {dag.py:3452} INFO - Setting next_dagrun for example_sensor_decorator to None, run_after=None
[2024-01-18T21:49:03.563+0300] {processor.py:175} INFO - Processing /home/angry/mlops_4/venv4/lib/python3.10/site-packages/airflow/example_dags/example_sensor_decorator.py took 0.193 seconds
[2024-01-18T21:49:52.604+0300] {processor.py:153} INFO - Started process (PID=4915) to work on /home/angry/mlops_4/venv4/lib/python3.10/site-packages/airflow/example_dags/example_sensor_decorator.py
[2024-01-18T21:49:52.607+0300] {processor.py:743} INFO - Processing file /home/angry/mlops_4/venv4/lib/python3.10/site-packages/airflow/example_dags/example_sensor_decorator.py for tasks to queue
[2024-01-18T21:49:52.608+0300] {logging_mixin.py:137} INFO - [2024-01-18T21:49:52.608+0300] {dagbag.py:532} INFO - Filling up the DagBag from /home/angry/mlops_4/venv4/lib/python3.10/site-packages/airflow/example_dags/example_sensor_decorator.py
[2024-01-18T21:49:52.662+0300] {processor.py:753} INFO - DAG(s) dict_keys(['example_sensor_decorator']) retrieved from /home/angry/mlops_4/venv4/lib/python3.10/site-packages/airflow/example_dags/example_sensor_decorator.py
[2024-01-18T21:49:52.702+0300] {logging_mixin.py:137} INFO - [2024-01-18T21:49:52.701+0300] {dag.py:2705} INFO - Sync 1 DAGs
[2024-01-18T21:49:52.740+0300] {logging_mixin.py:137} INFO - [2024-01-18T21:49:52.739+0300] {dag.py:3452} INFO - Setting next_dagrun for example_sensor_decorator to None, run_after=None
[2024-01-18T21:49:52.778+0300] {processor.py:175} INFO - Processing /home/angry/mlops_4/venv4/lib/python3.10/site-packages/airflow/example_dags/example_sensor_decorator.py took 0.181 seconds
[2024-01-18T21:50:43.813+0300] {processor.py:153} INFO - Started process (PID=4964) to work on /home/angry/mlops_4/venv4/lib/python3.10/site-packages/airflow/example_dags/example_sensor_decorator.py
[2024-01-18T21:50:43.816+0300] {processor.py:743} INFO - Processing file /home/angry/mlops_4/venv4/lib/python3.10/site-packages/airflow/example_dags/example_sensor_decorator.py for tasks to queue
[2024-01-18T21:50:43.818+0300] {logging_mixin.py:137} INFO - [2024-01-18T21:50:43.817+0300] {dagbag.py:532} INFO - Filling up the DagBag from /home/angry/mlops_4/venv4/lib/python3.10/site-packages/airflow/example_dags/example_sensor_decorator.py
[2024-01-18T21:50:43.876+0300] {processor.py:753} INFO - DAG(s) dict_keys(['example_sensor_decorator']) retrieved from /home/angry/mlops_4/venv4/lib/python3.10/site-packages/airflow/example_dags/example_sensor_decorator.py
[2024-01-18T21:50:43.913+0300] {logging_mixin.py:137} INFO - [2024-01-18T21:50:43.913+0300] {dag.py:2705} INFO - Sync 1 DAGs
[2024-01-18T21:50:43.950+0300] {logging_mixin.py:137} INFO - [2024-01-18T21:50:43.950+0300] {dag.py:3452} INFO - Setting next_dagrun for example_sensor_decorator to None, run_after=None
[2024-01-18T21:50:43.990+0300] {processor.py:175} INFO - Processing /home/angry/mlops_4/venv4/lib/python3.10/site-packages/airflow/example_dags/example_sensor_decorator.py took 0.184 seconds
[2024-01-18T21:51:35.290+0300] {processor.py:153} INFO - Started process (PID=5012) to work on /home/angry/mlops_4/venv4/lib/python3.10/site-packages/airflow/example_dags/example_sensor_decorator.py
[2024-01-18T21:51:35.293+0300] {processor.py:743} INFO - Processing file /home/angry/mlops_4/venv4/lib/python3.10/site-packages/airflow/example_dags/example_sensor_decorator.py for tasks to queue
[2024-01-18T21:51:35.294+0300] {logging_mixin.py:137} INFO - [2024-01-18T21:51:35.294+0300] {dagbag.py:532} INFO - Filling up the DagBag from /home/angry/mlops_4/venv4/lib/python3.10/site-packages/airflow/example_dags/example_sensor_decorator.py
[2024-01-18T21:51:35.354+0300] {processor.py:753} INFO - DAG(s) dict_keys(['example_sensor_decorator']) retrieved from /home/angry/mlops_4/venv4/lib/python3.10/site-packages/airflow/example_dags/example_sensor_decorator.py
[2024-01-18T21:51:35.394+0300] {logging_mixin.py:137} INFO - [2024-01-18T21:51:35.393+0300] {dag.py:2705} INFO - Sync 1 DAGs
[2024-01-18T21:51:35.432+0300] {logging_mixin.py:137} INFO - [2024-01-18T21:51:35.431+0300] {dag.py:3452} INFO - Setting next_dagrun for example_sensor_decorator to None, run_after=None
[2024-01-18T21:51:35.471+0300] {processor.py:175} INFO - Processing /home/angry/mlops_4/venv4/lib/python3.10/site-packages/airflow/example_dags/example_sensor_decorator.py took 0.189 seconds
[2024-01-18T21:52:30.297+0300] {processor.py:153} INFO - Started process (PID=5066) to work on /home/angry/mlops_4/venv4/lib/python3.10/site-packages/airflow/example_dags/example_sensor_decorator.py
[2024-01-18T21:52:30.301+0300] {processor.py:743} INFO - Processing file /home/angry/mlops_4/venv4/lib/python3.10/site-packages/airflow/example_dags/example_sensor_decorator.py for tasks to queue
[2024-01-18T21:52:30.302+0300] {logging_mixin.py:137} INFO - [2024-01-18T21:52:30.302+0300] {dagbag.py:532} INFO - Filling up the DagBag from /home/angry/mlops_4/venv4/lib/python3.10/site-packages/airflow/example_dags/example_sensor_decorator.py
[2024-01-18T21:52:30.427+0300] {processor.py:753} INFO - DAG(s) dict_keys(['example_sensor_decorator']) retrieved from /home/angry/mlops_4/venv4/lib/python3.10/site-packages/airflow/example_dags/example_sensor_decorator.py
[2024-01-18T21:52:30.581+0300] {logging_mixin.py:137} INFO - [2024-01-18T21:52:30.581+0300] {dag.py:2705} INFO - Sync 1 DAGs
[2024-01-18T21:52:30.666+0300] {logging_mixin.py:137} INFO - [2024-01-18T21:52:30.666+0300] {dag.py:3452} INFO - Setting next_dagrun for example_sensor_decorator to None, run_after=None
[2024-01-18T21:52:30.734+0300] {processor.py:175} INFO - Processing /home/angry/mlops_4/venv4/lib/python3.10/site-packages/airflow/example_dags/example_sensor_decorator.py took 0.453 seconds
[2024-01-18T21:53:29.178+0300] {processor.py:153} INFO - Started process (PID=5122) to work on /home/angry/mlops_4/venv4/lib/python3.10/site-packages/airflow/example_dags/example_sensor_decorator.py
[2024-01-18T21:53:29.183+0300] {processor.py:743} INFO - Processing file /home/angry/mlops_4/venv4/lib/python3.10/site-packages/airflow/example_dags/example_sensor_decorator.py for tasks to queue
[2024-01-18T21:53:29.187+0300] {logging_mixin.py:137} INFO - [2024-01-18T21:53:29.187+0300] {dagbag.py:532} INFO - Filling up the DagBag from /home/angry/mlops_4/venv4/lib/python3.10/site-packages/airflow/example_dags/example_sensor_decorator.py
[2024-01-18T21:53:29.297+0300] {processor.py:753} INFO - DAG(s) dict_keys(['example_sensor_decorator']) retrieved from /home/angry/mlops_4/venv4/lib/python3.10/site-packages/airflow/example_dags/example_sensor_decorator.py
[2024-01-18T21:53:29.360+0300] {logging_mixin.py:137} INFO - [2024-01-18T21:53:29.359+0300] {dag.py:2705} INFO - Sync 1 DAGs
[2024-01-18T21:53:29.423+0300] {logging_mixin.py:137} INFO - [2024-01-18T21:53:29.422+0300] {dag.py:3452} INFO - Setting next_dagrun for example_sensor_decorator to None, run_after=None
[2024-01-18T21:53:29.507+0300] {processor.py:175} INFO - Processing /home/angry/mlops_4/venv4/lib/python3.10/site-packages/airflow/example_dags/example_sensor_decorator.py took 0.345 seconds
[2024-01-18T22:00:39.265+0300] {processor.py:153} INFO - Started process (PID=5508) to work on /home/angry/mlops_4/venv4/lib/python3.10/site-packages/airflow/example_dags/example_sensor_decorator.py
[2024-01-18T22:00:39.270+0300] {processor.py:743} INFO - Processing file /home/angry/mlops_4/venv4/lib/python3.10/site-packages/airflow/example_dags/example_sensor_decorator.py for tasks to queue
[2024-01-18T22:00:39.272+0300] {logging_mixin.py:137} INFO - [2024-01-18T22:00:39.272+0300] {dagbag.py:532} INFO - Filling up the DagBag from /home/angry/mlops_4/venv4/lib/python3.10/site-packages/airflow/example_dags/example_sensor_decorator.py
[2024-01-18T22:00:39.380+0300] {processor.py:753} INFO - DAG(s) dict_keys(['example_sensor_decorator']) retrieved from /home/angry/mlops_4/venv4/lib/python3.10/site-packages/airflow/example_dags/example_sensor_decorator.py
[2024-01-18T22:00:39.471+0300] {logging_mixin.py:137} INFO - [2024-01-18T22:00:39.470+0300] {dag.py:2705} INFO - Sync 1 DAGs
[2024-01-18T22:00:39.542+0300] {logging_mixin.py:137} INFO - [2024-01-18T22:00:39.541+0300] {dag.py:3452} INFO - Setting next_dagrun for example_sensor_decorator to None, run_after=None
[2024-01-18T22:00:39.623+0300] {processor.py:175} INFO - Processing /home/angry/mlops_4/venv4/lib/python3.10/site-packages/airflow/example_dags/example_sensor_decorator.py took 0.372 seconds
