[2024-01-18T21:37:00.928+0300] {processor.py:153} INFO - Started process (PID=3309) to work on /home/angry/mlops_4/venv4/lib/python3.10/site-packages/airflow/example_dags/example_params_ui_tutorial.py
[2024-01-18T21:37:00.930+0300] {processor.py:743} INFO - Processing file /home/angry/mlops_4/venv4/lib/python3.10/site-packages/airflow/example_dags/example_params_ui_tutorial.py for tasks to queue
[2024-01-18T21:37:00.931+0300] {logging_mixin.py:137} INFO - [2024-01-18T21:37:00.931+0300] {dagbag.py:532} INFO - Filling up the DagBag from /home/angry/mlops_4/venv4/lib/python3.10/site-packages/airflow/example_dags/example_params_ui_tutorial.py
[2024-01-18T21:37:01.078+0300] {processor.py:753} INFO - DAG(s) dict_keys(['example_params_ui_tutorial']) retrieved from /home/angry/mlops_4/venv4/lib/python3.10/site-packages/airflow/example_dags/example_params_ui_tutorial.py
[2024-01-18T21:37:01.403+0300] {logging_mixin.py:137} INFO - [2024-01-18T21:37:01.403+0300] {dag.py:2705} INFO - Sync 1 DAGs
[2024-01-18T21:37:01.444+0300] {logging_mixin.py:137} INFO - [2024-01-18T21:37:01.444+0300] {dag.py:3452} INFO - Setting next_dagrun for example_params_ui_tutorial to None, run_after=None
[2024-01-18T21:37:01.485+0300] {processor.py:175} INFO - Processing /home/angry/mlops_4/venv4/lib/python3.10/site-packages/airflow/example_dags/example_params_ui_tutorial.py took 0.565 seconds
[2024-01-18T21:37:57.612+0300] {processor.py:153} INFO - Started process (PID=3405) to work on /home/angry/mlops_4/venv4/lib/python3.10/site-packages/airflow/example_dags/example_params_ui_tutorial.py
[2024-01-18T21:37:57.616+0300] {processor.py:743} INFO - Processing file /home/angry/mlops_4/venv4/lib/python3.10/site-packages/airflow/example_dags/example_params_ui_tutorial.py for tasks to queue
[2024-01-18T21:37:57.619+0300] {logging_mixin.py:137} INFO - [2024-01-18T21:37:57.618+0300] {dagbag.py:532} INFO - Filling up the DagBag from /home/angry/mlops_4/venv4/lib/python3.10/site-packages/airflow/example_dags/example_params_ui_tutorial.py
[2024-01-18T21:37:57.809+0300] {processor.py:753} INFO - DAG(s) dict_keys(['example_params_ui_tutorial']) retrieved from /home/angry/mlops_4/venv4/lib/python3.10/site-packages/airflow/example_dags/example_params_ui_tutorial.py
[2024-01-18T21:37:58.274+0300] {logging_mixin.py:137} INFO - [2024-01-18T21:37:58.274+0300] {dag.py:2705} INFO - Sync 1 DAGs
[2024-01-18T21:37:58.348+0300] {logging_mixin.py:137} INFO - [2024-01-18T21:37:58.347+0300] {dag.py:3452} INFO - Setting next_dagrun for example_params_ui_tutorial to None, run_after=None
[2024-01-18T21:37:58.461+0300] {processor.py:175} INFO - Processing /home/angry/mlops_4/venv4/lib/python3.10/site-packages/airflow/example_dags/example_params_ui_tutorial.py took 0.866 seconds
[2024-01-18T21:39:12.814+0300] {processor.py:153} INFO - Started process (PID=4137) to work on /home/angry/mlops_4/venv4/lib/python3.10/site-packages/airflow/example_dags/example_params_ui_tutorial.py
[2024-01-18T21:39:12.823+0300] {processor.py:743} INFO - Processing file /home/angry/mlops_4/venv4/lib/python3.10/site-packages/airflow/example_dags/example_params_ui_tutorial.py for tasks to queue
[2024-01-18T21:39:12.825+0300] {logging_mixin.py:137} INFO - [2024-01-18T21:39:12.825+0300] {dagbag.py:532} INFO - Filling up the DagBag from /home/angry/mlops_4/venv4/lib/python3.10/site-packages/airflow/example_dags/example_params_ui_tutorial.py
[2024-01-18T21:39:13.070+0300] {processor.py:753} INFO - DAG(s) dict_keys(['example_params_ui_tutorial']) retrieved from /home/angry/mlops_4/venv4/lib/python3.10/site-packages/airflow/example_dags/example_params_ui_tutorial.py
[2024-01-18T21:39:13.598+0300] {logging_mixin.py:137} INFO - [2024-01-18T21:39:13.598+0300] {dag.py:2705} INFO - Sync 1 DAGs
[2024-01-18T21:39:13.646+0300] {logging_mixin.py:137} INFO - [2024-01-18T21:39:13.645+0300] {dag.py:3452} INFO - Setting next_dagrun for example_params_ui_tutorial to None, run_after=None
[2024-01-18T21:39:13.743+0300] {processor.py:175} INFO - Processing /home/angry/mlops_4/venv4/lib/python3.10/site-packages/airflow/example_dags/example_params_ui_tutorial.py took 0.951 seconds
[2024-01-18T21:40:12.729+0300] {processor.py:153} INFO - Started process (PID=4199) to work on /home/angry/mlops_4/venv4/lib/python3.10/site-packages/airflow/example_dags/example_params_ui_tutorial.py
[2024-01-18T21:40:12.733+0300] {processor.py:743} INFO - Processing file /home/angry/mlops_4/venv4/lib/python3.10/site-packages/airflow/example_dags/example_params_ui_tutorial.py for tasks to queue
[2024-01-18T21:40:12.735+0300] {logging_mixin.py:137} INFO - [2024-01-18T21:40:12.734+0300] {dagbag.py:532} INFO - Filling up the DagBag from /home/angry/mlops_4/venv4/lib/python3.10/site-packages/airflow/example_dags/example_params_ui_tutorial.py
[2024-01-18T21:40:13.093+0300] {processor.py:753} INFO - DAG(s) dict_keys(['example_params_ui_tutorial']) retrieved from /home/angry/mlops_4/venv4/lib/python3.10/site-packages/airflow/example_dags/example_params_ui_tutorial.py
[2024-01-18T21:40:13.195+0300] {logging_mixin.py:137} INFO - [2024-01-18T21:40:13.195+0300] {dag.py:2705} INFO - Sync 1 DAGs
[2024-01-18T21:40:13.232+0300] {logging_mixin.py:137} INFO - [2024-01-18T21:40:13.231+0300] {dag.py:3452} INFO - Setting next_dagrun for example_params_ui_tutorial to None, run_after=None
[2024-01-18T21:40:13.271+0300] {processor.py:175} INFO - Processing /home/angry/mlops_4/venv4/lib/python3.10/site-packages/airflow/example_dags/example_params_ui_tutorial.py took 0.552 seconds
[2024-01-18T21:41:18.803+0300] {processor.py:153} INFO - Started process (PID=4307) to work on /home/angry/mlops_4/venv4/lib/python3.10/site-packages/airflow/example_dags/example_params_ui_tutorial.py
[2024-01-18T21:41:18.814+0300] {processor.py:743} INFO - Processing file /home/angry/mlops_4/venv4/lib/python3.10/site-packages/airflow/example_dags/example_params_ui_tutorial.py for tasks to queue
[2024-01-18T21:41:18.816+0300] {logging_mixin.py:137} INFO - [2024-01-18T21:41:18.816+0300] {dagbag.py:532} INFO - Filling up the DagBag from /home/angry/mlops_4/venv4/lib/python3.10/site-packages/airflow/example_dags/example_params_ui_tutorial.py
[2024-01-18T21:41:19.397+0300] {processor.py:753} INFO - DAG(s) dict_keys(['example_params_ui_tutorial']) retrieved from /home/angry/mlops_4/venv4/lib/python3.10/site-packages/airflow/example_dags/example_params_ui_tutorial.py
[2024-01-18T21:41:19.590+0300] {logging_mixin.py:137} INFO - [2024-01-18T21:41:19.590+0300] {dag.py:2705} INFO - Sync 1 DAGs
[2024-01-18T21:41:19.666+0300] {logging_mixin.py:137} INFO - [2024-01-18T21:41:19.665+0300] {dag.py:3452} INFO - Setting next_dagrun for example_params_ui_tutorial to None, run_after=None
[2024-01-18T21:41:19.735+0300] {processor.py:175} INFO - Processing /home/angry/mlops_4/venv4/lib/python3.10/site-packages/airflow/example_dags/example_params_ui_tutorial.py took 0.949 seconds
[2024-01-18T21:42:17.746+0300] {processor.py:153} INFO - Started process (PID=4371) to work on /home/angry/mlops_4/venv4/lib/python3.10/site-packages/airflow/example_dags/example_params_ui_tutorial.py
[2024-01-18T21:42:17.749+0300] {processor.py:743} INFO - Processing file /home/angry/mlops_4/venv4/lib/python3.10/site-packages/airflow/example_dags/example_params_ui_tutorial.py for tasks to queue
[2024-01-18T21:42:17.751+0300] {logging_mixin.py:137} INFO - [2024-01-18T21:42:17.751+0300] {dagbag.py:532} INFO - Filling up the DagBag from /home/angry/mlops_4/venv4/lib/python3.10/site-packages/airflow/example_dags/example_params_ui_tutorial.py
[2024-01-18T21:42:18.067+0300] {processor.py:753} INFO - DAG(s) dict_keys(['example_params_ui_tutorial']) retrieved from /home/angry/mlops_4/venv4/lib/python3.10/site-packages/airflow/example_dags/example_params_ui_tutorial.py
[2024-01-18T21:42:18.169+0300] {logging_mixin.py:137} INFO - [2024-01-18T21:42:18.168+0300] {dag.py:2705} INFO - Sync 1 DAGs
[2024-01-18T21:42:18.206+0300] {logging_mixin.py:137} INFO - [2024-01-18T21:42:18.205+0300] {dag.py:3452} INFO - Setting next_dagrun for example_params_ui_tutorial to None, run_after=None
[2024-01-18T21:42:18.244+0300] {processor.py:175} INFO - Processing /home/angry/mlops_4/venv4/lib/python3.10/site-packages/airflow/example_dags/example_params_ui_tutorial.py took 0.505 seconds
[2024-01-18T21:43:13.247+0300] {processor.py:153} INFO - Started process (PID=4421) to work on /home/angry/mlops_4/venv4/lib/python3.10/site-packages/airflow/example_dags/example_params_ui_tutorial.py
[2024-01-18T21:43:13.250+0300] {processor.py:743} INFO - Processing file /home/angry/mlops_4/venv4/lib/python3.10/site-packages/airflow/example_dags/example_params_ui_tutorial.py for tasks to queue
[2024-01-18T21:43:13.252+0300] {logging_mixin.py:137} INFO - [2024-01-18T21:43:13.251+0300] {dagbag.py:532} INFO - Filling up the DagBag from /home/angry/mlops_4/venv4/lib/python3.10/site-packages/airflow/example_dags/example_params_ui_tutorial.py
[2024-01-18T21:43:13.383+0300] {processor.py:753} INFO - DAG(s) dict_keys(['example_params_ui_tutorial']) retrieved from /home/angry/mlops_4/venv4/lib/python3.10/site-packages/airflow/example_dags/example_params_ui_tutorial.py
[2024-01-18T21:43:13.498+0300] {logging_mixin.py:137} INFO - [2024-01-18T21:43:13.498+0300] {dag.py:2705} INFO - Sync 1 DAGs
[2024-01-18T21:43:13.535+0300] {logging_mixin.py:137} INFO - [2024-01-18T21:43:13.535+0300] {dag.py:3452} INFO - Setting next_dagrun for example_params_ui_tutorial to None, run_after=None
[2024-01-18T21:43:13.574+0300] {processor.py:175} INFO - Processing /home/angry/mlops_4/venv4/lib/python3.10/site-packages/airflow/example_dags/example_params_ui_tutorial.py took 0.335 seconds
[2024-01-18T21:44:02.914+0300] {processor.py:153} INFO - Started process (PID=4474) to work on /home/angry/mlops_4/venv4/lib/python3.10/site-packages/airflow/example_dags/example_params_ui_tutorial.py
[2024-01-18T21:44:02.916+0300] {processor.py:743} INFO - Processing file /home/angry/mlops_4/venv4/lib/python3.10/site-packages/airflow/example_dags/example_params_ui_tutorial.py for tasks to queue
[2024-01-18T21:44:02.918+0300] {logging_mixin.py:137} INFO - [2024-01-18T21:44:02.917+0300] {dagbag.py:532} INFO - Filling up the DagBag from /home/angry/mlops_4/venv4/lib/python3.10/site-packages/airflow/example_dags/example_params_ui_tutorial.py
[2024-01-18T21:44:03.026+0300] {processor.py:753} INFO - DAG(s) dict_keys(['example_params_ui_tutorial']) retrieved from /home/angry/mlops_4/venv4/lib/python3.10/site-packages/airflow/example_dags/example_params_ui_tutorial.py
[2024-01-18T21:44:03.143+0300] {logging_mixin.py:137} INFO - [2024-01-18T21:44:03.143+0300] {dag.py:2705} INFO - Sync 1 DAGs
[2024-01-18T21:44:03.187+0300] {logging_mixin.py:137} INFO - [2024-01-18T21:44:03.187+0300] {dag.py:3452} INFO - Setting next_dagrun for example_params_ui_tutorial to None, run_after=None
[2024-01-18T21:44:03.232+0300] {processor.py:175} INFO - Processing /home/angry/mlops_4/venv4/lib/python3.10/site-packages/airflow/example_dags/example_params_ui_tutorial.py took 0.332 seconds
[2024-01-18T21:44:53.478+0300] {processor.py:153} INFO - Started process (PID=4535) to work on /home/angry/mlops_4/venv4/lib/python3.10/site-packages/airflow/example_dags/example_params_ui_tutorial.py
[2024-01-18T21:44:53.480+0300] {processor.py:743} INFO - Processing file /home/angry/mlops_4/venv4/lib/python3.10/site-packages/airflow/example_dags/example_params_ui_tutorial.py for tasks to queue
[2024-01-18T21:44:53.482+0300] {logging_mixin.py:137} INFO - [2024-01-18T21:44:53.481+0300] {dagbag.py:532} INFO - Filling up the DagBag from /home/angry/mlops_4/venv4/lib/python3.10/site-packages/airflow/example_dags/example_params_ui_tutorial.py
[2024-01-18T21:44:53.594+0300] {processor.py:753} INFO - DAG(s) dict_keys(['example_params_ui_tutorial']) retrieved from /home/angry/mlops_4/venv4/lib/python3.10/site-packages/airflow/example_dags/example_params_ui_tutorial.py
[2024-01-18T21:44:53.758+0300] {logging_mixin.py:137} INFO - [2024-01-18T21:44:53.758+0300] {dag.py:2705} INFO - Sync 1 DAGs
[2024-01-18T21:44:53.795+0300] {logging_mixin.py:137} INFO - [2024-01-18T21:44:53.795+0300] {dag.py:3452} INFO - Setting next_dagrun for example_params_ui_tutorial to None, run_after=None
[2024-01-18T21:44:53.837+0300] {processor.py:175} INFO - Processing /home/angry/mlops_4/venv4/lib/python3.10/site-packages/airflow/example_dags/example_params_ui_tutorial.py took 0.367 seconds
[2024-01-18T21:45:44.163+0300] {processor.py:153} INFO - Started process (PID=4616) to work on /home/angry/mlops_4/venv4/lib/python3.10/site-packages/airflow/example_dags/example_params_ui_tutorial.py
[2024-01-18T21:45:44.165+0300] {processor.py:743} INFO - Processing file /home/angry/mlops_4/venv4/lib/python3.10/site-packages/airflow/example_dags/example_params_ui_tutorial.py for tasks to queue
[2024-01-18T21:45:44.166+0300] {logging_mixin.py:137} INFO - [2024-01-18T21:45:44.166+0300] {dagbag.py:532} INFO - Filling up the DagBag from /home/angry/mlops_4/venv4/lib/python3.10/site-packages/airflow/example_dags/example_params_ui_tutorial.py
[2024-01-18T21:45:44.270+0300] {processor.py:753} INFO - DAG(s) dict_keys(['example_params_ui_tutorial']) retrieved from /home/angry/mlops_4/venv4/lib/python3.10/site-packages/airflow/example_dags/example_params_ui_tutorial.py
[2024-01-18T21:45:44.368+0300] {logging_mixin.py:137} INFO - [2024-01-18T21:45:44.367+0300] {dag.py:2705} INFO - Sync 1 DAGs
[2024-01-18T21:45:44.406+0300] {logging_mixin.py:137} INFO - [2024-01-18T21:45:44.406+0300] {dag.py:3452} INFO - Setting next_dagrun for example_params_ui_tutorial to None, run_after=None
[2024-01-18T21:45:44.446+0300] {processor.py:175} INFO - Processing /home/angry/mlops_4/venv4/lib/python3.10/site-packages/airflow/example_dags/example_params_ui_tutorial.py took 0.291 seconds
[2024-01-18T21:46:34.960+0300] {processor.py:153} INFO - Started process (PID=4687) to work on /home/angry/mlops_4/venv4/lib/python3.10/site-packages/airflow/example_dags/example_params_ui_tutorial.py
[2024-01-18T21:46:34.963+0300] {processor.py:743} INFO - Processing file /home/angry/mlops_4/venv4/lib/python3.10/site-packages/airflow/example_dags/example_params_ui_tutorial.py for tasks to queue
[2024-01-18T21:46:34.964+0300] {logging_mixin.py:137} INFO - [2024-01-18T21:46:34.964+0300] {dagbag.py:532} INFO - Filling up the DagBag from /home/angry/mlops_4/venv4/lib/python3.10/site-packages/airflow/example_dags/example_params_ui_tutorial.py
[2024-01-18T21:46:35.091+0300] {processor.py:753} INFO - DAG(s) dict_keys(['example_params_ui_tutorial']) retrieved from /home/angry/mlops_4/venv4/lib/python3.10/site-packages/airflow/example_dags/example_params_ui_tutorial.py
[2024-01-18T21:46:35.198+0300] {logging_mixin.py:137} INFO - [2024-01-18T21:46:35.198+0300] {dag.py:2705} INFO - Sync 1 DAGs
[2024-01-18T21:46:35.238+0300] {logging_mixin.py:137} INFO - [2024-01-18T21:46:35.238+0300] {dag.py:3452} INFO - Setting next_dagrun for example_params_ui_tutorial to None, run_after=None
[2024-01-18T21:46:35.282+0300] {processor.py:175} INFO - Processing /home/angry/mlops_4/venv4/lib/python3.10/site-packages/airflow/example_dags/example_params_ui_tutorial.py took 0.330 seconds
[2024-01-18T21:47:22.133+0300] {processor.py:153} INFO - Started process (PID=4741) to work on /home/angry/mlops_4/venv4/lib/python3.10/site-packages/airflow/example_dags/example_params_ui_tutorial.py
[2024-01-18T21:47:22.136+0300] {processor.py:743} INFO - Processing file /home/angry/mlops_4/venv4/lib/python3.10/site-packages/airflow/example_dags/example_params_ui_tutorial.py for tasks to queue
[2024-01-18T21:47:22.138+0300] {logging_mixin.py:137} INFO - [2024-01-18T21:47:22.137+0300] {dagbag.py:532} INFO - Filling up the DagBag from /home/angry/mlops_4/venv4/lib/python3.10/site-packages/airflow/example_dags/example_params_ui_tutorial.py
[2024-01-18T21:47:22.273+0300] {processor.py:753} INFO - DAG(s) dict_keys(['example_params_ui_tutorial']) retrieved from /home/angry/mlops_4/venv4/lib/python3.10/site-packages/airflow/example_dags/example_params_ui_tutorial.py
[2024-01-18T21:47:22.406+0300] {logging_mixin.py:137} INFO - [2024-01-18T21:47:22.406+0300] {dag.py:2705} INFO - Sync 1 DAGs
[2024-01-18T21:47:22.462+0300] {logging_mixin.py:137} INFO - [2024-01-18T21:47:22.462+0300] {dag.py:3452} INFO - Setting next_dagrun for example_params_ui_tutorial to None, run_after=None
[2024-01-18T21:47:22.515+0300] {processor.py:175} INFO - Processing /home/angry/mlops_4/venv4/lib/python3.10/site-packages/airflow/example_dags/example_params_ui_tutorial.py took 0.390 seconds
[2024-01-18T21:48:12.176+0300] {processor.py:153} INFO - Started process (PID=4817) to work on /home/angry/mlops_4/venv4/lib/python3.10/site-packages/airflow/example_dags/example_params_ui_tutorial.py
[2024-01-18T21:48:12.179+0300] {processor.py:743} INFO - Processing file /home/angry/mlops_4/venv4/lib/python3.10/site-packages/airflow/example_dags/example_params_ui_tutorial.py for tasks to queue
[2024-01-18T21:48:12.181+0300] {logging_mixin.py:137} INFO - [2024-01-18T21:48:12.181+0300] {dagbag.py:532} INFO - Filling up the DagBag from /home/angry/mlops_4/venv4/lib/python3.10/site-packages/airflow/example_dags/example_params_ui_tutorial.py
[2024-01-18T21:48:12.294+0300] {processor.py:753} INFO - DAG(s) dict_keys(['example_params_ui_tutorial']) retrieved from /home/angry/mlops_4/venv4/lib/python3.10/site-packages/airflow/example_dags/example_params_ui_tutorial.py
[2024-01-18T21:48:12.423+0300] {logging_mixin.py:137} INFO - [2024-01-18T21:48:12.423+0300] {dag.py:2705} INFO - Sync 1 DAGs
[2024-01-18T21:48:12.460+0300] {logging_mixin.py:137} INFO - [2024-01-18T21:48:12.460+0300] {dag.py:3452} INFO - Setting next_dagrun for example_params_ui_tutorial to None, run_after=None
[2024-01-18T21:48:12.501+0300] {processor.py:175} INFO - Processing /home/angry/mlops_4/venv4/lib/python3.10/site-packages/airflow/example_dags/example_params_ui_tutorial.py took 0.331 seconds
[2024-01-18T21:49:06.150+0300] {processor.py:153} INFO - Started process (PID=4870) to work on /home/angry/mlops_4/venv4/lib/python3.10/site-packages/airflow/example_dags/example_params_ui_tutorial.py
[2024-01-18T21:49:06.153+0300] {processor.py:743} INFO - Processing file /home/angry/mlops_4/venv4/lib/python3.10/site-packages/airflow/example_dags/example_params_ui_tutorial.py for tasks to queue
[2024-01-18T21:49:06.154+0300] {logging_mixin.py:137} INFO - [2024-01-18T21:49:06.154+0300] {dagbag.py:532} INFO - Filling up the DagBag from /home/angry/mlops_4/venv4/lib/python3.10/site-packages/airflow/example_dags/example_params_ui_tutorial.py
[2024-01-18T21:49:06.255+0300] {processor.py:753} INFO - DAG(s) dict_keys(['example_params_ui_tutorial']) retrieved from /home/angry/mlops_4/venv4/lib/python3.10/site-packages/airflow/example_dags/example_params_ui_tutorial.py
[2024-01-18T21:49:06.360+0300] {logging_mixin.py:137} INFO - [2024-01-18T21:49:06.360+0300] {dag.py:2705} INFO - Sync 1 DAGs
[2024-01-18T21:49:06.398+0300] {logging_mixin.py:137} INFO - [2024-01-18T21:49:06.397+0300] {dag.py:3452} INFO - Setting next_dagrun for example_params_ui_tutorial to None, run_after=None
[2024-01-18T21:49:06.441+0300] {processor.py:175} INFO - Processing /home/angry/mlops_4/venv4/lib/python3.10/site-packages/airflow/example_dags/example_params_ui_tutorial.py took 0.298 seconds
[2024-01-18T21:49:54.992+0300] {processor.py:153} INFO - Started process (PID=4917) to work on /home/angry/mlops_4/venv4/lib/python3.10/site-packages/airflow/example_dags/example_params_ui_tutorial.py
[2024-01-18T21:49:54.996+0300] {processor.py:743} INFO - Processing file /home/angry/mlops_4/venv4/lib/python3.10/site-packages/airflow/example_dags/example_params_ui_tutorial.py for tasks to queue
[2024-01-18T21:49:54.998+0300] {logging_mixin.py:137} INFO - [2024-01-18T21:49:54.998+0300] {dagbag.py:532} INFO - Filling up the DagBag from /home/angry/mlops_4/venv4/lib/python3.10/site-packages/airflow/example_dags/example_params_ui_tutorial.py
[2024-01-18T21:49:55.108+0300] {processor.py:753} INFO - DAG(s) dict_keys(['example_params_ui_tutorial']) retrieved from /home/angry/mlops_4/venv4/lib/python3.10/site-packages/airflow/example_dags/example_params_ui_tutorial.py
[2024-01-18T21:49:55.214+0300] {logging_mixin.py:137} INFO - [2024-01-18T21:49:55.213+0300] {dag.py:2705} INFO - Sync 1 DAGs
[2024-01-18T21:49:55.264+0300] {logging_mixin.py:137} INFO - [2024-01-18T21:49:55.263+0300] {dag.py:3452} INFO - Setting next_dagrun for example_params_ui_tutorial to None, run_after=None
[2024-01-18T21:49:55.313+0300] {processor.py:175} INFO - Processing /home/angry/mlops_4/venv4/lib/python3.10/site-packages/airflow/example_dags/example_params_ui_tutorial.py took 0.329 seconds
[2024-01-18T21:50:46.121+0300] {processor.py:153} INFO - Started process (PID=4966) to work on /home/angry/mlops_4/venv4/lib/python3.10/site-packages/airflow/example_dags/example_params_ui_tutorial.py
[2024-01-18T21:50:46.125+0300] {processor.py:743} INFO - Processing file /home/angry/mlops_4/venv4/lib/python3.10/site-packages/airflow/example_dags/example_params_ui_tutorial.py for tasks to queue
[2024-01-18T21:50:46.126+0300] {logging_mixin.py:137} INFO - [2024-01-18T21:50:46.126+0300] {dagbag.py:532} INFO - Filling up the DagBag from /home/angry/mlops_4/venv4/lib/python3.10/site-packages/airflow/example_dags/example_params_ui_tutorial.py
[2024-01-18T21:50:46.231+0300] {processor.py:753} INFO - DAG(s) dict_keys(['example_params_ui_tutorial']) retrieved from /home/angry/mlops_4/venv4/lib/python3.10/site-packages/airflow/example_dags/example_params_ui_tutorial.py
[2024-01-18T21:50:46.337+0300] {logging_mixin.py:137} INFO - [2024-01-18T21:50:46.337+0300] {dag.py:2705} INFO - Sync 1 DAGs
[2024-01-18T21:50:46.376+0300] {logging_mixin.py:137} INFO - [2024-01-18T21:50:46.376+0300] {dag.py:3452} INFO - Setting next_dagrun for example_params_ui_tutorial to None, run_after=None
[2024-01-18T21:50:46.415+0300] {processor.py:175} INFO - Processing /home/angry/mlops_4/venv4/lib/python3.10/site-packages/airflow/example_dags/example_params_ui_tutorial.py took 0.303 seconds
[2024-01-18T21:51:37.773+0300] {processor.py:153} INFO - Started process (PID=5014) to work on /home/angry/mlops_4/venv4/lib/python3.10/site-packages/airflow/example_dags/example_params_ui_tutorial.py
[2024-01-18T21:51:37.776+0300] {processor.py:743} INFO - Processing file /home/angry/mlops_4/venv4/lib/python3.10/site-packages/airflow/example_dags/example_params_ui_tutorial.py for tasks to queue
[2024-01-18T21:51:37.778+0300] {logging_mixin.py:137} INFO - [2024-01-18T21:51:37.777+0300] {dagbag.py:532} INFO - Filling up the DagBag from /home/angry/mlops_4/venv4/lib/python3.10/site-packages/airflow/example_dags/example_params_ui_tutorial.py
[2024-01-18T21:51:37.884+0300] {processor.py:753} INFO - DAG(s) dict_keys(['example_params_ui_tutorial']) retrieved from /home/angry/mlops_4/venv4/lib/python3.10/site-packages/airflow/example_dags/example_params_ui_tutorial.py
[2024-01-18T21:51:38.017+0300] {logging_mixin.py:137} INFO - [2024-01-18T21:51:38.016+0300] {dag.py:2705} INFO - Sync 1 DAGs
[2024-01-18T21:51:38.059+0300] {logging_mixin.py:137} INFO - [2024-01-18T21:51:38.058+0300] {dag.py:3452} INFO - Setting next_dagrun for example_params_ui_tutorial to None, run_after=None
[2024-01-18T21:51:38.102+0300] {processor.py:175} INFO - Processing /home/angry/mlops_4/venv4/lib/python3.10/site-packages/airflow/example_dags/example_params_ui_tutorial.py took 0.336 seconds
[2024-01-18T21:52:33.435+0300] {processor.py:153} INFO - Started process (PID=5068) to work on /home/angry/mlops_4/venv4/lib/python3.10/site-packages/airflow/example_dags/example_params_ui_tutorial.py
[2024-01-18T21:52:33.438+0300] {processor.py:743} INFO - Processing file /home/angry/mlops_4/venv4/lib/python3.10/site-packages/airflow/example_dags/example_params_ui_tutorial.py for tasks to queue
[2024-01-18T21:52:33.441+0300] {logging_mixin.py:137} INFO - [2024-01-18T21:52:33.439+0300] {dagbag.py:532} INFO - Filling up the DagBag from /home/angry/mlops_4/venv4/lib/python3.10/site-packages/airflow/example_dags/example_params_ui_tutorial.py
[2024-01-18T21:52:33.581+0300] {processor.py:753} INFO - DAG(s) dict_keys(['example_params_ui_tutorial']) retrieved from /home/angry/mlops_4/venv4/lib/python3.10/site-packages/airflow/example_dags/example_params_ui_tutorial.py
[2024-01-18T21:52:33.697+0300] {logging_mixin.py:137} INFO - [2024-01-18T21:52:33.697+0300] {dag.py:2705} INFO - Sync 1 DAGs
[2024-01-18T21:52:33.741+0300] {logging_mixin.py:137} INFO - [2024-01-18T21:52:33.740+0300] {dag.py:3452} INFO - Setting next_dagrun for example_params_ui_tutorial to None, run_after=None
[2024-01-18T21:52:33.784+0300] {processor.py:175} INFO - Processing /home/angry/mlops_4/venv4/lib/python3.10/site-packages/airflow/example_dags/example_params_ui_tutorial.py took 0.358 seconds
[2024-01-18T21:53:31.241+0300] {processor.py:153} INFO - Started process (PID=5124) to work on /home/angry/mlops_4/venv4/lib/python3.10/site-packages/airflow/example_dags/example_params_ui_tutorial.py
[2024-01-18T21:53:31.244+0300] {processor.py:743} INFO - Processing file /home/angry/mlops_4/venv4/lib/python3.10/site-packages/airflow/example_dags/example_params_ui_tutorial.py for tasks to queue
[2024-01-18T21:53:31.245+0300] {logging_mixin.py:137} INFO - [2024-01-18T21:53:31.245+0300] {dagbag.py:532} INFO - Filling up the DagBag from /home/angry/mlops_4/venv4/lib/python3.10/site-packages/airflow/example_dags/example_params_ui_tutorial.py
[2024-01-18T21:53:31.407+0300] {processor.py:753} INFO - DAG(s) dict_keys(['example_params_ui_tutorial']) retrieved from /home/angry/mlops_4/venv4/lib/python3.10/site-packages/airflow/example_dags/example_params_ui_tutorial.py
[2024-01-18T21:53:31.579+0300] {logging_mixin.py:137} INFO - [2024-01-18T21:53:31.579+0300] {dag.py:2705} INFO - Sync 1 DAGs
[2024-01-18T21:53:31.649+0300] {logging_mixin.py:137} INFO - [2024-01-18T21:53:31.648+0300] {dag.py:3452} INFO - Setting next_dagrun for example_params_ui_tutorial to None, run_after=None
[2024-01-18T21:53:31.711+0300] {processor.py:175} INFO - Processing /home/angry/mlops_4/venv4/lib/python3.10/site-packages/airflow/example_dags/example_params_ui_tutorial.py took 0.478 seconds
[2024-01-18T22:00:41.663+0300] {processor.py:153} INFO - Started process (PID=5511) to work on /home/angry/mlops_4/venv4/lib/python3.10/site-packages/airflow/example_dags/example_params_ui_tutorial.py
[2024-01-18T22:00:41.667+0300] {processor.py:743} INFO - Processing file /home/angry/mlops_4/venv4/lib/python3.10/site-packages/airflow/example_dags/example_params_ui_tutorial.py for tasks to queue
[2024-01-18T22:00:41.674+0300] {logging_mixin.py:137} INFO - [2024-01-18T22:00:41.671+0300] {dagbag.py:532} INFO - Filling up the DagBag from /home/angry/mlops_4/venv4/lib/python3.10/site-packages/airflow/example_dags/example_params_ui_tutorial.py
[2024-01-18T22:00:41.918+0300] {processor.py:753} INFO - DAG(s) dict_keys(['example_params_ui_tutorial']) retrieved from /home/angry/mlops_4/venv4/lib/python3.10/site-packages/airflow/example_dags/example_params_ui_tutorial.py
[2024-01-18T22:00:42.151+0300] {logging_mixin.py:137} INFO - [2024-01-18T22:00:42.151+0300] {dag.py:2705} INFO - Sync 1 DAGs
[2024-01-18T22:00:42.224+0300] {logging_mixin.py:137} INFO - [2024-01-18T22:00:42.223+0300] {dag.py:3452} INFO - Setting next_dagrun for example_params_ui_tutorial to None, run_after=None
[2024-01-18T22:00:42.307+0300] {processor.py:175} INFO - Processing /home/angry/mlops_4/venv4/lib/python3.10/site-packages/airflow/example_dags/example_params_ui_tutorial.py took 0.659 seconds
