[2024-01-18T21:37:04.913+0300] {processor.py:153} INFO - Started process (PID=3314) to work on /home/angry/mlops_4/venv4/lib/python3.10/site-packages/airflow/example_dags/example_dynamic_task_mapping.py
[2024-01-18T21:37:04.915+0300] {processor.py:743} INFO - Processing file /home/angry/mlops_4/venv4/lib/python3.10/site-packages/airflow/example_dags/example_dynamic_task_mapping.py for tasks to queue
[2024-01-18T21:37:04.917+0300] {logging_mixin.py:137} INFO - [2024-01-18T21:37:04.916+0300] {dagbag.py:532} INFO - Filling up the DagBag from /home/angry/mlops_4/venv4/lib/python3.10/site-packages/airflow/example_dags/example_dynamic_task_mapping.py
[2024-01-18T21:37:04.968+0300] {processor.py:753} INFO - DAG(s) dict_keys(['example_dynamic_task_mapping']) retrieved from /home/angry/mlops_4/venv4/lib/python3.10/site-packages/airflow/example_dags/example_dynamic_task_mapping.py
[2024-01-18T21:37:05.012+0300] {logging_mixin.py:137} INFO - [2024-01-18T21:37:05.012+0300] {dag.py:2705} INFO - Sync 1 DAGs
[2024-01-18T21:37:05.247+0300] {logging_mixin.py:137} INFO - [2024-01-18T21:37:05.246+0300] {dag.py:3452} INFO - Setting next_dagrun for example_dynamic_task_mapping to 2022-03-04T00:00:00+00:00, run_after=2022-03-05T00:00:00+00:00
[2024-01-18T21:37:05.283+0300] {processor.py:175} INFO - Processing /home/angry/mlops_4/venv4/lib/python3.10/site-packages/airflow/example_dags/example_dynamic_task_mapping.py took 0.376 seconds
[2024-01-18T21:38:04.650+0300] {processor.py:153} INFO - Started process (PID=3462) to work on /home/angry/mlops_4/venv4/lib/python3.10/site-packages/airflow/example_dags/example_dynamic_task_mapping.py
[2024-01-18T21:38:04.662+0300] {processor.py:743} INFO - Processing file /home/angry/mlops_4/venv4/lib/python3.10/site-packages/airflow/example_dags/example_dynamic_task_mapping.py for tasks to queue
[2024-01-18T21:38:04.669+0300] {logging_mixin.py:137} INFO - [2024-01-18T21:38:04.669+0300] {dagbag.py:532} INFO - Filling up the DagBag from /home/angry/mlops_4/venv4/lib/python3.10/site-packages/airflow/example_dags/example_dynamic_task_mapping.py
[2024-01-18T21:38:04.945+0300] {processor.py:753} INFO - DAG(s) dict_keys(['example_dynamic_task_mapping']) retrieved from /home/angry/mlops_4/venv4/lib/python3.10/site-packages/airflow/example_dags/example_dynamic_task_mapping.py
[2024-01-18T21:38:05.090+0300] {logging_mixin.py:137} INFO - [2024-01-18T21:38:05.089+0300] {dag.py:2705} INFO - Sync 1 DAGs
[2024-01-18T21:38:05.473+0300] {logging_mixin.py:137} INFO - [2024-01-18T21:38:05.473+0300] {dag.py:3452} INFO - Setting next_dagrun for example_dynamic_task_mapping to 2022-03-04T00:00:00+00:00, run_after=2022-03-05T00:00:00+00:00
[2024-01-18T21:38:05.549+0300] {processor.py:175} INFO - Processing /home/angry/mlops_4/venv4/lib/python3.10/site-packages/airflow/example_dags/example_dynamic_task_mapping.py took 0.918 seconds
[2024-01-18T21:39:19.634+0300] {processor.py:153} INFO - Started process (PID=4143) to work on /home/angry/mlops_4/venv4/lib/python3.10/site-packages/airflow/example_dags/example_dynamic_task_mapping.py
[2024-01-18T21:39:19.636+0300] {processor.py:743} INFO - Processing file /home/angry/mlops_4/venv4/lib/python3.10/site-packages/airflow/example_dags/example_dynamic_task_mapping.py for tasks to queue
[2024-01-18T21:39:19.638+0300] {logging_mixin.py:137} INFO - [2024-01-18T21:39:19.637+0300] {dagbag.py:532} INFO - Filling up the DagBag from /home/angry/mlops_4/venv4/lib/python3.10/site-packages/airflow/example_dags/example_dynamic_task_mapping.py
[2024-01-18T21:39:19.720+0300] {processor.py:753} INFO - DAG(s) dict_keys(['example_dynamic_task_mapping']) retrieved from /home/angry/mlops_4/venv4/lib/python3.10/site-packages/airflow/example_dags/example_dynamic_task_mapping.py
[2024-01-18T21:39:19.989+0300] {logging_mixin.py:137} INFO - [2024-01-18T21:39:19.989+0300] {dag.py:2705} INFO - Sync 1 DAGs
[2024-01-18T21:39:20.052+0300] {logging_mixin.py:137} INFO - [2024-01-18T21:39:20.051+0300] {dag.py:3452} INFO - Setting next_dagrun for example_dynamic_task_mapping to 2022-03-04T00:00:00+00:00, run_after=2022-03-05T00:00:00+00:00
[2024-01-18T21:39:20.107+0300] {processor.py:175} INFO - Processing /home/angry/mlops_4/venv4/lib/python3.10/site-packages/airflow/example_dags/example_dynamic_task_mapping.py took 0.485 seconds
[2024-01-18T21:40:18.402+0300] {processor.py:153} INFO - Started process (PID=4204) to work on /home/angry/mlops_4/venv4/lib/python3.10/site-packages/airflow/example_dags/example_dynamic_task_mapping.py
[2024-01-18T21:40:18.407+0300] {processor.py:743} INFO - Processing file /home/angry/mlops_4/venv4/lib/python3.10/site-packages/airflow/example_dags/example_dynamic_task_mapping.py for tasks to queue
[2024-01-18T21:40:18.410+0300] {logging_mixin.py:137} INFO - [2024-01-18T21:40:18.409+0300] {dagbag.py:532} INFO - Filling up the DagBag from /home/angry/mlops_4/venv4/lib/python3.10/site-packages/airflow/example_dags/example_dynamic_task_mapping.py
[2024-01-18T21:40:18.469+0300] {processor.py:753} INFO - DAG(s) dict_keys(['example_dynamic_task_mapping']) retrieved from /home/angry/mlops_4/venv4/lib/python3.10/site-packages/airflow/example_dags/example_dynamic_task_mapping.py
[2024-01-18T21:40:18.724+0300] {logging_mixin.py:137} INFO - [2024-01-18T21:40:18.723+0300] {dag.py:2705} INFO - Sync 1 DAGs
[2024-01-18T21:40:18.768+0300] {logging_mixin.py:137} INFO - [2024-01-18T21:40:18.768+0300] {dag.py:3452} INFO - Setting next_dagrun for example_dynamic_task_mapping to 2022-03-04T00:00:00+00:00, run_after=2022-03-05T00:00:00+00:00
[2024-01-18T21:40:18.811+0300] {processor.py:175} INFO - Processing /home/angry/mlops_4/venv4/lib/python3.10/site-packages/airflow/example_dags/example_dynamic_task_mapping.py took 0.420 seconds
[2024-01-18T21:41:26.318+0300] {processor.py:153} INFO - Started process (PID=4314) to work on /home/angry/mlops_4/venv4/lib/python3.10/site-packages/airflow/example_dags/example_dynamic_task_mapping.py
[2024-01-18T21:41:26.323+0300] {processor.py:743} INFO - Processing file /home/angry/mlops_4/venv4/lib/python3.10/site-packages/airflow/example_dags/example_dynamic_task_mapping.py for tasks to queue
[2024-01-18T21:41:26.330+0300] {logging_mixin.py:137} INFO - [2024-01-18T21:41:26.327+0300] {dagbag.py:532} INFO - Filling up the DagBag from /home/angry/mlops_4/venv4/lib/python3.10/site-packages/airflow/example_dags/example_dynamic_task_mapping.py
[2024-01-18T21:41:26.790+0300] {processor.py:753} INFO - DAG(s) dict_keys(['example_dynamic_task_mapping']) retrieved from /home/angry/mlops_4/venv4/lib/python3.10/site-packages/airflow/example_dags/example_dynamic_task_mapping.py
[2024-01-18T21:41:26.829+0300] {logging_mixin.py:137} INFO - [2024-01-18T21:41:26.829+0300] {dag.py:2705} INFO - Sync 1 DAGs
[2024-01-18T21:41:26.866+0300] {logging_mixin.py:137} INFO - [2024-01-18T21:41:26.866+0300] {dag.py:3452} INFO - Setting next_dagrun for example_dynamic_task_mapping to 2022-03-04T00:00:00+00:00, run_after=2022-03-05T00:00:00+00:00
[2024-01-18T21:41:26.954+0300] {processor.py:175} INFO - Processing /home/angry/mlops_4/venv4/lib/python3.10/site-packages/airflow/example_dags/example_dynamic_task_mapping.py took 0.650 seconds
[2024-01-18T21:42:23.441+0300] {processor.py:153} INFO - Started process (PID=4375) to work on /home/angry/mlops_4/venv4/lib/python3.10/site-packages/airflow/example_dags/example_dynamic_task_mapping.py
[2024-01-18T21:42:23.444+0300] {processor.py:743} INFO - Processing file /home/angry/mlops_4/venv4/lib/python3.10/site-packages/airflow/example_dags/example_dynamic_task_mapping.py for tasks to queue
[2024-01-18T21:42:23.446+0300] {logging_mixin.py:137} INFO - [2024-01-18T21:42:23.445+0300] {dagbag.py:532} INFO - Filling up the DagBag from /home/angry/mlops_4/venv4/lib/python3.10/site-packages/airflow/example_dags/example_dynamic_task_mapping.py
[2024-01-18T21:42:23.698+0300] {processor.py:753} INFO - DAG(s) dict_keys(['example_dynamic_task_mapping']) retrieved from /home/angry/mlops_4/venv4/lib/python3.10/site-packages/airflow/example_dags/example_dynamic_task_mapping.py
[2024-01-18T21:42:23.728+0300] {logging_mixin.py:137} INFO - [2024-01-18T21:42:23.728+0300] {dag.py:2705} INFO - Sync 1 DAGs
[2024-01-18T21:42:23.766+0300] {logging_mixin.py:137} INFO - [2024-01-18T21:42:23.766+0300] {dag.py:3452} INFO - Setting next_dagrun for example_dynamic_task_mapping to 2022-03-04T00:00:00+00:00, run_after=2022-03-05T00:00:00+00:00
[2024-01-18T21:42:23.801+0300] {processor.py:175} INFO - Processing /home/angry/mlops_4/venv4/lib/python3.10/site-packages/airflow/example_dags/example_dynamic_task_mapping.py took 0.368 seconds
[2024-01-18T21:43:18.131+0300] {processor.py:153} INFO - Started process (PID=4427) to work on /home/angry/mlops_4/venv4/lib/python3.10/site-packages/airflow/example_dags/example_dynamic_task_mapping.py
[2024-01-18T21:43:18.134+0300] {processor.py:743} INFO - Processing file /home/angry/mlops_4/venv4/lib/python3.10/site-packages/airflow/example_dags/example_dynamic_task_mapping.py for tasks to queue
[2024-01-18T21:43:18.135+0300] {logging_mixin.py:137} INFO - [2024-01-18T21:43:18.135+0300] {dagbag.py:532} INFO - Filling up the DagBag from /home/angry/mlops_4/venv4/lib/python3.10/site-packages/airflow/example_dags/example_dynamic_task_mapping.py
[2024-01-18T21:43:18.186+0300] {processor.py:753} INFO - DAG(s) dict_keys(['example_dynamic_task_mapping']) retrieved from /home/angry/mlops_4/venv4/lib/python3.10/site-packages/airflow/example_dags/example_dynamic_task_mapping.py
[2024-01-18T21:43:18.235+0300] {logging_mixin.py:137} INFO - [2024-01-18T21:43:18.235+0300] {dag.py:2705} INFO - Sync 1 DAGs
[2024-01-18T21:43:18.278+0300] {logging_mixin.py:137} INFO - [2024-01-18T21:43:18.277+0300] {dag.py:3452} INFO - Setting next_dagrun for example_dynamic_task_mapping to 2022-03-04T00:00:00+00:00, run_after=2022-03-05T00:00:00+00:00
[2024-01-18T21:43:18.316+0300] {processor.py:175} INFO - Processing /home/angry/mlops_4/venv4/lib/python3.10/site-packages/airflow/example_dags/example_dynamic_task_mapping.py took 0.192 seconds
[2024-01-18T21:44:06.862+0300] {processor.py:153} INFO - Started process (PID=4480) to work on /home/angry/mlops_4/venv4/lib/python3.10/site-packages/airflow/example_dags/example_dynamic_task_mapping.py
[2024-01-18T21:44:06.864+0300] {processor.py:743} INFO - Processing file /home/angry/mlops_4/venv4/lib/python3.10/site-packages/airflow/example_dags/example_dynamic_task_mapping.py for tasks to queue
[2024-01-18T21:44:06.866+0300] {logging_mixin.py:137} INFO - [2024-01-18T21:44:06.865+0300] {dagbag.py:532} INFO - Filling up the DagBag from /home/angry/mlops_4/venv4/lib/python3.10/site-packages/airflow/example_dags/example_dynamic_task_mapping.py
[2024-01-18T21:44:06.921+0300] {processor.py:753} INFO - DAG(s) dict_keys(['example_dynamic_task_mapping']) retrieved from /home/angry/mlops_4/venv4/lib/python3.10/site-packages/airflow/example_dags/example_dynamic_task_mapping.py
[2024-01-18T21:44:06.962+0300] {logging_mixin.py:137} INFO - [2024-01-18T21:44:06.962+0300] {dag.py:2705} INFO - Sync 1 DAGs
[2024-01-18T21:44:06.999+0300] {logging_mixin.py:137} INFO - [2024-01-18T21:44:06.999+0300] {dag.py:3452} INFO - Setting next_dagrun for example_dynamic_task_mapping to 2022-03-04T00:00:00+00:00, run_after=2022-03-05T00:00:00+00:00
[2024-01-18T21:44:07.038+0300] {processor.py:175} INFO - Processing /home/angry/mlops_4/venv4/lib/python3.10/site-packages/airflow/example_dags/example_dynamic_task_mapping.py took 0.183 seconds
[2024-01-18T21:44:58.166+0300] {processor.py:153} INFO - Started process (PID=4544) to work on /home/angry/mlops_4/venv4/lib/python3.10/site-packages/airflow/example_dags/example_dynamic_task_mapping.py
[2024-01-18T21:44:58.169+0300] {processor.py:743} INFO - Processing file /home/angry/mlops_4/venv4/lib/python3.10/site-packages/airflow/example_dags/example_dynamic_task_mapping.py for tasks to queue
[2024-01-18T21:44:58.171+0300] {logging_mixin.py:137} INFO - [2024-01-18T21:44:58.170+0300] {dagbag.py:532} INFO - Filling up the DagBag from /home/angry/mlops_4/venv4/lib/python3.10/site-packages/airflow/example_dags/example_dynamic_task_mapping.py
[2024-01-18T21:44:58.243+0300] {processor.py:753} INFO - DAG(s) dict_keys(['example_dynamic_task_mapping']) retrieved from /home/angry/mlops_4/venv4/lib/python3.10/site-packages/airflow/example_dags/example_dynamic_task_mapping.py
[2024-01-18T21:44:58.300+0300] {logging_mixin.py:137} INFO - [2024-01-18T21:44:58.299+0300] {dag.py:2705} INFO - Sync 1 DAGs
[2024-01-18T21:44:58.348+0300] {logging_mixin.py:137} INFO - [2024-01-18T21:44:58.348+0300] {dag.py:3452} INFO - Setting next_dagrun for example_dynamic_task_mapping to 2022-03-04T00:00:00+00:00, run_after=2022-03-05T00:00:00+00:00
[2024-01-18T21:44:58.393+0300] {processor.py:175} INFO - Processing /home/angry/mlops_4/venv4/lib/python3.10/site-packages/airflow/example_dags/example_dynamic_task_mapping.py took 0.235 seconds
[2024-01-18T21:45:49.286+0300] {processor.py:153} INFO - Started process (PID=4620) to work on /home/angry/mlops_4/venv4/lib/python3.10/site-packages/airflow/example_dags/example_dynamic_task_mapping.py
[2024-01-18T21:45:49.289+0300] {processor.py:743} INFO - Processing file /home/angry/mlops_4/venv4/lib/python3.10/site-packages/airflow/example_dags/example_dynamic_task_mapping.py for tasks to queue
[2024-01-18T21:45:49.291+0300] {logging_mixin.py:137} INFO - [2024-01-18T21:45:49.290+0300] {dagbag.py:532} INFO - Filling up the DagBag from /home/angry/mlops_4/venv4/lib/python3.10/site-packages/airflow/example_dags/example_dynamic_task_mapping.py
[2024-01-18T21:45:49.346+0300] {processor.py:753} INFO - DAG(s) dict_keys(['example_dynamic_task_mapping']) retrieved from /home/angry/mlops_4/venv4/lib/python3.10/site-packages/airflow/example_dags/example_dynamic_task_mapping.py
[2024-01-18T21:45:49.387+0300] {logging_mixin.py:137} INFO - [2024-01-18T21:45:49.387+0300] {dag.py:2705} INFO - Sync 1 DAGs
[2024-01-18T21:45:49.425+0300] {logging_mixin.py:137} INFO - [2024-01-18T21:45:49.425+0300] {dag.py:3452} INFO - Setting next_dagrun for example_dynamic_task_mapping to 2022-03-04T00:00:00+00:00, run_after=2022-03-05T00:00:00+00:00
[2024-01-18T21:45:49.463+0300] {processor.py:175} INFO - Processing /home/angry/mlops_4/venv4/lib/python3.10/site-packages/airflow/example_dags/example_dynamic_task_mapping.py took 0.184 seconds
[2024-01-18T21:46:37.752+0300] {processor.py:153} INFO - Started process (PID=4691) to work on /home/angry/mlops_4/venv4/lib/python3.10/site-packages/airflow/example_dags/example_dynamic_task_mapping.py
[2024-01-18T21:46:37.755+0300] {processor.py:743} INFO - Processing file /home/angry/mlops_4/venv4/lib/python3.10/site-packages/airflow/example_dags/example_dynamic_task_mapping.py for tasks to queue
[2024-01-18T21:46:37.756+0300] {logging_mixin.py:137} INFO - [2024-01-18T21:46:37.756+0300] {dagbag.py:532} INFO - Filling up the DagBag from /home/angry/mlops_4/venv4/lib/python3.10/site-packages/airflow/example_dags/example_dynamic_task_mapping.py
[2024-01-18T21:46:37.807+0300] {processor.py:753} INFO - DAG(s) dict_keys(['example_dynamic_task_mapping']) retrieved from /home/angry/mlops_4/venv4/lib/python3.10/site-packages/airflow/example_dags/example_dynamic_task_mapping.py
[2024-01-18T21:46:37.846+0300] {logging_mixin.py:137} INFO - [2024-01-18T21:46:37.846+0300] {dag.py:2705} INFO - Sync 1 DAGs
[2024-01-18T21:46:37.884+0300] {logging_mixin.py:137} INFO - [2024-01-18T21:46:37.884+0300] {dag.py:3452} INFO - Setting next_dagrun for example_dynamic_task_mapping to 2022-03-04T00:00:00+00:00, run_after=2022-03-05T00:00:00+00:00
[2024-01-18T21:46:37.929+0300] {processor.py:175} INFO - Processing /home/angry/mlops_4/venv4/lib/python3.10/site-packages/airflow/example_dags/example_dynamic_task_mapping.py took 0.183 seconds
[2024-01-18T21:47:27.568+0300] {processor.py:153} INFO - Started process (PID=4756) to work on /home/angry/mlops_4/venv4/lib/python3.10/site-packages/airflow/example_dags/example_dynamic_task_mapping.py
[2024-01-18T21:47:27.571+0300] {processor.py:743} INFO - Processing file /home/angry/mlops_4/venv4/lib/python3.10/site-packages/airflow/example_dags/example_dynamic_task_mapping.py for tasks to queue
[2024-01-18T21:47:27.573+0300] {logging_mixin.py:137} INFO - [2024-01-18T21:47:27.572+0300] {dagbag.py:532} INFO - Filling up the DagBag from /home/angry/mlops_4/venv4/lib/python3.10/site-packages/airflow/example_dags/example_dynamic_task_mapping.py
[2024-01-18T21:47:27.629+0300] {processor.py:753} INFO - DAG(s) dict_keys(['example_dynamic_task_mapping']) retrieved from /home/angry/mlops_4/venv4/lib/python3.10/site-packages/airflow/example_dags/example_dynamic_task_mapping.py
[2024-01-18T21:47:27.668+0300] {logging_mixin.py:137} INFO - [2024-01-18T21:47:27.667+0300] {dag.py:2705} INFO - Sync 1 DAGs
[2024-01-18T21:47:27.712+0300] {logging_mixin.py:137} INFO - [2024-01-18T21:47:27.711+0300] {dag.py:3452} INFO - Setting next_dagrun for example_dynamic_task_mapping to 2022-03-04T00:00:00+00:00, run_after=2022-03-05T00:00:00+00:00
[2024-01-18T21:47:27.751+0300] {processor.py:175} INFO - Processing /home/angry/mlops_4/venv4/lib/python3.10/site-packages/airflow/example_dags/example_dynamic_task_mapping.py took 0.190 seconds
[2024-01-18T21:48:17.183+0300] {processor.py:153} INFO - Started process (PID=4822) to work on /home/angry/mlops_4/venv4/lib/python3.10/site-packages/airflow/example_dags/example_dynamic_task_mapping.py
[2024-01-18T21:48:17.185+0300] {processor.py:743} INFO - Processing file /home/angry/mlops_4/venv4/lib/python3.10/site-packages/airflow/example_dags/example_dynamic_task_mapping.py for tasks to queue
[2024-01-18T21:48:17.186+0300] {logging_mixin.py:137} INFO - [2024-01-18T21:48:17.186+0300] {dagbag.py:532} INFO - Filling up the DagBag from /home/angry/mlops_4/venv4/lib/python3.10/site-packages/airflow/example_dags/example_dynamic_task_mapping.py
[2024-01-18T21:48:17.238+0300] {processor.py:753} INFO - DAG(s) dict_keys(['example_dynamic_task_mapping']) retrieved from /home/angry/mlops_4/venv4/lib/python3.10/site-packages/airflow/example_dags/example_dynamic_task_mapping.py
[2024-01-18T21:48:17.276+0300] {logging_mixin.py:137} INFO - [2024-01-18T21:48:17.276+0300] {dag.py:2705} INFO - Sync 1 DAGs
[2024-01-18T21:48:17.323+0300] {logging_mixin.py:137} INFO - [2024-01-18T21:48:17.323+0300] {dag.py:3452} INFO - Setting next_dagrun for example_dynamic_task_mapping to 2022-03-04T00:00:00+00:00, run_after=2022-03-05T00:00:00+00:00
[2024-01-18T21:48:17.359+0300] {processor.py:175} INFO - Processing /home/angry/mlops_4/venv4/lib/python3.10/site-packages/airflow/example_dags/example_dynamic_task_mapping.py took 0.184 seconds
[2024-01-18T21:49:10.146+0300] {processor.py:153} INFO - Started process (PID=4874) to work on /home/angry/mlops_4/venv4/lib/python3.10/site-packages/airflow/example_dags/example_dynamic_task_mapping.py
[2024-01-18T21:49:10.149+0300] {processor.py:743} INFO - Processing file /home/angry/mlops_4/venv4/lib/python3.10/site-packages/airflow/example_dags/example_dynamic_task_mapping.py for tasks to queue
[2024-01-18T21:49:10.151+0300] {logging_mixin.py:137} INFO - [2024-01-18T21:49:10.151+0300] {dagbag.py:532} INFO - Filling up the DagBag from /home/angry/mlops_4/venv4/lib/python3.10/site-packages/airflow/example_dags/example_dynamic_task_mapping.py
[2024-01-18T21:49:10.212+0300] {processor.py:753} INFO - DAG(s) dict_keys(['example_dynamic_task_mapping']) retrieved from /home/angry/mlops_4/venv4/lib/python3.10/site-packages/airflow/example_dags/example_dynamic_task_mapping.py
[2024-01-18T21:49:10.254+0300] {logging_mixin.py:137} INFO - [2024-01-18T21:49:10.254+0300] {dag.py:2705} INFO - Sync 1 DAGs
[2024-01-18T21:49:10.294+0300] {logging_mixin.py:137} INFO - [2024-01-18T21:49:10.293+0300] {dag.py:3452} INFO - Setting next_dagrun for example_dynamic_task_mapping to 2022-03-04T00:00:00+00:00, run_after=2022-03-05T00:00:00+00:00
[2024-01-18T21:49:10.334+0300] {processor.py:175} INFO - Processing /home/angry/mlops_4/venv4/lib/python3.10/site-packages/airflow/example_dags/example_dynamic_task_mapping.py took 0.196 seconds
[2024-01-18T21:50:00.490+0300] {processor.py:153} INFO - Started process (PID=4921) to work on /home/angry/mlops_4/venv4/lib/python3.10/site-packages/airflow/example_dags/example_dynamic_task_mapping.py
[2024-01-18T21:50:00.492+0300] {processor.py:743} INFO - Processing file /home/angry/mlops_4/venv4/lib/python3.10/site-packages/airflow/example_dags/example_dynamic_task_mapping.py for tasks to queue
[2024-01-18T21:50:00.496+0300] {logging_mixin.py:137} INFO - [2024-01-18T21:50:00.496+0300] {dagbag.py:532} INFO - Filling up the DagBag from /home/angry/mlops_4/venv4/lib/python3.10/site-packages/airflow/example_dags/example_dynamic_task_mapping.py
[2024-01-18T21:50:00.555+0300] {processor.py:753} INFO - DAG(s) dict_keys(['example_dynamic_task_mapping']) retrieved from /home/angry/mlops_4/venv4/lib/python3.10/site-packages/airflow/example_dags/example_dynamic_task_mapping.py
[2024-01-18T21:50:00.596+0300] {logging_mixin.py:137} INFO - [2024-01-18T21:50:00.596+0300] {dag.py:2705} INFO - Sync 1 DAGs
[2024-01-18T21:50:00.635+0300] {logging_mixin.py:137} INFO - [2024-01-18T21:50:00.635+0300] {dag.py:3452} INFO - Setting next_dagrun for example_dynamic_task_mapping to 2022-03-04T00:00:00+00:00, run_after=2022-03-05T00:00:00+00:00
[2024-01-18T21:50:00.674+0300] {processor.py:175} INFO - Processing /home/angry/mlops_4/venv4/lib/python3.10/site-packages/airflow/example_dags/example_dynamic_task_mapping.py took 0.194 seconds
[2024-01-18T21:50:51.459+0300] {processor.py:153} INFO - Started process (PID=4971) to work on /home/angry/mlops_4/venv4/lib/python3.10/site-packages/airflow/example_dags/example_dynamic_task_mapping.py
[2024-01-18T21:50:51.461+0300] {processor.py:743} INFO - Processing file /home/angry/mlops_4/venv4/lib/python3.10/site-packages/airflow/example_dags/example_dynamic_task_mapping.py for tasks to queue
[2024-01-18T21:50:51.463+0300] {logging_mixin.py:137} INFO - [2024-01-18T21:50:51.462+0300] {dagbag.py:532} INFO - Filling up the DagBag from /home/angry/mlops_4/venv4/lib/python3.10/site-packages/airflow/example_dags/example_dynamic_task_mapping.py
[2024-01-18T21:50:51.520+0300] {processor.py:753} INFO - DAG(s) dict_keys(['example_dynamic_task_mapping']) retrieved from /home/angry/mlops_4/venv4/lib/python3.10/site-packages/airflow/example_dags/example_dynamic_task_mapping.py
[2024-01-18T21:50:51.562+0300] {logging_mixin.py:137} INFO - [2024-01-18T21:50:51.562+0300] {dag.py:2705} INFO - Sync 1 DAGs
[2024-01-18T21:50:51.604+0300] {logging_mixin.py:137} INFO - [2024-01-18T21:50:51.603+0300] {dag.py:3452} INFO - Setting next_dagrun for example_dynamic_task_mapping to 2022-03-04T00:00:00+00:00, run_after=2022-03-05T00:00:00+00:00
[2024-01-18T21:50:51.645+0300] {processor.py:175} INFO - Processing /home/angry/mlops_4/venv4/lib/python3.10/site-packages/airflow/example_dags/example_dynamic_task_mapping.py took 0.195 seconds
[2024-01-18T21:51:43.139+0300] {processor.py:153} INFO - Started process (PID=5019) to work on /home/angry/mlops_4/venv4/lib/python3.10/site-packages/airflow/example_dags/example_dynamic_task_mapping.py
[2024-01-18T21:51:43.142+0300] {processor.py:743} INFO - Processing file /home/angry/mlops_4/venv4/lib/python3.10/site-packages/airflow/example_dags/example_dynamic_task_mapping.py for tasks to queue
[2024-01-18T21:51:43.144+0300] {logging_mixin.py:137} INFO - [2024-01-18T21:51:43.144+0300] {dagbag.py:532} INFO - Filling up the DagBag from /home/angry/mlops_4/venv4/lib/python3.10/site-packages/airflow/example_dags/example_dynamic_task_mapping.py
[2024-01-18T21:51:43.215+0300] {processor.py:753} INFO - DAG(s) dict_keys(['example_dynamic_task_mapping']) retrieved from /home/angry/mlops_4/venv4/lib/python3.10/site-packages/airflow/example_dags/example_dynamic_task_mapping.py
[2024-01-18T21:51:43.255+0300] {logging_mixin.py:137} INFO - [2024-01-18T21:51:43.254+0300] {dag.py:2705} INFO - Sync 1 DAGs
[2024-01-18T21:51:43.294+0300] {logging_mixin.py:137} INFO - [2024-01-18T21:51:43.293+0300] {dag.py:3452} INFO - Setting next_dagrun for example_dynamic_task_mapping to 2022-03-04T00:00:00+00:00, run_after=2022-03-05T00:00:00+00:00
[2024-01-18T21:51:43.335+0300] {processor.py:175} INFO - Processing /home/angry/mlops_4/venv4/lib/python3.10/site-packages/airflow/example_dags/example_dynamic_task_mapping.py took 0.204 seconds
[2024-01-18T21:52:39.026+0300] {processor.py:153} INFO - Started process (PID=5072) to work on /home/angry/mlops_4/venv4/lib/python3.10/site-packages/airflow/example_dags/example_dynamic_task_mapping.py
[2024-01-18T21:52:39.032+0300] {processor.py:743} INFO - Processing file /home/angry/mlops_4/venv4/lib/python3.10/site-packages/airflow/example_dags/example_dynamic_task_mapping.py for tasks to queue
[2024-01-18T21:52:39.034+0300] {logging_mixin.py:137} INFO - [2024-01-18T21:52:39.034+0300] {dagbag.py:532} INFO - Filling up the DagBag from /home/angry/mlops_4/venv4/lib/python3.10/site-packages/airflow/example_dags/example_dynamic_task_mapping.py
[2024-01-18T21:52:39.124+0300] {processor.py:753} INFO - DAG(s) dict_keys(['example_dynamic_task_mapping']) retrieved from /home/angry/mlops_4/venv4/lib/python3.10/site-packages/airflow/example_dags/example_dynamic_task_mapping.py
[2024-01-18T21:52:39.188+0300] {logging_mixin.py:137} INFO - [2024-01-18T21:52:39.185+0300] {dag.py:2705} INFO - Sync 1 DAGs
[2024-01-18T21:52:39.258+0300] {logging_mixin.py:137} INFO - [2024-01-18T21:52:39.258+0300] {dag.py:3452} INFO - Setting next_dagrun for example_dynamic_task_mapping to 2022-03-04T00:00:00+00:00, run_after=2022-03-05T00:00:00+00:00
[2024-01-18T21:52:39.367+0300] {processor.py:175} INFO - Processing /home/angry/mlops_4/venv4/lib/python3.10/site-packages/airflow/example_dags/example_dynamic_task_mapping.py took 0.364 seconds
[2024-01-18T21:53:36.744+0300] {processor.py:153} INFO - Started process (PID=5129) to work on /home/angry/mlops_4/venv4/lib/python3.10/site-packages/airflow/example_dags/example_dynamic_task_mapping.py
[2024-01-18T21:53:36.748+0300] {processor.py:743} INFO - Processing file /home/angry/mlops_4/venv4/lib/python3.10/site-packages/airflow/example_dags/example_dynamic_task_mapping.py for tasks to queue
[2024-01-18T21:53:36.750+0300] {logging_mixin.py:137} INFO - [2024-01-18T21:53:36.750+0300] {dagbag.py:532} INFO - Filling up the DagBag from /home/angry/mlops_4/venv4/lib/python3.10/site-packages/airflow/example_dags/example_dynamic_task_mapping.py
[2024-01-18T21:53:36.882+0300] {processor.py:753} INFO - DAG(s) dict_keys(['example_dynamic_task_mapping']) retrieved from /home/angry/mlops_4/venv4/lib/python3.10/site-packages/airflow/example_dags/example_dynamic_task_mapping.py
[2024-01-18T21:53:36.974+0300] {logging_mixin.py:137} INFO - [2024-01-18T21:53:36.974+0300] {dag.py:2705} INFO - Sync 1 DAGs
[2024-01-18T21:53:37.102+0300] {logging_mixin.py:137} INFO - [2024-01-18T21:53:37.100+0300] {dag.py:3452} INFO - Setting next_dagrun for example_dynamic_task_mapping to 2022-03-04T00:00:00+00:00, run_after=2022-03-05T00:00:00+00:00
[2024-01-18T21:53:37.190+0300] {processor.py:175} INFO - Processing /home/angry/mlops_4/venv4/lib/python3.10/site-packages/airflow/example_dags/example_dynamic_task_mapping.py took 0.465 seconds
[2024-01-18T22:00:47.039+0300] {processor.py:153} INFO - Started process (PID=5515) to work on /home/angry/mlops_4/venv4/lib/python3.10/site-packages/airflow/example_dags/example_dynamic_task_mapping.py
[2024-01-18T22:00:47.042+0300] {processor.py:743} INFO - Processing file /home/angry/mlops_4/venv4/lib/python3.10/site-packages/airflow/example_dags/example_dynamic_task_mapping.py for tasks to queue
[2024-01-18T22:00:47.044+0300] {logging_mixin.py:137} INFO - [2024-01-18T22:00:47.044+0300] {dagbag.py:532} INFO - Filling up the DagBag from /home/angry/mlops_4/venv4/lib/python3.10/site-packages/airflow/example_dags/example_dynamic_task_mapping.py
[2024-01-18T22:00:47.099+0300] {processor.py:753} INFO - DAG(s) dict_keys(['example_dynamic_task_mapping']) retrieved from /home/angry/mlops_4/venv4/lib/python3.10/site-packages/airflow/example_dags/example_dynamic_task_mapping.py
[2024-01-18T22:00:47.156+0300] {logging_mixin.py:137} INFO - [2024-01-18T22:00:47.156+0300] {dag.py:2705} INFO - Sync 1 DAGs
[2024-01-18T22:00:47.198+0300] {logging_mixin.py:137} INFO - [2024-01-18T22:00:47.198+0300] {dag.py:3452} INFO - Setting next_dagrun for example_dynamic_task_mapping to 2022-03-04T00:00:00+00:00, run_after=2022-03-05T00:00:00+00:00
[2024-01-18T22:00:47.256+0300] {processor.py:175} INFO - Processing /home/angry/mlops_4/venv4/lib/python3.10/site-packages/airflow/example_dags/example_dynamic_task_mapping.py took 0.234 seconds
