[2024-01-18T21:36:49.881+0300] {processor.py:153} INFO - Started process (PID=3299) to work on /home/angry/mlops_4/venv4/lib/python3.10/site-packages/airflow/example_dags/example_xcom.py
[2024-01-18T21:36:49.882+0300] {processor.py:743} INFO - Processing file /home/angry/mlops_4/venv4/lib/python3.10/site-packages/airflow/example_dags/example_xcom.py for tasks to queue
[2024-01-18T21:36:49.884+0300] {logging_mixin.py:137} INFO - [2024-01-18T21:36:49.883+0300] {dagbag.py:532} INFO - Filling up the DagBag from /home/angry/mlops_4/venv4/lib/python3.10/site-packages/airflow/example_dags/example_xcom.py
[2024-01-18T21:36:49.937+0300] {processor.py:753} INFO - DAG(s) dict_keys(['example_xcom']) retrieved from /home/angry/mlops_4/venv4/lib/python3.10/site-packages/airflow/example_dags/example_xcom.py
[2024-01-18T21:36:49.953+0300] {logging_mixin.py:137} INFO - [2024-01-18T21:36:49.953+0300] {dag.py:2705} INFO - Sync 1 DAGs
[2024-01-18T21:36:49.997+0300] {logging_mixin.py:137} INFO - [2024-01-18T21:36:49.997+0300] {dag.py:3452} INFO - Setting next_dagrun for example_xcom to 2021-01-01T00:00:00+00:00, run_after=2021-01-01T00:00:00+00:00
[2024-01-18T21:36:50.037+0300] {processor.py:175} INFO - Processing /home/angry/mlops_4/venv4/lib/python3.10/site-packages/airflow/example_dags/example_xcom.py took 0.164 seconds
[2024-01-18T21:37:44.900+0300] {processor.py:153} INFO - Started process (PID=3364) to work on /home/angry/mlops_4/venv4/lib/python3.10/site-packages/airflow/example_dags/example_xcom.py
[2024-01-18T21:37:44.903+0300] {processor.py:743} INFO - Processing file /home/angry/mlops_4/venv4/lib/python3.10/site-packages/airflow/example_dags/example_xcom.py for tasks to queue
[2024-01-18T21:37:44.904+0300] {logging_mixin.py:137} INFO - [2024-01-18T21:37:44.904+0300] {dagbag.py:532} INFO - Filling up the DagBag from /home/angry/mlops_4/venv4/lib/python3.10/site-packages/airflow/example_dags/example_xcom.py
[2024-01-18T21:37:44.964+0300] {processor.py:753} INFO - DAG(s) dict_keys(['example_xcom']) retrieved from /home/angry/mlops_4/venv4/lib/python3.10/site-packages/airflow/example_dags/example_xcom.py
[2024-01-18T21:37:45.010+0300] {logging_mixin.py:137} INFO - [2024-01-18T21:37:45.010+0300] {dag.py:2705} INFO - Sync 1 DAGs
[2024-01-18T21:37:45.225+0300] {logging_mixin.py:137} INFO - [2024-01-18T21:37:45.224+0300] {dag.py:3452} INFO - Setting next_dagrun for example_xcom to 2021-01-01T00:00:00+00:00, run_after=2021-01-01T00:00:00+00:00
[2024-01-18T21:37:45.260+0300] {processor.py:175} INFO - Processing /home/angry/mlops_4/venv4/lib/python3.10/site-packages/airflow/example_dags/example_xcom.py took 0.368 seconds
[2024-01-18T21:38:55.718+0300] {processor.py:153} INFO - Started process (PID=4118) to work on /home/angry/mlops_4/venv4/lib/python3.10/site-packages/airflow/example_dags/example_xcom.py
[2024-01-18T21:38:55.722+0300] {processor.py:743} INFO - Processing file /home/angry/mlops_4/venv4/lib/python3.10/site-packages/airflow/example_dags/example_xcom.py for tasks to queue
[2024-01-18T21:38:55.723+0300] {logging_mixin.py:137} INFO - [2024-01-18T21:38:55.723+0300] {dagbag.py:532} INFO - Filling up the DagBag from /home/angry/mlops_4/venv4/lib/python3.10/site-packages/airflow/example_dags/example_xcom.py
[2024-01-18T21:38:55.787+0300] {processor.py:753} INFO - DAG(s) dict_keys(['example_xcom']) retrieved from /home/angry/mlops_4/venv4/lib/python3.10/site-packages/airflow/example_dags/example_xcom.py
[2024-01-18T21:38:56.136+0300] {logging_mixin.py:137} INFO - [2024-01-18T21:38:56.136+0300] {dag.py:2705} INFO - Sync 1 DAGs
[2024-01-18T21:38:56.177+0300] {logging_mixin.py:137} INFO - [2024-01-18T21:38:56.176+0300] {dag.py:3452} INFO - Setting next_dagrun for example_xcom to 2021-01-01T00:00:00+00:00, run_after=2021-01-01T00:00:00+00:00
[2024-01-18T21:38:56.213+0300] {processor.py:175} INFO - Processing /home/angry/mlops_4/venv4/lib/python3.10/site-packages/airflow/example_dags/example_xcom.py took 0.503 seconds
[2024-01-18T21:40:00.028+0300] {processor.py:153} INFO - Started process (PID=4186) to work on /home/angry/mlops_4/venv4/lib/python3.10/site-packages/airflow/example_dags/example_xcom.py
[2024-01-18T21:40:00.030+0300] {processor.py:743} INFO - Processing file /home/angry/mlops_4/venv4/lib/python3.10/site-packages/airflow/example_dags/example_xcom.py for tasks to queue
[2024-01-18T21:40:00.032+0300] {logging_mixin.py:137} INFO - [2024-01-18T21:40:00.032+0300] {dagbag.py:532} INFO - Filling up the DagBag from /home/angry/mlops_4/venv4/lib/python3.10/site-packages/airflow/example_dags/example_xcom.py
[2024-01-18T21:40:00.106+0300] {processor.py:753} INFO - DAG(s) dict_keys(['example_xcom']) retrieved from /home/angry/mlops_4/venv4/lib/python3.10/site-packages/airflow/example_dags/example_xcom.py
[2024-01-18T21:40:00.400+0300] {logging_mixin.py:137} INFO - [2024-01-18T21:40:00.400+0300] {dag.py:2705} INFO - Sync 1 DAGs
[2024-01-18T21:40:00.435+0300] {logging_mixin.py:137} INFO - [2024-01-18T21:40:00.434+0300] {dag.py:3452} INFO - Setting next_dagrun for example_xcom to 2021-01-01T00:00:00+00:00, run_after=2021-01-01T00:00:00+00:00
[2024-01-18T21:40:00.475+0300] {processor.py:175} INFO - Processing /home/angry/mlops_4/venv4/lib/python3.10/site-packages/airflow/example_dags/example_xcom.py took 0.467 seconds
[2024-01-18T21:41:03.974+0300] {processor.py:153} INFO - Started process (PID=4271) to work on /home/angry/mlops_4/venv4/lib/python3.10/site-packages/airflow/example_dags/example_xcom.py
[2024-01-18T21:41:03.976+0300] {processor.py:743} INFO - Processing file /home/angry/mlops_4/venv4/lib/python3.10/site-packages/airflow/example_dags/example_xcom.py for tasks to queue
[2024-01-18T21:41:03.978+0300] {logging_mixin.py:137} INFO - [2024-01-18T21:41:03.978+0300] {dagbag.py:532} INFO - Filling up the DagBag from /home/angry/mlops_4/venv4/lib/python3.10/site-packages/airflow/example_dags/example_xcom.py
[2024-01-18T21:41:04.349+0300] {processor.py:753} INFO - DAG(s) dict_keys(['example_xcom']) retrieved from /home/angry/mlops_4/venv4/lib/python3.10/site-packages/airflow/example_dags/example_xcom.py
[2024-01-18T21:41:04.390+0300] {logging_mixin.py:137} INFO - [2024-01-18T21:41:04.390+0300] {dag.py:2705} INFO - Sync 1 DAGs
[2024-01-18T21:41:04.424+0300] {logging_mixin.py:137} INFO - [2024-01-18T21:41:04.424+0300] {dag.py:3452} INFO - Setting next_dagrun for example_xcom to 2021-01-01T00:00:00+00:00, run_after=2021-01-01T00:00:00+00:00
[2024-01-18T21:41:04.465+0300] {processor.py:175} INFO - Processing /home/angry/mlops_4/venv4/lib/python3.10/site-packages/airflow/example_dags/example_xcom.py took 0.498 seconds
[2024-01-18T21:42:05.861+0300] {processor.py:153} INFO - Started process (PID=4357) to work on /home/angry/mlops_4/venv4/lib/python3.10/site-packages/airflow/example_dags/example_xcom.py
[2024-01-18T21:42:05.864+0300] {processor.py:743} INFO - Processing file /home/angry/mlops_4/venv4/lib/python3.10/site-packages/airflow/example_dags/example_xcom.py for tasks to queue
[2024-01-18T21:42:05.865+0300] {logging_mixin.py:137} INFO - [2024-01-18T21:42:05.865+0300] {dagbag.py:532} INFO - Filling up the DagBag from /home/angry/mlops_4/venv4/lib/python3.10/site-packages/airflow/example_dags/example_xcom.py
[2024-01-18T21:42:06.169+0300] {processor.py:753} INFO - DAG(s) dict_keys(['example_xcom']) retrieved from /home/angry/mlops_4/venv4/lib/python3.10/site-packages/airflow/example_dags/example_xcom.py
[2024-01-18T21:42:06.212+0300] {logging_mixin.py:137} INFO - [2024-01-18T21:42:06.211+0300] {dag.py:2705} INFO - Sync 1 DAGs
[2024-01-18T21:42:06.251+0300] {logging_mixin.py:137} INFO - [2024-01-18T21:42:06.250+0300] {dag.py:3452} INFO - Setting next_dagrun for example_xcom to 2021-01-01T00:00:00+00:00, run_after=2021-01-01T00:00:00+00:00
[2024-01-18T21:42:06.293+0300] {processor.py:175} INFO - Processing /home/angry/mlops_4/venv4/lib/python3.10/site-packages/airflow/example_dags/example_xcom.py took 0.439 seconds
[2024-01-18T21:43:02.443+0300] {processor.py:153} INFO - Started process (PID=4410) to work on /home/angry/mlops_4/venv4/lib/python3.10/site-packages/airflow/example_dags/example_xcom.py
[2024-01-18T21:43:02.446+0300] {processor.py:743} INFO - Processing file /home/angry/mlops_4/venv4/lib/python3.10/site-packages/airflow/example_dags/example_xcom.py for tasks to queue
[2024-01-18T21:43:02.448+0300] {logging_mixin.py:137} INFO - [2024-01-18T21:43:02.447+0300] {dagbag.py:532} INFO - Filling up the DagBag from /home/angry/mlops_4/venv4/lib/python3.10/site-packages/airflow/example_dags/example_xcom.py
[2024-01-18T21:43:02.508+0300] {processor.py:753} INFO - DAG(s) dict_keys(['example_xcom']) retrieved from /home/angry/mlops_4/venv4/lib/python3.10/site-packages/airflow/example_dags/example_xcom.py
[2024-01-18T21:43:02.550+0300] {logging_mixin.py:137} INFO - [2024-01-18T21:43:02.549+0300] {dag.py:2705} INFO - Sync 1 DAGs
[2024-01-18T21:43:02.589+0300] {logging_mixin.py:137} INFO - [2024-01-18T21:43:02.588+0300] {dag.py:3452} INFO - Setting next_dagrun for example_xcom to 2021-01-01T00:00:00+00:00, run_after=2021-01-01T00:00:00+00:00
[2024-01-18T21:43:02.627+0300] {processor.py:175} INFO - Processing /home/angry/mlops_4/venv4/lib/python3.10/site-packages/airflow/example_dags/example_xcom.py took 0.191 seconds
[2024-01-18T21:43:50.815+0300] {processor.py:153} INFO - Started process (PID=4464) to work on /home/angry/mlops_4/venv4/lib/python3.10/site-packages/airflow/example_dags/example_xcom.py
[2024-01-18T21:43:50.818+0300] {processor.py:743} INFO - Processing file /home/angry/mlops_4/venv4/lib/python3.10/site-packages/airflow/example_dags/example_xcom.py for tasks to queue
[2024-01-18T21:43:50.819+0300] {logging_mixin.py:137} INFO - [2024-01-18T21:43:50.819+0300] {dagbag.py:532} INFO - Filling up the DagBag from /home/angry/mlops_4/venv4/lib/python3.10/site-packages/airflow/example_dags/example_xcom.py
[2024-01-18T21:43:50.872+0300] {processor.py:753} INFO - DAG(s) dict_keys(['example_xcom']) retrieved from /home/angry/mlops_4/venv4/lib/python3.10/site-packages/airflow/example_dags/example_xcom.py
[2024-01-18T21:43:50.912+0300] {logging_mixin.py:137} INFO - [2024-01-18T21:43:50.912+0300] {dag.py:2705} INFO - Sync 1 DAGs
[2024-01-18T21:43:50.951+0300] {logging_mixin.py:137} INFO - [2024-01-18T21:43:50.951+0300] {dag.py:3452} INFO - Setting next_dagrun for example_xcom to 2021-01-01T00:00:00+00:00, run_after=2021-01-01T00:00:00+00:00
[2024-01-18T21:43:51.003+0300] {processor.py:175} INFO - Processing /home/angry/mlops_4/venv4/lib/python3.10/site-packages/airflow/example_dags/example_xcom.py took 0.196 seconds
[2024-01-18T21:44:41.070+0300] {processor.py:153} INFO - Started process (PID=4520) to work on /home/angry/mlops_4/venv4/lib/python3.10/site-packages/airflow/example_dags/example_xcom.py
[2024-01-18T21:44:41.075+0300] {processor.py:743} INFO - Processing file /home/angry/mlops_4/venv4/lib/python3.10/site-packages/airflow/example_dags/example_xcom.py for tasks to queue
[2024-01-18T21:44:41.077+0300] {logging_mixin.py:137} INFO - [2024-01-18T21:44:41.077+0300] {dagbag.py:532} INFO - Filling up the DagBag from /home/angry/mlops_4/venv4/lib/python3.10/site-packages/airflow/example_dags/example_xcom.py
[2024-01-18T21:44:41.132+0300] {processor.py:753} INFO - DAG(s) dict_keys(['example_xcom']) retrieved from /home/angry/mlops_4/venv4/lib/python3.10/site-packages/airflow/example_dags/example_xcom.py
[2024-01-18T21:44:41.176+0300] {logging_mixin.py:137} INFO - [2024-01-18T21:44:41.176+0300] {dag.py:2705} INFO - Sync 1 DAGs
[2024-01-18T21:44:41.216+0300] {logging_mixin.py:137} INFO - [2024-01-18T21:44:41.216+0300] {dag.py:3452} INFO - Setting next_dagrun for example_xcom to 2021-01-01T00:00:00+00:00, run_after=2021-01-01T00:00:00+00:00
[2024-01-18T21:44:41.257+0300] {processor.py:175} INFO - Processing /home/angry/mlops_4/venv4/lib/python3.10/site-packages/airflow/example_dags/example_xcom.py took 0.199 seconds
[2024-01-18T21:45:33.731+0300] {processor.py:153} INFO - Started process (PID=4606) to work on /home/angry/mlops_4/venv4/lib/python3.10/site-packages/airflow/example_dags/example_xcom.py
[2024-01-18T21:45:33.733+0300] {processor.py:743} INFO - Processing file /home/angry/mlops_4/venv4/lib/python3.10/site-packages/airflow/example_dags/example_xcom.py for tasks to queue
[2024-01-18T21:45:33.735+0300] {logging_mixin.py:137} INFO - [2024-01-18T21:45:33.734+0300] {dagbag.py:532} INFO - Filling up the DagBag from /home/angry/mlops_4/venv4/lib/python3.10/site-packages/airflow/example_dags/example_xcom.py
[2024-01-18T21:45:33.792+0300] {processor.py:753} INFO - DAG(s) dict_keys(['example_xcom']) retrieved from /home/angry/mlops_4/venv4/lib/python3.10/site-packages/airflow/example_dags/example_xcom.py
[2024-01-18T21:45:33.839+0300] {logging_mixin.py:137} INFO - [2024-01-18T21:45:33.838+0300] {dag.py:2705} INFO - Sync 1 DAGs
[2024-01-18T21:45:33.876+0300] {logging_mixin.py:137} INFO - [2024-01-18T21:45:33.875+0300] {dag.py:3452} INFO - Setting next_dagrun for example_xcom to 2021-01-01T00:00:00+00:00, run_after=2021-01-01T00:00:00+00:00
[2024-01-18T21:45:33.915+0300] {processor.py:175} INFO - Processing /home/angry/mlops_4/venv4/lib/python3.10/site-packages/airflow/example_dags/example_xcom.py took 0.192 seconds
[2024-01-18T21:46:24.706+0300] {processor.py:153} INFO - Started process (PID=4672) to work on /home/angry/mlops_4/venv4/lib/python3.10/site-packages/airflow/example_dags/example_xcom.py
[2024-01-18T21:46:24.709+0300] {processor.py:743} INFO - Processing file /home/angry/mlops_4/venv4/lib/python3.10/site-packages/airflow/example_dags/example_xcom.py for tasks to queue
[2024-01-18T21:46:24.710+0300] {logging_mixin.py:137} INFO - [2024-01-18T21:46:24.710+0300] {dagbag.py:532} INFO - Filling up the DagBag from /home/angry/mlops_4/venv4/lib/python3.10/site-packages/airflow/example_dags/example_xcom.py
[2024-01-18T21:46:24.767+0300] {processor.py:753} INFO - DAG(s) dict_keys(['example_xcom']) retrieved from /home/angry/mlops_4/venv4/lib/python3.10/site-packages/airflow/example_dags/example_xcom.py
[2024-01-18T21:46:24.811+0300] {logging_mixin.py:137} INFO - [2024-01-18T21:46:24.811+0300] {dag.py:2705} INFO - Sync 1 DAGs
[2024-01-18T21:46:24.853+0300] {logging_mixin.py:137} INFO - [2024-01-18T21:46:24.852+0300] {dag.py:3452} INFO - Setting next_dagrun for example_xcom to 2021-01-01T00:00:00+00:00, run_after=2021-01-01T00:00:00+00:00
[2024-01-18T21:46:24.892+0300] {processor.py:175} INFO - Processing /home/angry/mlops_4/venv4/lib/python3.10/site-packages/airflow/example_dags/example_xcom.py took 0.194 seconds
[2024-01-18T21:47:12.654+0300] {processor.py:153} INFO - Started process (PID=4725) to work on /home/angry/mlops_4/venv4/lib/python3.10/site-packages/airflow/example_dags/example_xcom.py
[2024-01-18T21:47:12.657+0300] {processor.py:743} INFO - Processing file /home/angry/mlops_4/venv4/lib/python3.10/site-packages/airflow/example_dags/example_xcom.py for tasks to queue
[2024-01-18T21:47:12.659+0300] {logging_mixin.py:137} INFO - [2024-01-18T21:47:12.659+0300] {dagbag.py:532} INFO - Filling up the DagBag from /home/angry/mlops_4/venv4/lib/python3.10/site-packages/airflow/example_dags/example_xcom.py
[2024-01-18T21:47:12.716+0300] {processor.py:753} INFO - DAG(s) dict_keys(['example_xcom']) retrieved from /home/angry/mlops_4/venv4/lib/python3.10/site-packages/airflow/example_dags/example_xcom.py
[2024-01-18T21:47:12.763+0300] {logging_mixin.py:137} INFO - [2024-01-18T21:47:12.763+0300] {dag.py:2705} INFO - Sync 1 DAGs
[2024-01-18T21:47:12.808+0300] {logging_mixin.py:137} INFO - [2024-01-18T21:47:12.807+0300] {dag.py:3452} INFO - Setting next_dagrun for example_xcom to 2021-01-01T00:00:00+00:00, run_after=2021-01-01T00:00:00+00:00
[2024-01-18T21:47:12.853+0300] {processor.py:175} INFO - Processing /home/angry/mlops_4/venv4/lib/python3.10/site-packages/airflow/example_dags/example_xcom.py took 0.206 seconds
[2024-01-18T21:48:03.164+0300] {processor.py:153} INFO - Started process (PID=4807) to work on /home/angry/mlops_4/venv4/lib/python3.10/site-packages/airflow/example_dags/example_xcom.py
[2024-01-18T21:48:03.167+0300] {processor.py:743} INFO - Processing file /home/angry/mlops_4/venv4/lib/python3.10/site-packages/airflow/example_dags/example_xcom.py for tasks to queue
[2024-01-18T21:48:03.168+0300] {logging_mixin.py:137} INFO - [2024-01-18T21:48:03.168+0300] {dagbag.py:532} INFO - Filling up the DagBag from /home/angry/mlops_4/venv4/lib/python3.10/site-packages/airflow/example_dags/example_xcom.py
[2024-01-18T21:48:03.228+0300] {processor.py:753} INFO - DAG(s) dict_keys(['example_xcom']) retrieved from /home/angry/mlops_4/venv4/lib/python3.10/site-packages/airflow/example_dags/example_xcom.py
[2024-01-18T21:48:03.275+0300] {logging_mixin.py:137} INFO - [2024-01-18T21:48:03.275+0300] {dag.py:2705} INFO - Sync 1 DAGs
[2024-01-18T21:48:03.319+0300] {logging_mixin.py:137} INFO - [2024-01-18T21:48:03.319+0300] {dag.py:3452} INFO - Setting next_dagrun for example_xcom to 2021-01-01T00:00:00+00:00, run_after=2021-01-01T00:00:00+00:00
[2024-01-18T21:48:03.363+0300] {processor.py:175} INFO - Processing /home/angry/mlops_4/venv4/lib/python3.10/site-packages/airflow/example_dags/example_xcom.py took 0.206 seconds
[2024-01-18T21:48:54.052+0300] {processor.py:153} INFO - Started process (PID=4858) to work on /home/angry/mlops_4/venv4/lib/python3.10/site-packages/airflow/example_dags/example_xcom.py
[2024-01-18T21:48:54.055+0300] {processor.py:743} INFO - Processing file /home/angry/mlops_4/venv4/lib/python3.10/site-packages/airflow/example_dags/example_xcom.py for tasks to queue
[2024-01-18T21:48:54.057+0300] {logging_mixin.py:137} INFO - [2024-01-18T21:48:54.057+0300] {dagbag.py:532} INFO - Filling up the DagBag from /home/angry/mlops_4/venv4/lib/python3.10/site-packages/airflow/example_dags/example_xcom.py
[2024-01-18T21:48:54.184+0300] {processor.py:753} INFO - DAG(s) dict_keys(['example_xcom']) retrieved from /home/angry/mlops_4/venv4/lib/python3.10/site-packages/airflow/example_dags/example_xcom.py
[2024-01-18T21:48:54.230+0300] {logging_mixin.py:137} INFO - [2024-01-18T21:48:54.230+0300] {dag.py:2705} INFO - Sync 1 DAGs
[2024-01-18T21:48:54.270+0300] {logging_mixin.py:137} INFO - [2024-01-18T21:48:54.269+0300] {dag.py:3452} INFO - Setting next_dagrun for example_xcom to 2021-01-01T00:00:00+00:00, run_after=2021-01-01T00:00:00+00:00
[2024-01-18T21:48:54.313+0300] {processor.py:175} INFO - Processing /home/angry/mlops_4/venv4/lib/python3.10/site-packages/airflow/example_dags/example_xcom.py took 0.268 seconds
[2024-01-18T21:49:43.432+0300] {processor.py:153} INFO - Started process (PID=4907) to work on /home/angry/mlops_4/venv4/lib/python3.10/site-packages/airflow/example_dags/example_xcom.py
[2024-01-18T21:49:43.435+0300] {processor.py:743} INFO - Processing file /home/angry/mlops_4/venv4/lib/python3.10/site-packages/airflow/example_dags/example_xcom.py for tasks to queue
[2024-01-18T21:49:43.437+0300] {logging_mixin.py:137} INFO - [2024-01-18T21:49:43.436+0300] {dagbag.py:532} INFO - Filling up the DagBag from /home/angry/mlops_4/venv4/lib/python3.10/site-packages/airflow/example_dags/example_xcom.py
[2024-01-18T21:49:43.490+0300] {processor.py:753} INFO - DAG(s) dict_keys(['example_xcom']) retrieved from /home/angry/mlops_4/venv4/lib/python3.10/site-packages/airflow/example_dags/example_xcom.py
[2024-01-18T21:49:43.533+0300] {logging_mixin.py:137} INFO - [2024-01-18T21:49:43.533+0300] {dag.py:2705} INFO - Sync 1 DAGs
[2024-01-18T21:49:43.571+0300] {logging_mixin.py:137} INFO - [2024-01-18T21:49:43.571+0300] {dag.py:3452} INFO - Setting next_dagrun for example_xcom to 2021-01-01T00:00:00+00:00, run_after=2021-01-01T00:00:00+00:00
[2024-01-18T21:49:43.612+0300] {processor.py:175} INFO - Processing /home/angry/mlops_4/venv4/lib/python3.10/site-packages/airflow/example_dags/example_xcom.py took 0.187 seconds
[2024-01-18T21:50:35.716+0300] {processor.py:153} INFO - Started process (PID=4956) to work on /home/angry/mlops_4/venv4/lib/python3.10/site-packages/airflow/example_dags/example_xcom.py
[2024-01-18T21:50:35.718+0300] {processor.py:743} INFO - Processing file /home/angry/mlops_4/venv4/lib/python3.10/site-packages/airflow/example_dags/example_xcom.py for tasks to queue
[2024-01-18T21:50:35.720+0300] {logging_mixin.py:137} INFO - [2024-01-18T21:50:35.720+0300] {dagbag.py:532} INFO - Filling up the DagBag from /home/angry/mlops_4/venv4/lib/python3.10/site-packages/airflow/example_dags/example_xcom.py
[2024-01-18T21:50:35.775+0300] {processor.py:753} INFO - DAG(s) dict_keys(['example_xcom']) retrieved from /home/angry/mlops_4/venv4/lib/python3.10/site-packages/airflow/example_dags/example_xcom.py
[2024-01-18T21:50:35.818+0300] {logging_mixin.py:137} INFO - [2024-01-18T21:50:35.818+0300] {dag.py:2705} INFO - Sync 1 DAGs
[2024-01-18T21:50:35.861+0300] {logging_mixin.py:137} INFO - [2024-01-18T21:50:35.861+0300] {dag.py:3452} INFO - Setting next_dagrun for example_xcom to 2021-01-01T00:00:00+00:00, run_after=2021-01-01T00:00:00+00:00
[2024-01-18T21:50:35.905+0300] {processor.py:175} INFO - Processing /home/angry/mlops_4/venv4/lib/python3.10/site-packages/airflow/example_dags/example_xcom.py took 0.196 seconds
[2024-01-18T21:51:25.807+0300] {processor.py:153} INFO - Started process (PID=5003) to work on /home/angry/mlops_4/venv4/lib/python3.10/site-packages/airflow/example_dags/example_xcom.py
[2024-01-18T21:51:25.810+0300] {processor.py:743} INFO - Processing file /home/angry/mlops_4/venv4/lib/python3.10/site-packages/airflow/example_dags/example_xcom.py for tasks to queue
[2024-01-18T21:51:25.811+0300] {logging_mixin.py:137} INFO - [2024-01-18T21:51:25.811+0300] {dagbag.py:532} INFO - Filling up the DagBag from /home/angry/mlops_4/venv4/lib/python3.10/site-packages/airflow/example_dags/example_xcom.py
[2024-01-18T21:51:25.865+0300] {processor.py:753} INFO - DAG(s) dict_keys(['example_xcom']) retrieved from /home/angry/mlops_4/venv4/lib/python3.10/site-packages/airflow/example_dags/example_xcom.py
[2024-01-18T21:51:25.907+0300] {logging_mixin.py:137} INFO - [2024-01-18T21:51:25.906+0300] {dag.py:2705} INFO - Sync 1 DAGs
[2024-01-18T21:51:25.944+0300] {logging_mixin.py:137} INFO - [2024-01-18T21:51:25.944+0300] {dag.py:3452} INFO - Setting next_dagrun for example_xcom to 2021-01-01T00:00:00+00:00, run_after=2021-01-01T00:00:00+00:00
[2024-01-18T21:51:25.986+0300] {processor.py:175} INFO - Processing /home/angry/mlops_4/venv4/lib/python3.10/site-packages/airflow/example_dags/example_xcom.py took 0.187 seconds
[2024-01-18T21:52:21.281+0300] {processor.py:153} INFO - Started process (PID=5058) to work on /home/angry/mlops_4/venv4/lib/python3.10/site-packages/airflow/example_dags/example_xcom.py
[2024-01-18T21:52:21.285+0300] {processor.py:743} INFO - Processing file /home/angry/mlops_4/venv4/lib/python3.10/site-packages/airflow/example_dags/example_xcom.py for tasks to queue
[2024-01-18T21:52:21.287+0300] {logging_mixin.py:137} INFO - [2024-01-18T21:52:21.287+0300] {dagbag.py:532} INFO - Filling up the DagBag from /home/angry/mlops_4/venv4/lib/python3.10/site-packages/airflow/example_dags/example_xcom.py
[2024-01-18T21:52:21.345+0300] {processor.py:753} INFO - DAG(s) dict_keys(['example_xcom']) retrieved from /home/angry/mlops_4/venv4/lib/python3.10/site-packages/airflow/example_dags/example_xcom.py
[2024-01-18T21:52:21.411+0300] {logging_mixin.py:137} INFO - [2024-01-18T21:52:21.410+0300] {dag.py:2705} INFO - Sync 1 DAGs
[2024-01-18T21:52:21.476+0300] {logging_mixin.py:137} INFO - [2024-01-18T21:52:21.475+0300] {dag.py:3452} INFO - Setting next_dagrun for example_xcom to 2021-01-01T00:00:00+00:00, run_after=2021-01-01T00:00:00+00:00
[2024-01-18T21:52:21.544+0300] {processor.py:175} INFO - Processing /home/angry/mlops_4/venv4/lib/python3.10/site-packages/airflow/example_dags/example_xcom.py took 0.272 seconds
[2024-01-18T21:53:20.039+0300] {processor.py:153} INFO - Started process (PID=5111) to work on /home/angry/mlops_4/venv4/lib/python3.10/site-packages/airflow/example_dags/example_xcom.py
[2024-01-18T21:53:20.044+0300] {processor.py:743} INFO - Processing file /home/angry/mlops_4/venv4/lib/python3.10/site-packages/airflow/example_dags/example_xcom.py for tasks to queue
[2024-01-18T21:53:20.047+0300] {logging_mixin.py:137} INFO - [2024-01-18T21:53:20.046+0300] {dagbag.py:532} INFO - Filling up the DagBag from /home/angry/mlops_4/venv4/lib/python3.10/site-packages/airflow/example_dags/example_xcom.py
[2024-01-18T21:53:20.130+0300] {processor.py:753} INFO - DAG(s) dict_keys(['example_xcom']) retrieved from /home/angry/mlops_4/venv4/lib/python3.10/site-packages/airflow/example_dags/example_xcom.py
[2024-01-18T21:53:20.183+0300] {logging_mixin.py:137} INFO - [2024-01-18T21:53:20.183+0300] {dag.py:2705} INFO - Sync 1 DAGs
[2024-01-18T21:53:20.251+0300] {logging_mixin.py:137} INFO - [2024-01-18T21:53:20.250+0300] {dag.py:3452} INFO - Setting next_dagrun for example_xcom to 2021-01-01T00:00:00+00:00, run_after=2021-01-01T00:00:00+00:00
[2024-01-18T21:53:20.292+0300] {processor.py:175} INFO - Processing /home/angry/mlops_4/venv4/lib/python3.10/site-packages/airflow/example_dags/example_xcom.py took 0.262 seconds
[2024-01-18T21:54:18.335+0300] {processor.py:153} INFO - Started process (PID=5164) to work on /home/angry/mlops_4/venv4/lib/python3.10/site-packages/airflow/example_dags/example_xcom.py
[2024-01-18T21:54:18.341+0300] {processor.py:743} INFO - Processing file /home/angry/mlops_4/venv4/lib/python3.10/site-packages/airflow/example_dags/example_xcom.py for tasks to queue
[2024-01-18T21:54:18.343+0300] {logging_mixin.py:137} INFO - [2024-01-18T21:54:18.343+0300] {dagbag.py:532} INFO - Filling up the DagBag from /home/angry/mlops_4/venv4/lib/python3.10/site-packages/airflow/example_dags/example_xcom.py
[2024-01-18T21:54:18.432+0300] {processor.py:753} INFO - DAG(s) dict_keys(['example_xcom']) retrieved from /home/angry/mlops_4/venv4/lib/python3.10/site-packages/airflow/example_dags/example_xcom.py
[2024-01-18T21:54:18.526+0300] {logging_mixin.py:137} INFO - [2024-01-18T21:54:18.526+0300] {dag.py:2705} INFO - Sync 1 DAGs
[2024-01-18T21:54:18.606+0300] {logging_mixin.py:137} INFO - [2024-01-18T21:54:18.604+0300] {dag.py:3452} INFO - Setting next_dagrun for example_xcom to 2021-01-01T00:00:00+00:00, run_after=2021-01-01T00:00:00+00:00
[2024-01-18T21:54:18.680+0300] {processor.py:175} INFO - Processing /home/angry/mlops_4/venv4/lib/python3.10/site-packages/airflow/example_dags/example_xcom.py took 0.363 seconds
[2024-01-18T22:00:28.975+0300] {processor.py:153} INFO - Started process (PID=5500) to work on /home/angry/mlops_4/venv4/lib/python3.10/site-packages/airflow/example_dags/example_xcom.py
[2024-01-18T22:00:28.980+0300] {processor.py:743} INFO - Processing file /home/angry/mlops_4/venv4/lib/python3.10/site-packages/airflow/example_dags/example_xcom.py for tasks to queue
[2024-01-18T22:00:28.983+0300] {logging_mixin.py:137} INFO - [2024-01-18T22:00:28.983+0300] {dagbag.py:532} INFO - Filling up the DagBag from /home/angry/mlops_4/venv4/lib/python3.10/site-packages/airflow/example_dags/example_xcom.py
[2024-01-18T22:00:29.061+0300] {processor.py:753} INFO - DAG(s) dict_keys(['example_xcom']) retrieved from /home/angry/mlops_4/venv4/lib/python3.10/site-packages/airflow/example_dags/example_xcom.py
[2024-01-18T22:00:29.131+0300] {logging_mixin.py:137} INFO - [2024-01-18T22:00:29.131+0300] {dag.py:2705} INFO - Sync 1 DAGs
[2024-01-18T22:00:29.194+0300] {logging_mixin.py:137} INFO - [2024-01-18T22:00:29.194+0300] {dag.py:3452} INFO - Setting next_dagrun for example_xcom to 2021-01-01T00:00:00+00:00, run_after=2021-01-01T00:00:00+00:00
[2024-01-18T22:00:29.267+0300] {processor.py:175} INFO - Processing /home/angry/mlops_4/venv4/lib/python3.10/site-packages/airflow/example_dags/example_xcom.py took 0.303 seconds
