[2024-01-18T21:37:14.341+0300] {processor.py:153} INFO - Started process (PID=3323) to work on /home/angry/mlops_4/venv4/lib/python3.10/site-packages/airflow/example_dags/example_branch_day_of_week_operator.py
[2024-01-18T21:37:14.343+0300] {processor.py:743} INFO - Processing file /home/angry/mlops_4/venv4/lib/python3.10/site-packages/airflow/example_dags/example_branch_day_of_week_operator.py for tasks to queue
[2024-01-18T21:37:14.345+0300] {logging_mixin.py:137} INFO - [2024-01-18T21:37:14.345+0300] {dagbag.py:532} INFO - Filling up the DagBag from /home/angry/mlops_4/venv4/lib/python3.10/site-packages/airflow/example_dags/example_branch_day_of_week_operator.py
[2024-01-18T21:37:14.392+0300] {processor.py:753} INFO - DAG(s) dict_keys(['example_weekday_branch_operator']) retrieved from /home/angry/mlops_4/venv4/lib/python3.10/site-packages/airflow/example_dags/example_branch_day_of_week_operator.py
[2024-01-18T21:37:14.462+0300] {logging_mixin.py:137} INFO - [2024-01-18T21:37:14.462+0300] {dag.py:2705} INFO - Sync 1 DAGs
[2024-01-18T21:37:14.503+0300] {logging_mixin.py:137} INFO - [2024-01-18T21:37:14.502+0300] {dag.py:3452} INFO - Setting next_dagrun for example_weekday_branch_operator to 2024-01-17T00:00:00+00:00, run_after=2024-01-18T00:00:00+00:00
[2024-01-18T21:37:14.722+0300] {processor.py:175} INFO - Processing /home/angry/mlops_4/venv4/lib/python3.10/site-packages/airflow/example_dags/example_branch_day_of_week_operator.py took 0.392 seconds
[2024-01-18T21:38:19.716+0300] {processor.py:153} INFO - Started process (PID=3596) to work on /home/angry/mlops_4/venv4/lib/python3.10/site-packages/airflow/example_dags/example_branch_day_of_week_operator.py
[2024-01-18T21:38:19.719+0300] {processor.py:743} INFO - Processing file /home/angry/mlops_4/venv4/lib/python3.10/site-packages/airflow/example_dags/example_branch_day_of_week_operator.py for tasks to queue
[2024-01-18T21:38:19.722+0300] {logging_mixin.py:137} INFO - [2024-01-18T21:38:19.721+0300] {dagbag.py:532} INFO - Filling up the DagBag from /home/angry/mlops_4/venv4/lib/python3.10/site-packages/airflow/example_dags/example_branch_day_of_week_operator.py
[2024-01-18T21:38:19.804+0300] {processor.py:753} INFO - DAG(s) dict_keys(['example_weekday_branch_operator']) retrieved from /home/angry/mlops_4/venv4/lib/python3.10/site-packages/airflow/example_dags/example_branch_day_of_week_operator.py
[2024-01-18T21:38:19.868+0300] {logging_mixin.py:137} INFO - [2024-01-18T21:38:19.867+0300] {dag.py:2705} INFO - Sync 1 DAGs
[2024-01-18T21:38:20.203+0300] {logging_mixin.py:137} INFO - [2024-01-18T21:38:20.202+0300] {dag.py:3452} INFO - Setting next_dagrun for example_weekday_branch_operator to 2024-01-17T00:00:00+00:00, run_after=2024-01-18T00:00:00+00:00
[2024-01-18T21:38:20.257+0300] {processor.py:175} INFO - Processing /home/angry/mlops_4/venv4/lib/python3.10/site-packages/airflow/example_dags/example_branch_day_of_week_operator.py took 0.551 seconds
[2024-01-18T21:39:30.603+0300] {processor.py:153} INFO - Started process (PID=4154) to work on /home/angry/mlops_4/venv4/lib/python3.10/site-packages/airflow/example_dags/example_branch_day_of_week_operator.py
[2024-01-18T21:39:30.608+0300] {processor.py:743} INFO - Processing file /home/angry/mlops_4/venv4/lib/python3.10/site-packages/airflow/example_dags/example_branch_day_of_week_operator.py for tasks to queue
[2024-01-18T21:39:30.611+0300] {logging_mixin.py:137} INFO - [2024-01-18T21:39:30.610+0300] {dagbag.py:532} INFO - Filling up the DagBag from /home/angry/mlops_4/venv4/lib/python3.10/site-packages/airflow/example_dags/example_branch_day_of_week_operator.py
[2024-01-18T21:39:30.661+0300] {processor.py:753} INFO - DAG(s) dict_keys(['example_weekday_branch_operator']) retrieved from /home/angry/mlops_4/venv4/lib/python3.10/site-packages/airflow/example_dags/example_branch_day_of_week_operator.py
[2024-01-18T21:39:30.739+0300] {logging_mixin.py:137} INFO - [2024-01-18T21:39:30.739+0300] {dag.py:2705} INFO - Sync 1 DAGs
[2024-01-18T21:39:31.037+0300] {logging_mixin.py:137} INFO - [2024-01-18T21:39:31.037+0300] {dag.py:3452} INFO - Setting next_dagrun for example_weekday_branch_operator to 2024-01-17T00:00:00+00:00, run_after=2024-01-18T00:00:00+00:00
[2024-01-18T21:39:31.112+0300] {processor.py:175} INFO - Processing /home/angry/mlops_4/venv4/lib/python3.10/site-packages/airflow/example_dags/example_branch_day_of_week_operator.py took 0.520 seconds
[2024-01-18T21:40:28.098+0300] {processor.py:153} INFO - Started process (PID=4216) to work on /home/angry/mlops_4/venv4/lib/python3.10/site-packages/airflow/example_dags/example_branch_day_of_week_operator.py
[2024-01-18T21:40:28.102+0300] {processor.py:743} INFO - Processing file /home/angry/mlops_4/venv4/lib/python3.10/site-packages/airflow/example_dags/example_branch_day_of_week_operator.py for tasks to queue
[2024-01-18T21:40:28.105+0300] {logging_mixin.py:137} INFO - [2024-01-18T21:40:28.105+0300] {dagbag.py:532} INFO - Filling up the DagBag from /home/angry/mlops_4/venv4/lib/python3.10/site-packages/airflow/example_dags/example_branch_day_of_week_operator.py
[2024-01-18T21:40:28.156+0300] {processor.py:753} INFO - DAG(s) dict_keys(['example_weekday_branch_operator']) retrieved from /home/angry/mlops_4/venv4/lib/python3.10/site-packages/airflow/example_dags/example_branch_day_of_week_operator.py
[2024-01-18T21:40:28.475+0300] {logging_mixin.py:137} INFO - [2024-01-18T21:40:28.474+0300] {dag.py:2705} INFO - Sync 1 DAGs
[2024-01-18T21:40:28.518+0300] {logging_mixin.py:137} INFO - [2024-01-18T21:40:28.518+0300] {dag.py:3452} INFO - Setting next_dagrun for example_weekday_branch_operator to 2024-01-17T00:00:00+00:00, run_after=2024-01-18T00:00:00+00:00
[2024-01-18T21:40:28.557+0300] {processor.py:175} INFO - Processing /home/angry/mlops_4/venv4/lib/python3.10/site-packages/airflow/example_dags/example_branch_day_of_week_operator.py took 0.472 seconds
[2024-01-18T21:41:36.647+0300] {processor.py:153} INFO - Started process (PID=4329) to work on /home/angry/mlops_4/venv4/lib/python3.10/site-packages/airflow/example_dags/example_branch_day_of_week_operator.py
[2024-01-18T21:41:36.650+0300] {processor.py:743} INFO - Processing file /home/angry/mlops_4/venv4/lib/python3.10/site-packages/airflow/example_dags/example_branch_day_of_week_operator.py for tasks to queue
[2024-01-18T21:41:36.651+0300] {logging_mixin.py:137} INFO - [2024-01-18T21:41:36.651+0300] {dagbag.py:532} INFO - Filling up the DagBag from /home/angry/mlops_4/venv4/lib/python3.10/site-packages/airflow/example_dags/example_branch_day_of_week_operator.py
[2024-01-18T21:41:36.697+0300] {processor.py:753} INFO - DAG(s) dict_keys(['example_weekday_branch_operator']) retrieved from /home/angry/mlops_4/venv4/lib/python3.10/site-packages/airflow/example_dags/example_branch_day_of_week_operator.py
[2024-01-18T21:41:36.942+0300] {logging_mixin.py:137} INFO - [2024-01-18T21:41:36.942+0300] {dag.py:2705} INFO - Sync 1 DAGs
[2024-01-18T21:41:36.987+0300] {logging_mixin.py:137} INFO - [2024-01-18T21:41:36.987+0300] {dag.py:3452} INFO - Setting next_dagrun for example_weekday_branch_operator to 2024-01-17T00:00:00+00:00, run_after=2024-01-18T00:00:00+00:00
[2024-01-18T21:41:37.049+0300] {processor.py:175} INFO - Processing /home/angry/mlops_4/venv4/lib/python3.10/site-packages/airflow/example_dags/example_branch_day_of_week_operator.py took 0.413 seconds
[2024-01-18T21:42:32.878+0300] {processor.py:153} INFO - Started process (PID=4384) to work on /home/angry/mlops_4/venv4/lib/python3.10/site-packages/airflow/example_dags/example_branch_day_of_week_operator.py
[2024-01-18T21:42:32.881+0300] {processor.py:743} INFO - Processing file /home/angry/mlops_4/venv4/lib/python3.10/site-packages/airflow/example_dags/example_branch_day_of_week_operator.py for tasks to queue
[2024-01-18T21:42:32.882+0300] {logging_mixin.py:137} INFO - [2024-01-18T21:42:32.882+0300] {dagbag.py:532} INFO - Filling up the DagBag from /home/angry/mlops_4/venv4/lib/python3.10/site-packages/airflow/example_dags/example_branch_day_of_week_operator.py
[2024-01-18T21:42:33.118+0300] {processor.py:753} INFO - DAG(s) dict_keys(['example_weekday_branch_operator']) retrieved from /home/angry/mlops_4/venv4/lib/python3.10/site-packages/airflow/example_dags/example_branch_day_of_week_operator.py
[2024-01-18T21:42:33.149+0300] {logging_mixin.py:137} INFO - [2024-01-18T21:42:33.149+0300] {dag.py:2705} INFO - Sync 1 DAGs
[2024-01-18T21:42:33.186+0300] {logging_mixin.py:137} INFO - [2024-01-18T21:42:33.186+0300] {dag.py:3452} INFO - Setting next_dagrun for example_weekday_branch_operator to 2024-01-17T00:00:00+00:00, run_after=2024-01-18T00:00:00+00:00
[2024-01-18T21:42:33.225+0300] {processor.py:175} INFO - Processing /home/angry/mlops_4/venv4/lib/python3.10/site-packages/airflow/example_dags/example_branch_day_of_week_operator.py took 0.354 seconds
[2024-01-18T21:43:26.698+0300] {processor.py:153} INFO - Started process (PID=4436) to work on /home/angry/mlops_4/venv4/lib/python3.10/site-packages/airflow/example_dags/example_branch_day_of_week_operator.py
[2024-01-18T21:43:26.700+0300] {processor.py:743} INFO - Processing file /home/angry/mlops_4/venv4/lib/python3.10/site-packages/airflow/example_dags/example_branch_day_of_week_operator.py for tasks to queue
[2024-01-18T21:43:26.702+0300] {logging_mixin.py:137} INFO - [2024-01-18T21:43:26.702+0300] {dagbag.py:532} INFO - Filling up the DagBag from /home/angry/mlops_4/venv4/lib/python3.10/site-packages/airflow/example_dags/example_branch_day_of_week_operator.py
[2024-01-18T21:43:26.740+0300] {processor.py:753} INFO - DAG(s) dict_keys(['example_weekday_branch_operator']) retrieved from /home/angry/mlops_4/venv4/lib/python3.10/site-packages/airflow/example_dags/example_branch_day_of_week_operator.py
[2024-01-18T21:43:26.784+0300] {logging_mixin.py:137} INFO - [2024-01-18T21:43:26.784+0300] {dag.py:2705} INFO - Sync 1 DAGs
[2024-01-18T21:43:26.828+0300] {logging_mixin.py:137} INFO - [2024-01-18T21:43:26.827+0300] {dag.py:3452} INFO - Setting next_dagrun for example_weekday_branch_operator to 2024-01-17T00:00:00+00:00, run_after=2024-01-18T00:00:00+00:00
[2024-01-18T21:43:26.868+0300] {processor.py:175} INFO - Processing /home/angry/mlops_4/venv4/lib/python3.10/site-packages/airflow/example_dags/example_branch_day_of_week_operator.py took 0.178 seconds
[2024-01-18T21:44:15.537+0300] {processor.py:153} INFO - Started process (PID=4488) to work on /home/angry/mlops_4/venv4/lib/python3.10/site-packages/airflow/example_dags/example_branch_day_of_week_operator.py
[2024-01-18T21:44:15.541+0300] {processor.py:743} INFO - Processing file /home/angry/mlops_4/venv4/lib/python3.10/site-packages/airflow/example_dags/example_branch_day_of_week_operator.py for tasks to queue
[2024-01-18T21:44:15.542+0300] {logging_mixin.py:137} INFO - [2024-01-18T21:44:15.542+0300] {dagbag.py:532} INFO - Filling up the DagBag from /home/angry/mlops_4/venv4/lib/python3.10/site-packages/airflow/example_dags/example_branch_day_of_week_operator.py
[2024-01-18T21:44:15.587+0300] {processor.py:753} INFO - DAG(s) dict_keys(['example_weekday_branch_operator']) retrieved from /home/angry/mlops_4/venv4/lib/python3.10/site-packages/airflow/example_dags/example_branch_day_of_week_operator.py
[2024-01-18T21:44:15.641+0300] {logging_mixin.py:137} INFO - [2024-01-18T21:44:15.641+0300] {dag.py:2705} INFO - Sync 1 DAGs
[2024-01-18T21:44:15.691+0300] {logging_mixin.py:137} INFO - [2024-01-18T21:44:15.691+0300] {dag.py:3452} INFO - Setting next_dagrun for example_weekday_branch_operator to 2024-01-17T00:00:00+00:00, run_after=2024-01-18T00:00:00+00:00
[2024-01-18T21:44:15.737+0300] {processor.py:175} INFO - Processing /home/angry/mlops_4/venv4/lib/python3.10/site-packages/airflow/example_dags/example_branch_day_of_week_operator.py took 0.208 seconds
[2024-01-18T21:45:08.255+0300] {processor.py:153} INFO - Started process (PID=4565) to work on /home/angry/mlops_4/venv4/lib/python3.10/site-packages/airflow/example_dags/example_branch_day_of_week_operator.py
[2024-01-18T21:45:08.258+0300] {processor.py:743} INFO - Processing file /home/angry/mlops_4/venv4/lib/python3.10/site-packages/airflow/example_dags/example_branch_day_of_week_operator.py for tasks to queue
[2024-01-18T21:45:08.259+0300] {logging_mixin.py:137} INFO - [2024-01-18T21:45:08.259+0300] {dagbag.py:532} INFO - Filling up the DagBag from /home/angry/mlops_4/venv4/lib/python3.10/site-packages/airflow/example_dags/example_branch_day_of_week_operator.py
[2024-01-18T21:45:08.303+0300] {processor.py:753} INFO - DAG(s) dict_keys(['example_weekday_branch_operator']) retrieved from /home/angry/mlops_4/venv4/lib/python3.10/site-packages/airflow/example_dags/example_branch_day_of_week_operator.py
[2024-01-18T21:45:08.362+0300] {logging_mixin.py:137} INFO - [2024-01-18T21:45:08.362+0300] {dag.py:2705} INFO - Sync 1 DAGs
[2024-01-18T21:45:08.407+0300] {logging_mixin.py:137} INFO - [2024-01-18T21:45:08.407+0300] {dag.py:3452} INFO - Setting next_dagrun for example_weekday_branch_operator to 2024-01-17T00:00:00+00:00, run_after=2024-01-18T00:00:00+00:00
[2024-01-18T21:45:08.449+0300] {processor.py:175} INFO - Processing /home/angry/mlops_4/venv4/lib/python3.10/site-packages/airflow/example_dags/example_branch_day_of_week_operator.py took 0.202 seconds
[2024-01-18T21:45:56.989+0300] {processor.py:153} INFO - Started process (PID=4628) to work on /home/angry/mlops_4/venv4/lib/python3.10/site-packages/airflow/example_dags/example_branch_day_of_week_operator.py
[2024-01-18T21:45:56.992+0300] {processor.py:743} INFO - Processing file /home/angry/mlops_4/venv4/lib/python3.10/site-packages/airflow/example_dags/example_branch_day_of_week_operator.py for tasks to queue
[2024-01-18T21:45:56.993+0300] {logging_mixin.py:137} INFO - [2024-01-18T21:45:56.993+0300] {dagbag.py:532} INFO - Filling up the DagBag from /home/angry/mlops_4/venv4/lib/python3.10/site-packages/airflow/example_dags/example_branch_day_of_week_operator.py
[2024-01-18T21:45:57.034+0300] {processor.py:753} INFO - DAG(s) dict_keys(['example_weekday_branch_operator']) retrieved from /home/angry/mlops_4/venv4/lib/python3.10/site-packages/airflow/example_dags/example_branch_day_of_week_operator.py
[2024-01-18T21:45:57.079+0300] {logging_mixin.py:137} INFO - [2024-01-18T21:45:57.078+0300] {dag.py:2705} INFO - Sync 1 DAGs
[2024-01-18T21:45:57.122+0300] {logging_mixin.py:137} INFO - [2024-01-18T21:45:57.122+0300] {dag.py:3452} INFO - Setting next_dagrun for example_weekday_branch_operator to 2024-01-17T00:00:00+00:00, run_after=2024-01-18T00:00:00+00:00
[2024-01-18T21:45:57.163+0300] {processor.py:175} INFO - Processing /home/angry/mlops_4/venv4/lib/python3.10/site-packages/airflow/example_dags/example_branch_day_of_week_operator.py took 0.181 seconds
[2024-01-18T21:46:46.035+0300] {processor.py:153} INFO - Started process (PID=4699) to work on /home/angry/mlops_4/venv4/lib/python3.10/site-packages/airflow/example_dags/example_branch_day_of_week_operator.py
[2024-01-18T21:46:46.038+0300] {processor.py:743} INFO - Processing file /home/angry/mlops_4/venv4/lib/python3.10/site-packages/airflow/example_dags/example_branch_day_of_week_operator.py for tasks to queue
[2024-01-18T21:46:46.039+0300] {logging_mixin.py:137} INFO - [2024-01-18T21:46:46.039+0300] {dagbag.py:532} INFO - Filling up the DagBag from /home/angry/mlops_4/venv4/lib/python3.10/site-packages/airflow/example_dags/example_branch_day_of_week_operator.py
[2024-01-18T21:46:46.082+0300] {processor.py:753} INFO - DAG(s) dict_keys(['example_weekday_branch_operator']) retrieved from /home/angry/mlops_4/venv4/lib/python3.10/site-packages/airflow/example_dags/example_branch_day_of_week_operator.py
[2024-01-18T21:46:46.135+0300] {logging_mixin.py:137} INFO - [2024-01-18T21:46:46.135+0300] {dag.py:2705} INFO - Sync 1 DAGs
[2024-01-18T21:46:46.177+0300] {logging_mixin.py:137} INFO - [2024-01-18T21:46:46.177+0300] {dag.py:3452} INFO - Setting next_dagrun for example_weekday_branch_operator to 2024-01-17T00:00:00+00:00, run_after=2024-01-18T00:00:00+00:00
[2024-01-18T21:46:46.215+0300] {processor.py:175} INFO - Processing /home/angry/mlops_4/venv4/lib/python3.10/site-packages/airflow/example_dags/example_branch_day_of_week_operator.py took 0.188 seconds
[2024-01-18T21:47:36.874+0300] {processor.py:153} INFO - Started process (PID=4763) to work on /home/angry/mlops_4/venv4/lib/python3.10/site-packages/airflow/example_dags/example_branch_day_of_week_operator.py
[2024-01-18T21:47:36.877+0300] {processor.py:743} INFO - Processing file /home/angry/mlops_4/venv4/lib/python3.10/site-packages/airflow/example_dags/example_branch_day_of_week_operator.py for tasks to queue
[2024-01-18T21:47:36.878+0300] {logging_mixin.py:137} INFO - [2024-01-18T21:47:36.878+0300] {dagbag.py:532} INFO - Filling up the DagBag from /home/angry/mlops_4/venv4/lib/python3.10/site-packages/airflow/example_dags/example_branch_day_of_week_operator.py
[2024-01-18T21:47:36.915+0300] {processor.py:753} INFO - DAG(s) dict_keys(['example_weekday_branch_operator']) retrieved from /home/angry/mlops_4/venv4/lib/python3.10/site-packages/airflow/example_dags/example_branch_day_of_week_operator.py
[2024-01-18T21:47:36.957+0300] {logging_mixin.py:137} INFO - [2024-01-18T21:47:36.957+0300] {dag.py:2705} INFO - Sync 1 DAGs
[2024-01-18T21:47:36.999+0300] {logging_mixin.py:137} INFO - [2024-01-18T21:47:36.998+0300] {dag.py:3452} INFO - Setting next_dagrun for example_weekday_branch_operator to 2024-01-17T00:00:00+00:00, run_after=2024-01-18T00:00:00+00:00
[2024-01-18T21:47:37.038+0300] {processor.py:175} INFO - Processing /home/angry/mlops_4/venv4/lib/python3.10/site-packages/airflow/example_dags/example_branch_day_of_week_operator.py took 0.172 seconds
[2024-01-18T21:48:26.239+0300] {processor.py:153} INFO - Started process (PID=4831) to work on /home/angry/mlops_4/venv4/lib/python3.10/site-packages/airflow/example_dags/example_branch_day_of_week_operator.py
[2024-01-18T21:48:26.243+0300] {processor.py:743} INFO - Processing file /home/angry/mlops_4/venv4/lib/python3.10/site-packages/airflow/example_dags/example_branch_day_of_week_operator.py for tasks to queue
[2024-01-18T21:48:26.246+0300] {logging_mixin.py:137} INFO - [2024-01-18T21:48:26.245+0300] {dagbag.py:532} INFO - Filling up the DagBag from /home/angry/mlops_4/venv4/lib/python3.10/site-packages/airflow/example_dags/example_branch_day_of_week_operator.py
[2024-01-18T21:48:26.283+0300] {processor.py:753} INFO - DAG(s) dict_keys(['example_weekday_branch_operator']) retrieved from /home/angry/mlops_4/venv4/lib/python3.10/site-packages/airflow/example_dags/example_branch_day_of_week_operator.py
[2024-01-18T21:48:26.323+0300] {logging_mixin.py:137} INFO - [2024-01-18T21:48:26.323+0300] {dag.py:2705} INFO - Sync 1 DAGs
[2024-01-18T21:48:26.369+0300] {logging_mixin.py:137} INFO - [2024-01-18T21:48:26.369+0300] {dag.py:3452} INFO - Setting next_dagrun for example_weekday_branch_operator to 2024-01-17T00:00:00+00:00, run_after=2024-01-18T00:00:00+00:00
[2024-01-18T21:48:26.408+0300] {processor.py:175} INFO - Processing /home/angry/mlops_4/venv4/lib/python3.10/site-packages/airflow/example_dags/example_branch_day_of_week_operator.py took 0.178 seconds
[2024-01-18T21:49:18.129+0300] {processor.py:153} INFO - Started process (PID=4882) to work on /home/angry/mlops_4/venv4/lib/python3.10/site-packages/airflow/example_dags/example_branch_day_of_week_operator.py
[2024-01-18T21:49:18.132+0300] {processor.py:743} INFO - Processing file /home/angry/mlops_4/venv4/lib/python3.10/site-packages/airflow/example_dags/example_branch_day_of_week_operator.py for tasks to queue
[2024-01-18T21:49:18.133+0300] {logging_mixin.py:137} INFO - [2024-01-18T21:49:18.133+0300] {dagbag.py:532} INFO - Filling up the DagBag from /home/angry/mlops_4/venv4/lib/python3.10/site-packages/airflow/example_dags/example_branch_day_of_week_operator.py
[2024-01-18T21:49:18.176+0300] {processor.py:753} INFO - DAG(s) dict_keys(['example_weekday_branch_operator']) retrieved from /home/angry/mlops_4/venv4/lib/python3.10/site-packages/airflow/example_dags/example_branch_day_of_week_operator.py
[2024-01-18T21:49:18.218+0300] {logging_mixin.py:137} INFO - [2024-01-18T21:49:18.218+0300] {dag.py:2705} INFO - Sync 1 DAGs
[2024-01-18T21:49:18.259+0300] {logging_mixin.py:137} INFO - [2024-01-18T21:49:18.259+0300] {dag.py:3452} INFO - Setting next_dagrun for example_weekday_branch_operator to 2024-01-17T00:00:00+00:00, run_after=2024-01-18T00:00:00+00:00
[2024-01-18T21:49:18.297+0300] {processor.py:175} INFO - Processing /home/angry/mlops_4/venv4/lib/python3.10/site-packages/airflow/example_dags/example_branch_day_of_week_operator.py took 0.176 seconds
[2024-01-18T21:50:08.576+0300] {processor.py:153} INFO - Started process (PID=4929) to work on /home/angry/mlops_4/venv4/lib/python3.10/site-packages/airflow/example_dags/example_branch_day_of_week_operator.py
[2024-01-18T21:50:08.579+0300] {processor.py:743} INFO - Processing file /home/angry/mlops_4/venv4/lib/python3.10/site-packages/airflow/example_dags/example_branch_day_of_week_operator.py for tasks to queue
[2024-01-18T21:50:08.582+0300] {logging_mixin.py:137} INFO - [2024-01-18T21:50:08.581+0300] {dagbag.py:532} INFO - Filling up the DagBag from /home/angry/mlops_4/venv4/lib/python3.10/site-packages/airflow/example_dags/example_branch_day_of_week_operator.py
[2024-01-18T21:50:08.626+0300] {processor.py:753} INFO - DAG(s) dict_keys(['example_weekday_branch_operator']) retrieved from /home/angry/mlops_4/venv4/lib/python3.10/site-packages/airflow/example_dags/example_branch_day_of_week_operator.py
[2024-01-18T21:50:08.677+0300] {logging_mixin.py:137} INFO - [2024-01-18T21:50:08.677+0300] {dag.py:2705} INFO - Sync 1 DAGs
[2024-01-18T21:50:08.727+0300] {logging_mixin.py:137} INFO - [2024-01-18T21:50:08.726+0300] {dag.py:3452} INFO - Setting next_dagrun for example_weekday_branch_operator to 2024-01-17T00:00:00+00:00, run_after=2024-01-18T00:00:00+00:00
[2024-01-18T21:50:08.771+0300] {processor.py:175} INFO - Processing /home/angry/mlops_4/venv4/lib/python3.10/site-packages/airflow/example_dags/example_branch_day_of_week_operator.py took 0.205 seconds
[2024-01-18T21:50:59.217+0300] {processor.py:153} INFO - Started process (PID=4978) to work on /home/angry/mlops_4/venv4/lib/python3.10/site-packages/airflow/example_dags/example_branch_day_of_week_operator.py
[2024-01-18T21:50:59.220+0300] {processor.py:743} INFO - Processing file /home/angry/mlops_4/venv4/lib/python3.10/site-packages/airflow/example_dags/example_branch_day_of_week_operator.py for tasks to queue
[2024-01-18T21:50:59.221+0300] {logging_mixin.py:137} INFO - [2024-01-18T21:50:59.221+0300] {dagbag.py:532} INFO - Filling up the DagBag from /home/angry/mlops_4/venv4/lib/python3.10/site-packages/airflow/example_dags/example_branch_day_of_week_operator.py
[2024-01-18T21:50:59.262+0300] {processor.py:753} INFO - DAG(s) dict_keys(['example_weekday_branch_operator']) retrieved from /home/angry/mlops_4/venv4/lib/python3.10/site-packages/airflow/example_dags/example_branch_day_of_week_operator.py
[2024-01-18T21:50:59.360+0300] {logging_mixin.py:137} INFO - [2024-01-18T21:50:59.360+0300] {dag.py:2705} INFO - Sync 1 DAGs
[2024-01-18T21:50:59.451+0300] {logging_mixin.py:137} INFO - [2024-01-18T21:50:59.451+0300] {dag.py:3452} INFO - Setting next_dagrun for example_weekday_branch_operator to 2024-01-17T00:00:00+00:00, run_after=2024-01-18T00:00:00+00:00
[2024-01-18T21:50:59.552+0300] {processor.py:175} INFO - Processing /home/angry/mlops_4/venv4/lib/python3.10/site-packages/airflow/example_dags/example_branch_day_of_week_operator.py took 0.342 seconds
[2024-01-18T21:51:51.309+0300] {processor.py:153} INFO - Started process (PID=5029) to work on /home/angry/mlops_4/venv4/lib/python3.10/site-packages/airflow/example_dags/example_branch_day_of_week_operator.py
[2024-01-18T21:51:51.311+0300] {processor.py:743} INFO - Processing file /home/angry/mlops_4/venv4/lib/python3.10/site-packages/airflow/example_dags/example_branch_day_of_week_operator.py for tasks to queue
[2024-01-18T21:51:51.313+0300] {logging_mixin.py:137} INFO - [2024-01-18T21:51:51.313+0300] {dagbag.py:532} INFO - Filling up the DagBag from /home/angry/mlops_4/venv4/lib/python3.10/site-packages/airflow/example_dags/example_branch_day_of_week_operator.py
[2024-01-18T21:51:51.351+0300] {processor.py:753} INFO - DAG(s) dict_keys(['example_weekday_branch_operator']) retrieved from /home/angry/mlops_4/venv4/lib/python3.10/site-packages/airflow/example_dags/example_branch_day_of_week_operator.py
[2024-01-18T21:51:51.393+0300] {logging_mixin.py:137} INFO - [2024-01-18T21:51:51.392+0300] {dag.py:2705} INFO - Sync 1 DAGs
[2024-01-18T21:51:51.435+0300] {logging_mixin.py:137} INFO - [2024-01-18T21:51:51.435+0300] {dag.py:3452} INFO - Setting next_dagrun for example_weekday_branch_operator to 2024-01-17T00:00:00+00:00, run_after=2024-01-18T00:00:00+00:00
[2024-01-18T21:51:51.474+0300] {processor.py:175} INFO - Processing /home/angry/mlops_4/venv4/lib/python3.10/site-packages/airflow/example_dags/example_branch_day_of_week_operator.py took 0.173 seconds
[2024-01-18T21:52:48.210+0300] {processor.py:153} INFO - Started process (PID=5082) to work on /home/angry/mlops_4/venv4/lib/python3.10/site-packages/airflow/example_dags/example_branch_day_of_week_operator.py
[2024-01-18T21:52:48.214+0300] {processor.py:743} INFO - Processing file /home/angry/mlops_4/venv4/lib/python3.10/site-packages/airflow/example_dags/example_branch_day_of_week_operator.py for tasks to queue
[2024-01-18T21:52:48.215+0300] {logging_mixin.py:137} INFO - [2024-01-18T21:52:48.215+0300] {dagbag.py:532} INFO - Filling up the DagBag from /home/angry/mlops_4/venv4/lib/python3.10/site-packages/airflow/example_dags/example_branch_day_of_week_operator.py
[2024-01-18T21:52:48.308+0300] {processor.py:753} INFO - DAG(s) dict_keys(['example_weekday_branch_operator']) retrieved from /home/angry/mlops_4/venv4/lib/python3.10/site-packages/airflow/example_dags/example_branch_day_of_week_operator.py
[2024-01-18T21:52:48.391+0300] {logging_mixin.py:137} INFO - [2024-01-18T21:52:48.391+0300] {dag.py:2705} INFO - Sync 1 DAGs
[2024-01-18T21:52:48.466+0300] {logging_mixin.py:137} INFO - [2024-01-18T21:52:48.466+0300] {dag.py:3452} INFO - Setting next_dagrun for example_weekday_branch_operator to 2024-01-17T00:00:00+00:00, run_after=2024-01-18T00:00:00+00:00
[2024-01-18T21:52:48.536+0300] {processor.py:175} INFO - Processing /home/angry/mlops_4/venv4/lib/python3.10/site-packages/airflow/example_dags/example_branch_day_of_week_operator.py took 0.347 seconds
[2024-01-18T21:53:46.794+0300] {processor.py:153} INFO - Started process (PID=5137) to work on /home/angry/mlops_4/venv4/lib/python3.10/site-packages/airflow/example_dags/example_branch_day_of_week_operator.py
[2024-01-18T21:53:46.798+0300] {processor.py:743} INFO - Processing file /home/angry/mlops_4/venv4/lib/python3.10/site-packages/airflow/example_dags/example_branch_day_of_week_operator.py for tasks to queue
[2024-01-18T21:53:46.799+0300] {logging_mixin.py:137} INFO - [2024-01-18T21:53:46.799+0300] {dagbag.py:532} INFO - Filling up the DagBag from /home/angry/mlops_4/venv4/lib/python3.10/site-packages/airflow/example_dags/example_branch_day_of_week_operator.py
[2024-01-18T21:53:46.895+0300] {processor.py:753} INFO - DAG(s) dict_keys(['example_weekday_branch_operator']) retrieved from /home/angry/mlops_4/venv4/lib/python3.10/site-packages/airflow/example_dags/example_branch_day_of_week_operator.py
[2024-01-18T21:53:46.989+0300] {logging_mixin.py:137} INFO - [2024-01-18T21:53:46.987+0300] {dag.py:2705} INFO - Sync 1 DAGs
[2024-01-18T21:53:47.085+0300] {logging_mixin.py:137} INFO - [2024-01-18T21:53:47.085+0300] {dag.py:3452} INFO - Setting next_dagrun for example_weekday_branch_operator to 2024-01-17T00:00:00+00:00, run_after=2024-01-18T00:00:00+00:00
[2024-01-18T21:53:47.179+0300] {processor.py:175} INFO - Processing /home/angry/mlops_4/venv4/lib/python3.10/site-packages/airflow/example_dags/example_branch_day_of_week_operator.py took 0.402 seconds
[2024-01-18T22:00:56.684+0300] {processor.py:153} INFO - Started process (PID=5534) to work on /home/angry/mlops_4/venv4/lib/python3.10/site-packages/airflow/example_dags/example_branch_day_of_week_operator.py
[2024-01-18T22:00:56.693+0300] {processor.py:743} INFO - Processing file /home/angry/mlops_4/venv4/lib/python3.10/site-packages/airflow/example_dags/example_branch_day_of_week_operator.py for tasks to queue
[2024-01-18T22:00:56.699+0300] {logging_mixin.py:137} INFO - [2024-01-18T22:00:56.698+0300] {dagbag.py:532} INFO - Filling up the DagBag from /home/angry/mlops_4/venv4/lib/python3.10/site-packages/airflow/example_dags/example_branch_day_of_week_operator.py
[2024-01-18T22:00:56.755+0300] {processor.py:753} INFO - DAG(s) dict_keys(['example_weekday_branch_operator']) retrieved from /home/angry/mlops_4/venv4/lib/python3.10/site-packages/airflow/example_dags/example_branch_day_of_week_operator.py
[2024-01-18T22:00:56.863+0300] {logging_mixin.py:137} INFO - [2024-01-18T22:00:56.862+0300] {dag.py:2705} INFO - Sync 1 DAGs
[2024-01-18T22:00:57.024+0300] {logging_mixin.py:137} INFO - [2024-01-18T22:00:57.023+0300] {dag.py:3452} INFO - Setting next_dagrun for example_weekday_branch_operator to 2024-01-17T00:00:00+00:00, run_after=2024-01-18T00:00:00+00:00
[2024-01-18T22:00:57.159+0300] {processor.py:175} INFO - Processing /home/angry/mlops_4/venv4/lib/python3.10/site-packages/airflow/example_dags/example_branch_day_of_week_operator.py took 0.497 seconds
