[2024-01-18T21:37:15.632+0300] {processor.py:153} INFO - Started process (PID=3325) to work on /home/angry/mlops_4/venv4/lib/python3.10/site-packages/airflow/example_dags/example_branch_operator.py
[2024-01-18T21:37:15.634+0300] {processor.py:743} INFO - Processing file /home/angry/mlops_4/venv4/lib/python3.10/site-packages/airflow/example_dags/example_branch_operator.py for tasks to queue
[2024-01-18T21:37:15.635+0300] {logging_mixin.py:137} INFO - [2024-01-18T21:37:15.635+0300] {dagbag.py:532} INFO - Filling up the DagBag from /home/angry/mlops_4/venv4/lib/python3.10/site-packages/airflow/example_dags/example_branch_operator.py
[2024-01-18T21:37:15.678+0300] {processor.py:753} INFO - DAG(s) dict_keys(['example_branch_operator']) retrieved from /home/angry/mlops_4/venv4/lib/python3.10/site-packages/airflow/example_dags/example_branch_operator.py
[2024-01-18T21:37:15.723+0300] {logging_mixin.py:137} INFO - [2024-01-18T21:37:15.722+0300] {dag.py:2705} INFO - Sync 1 DAGs
[2024-01-18T21:37:15.765+0300] {logging_mixin.py:137} INFO - [2024-01-18T21:37:15.764+0300] {dag.py:3452} INFO - Setting next_dagrun for example_branch_operator to 2024-01-17T00:00:00+00:00, run_after=2024-01-18T00:00:00+00:00
[2024-01-18T21:37:15.981+0300] {processor.py:175} INFO - Processing /home/angry/mlops_4/venv4/lib/python3.10/site-packages/airflow/example_dags/example_branch_operator.py took 0.356 seconds
[2024-01-18T21:38:20.813+0300] {processor.py:153} INFO - Started process (PID=3726) to work on /home/angry/mlops_4/venv4/lib/python3.10/site-packages/airflow/example_dags/example_branch_operator.py
[2024-01-18T21:38:20.821+0300] {processor.py:743} INFO - Processing file /home/angry/mlops_4/venv4/lib/python3.10/site-packages/airflow/example_dags/example_branch_operator.py for tasks to queue
[2024-01-18T21:38:20.823+0300] {logging_mixin.py:137} INFO - [2024-01-18T21:38:20.822+0300] {dagbag.py:532} INFO - Filling up the DagBag from /home/angry/mlops_4/venv4/lib/python3.10/site-packages/airflow/example_dags/example_branch_operator.py
[2024-01-18T21:38:20.881+0300] {processor.py:753} INFO - DAG(s) dict_keys(['example_branch_operator']) retrieved from /home/angry/mlops_4/venv4/lib/python3.10/site-packages/airflow/example_dags/example_branch_operator.py
[2024-01-18T21:38:20.975+0300] {logging_mixin.py:137} INFO - [2024-01-18T21:38:20.975+0300] {dag.py:2705} INFO - Sync 1 DAGs
[2024-01-18T21:38:21.484+0300] {logging_mixin.py:137} INFO - [2024-01-18T21:38:21.483+0300] {dag.py:3452} INFO - Setting next_dagrun for example_branch_operator to 2024-01-17T00:00:00+00:00, run_after=2024-01-18T00:00:00+00:00
[2024-01-18T21:38:21.566+0300] {processor.py:175} INFO - Processing /home/angry/mlops_4/venv4/lib/python3.10/site-packages/airflow/example_dags/example_branch_operator.py took 0.762 seconds
[2024-01-18T21:39:32.230+0300] {processor.py:153} INFO - Started process (PID=4155) to work on /home/angry/mlops_4/venv4/lib/python3.10/site-packages/airflow/example_dags/example_branch_operator.py
[2024-01-18T21:39:32.233+0300] {processor.py:743} INFO - Processing file /home/angry/mlops_4/venv4/lib/python3.10/site-packages/airflow/example_dags/example_branch_operator.py for tasks to queue
[2024-01-18T21:39:32.235+0300] {logging_mixin.py:137} INFO - [2024-01-18T21:39:32.234+0300] {dagbag.py:532} INFO - Filling up the DagBag from /home/angry/mlops_4/venv4/lib/python3.10/site-packages/airflow/example_dags/example_branch_operator.py
[2024-01-18T21:39:32.293+0300] {processor.py:753} INFO - DAG(s) dict_keys(['example_branch_operator']) retrieved from /home/angry/mlops_4/venv4/lib/python3.10/site-packages/airflow/example_dags/example_branch_operator.py
[2024-01-18T21:39:32.451+0300] {logging_mixin.py:137} INFO - [2024-01-18T21:39:32.451+0300] {dag.py:2705} INFO - Sync 1 DAGs
[2024-01-18T21:39:32.794+0300] {logging_mixin.py:137} INFO - [2024-01-18T21:39:32.783+0300] {dag.py:3452} INFO - Setting next_dagrun for example_branch_operator to 2024-01-17T00:00:00+00:00, run_after=2024-01-18T00:00:00+00:00
[2024-01-18T21:39:32.864+0300] {processor.py:175} INFO - Processing /home/angry/mlops_4/venv4/lib/python3.10/site-packages/airflow/example_dags/example_branch_operator.py took 0.642 seconds
[2024-01-18T21:40:29.724+0300] {processor.py:153} INFO - Started process (PID=4217) to work on /home/angry/mlops_4/venv4/lib/python3.10/site-packages/airflow/example_dags/example_branch_operator.py
[2024-01-18T21:40:29.727+0300] {processor.py:743} INFO - Processing file /home/angry/mlops_4/venv4/lib/python3.10/site-packages/airflow/example_dags/example_branch_operator.py for tasks to queue
[2024-01-18T21:40:29.731+0300] {logging_mixin.py:137} INFO - [2024-01-18T21:40:29.731+0300] {dagbag.py:532} INFO - Filling up the DagBag from /home/angry/mlops_4/venv4/lib/python3.10/site-packages/airflow/example_dags/example_branch_operator.py
[2024-01-18T21:40:29.782+0300] {processor.py:753} INFO - DAG(s) dict_keys(['example_branch_operator']) retrieved from /home/angry/mlops_4/venv4/lib/python3.10/site-packages/airflow/example_dags/example_branch_operator.py
[2024-01-18T21:40:30.115+0300] {logging_mixin.py:137} INFO - [2024-01-18T21:40:30.114+0300] {dag.py:2705} INFO - Sync 1 DAGs
[2024-01-18T21:40:30.168+0300] {logging_mixin.py:137} INFO - [2024-01-18T21:40:30.167+0300] {dag.py:3452} INFO - Setting next_dagrun for example_branch_operator to 2024-01-17T00:00:00+00:00, run_after=2024-01-18T00:00:00+00:00
[2024-01-18T21:40:30.226+0300] {processor.py:175} INFO - Processing /home/angry/mlops_4/venv4/lib/python3.10/site-packages/airflow/example_dags/example_branch_operator.py took 0.517 seconds
[2024-01-18T21:41:38.241+0300] {processor.py:153} INFO - Started process (PID=4330) to work on /home/angry/mlops_4/venv4/lib/python3.10/site-packages/airflow/example_dags/example_branch_operator.py
[2024-01-18T21:41:38.243+0300] {processor.py:743} INFO - Processing file /home/angry/mlops_4/venv4/lib/python3.10/site-packages/airflow/example_dags/example_branch_operator.py for tasks to queue
[2024-01-18T21:41:38.245+0300] {logging_mixin.py:137} INFO - [2024-01-18T21:41:38.244+0300] {dagbag.py:532} INFO - Filling up the DagBag from /home/angry/mlops_4/venv4/lib/python3.10/site-packages/airflow/example_dags/example_branch_operator.py
[2024-01-18T21:41:38.479+0300] {processor.py:753} INFO - DAG(s) dict_keys(['example_branch_operator']) retrieved from /home/angry/mlops_4/venv4/lib/python3.10/site-packages/airflow/example_dags/example_branch_operator.py
[2024-01-18T21:41:38.516+0300] {logging_mixin.py:137} INFO - [2024-01-18T21:41:38.516+0300] {dag.py:2705} INFO - Sync 1 DAGs
[2024-01-18T21:41:38.566+0300] {logging_mixin.py:137} INFO - [2024-01-18T21:41:38.565+0300] {dag.py:3452} INFO - Setting next_dagrun for example_branch_operator to 2024-01-17T00:00:00+00:00, run_after=2024-01-18T00:00:00+00:00
[2024-01-18T21:41:38.603+0300] {processor.py:175} INFO - Processing /home/angry/mlops_4/venv4/lib/python3.10/site-packages/airflow/example_dags/example_branch_operator.py took 0.370 seconds
[2024-01-18T21:42:34.341+0300] {processor.py:153} INFO - Started process (PID=4385) to work on /home/angry/mlops_4/venv4/lib/python3.10/site-packages/airflow/example_dags/example_branch_operator.py
[2024-01-18T21:42:34.344+0300] {processor.py:743} INFO - Processing file /home/angry/mlops_4/venv4/lib/python3.10/site-packages/airflow/example_dags/example_branch_operator.py for tasks to queue
[2024-01-18T21:42:34.345+0300] {logging_mixin.py:137} INFO - [2024-01-18T21:42:34.345+0300] {dagbag.py:532} INFO - Filling up the DagBag from /home/angry/mlops_4/venv4/lib/python3.10/site-packages/airflow/example_dags/example_branch_operator.py
[2024-01-18T21:42:34.588+0300] {processor.py:753} INFO - DAG(s) dict_keys(['example_branch_operator']) retrieved from /home/angry/mlops_4/venv4/lib/python3.10/site-packages/airflow/example_dags/example_branch_operator.py
[2024-01-18T21:42:34.631+0300] {logging_mixin.py:137} INFO - [2024-01-18T21:42:34.631+0300] {dag.py:2705} INFO - Sync 1 DAGs
[2024-01-18T21:42:34.666+0300] {logging_mixin.py:137} INFO - [2024-01-18T21:42:34.666+0300] {dag.py:3452} INFO - Setting next_dagrun for example_branch_operator to 2024-01-17T00:00:00+00:00, run_after=2024-01-18T00:00:00+00:00
[2024-01-18T21:42:34.711+0300] {processor.py:175} INFO - Processing /home/angry/mlops_4/venv4/lib/python3.10/site-packages/airflow/example_dags/example_branch_operator.py took 0.377 seconds
[2024-01-18T21:43:27.987+0300] {processor.py:153} INFO - Started process (PID=4438) to work on /home/angry/mlops_4/venv4/lib/python3.10/site-packages/airflow/example_dags/example_branch_operator.py
[2024-01-18T21:43:27.992+0300] {processor.py:743} INFO - Processing file /home/angry/mlops_4/venv4/lib/python3.10/site-packages/airflow/example_dags/example_branch_operator.py for tasks to queue
[2024-01-18T21:43:27.994+0300] {logging_mixin.py:137} INFO - [2024-01-18T21:43:27.993+0300] {dagbag.py:532} INFO - Filling up the DagBag from /home/angry/mlops_4/venv4/lib/python3.10/site-packages/airflow/example_dags/example_branch_operator.py
[2024-01-18T21:43:28.043+0300] {processor.py:753} INFO - DAG(s) dict_keys(['example_branch_operator']) retrieved from /home/angry/mlops_4/venv4/lib/python3.10/site-packages/airflow/example_dags/example_branch_operator.py
[2024-01-18T21:43:28.087+0300] {logging_mixin.py:137} INFO - [2024-01-18T21:43:28.087+0300] {dag.py:2705} INFO - Sync 1 DAGs
[2024-01-18T21:43:28.131+0300] {logging_mixin.py:137} INFO - [2024-01-18T21:43:28.130+0300] {dag.py:3452} INFO - Setting next_dagrun for example_branch_operator to 2024-01-17T00:00:00+00:00, run_after=2024-01-18T00:00:00+00:00
[2024-01-18T21:43:28.174+0300] {processor.py:175} INFO - Processing /home/angry/mlops_4/venv4/lib/python3.10/site-packages/airflow/example_dags/example_branch_operator.py took 0.200 seconds
[2024-01-18T21:44:16.902+0300] {processor.py:153} INFO - Started process (PID=4489) to work on /home/angry/mlops_4/venv4/lib/python3.10/site-packages/airflow/example_dags/example_branch_operator.py
[2024-01-18T21:44:16.905+0300] {processor.py:743} INFO - Processing file /home/angry/mlops_4/venv4/lib/python3.10/site-packages/airflow/example_dags/example_branch_operator.py for tasks to queue
[2024-01-18T21:44:16.906+0300] {logging_mixin.py:137} INFO - [2024-01-18T21:44:16.906+0300] {dagbag.py:532} INFO - Filling up the DagBag from /home/angry/mlops_4/venv4/lib/python3.10/site-packages/airflow/example_dags/example_branch_operator.py
[2024-01-18T21:44:16.944+0300] {processor.py:753} INFO - DAG(s) dict_keys(['example_branch_operator']) retrieved from /home/angry/mlops_4/venv4/lib/python3.10/site-packages/airflow/example_dags/example_branch_operator.py
[2024-01-18T21:44:16.988+0300] {logging_mixin.py:137} INFO - [2024-01-18T21:44:16.988+0300] {dag.py:2705} INFO - Sync 1 DAGs
[2024-01-18T21:44:17.057+0300] {logging_mixin.py:137} INFO - [2024-01-18T21:44:17.057+0300] {dag.py:3452} INFO - Setting next_dagrun for example_branch_operator to 2024-01-17T00:00:00+00:00, run_after=2024-01-18T00:00:00+00:00
[2024-01-18T21:44:17.118+0300] {processor.py:175} INFO - Processing /home/angry/mlops_4/venv4/lib/python3.10/site-packages/airflow/example_dags/example_branch_operator.py took 0.223 seconds
[2024-01-18T21:45:09.632+0300] {processor.py:153} INFO - Started process (PID=4566) to work on /home/angry/mlops_4/venv4/lib/python3.10/site-packages/airflow/example_dags/example_branch_operator.py
[2024-01-18T21:45:09.635+0300] {processor.py:743} INFO - Processing file /home/angry/mlops_4/venv4/lib/python3.10/site-packages/airflow/example_dags/example_branch_operator.py for tasks to queue
[2024-01-18T21:45:09.637+0300] {logging_mixin.py:137} INFO - [2024-01-18T21:45:09.636+0300] {dagbag.py:532} INFO - Filling up the DagBag from /home/angry/mlops_4/venv4/lib/python3.10/site-packages/airflow/example_dags/example_branch_operator.py
[2024-01-18T21:45:09.679+0300] {processor.py:753} INFO - DAG(s) dict_keys(['example_branch_operator']) retrieved from /home/angry/mlops_4/venv4/lib/python3.10/site-packages/airflow/example_dags/example_branch_operator.py
[2024-01-18T21:45:09.727+0300] {logging_mixin.py:137} INFO - [2024-01-18T21:45:09.726+0300] {dag.py:2705} INFO - Sync 1 DAGs
[2024-01-18T21:45:09.770+0300] {logging_mixin.py:137} INFO - [2024-01-18T21:45:09.770+0300] {dag.py:3452} INFO - Setting next_dagrun for example_branch_operator to 2024-01-17T00:00:00+00:00, run_after=2024-01-18T00:00:00+00:00
[2024-01-18T21:45:09.809+0300] {processor.py:175} INFO - Processing /home/angry/mlops_4/venv4/lib/python3.10/site-packages/airflow/example_dags/example_branch_operator.py took 0.185 seconds
[2024-01-18T21:45:58.276+0300] {processor.py:153} INFO - Started process (PID=4629) to work on /home/angry/mlops_4/venv4/lib/python3.10/site-packages/airflow/example_dags/example_branch_operator.py
[2024-01-18T21:45:58.279+0300] {processor.py:743} INFO - Processing file /home/angry/mlops_4/venv4/lib/python3.10/site-packages/airflow/example_dags/example_branch_operator.py for tasks to queue
[2024-01-18T21:45:58.280+0300] {logging_mixin.py:137} INFO - [2024-01-18T21:45:58.280+0300] {dagbag.py:532} INFO - Filling up the DagBag from /home/angry/mlops_4/venv4/lib/python3.10/site-packages/airflow/example_dags/example_branch_operator.py
[2024-01-18T21:45:58.322+0300] {processor.py:753} INFO - DAG(s) dict_keys(['example_branch_operator']) retrieved from /home/angry/mlops_4/venv4/lib/python3.10/site-packages/airflow/example_dags/example_branch_operator.py
[2024-01-18T21:45:58.371+0300] {logging_mixin.py:137} INFO - [2024-01-18T21:45:58.370+0300] {dag.py:2705} INFO - Sync 1 DAGs
[2024-01-18T21:45:58.424+0300] {logging_mixin.py:137} INFO - [2024-01-18T21:45:58.424+0300] {dag.py:3452} INFO - Setting next_dagrun for example_branch_operator to 2024-01-17T00:00:00+00:00, run_after=2024-01-18T00:00:00+00:00
[2024-01-18T21:45:58.471+0300] {processor.py:175} INFO - Processing /home/angry/mlops_4/venv4/lib/python3.10/site-packages/airflow/example_dags/example_branch_operator.py took 0.203 seconds
[2024-01-18T21:46:47.343+0300] {processor.py:153} INFO - Started process (PID=4700) to work on /home/angry/mlops_4/venv4/lib/python3.10/site-packages/airflow/example_dags/example_branch_operator.py
[2024-01-18T21:46:47.346+0300] {processor.py:743} INFO - Processing file /home/angry/mlops_4/venv4/lib/python3.10/site-packages/airflow/example_dags/example_branch_operator.py for tasks to queue
[2024-01-18T21:46:47.347+0300] {logging_mixin.py:137} INFO - [2024-01-18T21:46:47.347+0300] {dagbag.py:532} INFO - Filling up the DagBag from /home/angry/mlops_4/venv4/lib/python3.10/site-packages/airflow/example_dags/example_branch_operator.py
[2024-01-18T21:46:47.387+0300] {processor.py:753} INFO - DAG(s) dict_keys(['example_branch_operator']) retrieved from /home/angry/mlops_4/venv4/lib/python3.10/site-packages/airflow/example_dags/example_branch_operator.py
[2024-01-18T21:46:47.430+0300] {logging_mixin.py:137} INFO - [2024-01-18T21:46:47.430+0300] {dag.py:2705} INFO - Sync 1 DAGs
[2024-01-18T21:46:47.473+0300] {logging_mixin.py:137} INFO - [2024-01-18T21:46:47.473+0300] {dag.py:3452} INFO - Setting next_dagrun for example_branch_operator to 2024-01-17T00:00:00+00:00, run_after=2024-01-18T00:00:00+00:00
[2024-01-18T21:46:47.514+0300] {processor.py:175} INFO - Processing /home/angry/mlops_4/venv4/lib/python3.10/site-packages/airflow/example_dags/example_branch_operator.py took 0.178 seconds
[2024-01-18T21:47:37.726+0300] {processor.py:153} INFO - Started process (PID=4764) to work on /home/angry/mlops_4/venv4/lib/python3.10/site-packages/airflow/example_dags/example_branch_operator.py
[2024-01-18T21:47:37.730+0300] {processor.py:743} INFO - Processing file /home/angry/mlops_4/venv4/lib/python3.10/site-packages/airflow/example_dags/example_branch_operator.py for tasks to queue
[2024-01-18T21:47:37.731+0300] {logging_mixin.py:137} INFO - [2024-01-18T21:47:37.731+0300] {dagbag.py:532} INFO - Filling up the DagBag from /home/angry/mlops_4/venv4/lib/python3.10/site-packages/airflow/example_dags/example_branch_operator.py
[2024-01-18T21:47:37.779+0300] {processor.py:753} INFO - DAG(s) dict_keys(['example_branch_operator']) retrieved from /home/angry/mlops_4/venv4/lib/python3.10/site-packages/airflow/example_dags/example_branch_operator.py
[2024-01-18T21:47:37.843+0300] {logging_mixin.py:137} INFO - [2024-01-18T21:47:37.843+0300] {dag.py:2705} INFO - Sync 1 DAGs
[2024-01-18T21:47:37.903+0300] {logging_mixin.py:137} INFO - [2024-01-18T21:47:37.902+0300] {dag.py:3452} INFO - Setting next_dagrun for example_branch_operator to 2024-01-17T00:00:00+00:00, run_after=2024-01-18T00:00:00+00:00
[2024-01-18T21:47:37.953+0300] {processor.py:175} INFO - Processing /home/angry/mlops_4/venv4/lib/python3.10/site-packages/airflow/example_dags/example_branch_operator.py took 0.237 seconds
[2024-01-18T21:48:27.522+0300] {processor.py:153} INFO - Started process (PID=4833) to work on /home/angry/mlops_4/venv4/lib/python3.10/site-packages/airflow/example_dags/example_branch_operator.py
[2024-01-18T21:48:27.526+0300] {processor.py:743} INFO - Processing file /home/angry/mlops_4/venv4/lib/python3.10/site-packages/airflow/example_dags/example_branch_operator.py for tasks to queue
[2024-01-18T21:48:27.529+0300] {logging_mixin.py:137} INFO - [2024-01-18T21:48:27.529+0300] {dagbag.py:532} INFO - Filling up the DagBag from /home/angry/mlops_4/venv4/lib/python3.10/site-packages/airflow/example_dags/example_branch_operator.py
[2024-01-18T21:48:27.573+0300] {processor.py:753} INFO - DAG(s) dict_keys(['example_branch_operator']) retrieved from /home/angry/mlops_4/venv4/lib/python3.10/site-packages/airflow/example_dags/example_branch_operator.py
[2024-01-18T21:48:27.621+0300] {logging_mixin.py:137} INFO - [2024-01-18T21:48:27.621+0300] {dag.py:2705} INFO - Sync 1 DAGs
[2024-01-18T21:48:27.674+0300] {logging_mixin.py:137} INFO - [2024-01-18T21:48:27.673+0300] {dag.py:3452} INFO - Setting next_dagrun for example_branch_operator to 2024-01-17T00:00:00+00:00, run_after=2024-01-18T00:00:00+00:00
[2024-01-18T21:48:27.721+0300] {processor.py:175} INFO - Processing /home/angry/mlops_4/venv4/lib/python3.10/site-packages/airflow/example_dags/example_branch_operator.py took 0.213 seconds
[2024-01-18T21:49:19.406+0300] {processor.py:153} INFO - Started process (PID=4883) to work on /home/angry/mlops_4/venv4/lib/python3.10/site-packages/airflow/example_dags/example_branch_operator.py
[2024-01-18T21:49:19.409+0300] {processor.py:743} INFO - Processing file /home/angry/mlops_4/venv4/lib/python3.10/site-packages/airflow/example_dags/example_branch_operator.py for tasks to queue
[2024-01-18T21:49:19.411+0300] {logging_mixin.py:137} INFO - [2024-01-18T21:49:19.410+0300] {dagbag.py:532} INFO - Filling up the DagBag from /home/angry/mlops_4/venv4/lib/python3.10/site-packages/airflow/example_dags/example_branch_operator.py
[2024-01-18T21:49:19.453+0300] {processor.py:753} INFO - DAG(s) dict_keys(['example_branch_operator']) retrieved from /home/angry/mlops_4/venv4/lib/python3.10/site-packages/airflow/example_dags/example_branch_operator.py
[2024-01-18T21:49:19.498+0300] {logging_mixin.py:137} INFO - [2024-01-18T21:49:19.498+0300] {dag.py:2705} INFO - Sync 1 DAGs
[2024-01-18T21:49:19.543+0300] {logging_mixin.py:137} INFO - [2024-01-18T21:49:19.543+0300] {dag.py:3452} INFO - Setting next_dagrun for example_branch_operator to 2024-01-17T00:00:00+00:00, run_after=2024-01-18T00:00:00+00:00
[2024-01-18T21:49:19.583+0300] {processor.py:175} INFO - Processing /home/angry/mlops_4/venv4/lib/python3.10/site-packages/airflow/example_dags/example_branch_operator.py took 0.185 seconds
[2024-01-18T21:50:09.963+0300] {processor.py:153} INFO - Started process (PID=4930) to work on /home/angry/mlops_4/venv4/lib/python3.10/site-packages/airflow/example_dags/example_branch_operator.py
[2024-01-18T21:50:09.965+0300] {processor.py:743} INFO - Processing file /home/angry/mlops_4/venv4/lib/python3.10/site-packages/airflow/example_dags/example_branch_operator.py for tasks to queue
[2024-01-18T21:50:09.967+0300] {logging_mixin.py:137} INFO - [2024-01-18T21:50:09.966+0300] {dagbag.py:532} INFO - Filling up the DagBag from /home/angry/mlops_4/venv4/lib/python3.10/site-packages/airflow/example_dags/example_branch_operator.py
[2024-01-18T21:50:10.013+0300] {processor.py:753} INFO - DAG(s) dict_keys(['example_branch_operator']) retrieved from /home/angry/mlops_4/venv4/lib/python3.10/site-packages/airflow/example_dags/example_branch_operator.py
[2024-01-18T21:50:10.076+0300] {logging_mixin.py:137} INFO - [2024-01-18T21:50:10.075+0300] {dag.py:2705} INFO - Sync 1 DAGs
[2024-01-18T21:50:10.126+0300] {logging_mixin.py:137} INFO - [2024-01-18T21:50:10.126+0300] {dag.py:3452} INFO - Setting next_dagrun for example_branch_operator to 2024-01-17T00:00:00+00:00, run_after=2024-01-18T00:00:00+00:00
[2024-01-18T21:50:10.172+0300] {processor.py:175} INFO - Processing /home/angry/mlops_4/venv4/lib/python3.10/site-packages/airflow/example_dags/example_branch_operator.py took 0.217 seconds
[2024-01-18T21:51:00.726+0300] {processor.py:153} INFO - Started process (PID=4979) to work on /home/angry/mlops_4/venv4/lib/python3.10/site-packages/airflow/example_dags/example_branch_operator.py
[2024-01-18T21:51:00.729+0300] {processor.py:743} INFO - Processing file /home/angry/mlops_4/venv4/lib/python3.10/site-packages/airflow/example_dags/example_branch_operator.py for tasks to queue
[2024-01-18T21:51:00.730+0300] {logging_mixin.py:137} INFO - [2024-01-18T21:51:00.730+0300] {dagbag.py:532} INFO - Filling up the DagBag from /home/angry/mlops_4/venv4/lib/python3.10/site-packages/airflow/example_dags/example_branch_operator.py
[2024-01-18T21:51:00.771+0300] {processor.py:753} INFO - DAG(s) dict_keys(['example_branch_operator']) retrieved from /home/angry/mlops_4/venv4/lib/python3.10/site-packages/airflow/example_dags/example_branch_operator.py
[2024-01-18T21:51:00.818+0300] {logging_mixin.py:137} INFO - [2024-01-18T21:51:00.818+0300] {dag.py:2705} INFO - Sync 1 DAGs
[2024-01-18T21:51:00.862+0300] {logging_mixin.py:137} INFO - [2024-01-18T21:51:00.861+0300] {dag.py:3452} INFO - Setting next_dagrun for example_branch_operator to 2024-01-17T00:00:00+00:00, run_after=2024-01-18T00:00:00+00:00
[2024-01-18T21:51:00.905+0300] {processor.py:175} INFO - Processing /home/angry/mlops_4/venv4/lib/python3.10/site-packages/airflow/example_dags/example_branch_operator.py took 0.190 seconds
[2024-01-18T21:51:52.594+0300] {processor.py:153} INFO - Started process (PID=5030) to work on /home/angry/mlops_4/venv4/lib/python3.10/site-packages/airflow/example_dags/example_branch_operator.py
[2024-01-18T21:51:52.596+0300] {processor.py:743} INFO - Processing file /home/angry/mlops_4/venv4/lib/python3.10/site-packages/airflow/example_dags/example_branch_operator.py for tasks to queue
[2024-01-18T21:51:52.598+0300] {logging_mixin.py:137} INFO - [2024-01-18T21:51:52.597+0300] {dagbag.py:532} INFO - Filling up the DagBag from /home/angry/mlops_4/venv4/lib/python3.10/site-packages/airflow/example_dags/example_branch_operator.py
[2024-01-18T21:51:52.638+0300] {processor.py:753} INFO - DAG(s) dict_keys(['example_branch_operator']) retrieved from /home/angry/mlops_4/venv4/lib/python3.10/site-packages/airflow/example_dags/example_branch_operator.py
[2024-01-18T21:51:52.684+0300] {logging_mixin.py:137} INFO - [2024-01-18T21:51:52.683+0300] {dag.py:2705} INFO - Sync 1 DAGs
[2024-01-18T21:51:52.726+0300] {logging_mixin.py:137} INFO - [2024-01-18T21:51:52.726+0300] {dag.py:3452} INFO - Setting next_dagrun for example_branch_operator to 2024-01-17T00:00:00+00:00, run_after=2024-01-18T00:00:00+00:00
[2024-01-18T21:51:52.766+0300] {processor.py:175} INFO - Processing /home/angry/mlops_4/venv4/lib/python3.10/site-packages/airflow/example_dags/example_branch_operator.py took 0.181 seconds
[2024-01-18T21:52:49.744+0300] {processor.py:153} INFO - Started process (PID=5083) to work on /home/angry/mlops_4/venv4/lib/python3.10/site-packages/airflow/example_dags/example_branch_operator.py
[2024-01-18T21:52:49.748+0300] {processor.py:743} INFO - Processing file /home/angry/mlops_4/venv4/lib/python3.10/site-packages/airflow/example_dags/example_branch_operator.py for tasks to queue
[2024-01-18T21:52:49.755+0300] {logging_mixin.py:137} INFO - [2024-01-18T21:52:49.754+0300] {dagbag.py:532} INFO - Filling up the DagBag from /home/angry/mlops_4/venv4/lib/python3.10/site-packages/airflow/example_dags/example_branch_operator.py
[2024-01-18T21:52:49.837+0300] {processor.py:753} INFO - DAG(s) dict_keys(['example_branch_operator']) retrieved from /home/angry/mlops_4/venv4/lib/python3.10/site-packages/airflow/example_dags/example_branch_operator.py
[2024-01-18T21:52:49.918+0300] {logging_mixin.py:137} INFO - [2024-01-18T21:52:49.917+0300] {dag.py:2705} INFO - Sync 1 DAGs
[2024-01-18T21:52:50.006+0300] {logging_mixin.py:137} INFO - [2024-01-18T21:52:50.005+0300] {dag.py:3452} INFO - Setting next_dagrun for example_branch_operator to 2024-01-17T00:00:00+00:00, run_after=2024-01-18T00:00:00+00:00
[2024-01-18T21:52:50.108+0300] {processor.py:175} INFO - Processing /home/angry/mlops_4/venv4/lib/python3.10/site-packages/airflow/example_dags/example_branch_operator.py took 0.386 seconds
[2024-01-18T21:53:48.443+0300] {processor.py:153} INFO - Started process (PID=5138) to work on /home/angry/mlops_4/venv4/lib/python3.10/site-packages/airflow/example_dags/example_branch_operator.py
[2024-01-18T21:53:48.448+0300] {processor.py:743} INFO - Processing file /home/angry/mlops_4/venv4/lib/python3.10/site-packages/airflow/example_dags/example_branch_operator.py for tasks to queue
[2024-01-18T21:53:48.451+0300] {logging_mixin.py:137} INFO - [2024-01-18T21:53:48.450+0300] {dagbag.py:532} INFO - Filling up the DagBag from /home/angry/mlops_4/venv4/lib/python3.10/site-packages/airflow/example_dags/example_branch_operator.py
[2024-01-18T21:53:48.506+0300] {processor.py:753} INFO - DAG(s) dict_keys(['example_branch_operator']) retrieved from /home/angry/mlops_4/venv4/lib/python3.10/site-packages/airflow/example_dags/example_branch_operator.py
[2024-01-18T21:53:48.597+0300] {logging_mixin.py:137} INFO - [2024-01-18T21:53:48.597+0300] {dag.py:2705} INFO - Sync 1 DAGs
[2024-01-18T21:53:48.698+0300] {logging_mixin.py:137} INFO - [2024-01-18T21:53:48.697+0300] {dag.py:3452} INFO - Setting next_dagrun for example_branch_operator to 2024-01-17T00:00:00+00:00, run_after=2024-01-18T00:00:00+00:00
[2024-01-18T21:53:48.773+0300] {processor.py:175} INFO - Processing /home/angry/mlops_4/venv4/lib/python3.10/site-packages/airflow/example_dags/example_branch_operator.py took 0.342 seconds
[2024-01-18T22:00:58.550+0300] {processor.py:153} INFO - Started process (PID=5536) to work on /home/angry/mlops_4/venv4/lib/python3.10/site-packages/airflow/example_dags/example_branch_operator.py
[2024-01-18T22:00:58.559+0300] {processor.py:743} INFO - Processing file /home/angry/mlops_4/venv4/lib/python3.10/site-packages/airflow/example_dags/example_branch_operator.py for tasks to queue
[2024-01-18T22:00:58.566+0300] {logging_mixin.py:137} INFO - [2024-01-18T22:00:58.566+0300] {dagbag.py:532} INFO - Filling up the DagBag from /home/angry/mlops_4/venv4/lib/python3.10/site-packages/airflow/example_dags/example_branch_operator.py
[2024-01-18T22:00:58.605+0300] {processor.py:753} INFO - DAG(s) dict_keys(['example_branch_operator']) retrieved from /home/angry/mlops_4/venv4/lib/python3.10/site-packages/airflow/example_dags/example_branch_operator.py
[2024-01-18T22:00:58.689+0300] {logging_mixin.py:137} INFO - [2024-01-18T22:00:58.689+0300] {dag.py:2705} INFO - Sync 1 DAGs
[2024-01-18T22:00:58.750+0300] {logging_mixin.py:137} INFO - [2024-01-18T22:00:58.750+0300] {dag.py:3452} INFO - Setting next_dagrun for example_branch_operator to 2024-01-17T00:00:00+00:00, run_after=2024-01-18T00:00:00+00:00
[2024-01-18T22:00:58.824+0300] {processor.py:175} INFO - Processing /home/angry/mlops_4/venv4/lib/python3.10/site-packages/airflow/example_dags/example_branch_operator.py took 0.291 seconds
