[2024-01-18T21:36:53.883+0300] {processor.py:153} INFO - Started process (PID=3304) to work on /home/angry/mlops_4/venv4/lib/python3.10/site-packages/airflow/example_dags/example_sensors.py
[2024-01-18T21:36:53.885+0300] {processor.py:743} INFO - Processing file /home/angry/mlops_4/venv4/lib/python3.10/site-packages/airflow/example_dags/example_sensors.py for tasks to queue
[2024-01-18T21:36:53.886+0300] {logging_mixin.py:137} INFO - [2024-01-18T21:36:53.886+0300] {dagbag.py:532} INFO - Filling up the DagBag from /home/angry/mlops_4/venv4/lib/python3.10/site-packages/airflow/example_dags/example_sensors.py
[2024-01-18T21:36:53.931+0300] {processor.py:753} INFO - DAG(s) dict_keys(['example_sensors']) retrieved from /home/angry/mlops_4/venv4/lib/python3.10/site-packages/airflow/example_dags/example_sensors.py
[2024-01-18T21:36:53.983+0300] {logging_mixin.py:137} INFO - [2024-01-18T21:36:53.983+0300] {dag.py:2705} INFO - Sync 1 DAGs
[2024-01-18T21:36:54.022+0300] {logging_mixin.py:137} INFO - [2024-01-18T21:36:54.021+0300] {dag.py:3452} INFO - Setting next_dagrun for example_sensors to None, run_after=None
[2024-01-18T21:36:54.239+0300] {processor.py:175} INFO - Processing /home/angry/mlops_4/venv4/lib/python3.10/site-packages/airflow/example_dags/example_sensors.py took 0.364 seconds
[2024-01-18T21:37:49.618+0300] {processor.py:153} INFO - Started process (PID=3368) to work on /home/angry/mlops_4/venv4/lib/python3.10/site-packages/airflow/example_dags/example_sensors.py
[2024-01-18T21:37:49.621+0300] {processor.py:743} INFO - Processing file /home/angry/mlops_4/venv4/lib/python3.10/site-packages/airflow/example_dags/example_sensors.py for tasks to queue
[2024-01-18T21:37:49.623+0300] {logging_mixin.py:137} INFO - [2024-01-18T21:37:49.622+0300] {dagbag.py:532} INFO - Filling up the DagBag from /home/angry/mlops_4/venv4/lib/python3.10/site-packages/airflow/example_dags/example_sensors.py
[2024-01-18T21:37:49.671+0300] {processor.py:753} INFO - DAG(s) dict_keys(['example_sensors']) retrieved from /home/angry/mlops_4/venv4/lib/python3.10/site-packages/airflow/example_dags/example_sensors.py
[2024-01-18T21:37:49.721+0300] {logging_mixin.py:137} INFO - [2024-01-18T21:37:49.720+0300] {dag.py:2705} INFO - Sync 1 DAGs
[2024-01-18T21:37:49.948+0300] {logging_mixin.py:137} INFO - [2024-01-18T21:37:49.948+0300] {dag.py:3452} INFO - Setting next_dagrun for example_sensors to None, run_after=None
[2024-01-18T21:37:49.989+0300] {processor.py:175} INFO - Processing /home/angry/mlops_4/venv4/lib/python3.10/site-packages/airflow/example_dags/example_sensors.py took 0.381 seconds
[2024-01-18T21:39:02.616+0300] {processor.py:153} INFO - Started process (PID=4130) to work on /home/angry/mlops_4/venv4/lib/python3.10/site-packages/airflow/example_dags/example_sensors.py
[2024-01-18T21:39:02.622+0300] {processor.py:743} INFO - Processing file /home/angry/mlops_4/venv4/lib/python3.10/site-packages/airflow/example_dags/example_sensors.py for tasks to queue
[2024-01-18T21:39:02.627+0300] {logging_mixin.py:137} INFO - [2024-01-18T21:39:02.627+0300] {dagbag.py:532} INFO - Filling up the DagBag from /home/angry/mlops_4/venv4/lib/python3.10/site-packages/airflow/example_dags/example_sensors.py
[2024-01-18T21:39:02.752+0300] {processor.py:753} INFO - DAG(s) dict_keys(['example_sensors']) retrieved from /home/angry/mlops_4/venv4/lib/python3.10/site-packages/airflow/example_dags/example_sensors.py
[2024-01-18T21:39:02.893+0300] {logging_mixin.py:137} INFO - [2024-01-18T21:39:02.893+0300] {dag.py:2705} INFO - Sync 1 DAGs
[2024-01-18T21:39:03.411+0300] {logging_mixin.py:137} INFO - [2024-01-18T21:39:03.410+0300] {dag.py:3452} INFO - Setting next_dagrun for example_sensors to None, run_after=None
[2024-01-18T21:39:03.487+0300] {processor.py:175} INFO - Processing /home/angry/mlops_4/venv4/lib/python3.10/site-packages/airflow/example_dags/example_sensors.py took 0.892 seconds
[2024-01-18T21:40:05.618+0300] {processor.py:153} INFO - Started process (PID=4194) to work on /home/angry/mlops_4/venv4/lib/python3.10/site-packages/airflow/example_dags/example_sensors.py
[2024-01-18T21:40:05.621+0300] {processor.py:743} INFO - Processing file /home/angry/mlops_4/venv4/lib/python3.10/site-packages/airflow/example_dags/example_sensors.py for tasks to queue
[2024-01-18T21:40:05.623+0300] {logging_mixin.py:137} INFO - [2024-01-18T21:40:05.622+0300] {dagbag.py:532} INFO - Filling up the DagBag from /home/angry/mlops_4/venv4/lib/python3.10/site-packages/airflow/example_dags/example_sensors.py
[2024-01-18T21:40:05.679+0300] {processor.py:753} INFO - DAG(s) dict_keys(['example_sensors']) retrieved from /home/angry/mlops_4/venv4/lib/python3.10/site-packages/airflow/example_dags/example_sensors.py
[2024-01-18T21:40:05.942+0300] {logging_mixin.py:137} INFO - [2024-01-18T21:40:05.942+0300] {dag.py:2705} INFO - Sync 1 DAGs
[2024-01-18T21:40:05.982+0300] {logging_mixin.py:137} INFO - [2024-01-18T21:40:05.981+0300] {dag.py:3452} INFO - Setting next_dagrun for example_sensors to None, run_after=None
[2024-01-18T21:40:06.031+0300] {processor.py:175} INFO - Processing /home/angry/mlops_4/venv4/lib/python3.10/site-packages/airflow/example_dags/example_sensors.py took 0.423 seconds
[2024-01-18T21:41:10.061+0300] {processor.py:153} INFO - Started process (PID=4281) to work on /home/angry/mlops_4/venv4/lib/python3.10/site-packages/airflow/example_dags/example_sensors.py
[2024-01-18T21:41:10.064+0300] {processor.py:743} INFO - Processing file /home/angry/mlops_4/venv4/lib/python3.10/site-packages/airflow/example_dags/example_sensors.py for tasks to queue
[2024-01-18T21:41:10.066+0300] {logging_mixin.py:137} INFO - [2024-01-18T21:41:10.065+0300] {dagbag.py:532} INFO - Filling up the DagBag from /home/angry/mlops_4/venv4/lib/python3.10/site-packages/airflow/example_dags/example_sensors.py
[2024-01-18T21:41:10.114+0300] {processor.py:753} INFO - DAG(s) dict_keys(['example_sensors']) retrieved from /home/angry/mlops_4/venv4/lib/python3.10/site-packages/airflow/example_dags/example_sensors.py
[2024-01-18T21:41:10.362+0300] {logging_mixin.py:137} INFO - [2024-01-18T21:41:10.361+0300] {dag.py:2705} INFO - Sync 1 DAGs
[2024-01-18T21:41:10.500+0300] {logging_mixin.py:137} INFO - [2024-01-18T21:41:10.500+0300] {dag.py:3452} INFO - Setting next_dagrun for example_sensors to None, run_after=None
[2024-01-18T21:41:10.539+0300] {processor.py:175} INFO - Processing /home/angry/mlops_4/venv4/lib/python3.10/site-packages/airflow/example_dags/example_sensors.py took 0.486 seconds
[2024-01-18T21:42:10.495+0300] {processor.py:153} INFO - Started process (PID=4362) to work on /home/angry/mlops_4/venv4/lib/python3.10/site-packages/airflow/example_dags/example_sensors.py
[2024-01-18T21:42:10.498+0300] {processor.py:743} INFO - Processing file /home/angry/mlops_4/venv4/lib/python3.10/site-packages/airflow/example_dags/example_sensors.py for tasks to queue
[2024-01-18T21:42:10.499+0300] {logging_mixin.py:137} INFO - [2024-01-18T21:42:10.499+0300] {dagbag.py:532} INFO - Filling up the DagBag from /home/angry/mlops_4/venv4/lib/python3.10/site-packages/airflow/example_dags/example_sensors.py
[2024-01-18T21:42:10.758+0300] {processor.py:753} INFO - DAG(s) dict_keys(['example_sensors']) retrieved from /home/angry/mlops_4/venv4/lib/python3.10/site-packages/airflow/example_dags/example_sensors.py
[2024-01-18T21:42:10.807+0300] {logging_mixin.py:137} INFO - [2024-01-18T21:42:10.807+0300] {dag.py:2705} INFO - Sync 1 DAGs
[2024-01-18T21:42:10.841+0300] {logging_mixin.py:137} INFO - [2024-01-18T21:42:10.840+0300] {dag.py:3452} INFO - Setting next_dagrun for example_sensors to None, run_after=None
[2024-01-18T21:42:10.880+0300] {processor.py:175} INFO - Processing /home/angry/mlops_4/venv4/lib/python3.10/site-packages/airflow/example_dags/example_sensors.py took 0.393 seconds
[2024-01-18T21:43:07.849+0300] {processor.py:153} INFO - Started process (PID=4416) to work on /home/angry/mlops_4/venv4/lib/python3.10/site-packages/airflow/example_dags/example_sensors.py
[2024-01-18T21:43:07.854+0300] {processor.py:743} INFO - Processing file /home/angry/mlops_4/venv4/lib/python3.10/site-packages/airflow/example_dags/example_sensors.py for tasks to queue
[2024-01-18T21:43:07.856+0300] {logging_mixin.py:137} INFO - [2024-01-18T21:43:07.855+0300] {dagbag.py:532} INFO - Filling up the DagBag from /home/angry/mlops_4/venv4/lib/python3.10/site-packages/airflow/example_dags/example_sensors.py
[2024-01-18T21:43:07.905+0300] {processor.py:753} INFO - DAG(s) dict_keys(['example_sensors']) retrieved from /home/angry/mlops_4/venv4/lib/python3.10/site-packages/airflow/example_dags/example_sensors.py
[2024-01-18T21:43:07.955+0300] {logging_mixin.py:137} INFO - [2024-01-18T21:43:07.955+0300] {dag.py:2705} INFO - Sync 1 DAGs
[2024-01-18T21:43:08.007+0300] {logging_mixin.py:137} INFO - [2024-01-18T21:43:08.006+0300] {dag.py:3452} INFO - Setting next_dagrun for example_sensors to None, run_after=None
[2024-01-18T21:43:08.046+0300] {processor.py:175} INFO - Processing /home/angry/mlops_4/venv4/lib/python3.10/site-packages/airflow/example_dags/example_sensors.py took 0.208 seconds
[2024-01-18T21:43:56.050+0300] {processor.py:153} INFO - Started process (PID=4469) to work on /home/angry/mlops_4/venv4/lib/python3.10/site-packages/airflow/example_dags/example_sensors.py
[2024-01-18T21:43:56.053+0300] {processor.py:743} INFO - Processing file /home/angry/mlops_4/venv4/lib/python3.10/site-packages/airflow/example_dags/example_sensors.py for tasks to queue
[2024-01-18T21:43:56.054+0300] {logging_mixin.py:137} INFO - [2024-01-18T21:43:56.054+0300] {dagbag.py:532} INFO - Filling up the DagBag from /home/angry/mlops_4/venv4/lib/python3.10/site-packages/airflow/example_dags/example_sensors.py
[2024-01-18T21:43:56.102+0300] {processor.py:753} INFO - DAG(s) dict_keys(['example_sensors']) retrieved from /home/angry/mlops_4/venv4/lib/python3.10/site-packages/airflow/example_dags/example_sensors.py
[2024-01-18T21:43:56.151+0300] {logging_mixin.py:137} INFO - [2024-01-18T21:43:56.150+0300] {dag.py:2705} INFO - Sync 1 DAGs
[2024-01-18T21:43:56.192+0300] {logging_mixin.py:137} INFO - [2024-01-18T21:43:56.192+0300] {dag.py:3452} INFO - Setting next_dagrun for example_sensors to None, run_after=None
[2024-01-18T21:43:56.232+0300] {processor.py:175} INFO - Processing /home/angry/mlops_4/venv4/lib/python3.10/site-packages/airflow/example_dags/example_sensors.py took 0.190 seconds
[2024-01-18T21:44:46.393+0300] {processor.py:153} INFO - Started process (PID=4524) to work on /home/angry/mlops_4/venv4/lib/python3.10/site-packages/airflow/example_dags/example_sensors.py
[2024-01-18T21:44:46.397+0300] {processor.py:743} INFO - Processing file /home/angry/mlops_4/venv4/lib/python3.10/site-packages/airflow/example_dags/example_sensors.py for tasks to queue
[2024-01-18T21:44:46.398+0300] {logging_mixin.py:137} INFO - [2024-01-18T21:44:46.398+0300] {dagbag.py:532} INFO - Filling up the DagBag from /home/angry/mlops_4/venv4/lib/python3.10/site-packages/airflow/example_dags/example_sensors.py
[2024-01-18T21:44:46.447+0300] {processor.py:753} INFO - DAG(s) dict_keys(['example_sensors']) retrieved from /home/angry/mlops_4/venv4/lib/python3.10/site-packages/airflow/example_dags/example_sensors.py
[2024-01-18T21:44:46.502+0300] {logging_mixin.py:137} INFO - [2024-01-18T21:44:46.501+0300] {dag.py:2705} INFO - Sync 1 DAGs
[2024-01-18T21:44:46.543+0300] {logging_mixin.py:137} INFO - [2024-01-18T21:44:46.543+0300] {dag.py:3452} INFO - Setting next_dagrun for example_sensors to None, run_after=None
[2024-01-18T21:44:46.582+0300] {processor.py:175} INFO - Processing /home/angry/mlops_4/venv4/lib/python3.10/site-packages/airflow/example_dags/example_sensors.py took 0.202 seconds
[2024-01-18T21:45:37.357+0300] {processor.py:153} INFO - Started process (PID=4610) to work on /home/angry/mlops_4/venv4/lib/python3.10/site-packages/airflow/example_dags/example_sensors.py
[2024-01-18T21:45:37.360+0300] {processor.py:743} INFO - Processing file /home/angry/mlops_4/venv4/lib/python3.10/site-packages/airflow/example_dags/example_sensors.py for tasks to queue
[2024-01-18T21:45:37.361+0300] {logging_mixin.py:137} INFO - [2024-01-18T21:45:37.361+0300] {dagbag.py:532} INFO - Filling up the DagBag from /home/angry/mlops_4/venv4/lib/python3.10/site-packages/airflow/example_dags/example_sensors.py
[2024-01-18T21:45:37.407+0300] {processor.py:753} INFO - DAG(s) dict_keys(['example_sensors']) retrieved from /home/angry/mlops_4/venv4/lib/python3.10/site-packages/airflow/example_dags/example_sensors.py
[2024-01-18T21:45:37.455+0300] {logging_mixin.py:137} INFO - [2024-01-18T21:45:37.455+0300] {dag.py:2705} INFO - Sync 1 DAGs
[2024-01-18T21:45:37.497+0300] {logging_mixin.py:137} INFO - [2024-01-18T21:45:37.496+0300] {dag.py:3452} INFO - Setting next_dagrun for example_sensors to None, run_after=None
[2024-01-18T21:45:37.548+0300] {processor.py:175} INFO - Processing /home/angry/mlops_4/venv4/lib/python3.10/site-packages/airflow/example_dags/example_sensors.py took 0.198 seconds
[2024-01-18T21:46:29.754+0300] {processor.py:153} INFO - Started process (PID=4682) to work on /home/angry/mlops_4/venv4/lib/python3.10/site-packages/airflow/example_dags/example_sensors.py
[2024-01-18T21:46:29.757+0300] {processor.py:743} INFO - Processing file /home/angry/mlops_4/venv4/lib/python3.10/site-packages/airflow/example_dags/example_sensors.py for tasks to queue
[2024-01-18T21:46:29.758+0300] {logging_mixin.py:137} INFO - [2024-01-18T21:46:29.758+0300] {dagbag.py:532} INFO - Filling up the DagBag from /home/angry/mlops_4/venv4/lib/python3.10/site-packages/airflow/example_dags/example_sensors.py
[2024-01-18T21:46:29.804+0300] {processor.py:753} INFO - DAG(s) dict_keys(['example_sensors']) retrieved from /home/angry/mlops_4/venv4/lib/python3.10/site-packages/airflow/example_dags/example_sensors.py
[2024-01-18T21:46:29.850+0300] {logging_mixin.py:137} INFO - [2024-01-18T21:46:29.850+0300] {dag.py:2705} INFO - Sync 1 DAGs
[2024-01-18T21:46:29.887+0300] {logging_mixin.py:137} INFO - [2024-01-18T21:46:29.887+0300] {dag.py:3452} INFO - Setting next_dagrun for example_sensors to None, run_after=None
[2024-01-18T21:46:29.925+0300] {processor.py:175} INFO - Processing /home/angry/mlops_4/venv4/lib/python3.10/site-packages/airflow/example_dags/example_sensors.py took 0.179 seconds
[2024-01-18T21:47:16.991+0300] {processor.py:153} INFO - Started process (PID=4730) to work on /home/angry/mlops_4/venv4/lib/python3.10/site-packages/airflow/example_dags/example_sensors.py
[2024-01-18T21:47:16.995+0300] {processor.py:743} INFO - Processing file /home/angry/mlops_4/venv4/lib/python3.10/site-packages/airflow/example_dags/example_sensors.py for tasks to queue
[2024-01-18T21:47:16.997+0300] {logging_mixin.py:137} INFO - [2024-01-18T21:47:16.996+0300] {dagbag.py:532} INFO - Filling up the DagBag from /home/angry/mlops_4/venv4/lib/python3.10/site-packages/airflow/example_dags/example_sensors.py
[2024-01-18T21:47:17.044+0300] {processor.py:753} INFO - DAG(s) dict_keys(['example_sensors']) retrieved from /home/angry/mlops_4/venv4/lib/python3.10/site-packages/airflow/example_dags/example_sensors.py
[2024-01-18T21:47:17.090+0300] {logging_mixin.py:137} INFO - [2024-01-18T21:47:17.090+0300] {dag.py:2705} INFO - Sync 1 DAGs
[2024-01-18T21:47:17.127+0300] {logging_mixin.py:137} INFO - [2024-01-18T21:47:17.127+0300] {dag.py:3452} INFO - Setting next_dagrun for example_sensors to None, run_after=None
[2024-01-18T21:47:17.168+0300] {processor.py:175} INFO - Processing /home/angry/mlops_4/venv4/lib/python3.10/site-packages/airflow/example_dags/example_sensors.py took 0.184 seconds
[2024-01-18T21:48:07.765+0300] {processor.py:153} INFO - Started process (PID=4812) to work on /home/angry/mlops_4/venv4/lib/python3.10/site-packages/airflow/example_dags/example_sensors.py
[2024-01-18T21:48:07.767+0300] {processor.py:743} INFO - Processing file /home/angry/mlops_4/venv4/lib/python3.10/site-packages/airflow/example_dags/example_sensors.py for tasks to queue
[2024-01-18T21:48:07.769+0300] {logging_mixin.py:137} INFO - [2024-01-18T21:48:07.769+0300] {dagbag.py:532} INFO - Filling up the DagBag from /home/angry/mlops_4/venv4/lib/python3.10/site-packages/airflow/example_dags/example_sensors.py
[2024-01-18T21:48:07.819+0300] {processor.py:753} INFO - DAG(s) dict_keys(['example_sensors']) retrieved from /home/angry/mlops_4/venv4/lib/python3.10/site-packages/airflow/example_dags/example_sensors.py
[2024-01-18T21:48:07.887+0300] {logging_mixin.py:137} INFO - [2024-01-18T21:48:07.886+0300] {dag.py:2705} INFO - Sync 1 DAGs
[2024-01-18T21:48:07.940+0300] {logging_mixin.py:137} INFO - [2024-01-18T21:48:07.940+0300] {dag.py:3452} INFO - Setting next_dagrun for example_sensors to None, run_after=None
[2024-01-18T21:48:07.983+0300] {processor.py:175} INFO - Processing /home/angry/mlops_4/venv4/lib/python3.10/site-packages/airflow/example_dags/example_sensors.py took 0.225 seconds
[2024-01-18T21:48:59.524+0300] {processor.py:153} INFO - Started process (PID=4864) to work on /home/angry/mlops_4/venv4/lib/python3.10/site-packages/airflow/example_dags/example_sensors.py
[2024-01-18T21:48:59.528+0300] {processor.py:743} INFO - Processing file /home/angry/mlops_4/venv4/lib/python3.10/site-packages/airflow/example_dags/example_sensors.py for tasks to queue
[2024-01-18T21:48:59.533+0300] {logging_mixin.py:137} INFO - [2024-01-18T21:48:59.533+0300] {dagbag.py:532} INFO - Filling up the DagBag from /home/angry/mlops_4/venv4/lib/python3.10/site-packages/airflow/example_dags/example_sensors.py
[2024-01-18T21:48:59.618+0300] {processor.py:753} INFO - DAG(s) dict_keys(['example_sensors']) retrieved from /home/angry/mlops_4/venv4/lib/python3.10/site-packages/airflow/example_dags/example_sensors.py
[2024-01-18T21:48:59.683+0300] {logging_mixin.py:137} INFO - [2024-01-18T21:48:59.683+0300] {dag.py:2705} INFO - Sync 1 DAGs
[2024-01-18T21:48:59.746+0300] {logging_mixin.py:137} INFO - [2024-01-18T21:48:59.746+0300] {dag.py:3452} INFO - Setting next_dagrun for example_sensors to None, run_after=None
[2024-01-18T21:48:59.793+0300] {processor.py:175} INFO - Processing /home/angry/mlops_4/venv4/lib/python3.10/site-packages/airflow/example_dags/example_sensors.py took 0.283 seconds
[2024-01-18T21:49:48.605+0300] {processor.py:153} INFO - Started process (PID=4911) to work on /home/angry/mlops_4/venv4/lib/python3.10/site-packages/airflow/example_dags/example_sensors.py
[2024-01-18T21:49:48.607+0300] {processor.py:743} INFO - Processing file /home/angry/mlops_4/venv4/lib/python3.10/site-packages/airflow/example_dags/example_sensors.py for tasks to queue
[2024-01-18T21:49:48.609+0300] {logging_mixin.py:137} INFO - [2024-01-18T21:49:48.609+0300] {dagbag.py:532} INFO - Filling up the DagBag from /home/angry/mlops_4/venv4/lib/python3.10/site-packages/airflow/example_dags/example_sensors.py
[2024-01-18T21:49:48.655+0300] {processor.py:753} INFO - DAG(s) dict_keys(['example_sensors']) retrieved from /home/angry/mlops_4/venv4/lib/python3.10/site-packages/airflow/example_dags/example_sensors.py
[2024-01-18T21:49:48.707+0300] {logging_mixin.py:137} INFO - [2024-01-18T21:49:48.707+0300] {dag.py:2705} INFO - Sync 1 DAGs
[2024-01-18T21:49:48.747+0300] {logging_mixin.py:137} INFO - [2024-01-18T21:49:48.746+0300] {dag.py:3452} INFO - Setting next_dagrun for example_sensors to None, run_after=None
[2024-01-18T21:49:48.788+0300] {processor.py:175} INFO - Processing /home/angry/mlops_4/venv4/lib/python3.10/site-packages/airflow/example_dags/example_sensors.py took 0.191 seconds
[2024-01-18T21:50:40.466+0300] {processor.py:153} INFO - Started process (PID=4961) to work on /home/angry/mlops_4/venv4/lib/python3.10/site-packages/airflow/example_dags/example_sensors.py
[2024-01-18T21:50:40.469+0300] {processor.py:743} INFO - Processing file /home/angry/mlops_4/venv4/lib/python3.10/site-packages/airflow/example_dags/example_sensors.py for tasks to queue
[2024-01-18T21:50:40.471+0300] {logging_mixin.py:137} INFO - [2024-01-18T21:50:40.470+0300] {dagbag.py:532} INFO - Filling up the DagBag from /home/angry/mlops_4/venv4/lib/python3.10/site-packages/airflow/example_dags/example_sensors.py
[2024-01-18T21:50:40.520+0300] {processor.py:753} INFO - DAG(s) dict_keys(['example_sensors']) retrieved from /home/angry/mlops_4/venv4/lib/python3.10/site-packages/airflow/example_dags/example_sensors.py
[2024-01-18T21:50:40.571+0300] {logging_mixin.py:137} INFO - [2024-01-18T21:50:40.571+0300] {dag.py:2705} INFO - Sync 1 DAGs
[2024-01-18T21:50:40.617+0300] {logging_mixin.py:137} INFO - [2024-01-18T21:50:40.616+0300] {dag.py:3452} INFO - Setting next_dagrun for example_sensors to None, run_after=None
[2024-01-18T21:50:40.668+0300] {processor.py:175} INFO - Processing /home/angry/mlops_4/venv4/lib/python3.10/site-packages/airflow/example_dags/example_sensors.py took 0.210 seconds
[2024-01-18T21:51:29.718+0300] {processor.py:153} INFO - Started process (PID=5008) to work on /home/angry/mlops_4/venv4/lib/python3.10/site-packages/airflow/example_dags/example_sensors.py
[2024-01-18T21:51:29.721+0300] {processor.py:743} INFO - Processing file /home/angry/mlops_4/venv4/lib/python3.10/site-packages/airflow/example_dags/example_sensors.py for tasks to queue
[2024-01-18T21:51:29.722+0300] {logging_mixin.py:137} INFO - [2024-01-18T21:51:29.722+0300] {dagbag.py:532} INFO - Filling up the DagBag from /home/angry/mlops_4/venv4/lib/python3.10/site-packages/airflow/example_dags/example_sensors.py
[2024-01-18T21:51:29.775+0300] {processor.py:753} INFO - DAG(s) dict_keys(['example_sensors']) retrieved from /home/angry/mlops_4/venv4/lib/python3.10/site-packages/airflow/example_dags/example_sensors.py
[2024-01-18T21:51:29.824+0300] {logging_mixin.py:137} INFO - [2024-01-18T21:51:29.824+0300] {dag.py:2705} INFO - Sync 1 DAGs
[2024-01-18T21:51:29.864+0300] {logging_mixin.py:137} INFO - [2024-01-18T21:51:29.864+0300] {dag.py:3452} INFO - Setting next_dagrun for example_sensors to None, run_after=None
[2024-01-18T21:51:29.904+0300] {processor.py:175} INFO - Processing /home/angry/mlops_4/venv4/lib/python3.10/site-packages/airflow/example_dags/example_sensors.py took 0.193 seconds
[2024-01-18T21:52:26.789+0300] {processor.py:153} INFO - Started process (PID=5062) to work on /home/angry/mlops_4/venv4/lib/python3.10/site-packages/airflow/example_dags/example_sensors.py
[2024-01-18T21:52:26.791+0300] {processor.py:743} INFO - Processing file /home/angry/mlops_4/venv4/lib/python3.10/site-packages/airflow/example_dags/example_sensors.py for tasks to queue
[2024-01-18T21:52:26.794+0300] {logging_mixin.py:137} INFO - [2024-01-18T21:52:26.793+0300] {dagbag.py:532} INFO - Filling up the DagBag from /home/angry/mlops_4/venv4/lib/python3.10/site-packages/airflow/example_dags/example_sensors.py
[2024-01-18T21:52:26.856+0300] {processor.py:753} INFO - DAG(s) dict_keys(['example_sensors']) retrieved from /home/angry/mlops_4/venv4/lib/python3.10/site-packages/airflow/example_dags/example_sensors.py
[2024-01-18T21:52:26.930+0300] {logging_mixin.py:137} INFO - [2024-01-18T21:52:26.930+0300] {dag.py:2705} INFO - Sync 1 DAGs
[2024-01-18T21:52:26.970+0300] {logging_mixin.py:137} INFO - [2024-01-18T21:52:26.970+0300] {dag.py:3452} INFO - Setting next_dagrun for example_sensors to None, run_after=None
[2024-01-18T21:52:27.018+0300] {processor.py:175} INFO - Processing /home/angry/mlops_4/venv4/lib/python3.10/site-packages/airflow/example_dags/example_sensors.py took 0.251 seconds
[2024-01-18T21:53:24.834+0300] {processor.py:153} INFO - Started process (PID=5117) to work on /home/angry/mlops_4/venv4/lib/python3.10/site-packages/airflow/example_dags/example_sensors.py
[2024-01-18T21:53:24.837+0300] {processor.py:743} INFO - Processing file /home/angry/mlops_4/venv4/lib/python3.10/site-packages/airflow/example_dags/example_sensors.py for tasks to queue
[2024-01-18T21:53:24.839+0300] {logging_mixin.py:137} INFO - [2024-01-18T21:53:24.838+0300] {dagbag.py:532} INFO - Filling up the DagBag from /home/angry/mlops_4/venv4/lib/python3.10/site-packages/airflow/example_dags/example_sensors.py
[2024-01-18T21:53:24.883+0300] {processor.py:753} INFO - DAG(s) dict_keys(['example_sensors']) retrieved from /home/angry/mlops_4/venv4/lib/python3.10/site-packages/airflow/example_dags/example_sensors.py
[2024-01-18T21:53:24.932+0300] {logging_mixin.py:137} INFO - [2024-01-18T21:53:24.931+0300] {dag.py:2705} INFO - Sync 1 DAGs
[2024-01-18T21:53:24.973+0300] {logging_mixin.py:137} INFO - [2024-01-18T21:53:24.972+0300] {dag.py:3452} INFO - Setting next_dagrun for example_sensors to None, run_after=None
[2024-01-18T21:53:25.029+0300] {processor.py:175} INFO - Processing /home/angry/mlops_4/venv4/lib/python3.10/site-packages/airflow/example_dags/example_sensors.py took 0.205 seconds
[2024-01-18T21:54:23.896+0300] {processor.py:153} INFO - Started process (PID=5168) to work on /home/angry/mlops_4/venv4/lib/python3.10/site-packages/airflow/example_dags/example_sensors.py
[2024-01-18T21:54:23.898+0300] {processor.py:743} INFO - Processing file /home/angry/mlops_4/venv4/lib/python3.10/site-packages/airflow/example_dags/example_sensors.py for tasks to queue
[2024-01-18T21:54:23.900+0300] {logging_mixin.py:137} INFO - [2024-01-18T21:54:23.900+0300] {dagbag.py:532} INFO - Filling up the DagBag from /home/angry/mlops_4/venv4/lib/python3.10/site-packages/airflow/example_dags/example_sensors.py
[2024-01-18T21:54:23.963+0300] {processor.py:753} INFO - DAG(s) dict_keys(['example_sensors']) retrieved from /home/angry/mlops_4/venv4/lib/python3.10/site-packages/airflow/example_dags/example_sensors.py
[2024-01-18T21:54:24.028+0300] {logging_mixin.py:137} INFO - [2024-01-18T21:54:24.027+0300] {dag.py:2705} INFO - Sync 1 DAGs
[2024-01-18T21:54:24.069+0300] {logging_mixin.py:137} INFO - [2024-01-18T21:54:24.068+0300] {dag.py:3452} INFO - Setting next_dagrun for example_sensors to None, run_after=None
[2024-01-18T21:54:24.127+0300] {processor.py:175} INFO - Processing /home/angry/mlops_4/venv4/lib/python3.10/site-packages/airflow/example_dags/example_sensors.py took 0.240 seconds
[2024-01-18T22:00:34.483+0300] {processor.py:153} INFO - Started process (PID=5505) to work on /home/angry/mlops_4/venv4/lib/python3.10/site-packages/airflow/example_dags/example_sensors.py
[2024-01-18T22:00:34.489+0300] {processor.py:743} INFO - Processing file /home/angry/mlops_4/venv4/lib/python3.10/site-packages/airflow/example_dags/example_sensors.py for tasks to queue
[2024-01-18T22:00:34.492+0300] {logging_mixin.py:137} INFO - [2024-01-18T22:00:34.492+0300] {dagbag.py:532} INFO - Filling up the DagBag from /home/angry/mlops_4/venv4/lib/python3.10/site-packages/airflow/example_dags/example_sensors.py
[2024-01-18T22:00:34.560+0300] {processor.py:753} INFO - DAG(s) dict_keys(['example_sensors']) retrieved from /home/angry/mlops_4/venv4/lib/python3.10/site-packages/airflow/example_dags/example_sensors.py
[2024-01-18T22:00:34.648+0300] {logging_mixin.py:137} INFO - [2024-01-18T22:00:34.647+0300] {dag.py:2705} INFO - Sync 1 DAGs
[2024-01-18T22:00:34.723+0300] {logging_mixin.py:137} INFO - [2024-01-18T22:00:34.723+0300] {dag.py:3452} INFO - Setting next_dagrun for example_sensors to None, run_after=None
[2024-01-18T22:00:34.804+0300] {processor.py:175} INFO - Processing /home/angry/mlops_4/venv4/lib/python3.10/site-packages/airflow/example_dags/example_sensors.py took 0.334 seconds
