[2024-01-18T21:37:13.119+0300] {processor.py:153} INFO - Started process (PID=3322) to work on /home/angry/mlops_4/venv4/lib/python3.10/site-packages/airflow/example_dags/example_external_task_marker_dag.py
[2024-01-18T21:37:13.121+0300] {processor.py:743} INFO - Processing file /home/angry/mlops_4/venv4/lib/python3.10/site-packages/airflow/example_dags/example_external_task_marker_dag.py for tasks to queue
[2024-01-18T21:37:13.122+0300] {logging_mixin.py:137} INFO - [2024-01-18T21:37:13.122+0300] {dagbag.py:532} INFO - Filling up the DagBag from /home/angry/mlops_4/venv4/lib/python3.10/site-packages/airflow/example_dags/example_external_task_marker_dag.py
[2024-01-18T21:37:13.154+0300] {processor.py:753} INFO - DAG(s) dict_keys(['example_external_task_marker_child', 'example_external_task_marker_parent']) retrieved from /home/angry/mlops_4/venv4/lib/python3.10/site-packages/airflow/example_dags/example_external_task_marker_dag.py
[2024-01-18T21:37:13.205+0300] {logging_mixin.py:137} INFO - [2024-01-18T21:37:13.205+0300] {dag.py:2705} INFO - Sync 2 DAGs
[2024-01-18T21:37:13.251+0300] {logging_mixin.py:137} INFO - [2024-01-18T21:37:13.251+0300] {dag.py:3452} INFO - Setting next_dagrun for example_external_task_marker_child to None, run_after=None
[2024-01-18T21:37:13.257+0300] {logging_mixin.py:137} INFO - [2024-01-18T21:37:13.256+0300] {dag.py:3452} INFO - Setting next_dagrun for example_external_task_marker_parent to None, run_after=None
[2024-01-18T21:37:13.488+0300] {processor.py:175} INFO - Processing /home/angry/mlops_4/venv4/lib/python3.10/site-packages/airflow/example_dags/example_external_task_marker_dag.py took 0.376 seconds
[2024-01-18T21:38:17.751+0300] {processor.py:153} INFO - Started process (PID=3564) to work on /home/angry/mlops_4/venv4/lib/python3.10/site-packages/airflow/example_dags/example_external_task_marker_dag.py
[2024-01-18T21:38:17.754+0300] {processor.py:743} INFO - Processing file /home/angry/mlops_4/venv4/lib/python3.10/site-packages/airflow/example_dags/example_external_task_marker_dag.py for tasks to queue
[2024-01-18T21:38:17.755+0300] {logging_mixin.py:137} INFO - [2024-01-18T21:38:17.755+0300] {dagbag.py:532} INFO - Filling up the DagBag from /home/angry/mlops_4/venv4/lib/python3.10/site-packages/airflow/example_dags/example_external_task_marker_dag.py
[2024-01-18T21:38:17.825+0300] {processor.py:753} INFO - DAG(s) dict_keys(['example_external_task_marker_child', 'example_external_task_marker_parent']) retrieved from /home/angry/mlops_4/venv4/lib/python3.10/site-packages/airflow/example_dags/example_external_task_marker_dag.py
[2024-01-18T21:38:17.930+0300] {logging_mixin.py:137} INFO - [2024-01-18T21:38:17.930+0300] {dag.py:2705} INFO - Sync 2 DAGs
[2024-01-18T21:38:18.382+0300] {logging_mixin.py:137} INFO - [2024-01-18T21:38:18.381+0300] {dag.py:3452} INFO - Setting next_dagrun for example_external_task_marker_child to None, run_after=None
[2024-01-18T21:38:18.387+0300] {logging_mixin.py:137} INFO - [2024-01-18T21:38:18.387+0300] {dag.py:3452} INFO - Setting next_dagrun for example_external_task_marker_parent to None, run_after=None
[2024-01-18T21:38:18.435+0300] {processor.py:175} INFO - Processing /home/angry/mlops_4/venv4/lib/python3.10/site-packages/airflow/example_dags/example_external_task_marker_dag.py took 0.695 seconds
[2024-01-18T21:39:28.855+0300] {processor.py:153} INFO - Started process (PID=4153) to work on /home/angry/mlops_4/venv4/lib/python3.10/site-packages/airflow/example_dags/example_external_task_marker_dag.py
[2024-01-18T21:39:28.859+0300] {processor.py:743} INFO - Processing file /home/angry/mlops_4/venv4/lib/python3.10/site-packages/airflow/example_dags/example_external_task_marker_dag.py for tasks to queue
[2024-01-18T21:39:28.868+0300] {logging_mixin.py:137} INFO - [2024-01-18T21:39:28.867+0300] {dagbag.py:532} INFO - Filling up the DagBag from /home/angry/mlops_4/venv4/lib/python3.10/site-packages/airflow/example_dags/example_external_task_marker_dag.py
[2024-01-18T21:39:28.907+0300] {processor.py:753} INFO - DAG(s) dict_keys(['example_external_task_marker_child', 'example_external_task_marker_parent']) retrieved from /home/angry/mlops_4/venv4/lib/python3.10/site-packages/airflow/example_dags/example_external_task_marker_dag.py
[2024-01-18T21:39:28.967+0300] {logging_mixin.py:137} INFO - [2024-01-18T21:39:28.967+0300] {dag.py:2705} INFO - Sync 2 DAGs
[2024-01-18T21:39:29.354+0300] {logging_mixin.py:137} INFO - [2024-01-18T21:39:29.354+0300] {dag.py:3452} INFO - Setting next_dagrun for example_external_task_marker_child to None, run_after=None
[2024-01-18T21:39:29.365+0300] {logging_mixin.py:137} INFO - [2024-01-18T21:39:29.364+0300] {dag.py:3452} INFO - Setting next_dagrun for example_external_task_marker_parent to None, run_after=None
[2024-01-18T21:39:29.428+0300] {processor.py:175} INFO - Processing /home/angry/mlops_4/venv4/lib/python3.10/site-packages/airflow/example_dags/example_external_task_marker_dag.py took 0.586 seconds
[2024-01-18T21:40:26.820+0300] {processor.py:153} INFO - Started process (PID=4214) to work on /home/angry/mlops_4/venv4/lib/python3.10/site-packages/airflow/example_dags/example_external_task_marker_dag.py
[2024-01-18T21:40:26.824+0300] {processor.py:743} INFO - Processing file /home/angry/mlops_4/venv4/lib/python3.10/site-packages/airflow/example_dags/example_external_task_marker_dag.py for tasks to queue
[2024-01-18T21:40:26.827+0300] {logging_mixin.py:137} INFO - [2024-01-18T21:40:26.827+0300] {dagbag.py:532} INFO - Filling up the DagBag from /home/angry/mlops_4/venv4/lib/python3.10/site-packages/airflow/example_dags/example_external_task_marker_dag.py
[2024-01-18T21:40:26.871+0300] {processor.py:753} INFO - DAG(s) dict_keys(['example_external_task_marker_child', 'example_external_task_marker_parent']) retrieved from /home/angry/mlops_4/venv4/lib/python3.10/site-packages/airflow/example_dags/example_external_task_marker_dag.py
[2024-01-18T21:40:27.298+0300] {logging_mixin.py:137} INFO - [2024-01-18T21:40:27.297+0300] {dag.py:2705} INFO - Sync 2 DAGs
[2024-01-18T21:40:27.345+0300] {logging_mixin.py:137} INFO - [2024-01-18T21:40:27.345+0300] {dag.py:3452} INFO - Setting next_dagrun for example_external_task_marker_child to None, run_after=None
[2024-01-18T21:40:27.351+0300] {logging_mixin.py:137} INFO - [2024-01-18T21:40:27.351+0300] {dag.py:3452} INFO - Setting next_dagrun for example_external_task_marker_parent to None, run_after=None
[2024-01-18T21:40:27.392+0300] {processor.py:175} INFO - Processing /home/angry/mlops_4/venv4/lib/python3.10/site-packages/airflow/example_dags/example_external_task_marker_dag.py took 0.582 seconds
[2024-01-18T21:41:35.118+0300] {processor.py:153} INFO - Started process (PID=4328) to work on /home/angry/mlops_4/venv4/lib/python3.10/site-packages/airflow/example_dags/example_external_task_marker_dag.py
[2024-01-18T21:41:35.125+0300] {processor.py:743} INFO - Processing file /home/angry/mlops_4/venv4/lib/python3.10/site-packages/airflow/example_dags/example_external_task_marker_dag.py for tasks to queue
[2024-01-18T21:41:35.127+0300] {logging_mixin.py:137} INFO - [2024-01-18T21:41:35.126+0300] {dagbag.py:532} INFO - Filling up the DagBag from /home/angry/mlops_4/venv4/lib/python3.10/site-packages/airflow/example_dags/example_external_task_marker_dag.py
[2024-01-18T21:41:35.160+0300] {processor.py:753} INFO - DAG(s) dict_keys(['example_external_task_marker_child', 'example_external_task_marker_parent']) retrieved from /home/angry/mlops_4/venv4/lib/python3.10/site-packages/airflow/example_dags/example_external_task_marker_dag.py
[2024-01-18T21:41:35.390+0300] {logging_mixin.py:137} INFO - [2024-01-18T21:41:35.390+0300] {dag.py:2705} INFO - Sync 2 DAGs
[2024-01-18T21:41:35.425+0300] {logging_mixin.py:137} INFO - [2024-01-18T21:41:35.424+0300] {dag.py:3452} INFO - Setting next_dagrun for example_external_task_marker_child to None, run_after=None
[2024-01-18T21:41:35.431+0300] {logging_mixin.py:137} INFO - [2024-01-18T21:41:35.430+0300] {dag.py:3452} INFO - Setting next_dagrun for example_external_task_marker_parent to None, run_after=None
[2024-01-18T21:41:35.465+0300] {processor.py:175} INFO - Processing /home/angry/mlops_4/venv4/lib/python3.10/site-packages/airflow/example_dags/example_external_task_marker_dag.py took 0.355 seconds
[2024-01-18T21:42:31.406+0300] {processor.py:153} INFO - Started process (PID=4383) to work on /home/angry/mlops_4/venv4/lib/python3.10/site-packages/airflow/example_dags/example_external_task_marker_dag.py
[2024-01-18T21:42:31.409+0300] {processor.py:743} INFO - Processing file /home/angry/mlops_4/venv4/lib/python3.10/site-packages/airflow/example_dags/example_external_task_marker_dag.py for tasks to queue
[2024-01-18T21:42:31.410+0300] {logging_mixin.py:137} INFO - [2024-01-18T21:42:31.410+0300] {dagbag.py:532} INFO - Filling up the DagBag from /home/angry/mlops_4/venv4/lib/python3.10/site-packages/airflow/example_dags/example_external_task_marker_dag.py
[2024-01-18T21:42:31.655+0300] {processor.py:753} INFO - DAG(s) dict_keys(['example_external_task_marker_parent', 'example_external_task_marker_child']) retrieved from /home/angry/mlops_4/venv4/lib/python3.10/site-packages/airflow/example_dags/example_external_task_marker_dag.py
[2024-01-18T21:42:31.688+0300] {logging_mixin.py:137} INFO - [2024-01-18T21:42:31.688+0300] {dag.py:2705} INFO - Sync 2 DAGs
[2024-01-18T21:42:31.724+0300] {logging_mixin.py:137} INFO - [2024-01-18T21:42:31.723+0300] {dag.py:3452} INFO - Setting next_dagrun for example_external_task_marker_child to None, run_after=None
[2024-01-18T21:42:31.729+0300] {logging_mixin.py:137} INFO - [2024-01-18T21:42:31.729+0300] {dag.py:3452} INFO - Setting next_dagrun for example_external_task_marker_parent to None, run_after=None
[2024-01-18T21:42:31.763+0300] {processor.py:175} INFO - Processing /home/angry/mlops_4/venv4/lib/python3.10/site-packages/airflow/example_dags/example_external_task_marker_dag.py took 0.364 seconds
[2024-01-18T21:43:25.423+0300] {processor.py:153} INFO - Started process (PID=4435) to work on /home/angry/mlops_4/venv4/lib/python3.10/site-packages/airflow/example_dags/example_external_task_marker_dag.py
[2024-01-18T21:43:25.426+0300] {processor.py:743} INFO - Processing file /home/angry/mlops_4/venv4/lib/python3.10/site-packages/airflow/example_dags/example_external_task_marker_dag.py for tasks to queue
[2024-01-18T21:43:25.427+0300] {logging_mixin.py:137} INFO - [2024-01-18T21:43:25.427+0300] {dagbag.py:532} INFO - Filling up the DagBag from /home/angry/mlops_4/venv4/lib/python3.10/site-packages/airflow/example_dags/example_external_task_marker_dag.py
[2024-01-18T21:43:25.461+0300] {processor.py:753} INFO - DAG(s) dict_keys(['example_external_task_marker_parent', 'example_external_task_marker_child']) retrieved from /home/angry/mlops_4/venv4/lib/python3.10/site-packages/airflow/example_dags/example_external_task_marker_dag.py
[2024-01-18T21:43:25.504+0300] {logging_mixin.py:137} INFO - [2024-01-18T21:43:25.504+0300] {dag.py:2705} INFO - Sync 2 DAGs
[2024-01-18T21:43:25.550+0300] {logging_mixin.py:137} INFO - [2024-01-18T21:43:25.550+0300] {dag.py:3452} INFO - Setting next_dagrun for example_external_task_marker_child to None, run_after=None
[2024-01-18T21:43:25.556+0300] {logging_mixin.py:137} INFO - [2024-01-18T21:43:25.556+0300] {dag.py:3452} INFO - Setting next_dagrun for example_external_task_marker_parent to None, run_after=None
[2024-01-18T21:43:25.591+0300] {processor.py:175} INFO - Processing /home/angry/mlops_4/venv4/lib/python3.10/site-packages/airflow/example_dags/example_external_task_marker_dag.py took 0.177 seconds
[2024-01-18T21:44:14.150+0300] {processor.py:153} INFO - Started process (PID=4486) to work on /home/angry/mlops_4/venv4/lib/python3.10/site-packages/airflow/example_dags/example_external_task_marker_dag.py
[2024-01-18T21:44:14.153+0300] {processor.py:743} INFO - Processing file /home/angry/mlops_4/venv4/lib/python3.10/site-packages/airflow/example_dags/example_external_task_marker_dag.py for tasks to queue
[2024-01-18T21:44:14.155+0300] {logging_mixin.py:137} INFO - [2024-01-18T21:44:14.155+0300] {dagbag.py:532} INFO - Filling up the DagBag from /home/angry/mlops_4/venv4/lib/python3.10/site-packages/airflow/example_dags/example_external_task_marker_dag.py
[2024-01-18T21:44:14.192+0300] {processor.py:753} INFO - DAG(s) dict_keys(['example_external_task_marker_parent', 'example_external_task_marker_child']) retrieved from /home/angry/mlops_4/venv4/lib/python3.10/site-packages/airflow/example_dags/example_external_task_marker_dag.py
[2024-01-18T21:44:14.240+0300] {logging_mixin.py:137} INFO - [2024-01-18T21:44:14.240+0300] {dag.py:2705} INFO - Sync 2 DAGs
[2024-01-18T21:44:14.290+0300] {logging_mixin.py:137} INFO - [2024-01-18T21:44:14.290+0300] {dag.py:3452} INFO - Setting next_dagrun for example_external_task_marker_child to None, run_after=None
[2024-01-18T21:44:14.296+0300] {logging_mixin.py:137} INFO - [2024-01-18T21:44:14.296+0300] {dag.py:3452} INFO - Setting next_dagrun for example_external_task_marker_parent to None, run_after=None
[2024-01-18T21:44:14.344+0300] {processor.py:175} INFO - Processing /home/angry/mlops_4/venv4/lib/python3.10/site-packages/airflow/example_dags/example_external_task_marker_dag.py took 0.204 seconds
[2024-01-18T21:45:06.727+0300] {processor.py:153} INFO - Started process (PID=4564) to work on /home/angry/mlops_4/venv4/lib/python3.10/site-packages/airflow/example_dags/example_external_task_marker_dag.py
[2024-01-18T21:45:06.730+0300] {processor.py:743} INFO - Processing file /home/angry/mlops_4/venv4/lib/python3.10/site-packages/airflow/example_dags/example_external_task_marker_dag.py for tasks to queue
[2024-01-18T21:45:06.731+0300] {logging_mixin.py:137} INFO - [2024-01-18T21:45:06.731+0300] {dagbag.py:532} INFO - Filling up the DagBag from /home/angry/mlops_4/venv4/lib/python3.10/site-packages/airflow/example_dags/example_external_task_marker_dag.py
[2024-01-18T21:45:06.774+0300] {processor.py:753} INFO - DAG(s) dict_keys(['example_external_task_marker_child', 'example_external_task_marker_parent']) retrieved from /home/angry/mlops_4/venv4/lib/python3.10/site-packages/airflow/example_dags/example_external_task_marker_dag.py
[2024-01-18T21:45:06.909+0300] {logging_mixin.py:137} INFO - [2024-01-18T21:45:06.909+0300] {dag.py:2705} INFO - Sync 2 DAGs
[2024-01-18T21:45:06.973+0300] {logging_mixin.py:137} INFO - [2024-01-18T21:45:06.972+0300] {dag.py:3452} INFO - Setting next_dagrun for example_external_task_marker_child to None, run_after=None
[2024-01-18T21:45:06.979+0300] {logging_mixin.py:137} INFO - [2024-01-18T21:45:06.979+0300] {dag.py:3452} INFO - Setting next_dagrun for example_external_task_marker_parent to None, run_after=None
[2024-01-18T21:45:07.041+0300] {processor.py:175} INFO - Processing /home/angry/mlops_4/venv4/lib/python3.10/site-packages/airflow/example_dags/example_external_task_marker_dag.py took 0.324 seconds
[2024-01-18T21:45:55.761+0300] {processor.py:153} INFO - Started process (PID=4627) to work on /home/angry/mlops_4/venv4/lib/python3.10/site-packages/airflow/example_dags/example_external_task_marker_dag.py
[2024-01-18T21:45:55.763+0300] {processor.py:743} INFO - Processing file /home/angry/mlops_4/venv4/lib/python3.10/site-packages/airflow/example_dags/example_external_task_marker_dag.py for tasks to queue
[2024-01-18T21:45:55.765+0300] {logging_mixin.py:137} INFO - [2024-01-18T21:45:55.765+0300] {dagbag.py:532} INFO - Filling up the DagBag from /home/angry/mlops_4/venv4/lib/python3.10/site-packages/airflow/example_dags/example_external_task_marker_dag.py
[2024-01-18T21:45:55.796+0300] {processor.py:753} INFO - DAG(s) dict_keys(['example_external_task_marker_parent', 'example_external_task_marker_child']) retrieved from /home/angry/mlops_4/venv4/lib/python3.10/site-packages/airflow/example_dags/example_external_task_marker_dag.py
[2024-01-18T21:45:55.841+0300] {logging_mixin.py:137} INFO - [2024-01-18T21:45:55.840+0300] {dag.py:2705} INFO - Sync 2 DAGs
[2024-01-18T21:45:55.879+0300] {logging_mixin.py:137} INFO - [2024-01-18T21:45:55.879+0300] {dag.py:3452} INFO - Setting next_dagrun for example_external_task_marker_child to None, run_after=None
[2024-01-18T21:45:55.885+0300] {logging_mixin.py:137} INFO - [2024-01-18T21:45:55.885+0300] {dag.py:3452} INFO - Setting next_dagrun for example_external_task_marker_parent to None, run_after=None
[2024-01-18T21:45:55.922+0300] {processor.py:175} INFO - Processing /home/angry/mlops_4/venv4/lib/python3.10/site-packages/airflow/example_dags/example_external_task_marker_dag.py took 0.171 seconds
[2024-01-18T21:46:44.751+0300] {processor.py:153} INFO - Started process (PID=4698) to work on /home/angry/mlops_4/venv4/lib/python3.10/site-packages/airflow/example_dags/example_external_task_marker_dag.py
[2024-01-18T21:46:44.754+0300] {processor.py:743} INFO - Processing file /home/angry/mlops_4/venv4/lib/python3.10/site-packages/airflow/example_dags/example_external_task_marker_dag.py for tasks to queue
[2024-01-18T21:46:44.756+0300] {logging_mixin.py:137} INFO - [2024-01-18T21:46:44.755+0300] {dagbag.py:532} INFO - Filling up the DagBag from /home/angry/mlops_4/venv4/lib/python3.10/site-packages/airflow/example_dags/example_external_task_marker_dag.py
[2024-01-18T21:46:44.789+0300] {processor.py:753} INFO - DAG(s) dict_keys(['example_external_task_marker_parent', 'example_external_task_marker_child']) retrieved from /home/angry/mlops_4/venv4/lib/python3.10/site-packages/airflow/example_dags/example_external_task_marker_dag.py
[2024-01-18T21:46:44.834+0300] {logging_mixin.py:137} INFO - [2024-01-18T21:46:44.833+0300] {dag.py:2705} INFO - Sync 2 DAGs
[2024-01-18T21:46:44.872+0300] {logging_mixin.py:137} INFO - [2024-01-18T21:46:44.871+0300] {dag.py:3452} INFO - Setting next_dagrun for example_external_task_marker_child to None, run_after=None
[2024-01-18T21:46:44.878+0300] {logging_mixin.py:137} INFO - [2024-01-18T21:46:44.877+0300] {dag.py:3452} INFO - Setting next_dagrun for example_external_task_marker_parent to None, run_after=None
[2024-01-18T21:46:44.913+0300] {processor.py:175} INFO - Processing /home/angry/mlops_4/venv4/lib/python3.10/site-packages/airflow/example_dags/example_external_task_marker_dag.py took 0.169 seconds
[2024-01-18T21:47:35.601+0300] {processor.py:153} INFO - Started process (PID=4762) to work on /home/angry/mlops_4/venv4/lib/python3.10/site-packages/airflow/example_dags/example_external_task_marker_dag.py
[2024-01-18T21:47:35.604+0300] {processor.py:743} INFO - Processing file /home/angry/mlops_4/venv4/lib/python3.10/site-packages/airflow/example_dags/example_external_task_marker_dag.py for tasks to queue
[2024-01-18T21:47:35.605+0300] {logging_mixin.py:137} INFO - [2024-01-18T21:47:35.605+0300] {dagbag.py:532} INFO - Filling up the DagBag from /home/angry/mlops_4/venv4/lib/python3.10/site-packages/airflow/example_dags/example_external_task_marker_dag.py
[2024-01-18T21:47:35.638+0300] {processor.py:753} INFO - DAG(s) dict_keys(['example_external_task_marker_child', 'example_external_task_marker_parent']) retrieved from /home/angry/mlops_4/venv4/lib/python3.10/site-packages/airflow/example_dags/example_external_task_marker_dag.py
[2024-01-18T21:47:35.686+0300] {logging_mixin.py:137} INFO - [2024-01-18T21:47:35.686+0300] {dag.py:2705} INFO - Sync 2 DAGs
[2024-01-18T21:47:35.724+0300] {logging_mixin.py:137} INFO - [2024-01-18T21:47:35.724+0300] {dag.py:3452} INFO - Setting next_dagrun for example_external_task_marker_child to None, run_after=None
[2024-01-18T21:47:35.730+0300] {logging_mixin.py:137} INFO - [2024-01-18T21:47:35.730+0300] {dag.py:3452} INFO - Setting next_dagrun for example_external_task_marker_parent to None, run_after=None
[2024-01-18T21:47:35.767+0300] {processor.py:175} INFO - Processing /home/angry/mlops_4/venv4/lib/python3.10/site-packages/airflow/example_dags/example_external_task_marker_dag.py took 0.173 seconds
[2024-01-18T21:48:24.867+0300] {processor.py:153} INFO - Started process (PID=4830) to work on /home/angry/mlops_4/venv4/lib/python3.10/site-packages/airflow/example_dags/example_external_task_marker_dag.py
[2024-01-18T21:48:24.870+0300] {processor.py:743} INFO - Processing file /home/angry/mlops_4/venv4/lib/python3.10/site-packages/airflow/example_dags/example_external_task_marker_dag.py for tasks to queue
[2024-01-18T21:48:24.872+0300] {logging_mixin.py:137} INFO - [2024-01-18T21:48:24.871+0300] {dagbag.py:532} INFO - Filling up the DagBag from /home/angry/mlops_4/venv4/lib/python3.10/site-packages/airflow/example_dags/example_external_task_marker_dag.py
[2024-01-18T21:48:24.912+0300] {processor.py:753} INFO - DAG(s) dict_keys(['example_external_task_marker_parent', 'example_external_task_marker_child']) retrieved from /home/angry/mlops_4/venv4/lib/python3.10/site-packages/airflow/example_dags/example_external_task_marker_dag.py
[2024-01-18T21:48:24.960+0300] {logging_mixin.py:137} INFO - [2024-01-18T21:48:24.960+0300] {dag.py:2705} INFO - Sync 2 DAGs
[2024-01-18T21:48:25.003+0300] {logging_mixin.py:137} INFO - [2024-01-18T21:48:25.003+0300] {dag.py:3452} INFO - Setting next_dagrun for example_external_task_marker_child to None, run_after=None
[2024-01-18T21:48:25.009+0300] {logging_mixin.py:137} INFO - [2024-01-18T21:48:25.009+0300] {dag.py:3452} INFO - Setting next_dagrun for example_external_task_marker_parent to None, run_after=None
[2024-01-18T21:48:25.044+0300] {processor.py:175} INFO - Processing /home/angry/mlops_4/venv4/lib/python3.10/site-packages/airflow/example_dags/example_external_task_marker_dag.py took 0.187 seconds
[2024-01-18T21:49:16.844+0300] {processor.py:153} INFO - Started process (PID=4881) to work on /home/angry/mlops_4/venv4/lib/python3.10/site-packages/airflow/example_dags/example_external_task_marker_dag.py
[2024-01-18T21:49:16.847+0300] {processor.py:743} INFO - Processing file /home/angry/mlops_4/venv4/lib/python3.10/site-packages/airflow/example_dags/example_external_task_marker_dag.py for tasks to queue
[2024-01-18T21:49:16.849+0300] {logging_mixin.py:137} INFO - [2024-01-18T21:49:16.848+0300] {dagbag.py:532} INFO - Filling up the DagBag from /home/angry/mlops_4/venv4/lib/python3.10/site-packages/airflow/example_dags/example_external_task_marker_dag.py
[2024-01-18T21:49:16.882+0300] {processor.py:753} INFO - DAG(s) dict_keys(['example_external_task_marker_parent', 'example_external_task_marker_child']) retrieved from /home/angry/mlops_4/venv4/lib/python3.10/site-packages/airflow/example_dags/example_external_task_marker_dag.py
[2024-01-18T21:49:16.930+0300] {logging_mixin.py:137} INFO - [2024-01-18T21:49:16.929+0300] {dag.py:2705} INFO - Sync 2 DAGs
[2024-01-18T21:49:16.972+0300] {logging_mixin.py:137} INFO - [2024-01-18T21:49:16.971+0300] {dag.py:3452} INFO - Setting next_dagrun for example_external_task_marker_child to None, run_after=None
[2024-01-18T21:49:16.978+0300] {logging_mixin.py:137} INFO - [2024-01-18T21:49:16.978+0300] {dag.py:3452} INFO - Setting next_dagrun for example_external_task_marker_parent to None, run_after=None
[2024-01-18T21:49:17.017+0300] {processor.py:175} INFO - Processing /home/angry/mlops_4/venv4/lib/python3.10/site-packages/airflow/example_dags/example_external_task_marker_dag.py took 0.182 seconds
[2024-01-18T21:50:08.063+0300] {processor.py:153} INFO - Started process (PID=4928) to work on /home/angry/mlops_4/venv4/lib/python3.10/site-packages/airflow/example_dags/example_external_task_marker_dag.py
[2024-01-18T21:50:08.065+0300] {processor.py:743} INFO - Processing file /home/angry/mlops_4/venv4/lib/python3.10/site-packages/airflow/example_dags/example_external_task_marker_dag.py for tasks to queue
[2024-01-18T21:50:08.066+0300] {logging_mixin.py:137} INFO - [2024-01-18T21:50:08.066+0300] {dagbag.py:532} INFO - Filling up the DagBag from /home/angry/mlops_4/venv4/lib/python3.10/site-packages/airflow/example_dags/example_external_task_marker_dag.py
[2024-01-18T21:50:08.104+0300] {processor.py:753} INFO - DAG(s) dict_keys(['example_external_task_marker_parent', 'example_external_task_marker_child']) retrieved from /home/angry/mlops_4/venv4/lib/python3.10/site-packages/airflow/example_dags/example_external_task_marker_dag.py
[2024-01-18T21:50:08.152+0300] {logging_mixin.py:137} INFO - [2024-01-18T21:50:08.151+0300] {dag.py:2705} INFO - Sync 2 DAGs
[2024-01-18T21:50:08.190+0300] {logging_mixin.py:137} INFO - [2024-01-18T21:50:08.189+0300] {dag.py:3452} INFO - Setting next_dagrun for example_external_task_marker_child to None, run_after=None
[2024-01-18T21:50:08.195+0300] {logging_mixin.py:137} INFO - [2024-01-18T21:50:08.195+0300] {dag.py:3452} INFO - Setting next_dagrun for example_external_task_marker_parent to None, run_after=None
[2024-01-18T21:50:08.235+0300] {processor.py:175} INFO - Processing /home/angry/mlops_4/venv4/lib/python3.10/site-packages/airflow/example_dags/example_external_task_marker_dag.py took 0.181 seconds
[2024-01-18T21:50:57.931+0300] {processor.py:153} INFO - Started process (PID=4977) to work on /home/angry/mlops_4/venv4/lib/python3.10/site-packages/airflow/example_dags/example_external_task_marker_dag.py
[2024-01-18T21:50:57.933+0300] {processor.py:743} INFO - Processing file /home/angry/mlops_4/venv4/lib/python3.10/site-packages/airflow/example_dags/example_external_task_marker_dag.py for tasks to queue
[2024-01-18T21:50:57.934+0300] {logging_mixin.py:137} INFO - [2024-01-18T21:50:57.934+0300] {dagbag.py:532} INFO - Filling up the DagBag from /home/angry/mlops_4/venv4/lib/python3.10/site-packages/airflow/example_dags/example_external_task_marker_dag.py
[2024-01-18T21:50:57.967+0300] {processor.py:753} INFO - DAG(s) dict_keys(['example_external_task_marker_child', 'example_external_task_marker_parent']) retrieved from /home/angry/mlops_4/venv4/lib/python3.10/site-packages/airflow/example_dags/example_external_task_marker_dag.py
[2024-01-18T21:50:58.024+0300] {logging_mixin.py:137} INFO - [2024-01-18T21:50:58.024+0300] {dag.py:2705} INFO - Sync 2 DAGs
[2024-01-18T21:50:58.064+0300] {logging_mixin.py:137} INFO - [2024-01-18T21:50:58.064+0300] {dag.py:3452} INFO - Setting next_dagrun for example_external_task_marker_child to None, run_after=None
[2024-01-18T21:50:58.069+0300] {logging_mixin.py:137} INFO - [2024-01-18T21:50:58.069+0300] {dag.py:3452} INFO - Setting next_dagrun for example_external_task_marker_parent to None, run_after=None
[2024-01-18T21:50:58.106+0300] {processor.py:175} INFO - Processing /home/angry/mlops_4/venv4/lib/python3.10/site-packages/airflow/example_dags/example_external_task_marker_dag.py took 0.184 seconds
[2024-01-18T21:51:49.922+0300] {processor.py:153} INFO - Started process (PID=5027) to work on /home/angry/mlops_4/venv4/lib/python3.10/site-packages/airflow/example_dags/example_external_task_marker_dag.py
[2024-01-18T21:51:49.926+0300] {processor.py:743} INFO - Processing file /home/angry/mlops_4/venv4/lib/python3.10/site-packages/airflow/example_dags/example_external_task_marker_dag.py for tasks to queue
[2024-01-18T21:51:49.928+0300] {logging_mixin.py:137} INFO - [2024-01-18T21:51:49.927+0300] {dagbag.py:532} INFO - Filling up the DagBag from /home/angry/mlops_4/venv4/lib/python3.10/site-packages/airflow/example_dags/example_external_task_marker_dag.py
[2024-01-18T21:51:49.971+0300] {processor.py:753} INFO - DAG(s) dict_keys(['example_external_task_marker_parent', 'example_external_task_marker_child']) retrieved from /home/angry/mlops_4/venv4/lib/python3.10/site-packages/airflow/example_dags/example_external_task_marker_dag.py
[2024-01-18T21:51:50.034+0300] {logging_mixin.py:137} INFO - [2024-01-18T21:51:50.034+0300] {dag.py:2705} INFO - Sync 2 DAGs
[2024-01-18T21:51:50.077+0300] {logging_mixin.py:137} INFO - [2024-01-18T21:51:50.077+0300] {dag.py:3452} INFO - Setting next_dagrun for example_external_task_marker_child to None, run_after=None
[2024-01-18T21:51:50.084+0300] {logging_mixin.py:137} INFO - [2024-01-18T21:51:50.083+0300] {dag.py:3452} INFO - Setting next_dagrun for example_external_task_marker_parent to None, run_after=None
[2024-01-18T21:51:50.124+0300] {processor.py:175} INFO - Processing /home/angry/mlops_4/venv4/lib/python3.10/site-packages/airflow/example_dags/example_external_task_marker_dag.py took 0.212 seconds
[2024-01-18T21:52:46.336+0300] {processor.py:153} INFO - Started process (PID=5081) to work on /home/angry/mlops_4/venv4/lib/python3.10/site-packages/airflow/example_dags/example_external_task_marker_dag.py
[2024-01-18T21:52:46.341+0300] {processor.py:743} INFO - Processing file /home/angry/mlops_4/venv4/lib/python3.10/site-packages/airflow/example_dags/example_external_task_marker_dag.py for tasks to queue
[2024-01-18T21:52:46.346+0300] {logging_mixin.py:137} INFO - [2024-01-18T21:52:46.346+0300] {dagbag.py:532} INFO - Filling up the DagBag from /home/angry/mlops_4/venv4/lib/python3.10/site-packages/airflow/example_dags/example_external_task_marker_dag.py
[2024-01-18T21:52:46.434+0300] {processor.py:753} INFO - DAG(s) dict_keys(['example_external_task_marker_child', 'example_external_task_marker_parent']) retrieved from /home/angry/mlops_4/venv4/lib/python3.10/site-packages/airflow/example_dags/example_external_task_marker_dag.py
[2024-01-18T21:52:46.612+0300] {logging_mixin.py:137} INFO - [2024-01-18T21:52:46.611+0300] {dag.py:2705} INFO - Sync 2 DAGs
[2024-01-18T21:52:46.752+0300] {logging_mixin.py:137} INFO - [2024-01-18T21:52:46.752+0300] {dag.py:3452} INFO - Setting next_dagrun for example_external_task_marker_child to None, run_after=None
[2024-01-18T21:52:46.786+0300] {logging_mixin.py:137} INFO - [2024-01-18T21:52:46.786+0300] {dag.py:3452} INFO - Setting next_dagrun for example_external_task_marker_parent to None, run_after=None
[2024-01-18T21:52:46.934+0300] {processor.py:175} INFO - Processing /home/angry/mlops_4/venv4/lib/python3.10/site-packages/airflow/example_dags/example_external_task_marker_dag.py took 0.629 seconds
[2024-01-18T21:53:45.259+0300] {processor.py:153} INFO - Started process (PID=5136) to work on /home/angry/mlops_4/venv4/lib/python3.10/site-packages/airflow/example_dags/example_external_task_marker_dag.py
[2024-01-18T21:53:45.267+0300] {processor.py:743} INFO - Processing file /home/angry/mlops_4/venv4/lib/python3.10/site-packages/airflow/example_dags/example_external_task_marker_dag.py for tasks to queue
[2024-01-18T21:53:45.269+0300] {logging_mixin.py:137} INFO - [2024-01-18T21:53:45.269+0300] {dagbag.py:532} INFO - Filling up the DagBag from /home/angry/mlops_4/venv4/lib/python3.10/site-packages/airflow/example_dags/example_external_task_marker_dag.py
[2024-01-18T21:53:45.311+0300] {processor.py:753} INFO - DAG(s) dict_keys(['example_external_task_marker_parent', 'example_external_task_marker_child']) retrieved from /home/angry/mlops_4/venv4/lib/python3.10/site-packages/airflow/example_dags/example_external_task_marker_dag.py
[2024-01-18T21:53:45.383+0300] {logging_mixin.py:137} INFO - [2024-01-18T21:53:45.383+0300] {dag.py:2705} INFO - Sync 2 DAGs
[2024-01-18T21:53:45.466+0300] {logging_mixin.py:137} INFO - [2024-01-18T21:53:45.466+0300] {dag.py:3452} INFO - Setting next_dagrun for example_external_task_marker_child to None, run_after=None
[2024-01-18T21:53:45.475+0300] {logging_mixin.py:137} INFO - [2024-01-18T21:53:45.475+0300] {dag.py:3452} INFO - Setting next_dagrun for example_external_task_marker_parent to None, run_after=None
[2024-01-18T21:53:45.528+0300] {processor.py:175} INFO - Processing /home/angry/mlops_4/venv4/lib/python3.10/site-packages/airflow/example_dags/example_external_task_marker_dag.py took 0.281 seconds
[2024-01-18T22:00:55.657+0300] {processor.py:153} INFO - Started process (PID=5533) to work on /home/angry/mlops_4/venv4/lib/python3.10/site-packages/airflow/example_dags/example_external_task_marker_dag.py
[2024-01-18T22:00:55.668+0300] {processor.py:743} INFO - Processing file /home/angry/mlops_4/venv4/lib/python3.10/site-packages/airflow/example_dags/example_external_task_marker_dag.py for tasks to queue
[2024-01-18T22:00:55.671+0300] {logging_mixin.py:137} INFO - [2024-01-18T22:00:55.670+0300] {dagbag.py:532} INFO - Filling up the DagBag from /home/angry/mlops_4/venv4/lib/python3.10/site-packages/airflow/example_dags/example_external_task_marker_dag.py
[2024-01-18T22:00:55.729+0300] {processor.py:753} INFO - DAG(s) dict_keys(['example_external_task_marker_child', 'example_external_task_marker_parent']) retrieved from /home/angry/mlops_4/venv4/lib/python3.10/site-packages/airflow/example_dags/example_external_task_marker_dag.py
[2024-01-18T22:00:55.813+0300] {logging_mixin.py:137} INFO - [2024-01-18T22:00:55.813+0300] {dag.py:2705} INFO - Sync 2 DAGs
[2024-01-18T22:00:55.894+0300] {logging_mixin.py:137} INFO - [2024-01-18T22:00:55.893+0300] {dag.py:3452} INFO - Setting next_dagrun for example_external_task_marker_child to None, run_after=None
[2024-01-18T22:00:55.914+0300] {logging_mixin.py:137} INFO - [2024-01-18T22:00:55.913+0300] {dag.py:3452} INFO - Setting next_dagrun for example_external_task_marker_parent to None, run_after=None
[2024-01-18T22:00:55.988+0300] {processor.py:175} INFO - Processing /home/angry/mlops_4/venv4/lib/python3.10/site-packages/airflow/example_dags/example_external_task_marker_dag.py took 0.352 seconds
