[2024-01-18T21:37:06.448+0300] {processor.py:153} INFO - Started process (PID=3315) to work on /home/angry/mlops_4/venv4/lib/python3.10/site-packages/airflow/example_dags/example_datasets.py
[2024-01-18T21:37:06.450+0300] {processor.py:743} INFO - Processing file /home/angry/mlops_4/venv4/lib/python3.10/site-packages/airflow/example_dags/example_datasets.py for tasks to queue
[2024-01-18T21:37:06.451+0300] {logging_mixin.py:137} INFO - [2024-01-18T21:37:06.451+0300] {dagbag.py:532} INFO - Filling up the DagBag from /home/angry/mlops_4/venv4/lib/python3.10/site-packages/airflow/example_dags/example_datasets.py
[2024-01-18T21:37:06.507+0300] {processor.py:753} INFO - DAG(s) dict_keys(['dataset_produces_1', 'dataset_consumes_unknown_never_scheduled', 'dataset_consumes_1_never_scheduled', 'dataset_consumes_1', 'dataset_produces_2', 'dataset_consumes_1_and_2']) retrieved from /home/angry/mlops_4/venv4/lib/python3.10/site-packages/airflow/example_dags/example_datasets.py
[2024-01-18T21:37:06.892+0300] {logging_mixin.py:137} INFO - [2024-01-18T21:37:06.892+0300] {dag.py:2705} INFO - Sync 6 DAGs
[2024-01-18T21:37:06.924+0300] {logging_mixin.py:137} INFO - [2024-01-18T21:37:06.923+0300] {dag.py:3452} INFO - Setting next_dagrun for dataset_consumes_1 to None, run_after=None
[2024-01-18T21:37:06.928+0300] {logging_mixin.py:137} INFO - [2024-01-18T21:37:06.928+0300] {dag.py:3452} INFO - Setting next_dagrun for dataset_consumes_1_and_2 to None, run_after=None
[2024-01-18T21:37:06.930+0300] {logging_mixin.py:137} INFO - [2024-01-18T21:37:06.930+0300] {dag.py:3452} INFO - Setting next_dagrun for dataset_consumes_1_never_scheduled to None, run_after=None
[2024-01-18T21:37:06.932+0300] {logging_mixin.py:137} INFO - [2024-01-18T21:37:06.931+0300] {dag.py:3452} INFO - Setting next_dagrun for dataset_consumes_unknown_never_scheduled to None, run_after=None
[2024-01-18T21:37:06.936+0300] {logging_mixin.py:137} INFO - [2024-01-18T21:37:06.936+0300] {dag.py:3452} INFO - Setting next_dagrun for dataset_produces_1 to 2024-01-17T00:00:00+00:00, run_after=2024-01-18T00:00:00+00:00
[2024-01-18T21:37:06.938+0300] {logging_mixin.py:137} INFO - [2024-01-18T21:37:06.938+0300] {dag.py:3452} INFO - Setting next_dagrun for dataset_produces_2 to None, run_after=None
[2024-01-18T21:37:07.007+0300] {processor.py:175} INFO - Processing /home/angry/mlops_4/venv4/lib/python3.10/site-packages/airflow/example_dags/example_datasets.py took 0.566 seconds
[2024-01-18T21:38:06.637+0300] {processor.py:153} INFO - Started process (PID=3474) to work on /home/angry/mlops_4/venv4/lib/python3.10/site-packages/airflow/example_dags/example_datasets.py
[2024-01-18T21:38:06.640+0300] {processor.py:743} INFO - Processing file /home/angry/mlops_4/venv4/lib/python3.10/site-packages/airflow/example_dags/example_datasets.py for tasks to queue
[2024-01-18T21:38:06.642+0300] {logging_mixin.py:137} INFO - [2024-01-18T21:38:06.641+0300] {dagbag.py:532} INFO - Filling up the DagBag from /home/angry/mlops_4/venv4/lib/python3.10/site-packages/airflow/example_dags/example_datasets.py
[2024-01-18T21:38:06.711+0300] {processor.py:753} INFO - DAG(s) dict_keys(['dataset_produces_1', 'dataset_consumes_1_never_scheduled', 'dataset_produces_2', 'dataset_consumes_1', 'dataset_consumes_1_and_2', 'dataset_consumes_unknown_never_scheduled']) retrieved from /home/angry/mlops_4/venv4/lib/python3.10/site-packages/airflow/example_dags/example_datasets.py
[2024-01-18T21:38:06.902+0300] {logging_mixin.py:137} INFO - [2024-01-18T21:38:06.901+0300] {dag.py:2705} INFO - Sync 6 DAGs
[2024-01-18T21:38:07.439+0300] {logging_mixin.py:137} INFO - [2024-01-18T21:38:07.439+0300] {dag.py:3452} INFO - Setting next_dagrun for dataset_consumes_1 to None, run_after=None
[2024-01-18T21:38:07.456+0300] {logging_mixin.py:137} INFO - [2024-01-18T21:38:07.455+0300] {dag.py:3452} INFO - Setting next_dagrun for dataset_consumes_1_and_2 to None, run_after=None
[2024-01-18T21:38:07.461+0300] {logging_mixin.py:137} INFO - [2024-01-18T21:38:07.461+0300] {dag.py:3452} INFO - Setting next_dagrun for dataset_consumes_1_never_scheduled to None, run_after=None
[2024-01-18T21:38:07.471+0300] {logging_mixin.py:137} INFO - [2024-01-18T21:38:07.470+0300] {dag.py:3452} INFO - Setting next_dagrun for dataset_consumes_unknown_never_scheduled to None, run_after=None
[2024-01-18T21:38:07.490+0300] {logging_mixin.py:137} INFO - [2024-01-18T21:38:07.490+0300] {dag.py:3452} INFO - Setting next_dagrun for dataset_produces_1 to 2024-01-17T00:00:00+00:00, run_after=2024-01-18T00:00:00+00:00
[2024-01-18T21:38:07.493+0300] {logging_mixin.py:137} INFO - [2024-01-18T21:38:07.492+0300] {dag.py:3452} INFO - Setting next_dagrun for dataset_produces_2 to None, run_after=None
[2024-01-18T21:38:07.675+0300] {processor.py:175} INFO - Processing /home/angry/mlops_4/venv4/lib/python3.10/site-packages/airflow/example_dags/example_datasets.py took 1.052 seconds
[2024-01-18T21:39:21.375+0300] {processor.py:153} INFO - Started process (PID=4144) to work on /home/angry/mlops_4/venv4/lib/python3.10/site-packages/airflow/example_dags/example_datasets.py
[2024-01-18T21:39:21.377+0300] {processor.py:743} INFO - Processing file /home/angry/mlops_4/venv4/lib/python3.10/site-packages/airflow/example_dags/example_datasets.py for tasks to queue
[2024-01-18T21:39:21.380+0300] {logging_mixin.py:137} INFO - [2024-01-18T21:39:21.379+0300] {dagbag.py:532} INFO - Filling up the DagBag from /home/angry/mlops_4/venv4/lib/python3.10/site-packages/airflow/example_dags/example_datasets.py
[2024-01-18T21:39:21.436+0300] {processor.py:753} INFO - DAG(s) dict_keys(['dataset_consumes_1', 'dataset_consumes_unknown_never_scheduled', 'dataset_produces_2', 'dataset_consumes_1_never_scheduled', 'dataset_consumes_1_and_2', 'dataset_produces_1']) retrieved from /home/angry/mlops_4/venv4/lib/python3.10/site-packages/airflow/example_dags/example_datasets.py
[2024-01-18T21:39:21.531+0300] {logging_mixin.py:137} INFO - [2024-01-18T21:39:21.531+0300] {dag.py:2705} INFO - Sync 6 DAGs
[2024-01-18T21:39:21.807+0300] {logging_mixin.py:137} INFO - [2024-01-18T21:39:21.807+0300] {dag.py:3452} INFO - Setting next_dagrun for dataset_consumes_1 to None, run_after=None
[2024-01-18T21:39:21.822+0300] {logging_mixin.py:137} INFO - [2024-01-18T21:39:21.821+0300] {dag.py:3452} INFO - Setting next_dagrun for dataset_consumes_1_and_2 to None, run_after=None
[2024-01-18T21:39:21.824+0300] {logging_mixin.py:137} INFO - [2024-01-18T21:39:21.823+0300] {dag.py:3452} INFO - Setting next_dagrun for dataset_consumes_1_never_scheduled to None, run_after=None
[2024-01-18T21:39:21.831+0300] {logging_mixin.py:137} INFO - [2024-01-18T21:39:21.831+0300] {dag.py:3452} INFO - Setting next_dagrun for dataset_consumes_unknown_never_scheduled to None, run_after=None
[2024-01-18T21:39:21.838+0300] {logging_mixin.py:137} INFO - [2024-01-18T21:39:21.838+0300] {dag.py:3452} INFO - Setting next_dagrun for dataset_produces_1 to 2024-01-17T00:00:00+00:00, run_after=2024-01-18T00:00:00+00:00
[2024-01-18T21:39:21.840+0300] {logging_mixin.py:137} INFO - [2024-01-18T21:39:21.840+0300] {dag.py:3452} INFO - Setting next_dagrun for dataset_produces_2 to None, run_after=None
[2024-01-18T21:39:21.967+0300] {processor.py:175} INFO - Processing /home/angry/mlops_4/venv4/lib/python3.10/site-packages/airflow/example_dags/example_datasets.py took 0.601 seconds
[2024-01-18T21:40:19.965+0300] {processor.py:153} INFO - Started process (PID=4205) to work on /home/angry/mlops_4/venv4/lib/python3.10/site-packages/airflow/example_dags/example_datasets.py
[2024-01-18T21:40:19.969+0300] {processor.py:743} INFO - Processing file /home/angry/mlops_4/venv4/lib/python3.10/site-packages/airflow/example_dags/example_datasets.py for tasks to queue
[2024-01-18T21:40:19.971+0300] {logging_mixin.py:137} INFO - [2024-01-18T21:40:19.971+0300] {dagbag.py:532} INFO - Filling up the DagBag from /home/angry/mlops_4/venv4/lib/python3.10/site-packages/airflow/example_dags/example_datasets.py
[2024-01-18T21:40:20.015+0300] {processor.py:753} INFO - DAG(s) dict_keys(['dataset_consumes_unknown_never_scheduled', 'dataset_consumes_1_and_2', 'dataset_produces_1', 'dataset_consumes_1_never_scheduled', 'dataset_consumes_1', 'dataset_produces_2']) retrieved from /home/angry/mlops_4/venv4/lib/python3.10/site-packages/airflow/example_dags/example_datasets.py
[2024-01-18T21:40:20.273+0300] {logging_mixin.py:137} INFO - [2024-01-18T21:40:20.272+0300] {dag.py:2705} INFO - Sync 6 DAGs
[2024-01-18T21:40:20.310+0300] {logging_mixin.py:137} INFO - [2024-01-18T21:40:20.310+0300] {dag.py:3452} INFO - Setting next_dagrun for dataset_consumes_1 to None, run_after=None
[2024-01-18T21:40:20.315+0300] {logging_mixin.py:137} INFO - [2024-01-18T21:40:20.315+0300] {dag.py:3452} INFO - Setting next_dagrun for dataset_consumes_1_and_2 to None, run_after=None
[2024-01-18T21:40:20.317+0300] {logging_mixin.py:137} INFO - [2024-01-18T21:40:20.316+0300] {dag.py:3452} INFO - Setting next_dagrun for dataset_consumes_1_never_scheduled to None, run_after=None
[2024-01-18T21:40:20.319+0300] {logging_mixin.py:137} INFO - [2024-01-18T21:40:20.318+0300] {dag.py:3452} INFO - Setting next_dagrun for dataset_consumes_unknown_never_scheduled to None, run_after=None
[2024-01-18T21:40:20.324+0300] {logging_mixin.py:137} INFO - [2024-01-18T21:40:20.323+0300] {dag.py:3452} INFO - Setting next_dagrun for dataset_produces_1 to 2024-01-17T00:00:00+00:00, run_after=2024-01-18T00:00:00+00:00
[2024-01-18T21:40:20.326+0300] {logging_mixin.py:137} INFO - [2024-01-18T21:40:20.326+0300] {dag.py:3452} INFO - Setting next_dagrun for dataset_produces_2 to None, run_after=None
[2024-01-18T21:40:20.390+0300] {processor.py:175} INFO - Processing /home/angry/mlops_4/venv4/lib/python3.10/site-packages/airflow/example_dags/example_datasets.py took 0.433 seconds
[2024-01-18T21:41:27.797+0300] {processor.py:153} INFO - Started process (PID=4316) to work on /home/angry/mlops_4/venv4/lib/python3.10/site-packages/airflow/example_dags/example_datasets.py
[2024-01-18T21:41:27.805+0300] {processor.py:743} INFO - Processing file /home/angry/mlops_4/venv4/lib/python3.10/site-packages/airflow/example_dags/example_datasets.py for tasks to queue
[2024-01-18T21:41:27.808+0300] {logging_mixin.py:137} INFO - [2024-01-18T21:41:27.807+0300] {dagbag.py:532} INFO - Filling up the DagBag from /home/angry/mlops_4/venv4/lib/python3.10/site-packages/airflow/example_dags/example_datasets.py
[2024-01-18T21:41:27.871+0300] {processor.py:753} INFO - DAG(s) dict_keys(['dataset_consumes_1_never_scheduled', 'dataset_consumes_1', 'dataset_produces_1', 'dataset_consumes_1_and_2', 'dataset_produces_2', 'dataset_consumes_unknown_never_scheduled']) retrieved from /home/angry/mlops_4/venv4/lib/python3.10/site-packages/airflow/example_dags/example_datasets.py
[2024-01-18T21:41:28.249+0300] {logging_mixin.py:137} INFO - [2024-01-18T21:41:28.249+0300] {dag.py:2705} INFO - Sync 6 DAGs
[2024-01-18T21:41:28.310+0300] {logging_mixin.py:137} INFO - [2024-01-18T21:41:28.309+0300] {dag.py:3452} INFO - Setting next_dagrun for dataset_consumes_1 to None, run_after=None
[2024-01-18T21:41:28.317+0300] {logging_mixin.py:137} INFO - [2024-01-18T21:41:28.316+0300] {dag.py:3452} INFO - Setting next_dagrun for dataset_consumes_1_and_2 to None, run_after=None
[2024-01-18T21:41:28.318+0300] {logging_mixin.py:137} INFO - [2024-01-18T21:41:28.318+0300] {dag.py:3452} INFO - Setting next_dagrun for dataset_consumes_1_never_scheduled to None, run_after=None
[2024-01-18T21:41:28.323+0300] {logging_mixin.py:137} INFO - [2024-01-18T21:41:28.322+0300] {dag.py:3452} INFO - Setting next_dagrun for dataset_consumes_unknown_never_scheduled to None, run_after=None
[2024-01-18T21:41:28.332+0300] {logging_mixin.py:137} INFO - [2024-01-18T21:41:28.332+0300] {dag.py:3452} INFO - Setting next_dagrun for dataset_produces_1 to 2024-01-17T00:00:00+00:00, run_after=2024-01-18T00:00:00+00:00
[2024-01-18T21:41:28.334+0300] {logging_mixin.py:137} INFO - [2024-01-18T21:41:28.334+0300] {dag.py:3452} INFO - Setting next_dagrun for dataset_produces_2 to None, run_after=None
[2024-01-18T21:41:28.461+0300] {processor.py:175} INFO - Processing /home/angry/mlops_4/venv4/lib/python3.10/site-packages/airflow/example_dags/example_datasets.py took 0.680 seconds
[2024-01-18T21:42:24.939+0300] {processor.py:153} INFO - Started process (PID=4376) to work on /home/angry/mlops_4/venv4/lib/python3.10/site-packages/airflow/example_dags/example_datasets.py
[2024-01-18T21:42:24.941+0300] {processor.py:743} INFO - Processing file /home/angry/mlops_4/venv4/lib/python3.10/site-packages/airflow/example_dags/example_datasets.py for tasks to queue
[2024-01-18T21:42:24.943+0300] {logging_mixin.py:137} INFO - [2024-01-18T21:42:24.942+0300] {dagbag.py:532} INFO - Filling up the DagBag from /home/angry/mlops_4/venv4/lib/python3.10/site-packages/airflow/example_dags/example_datasets.py
[2024-01-18T21:42:25.179+0300] {processor.py:753} INFO - DAG(s) dict_keys(['dataset_consumes_1', 'dataset_produces_2', 'dataset_consumes_1_never_scheduled', 'dataset_produces_1', 'dataset_consumes_1_and_2', 'dataset_consumes_unknown_never_scheduled']) retrieved from /home/angry/mlops_4/venv4/lib/python3.10/site-packages/airflow/example_dags/example_datasets.py
[2024-01-18T21:42:25.240+0300] {logging_mixin.py:137} INFO - [2024-01-18T21:42:25.240+0300] {dag.py:2705} INFO - Sync 6 DAGs
[2024-01-18T21:42:25.303+0300] {logging_mixin.py:137} INFO - [2024-01-18T21:42:25.302+0300] {dag.py:3452} INFO - Setting next_dagrun for dataset_consumes_1 to None, run_after=None
[2024-01-18T21:42:25.312+0300] {logging_mixin.py:137} INFO - [2024-01-18T21:42:25.311+0300] {dag.py:3452} INFO - Setting next_dagrun for dataset_consumes_1_and_2 to None, run_after=None
[2024-01-18T21:42:25.316+0300] {logging_mixin.py:137} INFO - [2024-01-18T21:42:25.316+0300] {dag.py:3452} INFO - Setting next_dagrun for dataset_consumes_1_never_scheduled to None, run_after=None
[2024-01-18T21:42:25.318+0300] {logging_mixin.py:137} INFO - [2024-01-18T21:42:25.318+0300] {dag.py:3452} INFO - Setting next_dagrun for dataset_consumes_unknown_never_scheduled to None, run_after=None
[2024-01-18T21:42:25.325+0300] {logging_mixin.py:137} INFO - [2024-01-18T21:42:25.325+0300] {dag.py:3452} INFO - Setting next_dagrun for dataset_produces_1 to 2024-01-17T00:00:00+00:00, run_after=2024-01-18T00:00:00+00:00
[2024-01-18T21:42:25.327+0300] {logging_mixin.py:137} INFO - [2024-01-18T21:42:25.326+0300] {dag.py:3452} INFO - Setting next_dagrun for dataset_produces_2 to None, run_after=None
[2024-01-18T21:42:25.393+0300] {processor.py:175} INFO - Processing /home/angry/mlops_4/venv4/lib/python3.10/site-packages/airflow/example_dags/example_datasets.py took 0.462 seconds
[2024-01-18T21:43:18.759+0300] {processor.py:153} INFO - Started process (PID=4428) to work on /home/angry/mlops_4/venv4/lib/python3.10/site-packages/airflow/example_dags/example_datasets.py
[2024-01-18T21:43:18.762+0300] {processor.py:743} INFO - Processing file /home/angry/mlops_4/venv4/lib/python3.10/site-packages/airflow/example_dags/example_datasets.py for tasks to queue
[2024-01-18T21:43:18.763+0300] {logging_mixin.py:137} INFO - [2024-01-18T21:43:18.763+0300] {dagbag.py:532} INFO - Filling up the DagBag from /home/angry/mlops_4/venv4/lib/python3.10/site-packages/airflow/example_dags/example_datasets.py
[2024-01-18T21:43:18.803+0300] {processor.py:753} INFO - DAG(s) dict_keys(['dataset_produces_1', 'dataset_consumes_1', 'dataset_consumes_unknown_never_scheduled', 'dataset_produces_2', 'dataset_consumes_1_and_2', 'dataset_consumes_1_never_scheduled']) retrieved from /home/angry/mlops_4/venv4/lib/python3.10/site-packages/airflow/example_dags/example_datasets.py
[2024-01-18T21:43:18.869+0300] {logging_mixin.py:137} INFO - [2024-01-18T21:43:18.868+0300] {dag.py:2705} INFO - Sync 6 DAGs
[2024-01-18T21:43:18.910+0300] {logging_mixin.py:137} INFO - [2024-01-18T21:43:18.910+0300] {dag.py:3452} INFO - Setting next_dagrun for dataset_consumes_1 to None, run_after=None
[2024-01-18T21:43:18.916+0300] {logging_mixin.py:137} INFO - [2024-01-18T21:43:18.916+0300] {dag.py:3452} INFO - Setting next_dagrun for dataset_consumes_1_and_2 to None, run_after=None
[2024-01-18T21:43:18.918+0300] {logging_mixin.py:137} INFO - [2024-01-18T21:43:18.918+0300] {dag.py:3452} INFO - Setting next_dagrun for dataset_consumes_1_never_scheduled to None, run_after=None
[2024-01-18T21:43:18.920+0300] {logging_mixin.py:137} INFO - [2024-01-18T21:43:18.920+0300] {dag.py:3452} INFO - Setting next_dagrun for dataset_consumes_unknown_never_scheduled to None, run_after=None
[2024-01-18T21:43:18.925+0300] {logging_mixin.py:137} INFO - [2024-01-18T21:43:18.924+0300] {dag.py:3452} INFO - Setting next_dagrun for dataset_produces_1 to 2024-01-17T00:00:00+00:00, run_after=2024-01-18T00:00:00+00:00
[2024-01-18T21:43:18.926+0300] {logging_mixin.py:137} INFO - [2024-01-18T21:43:18.926+0300] {dag.py:3452} INFO - Setting next_dagrun for dataset_produces_2 to None, run_after=None
[2024-01-18T21:43:18.986+0300] {processor.py:175} INFO - Processing /home/angry/mlops_4/venv4/lib/python3.10/site-packages/airflow/example_dags/example_datasets.py took 0.234 seconds
[2024-01-18T21:44:08.156+0300] {processor.py:153} INFO - Started process (PID=4481) to work on /home/angry/mlops_4/venv4/lib/python3.10/site-packages/airflow/example_dags/example_datasets.py
[2024-01-18T21:44:08.158+0300] {processor.py:743} INFO - Processing file /home/angry/mlops_4/venv4/lib/python3.10/site-packages/airflow/example_dags/example_datasets.py for tasks to queue
[2024-01-18T21:44:08.160+0300] {logging_mixin.py:137} INFO - [2024-01-18T21:44:08.159+0300] {dagbag.py:532} INFO - Filling up the DagBag from /home/angry/mlops_4/venv4/lib/python3.10/site-packages/airflow/example_dags/example_datasets.py
[2024-01-18T21:44:08.199+0300] {processor.py:753} INFO - DAG(s) dict_keys(['dataset_produces_1', 'dataset_consumes_1', 'dataset_produces_2', 'dataset_consumes_1_and_2', 'dataset_consumes_unknown_never_scheduled', 'dataset_consumes_1_never_scheduled']) retrieved from /home/angry/mlops_4/venv4/lib/python3.10/site-packages/airflow/example_dags/example_datasets.py
[2024-01-18T21:44:08.267+0300] {logging_mixin.py:137} INFO - [2024-01-18T21:44:08.267+0300] {dag.py:2705} INFO - Sync 6 DAGs
[2024-01-18T21:44:08.317+0300] {logging_mixin.py:137} INFO - [2024-01-18T21:44:08.317+0300] {dag.py:3452} INFO - Setting next_dagrun for dataset_consumes_1 to None, run_after=None
[2024-01-18T21:44:08.337+0300] {logging_mixin.py:137} INFO - [2024-01-18T21:44:08.337+0300] {dag.py:3452} INFO - Setting next_dagrun for dataset_consumes_1_and_2 to None, run_after=None
[2024-01-18T21:44:08.341+0300] {logging_mixin.py:137} INFO - [2024-01-18T21:44:08.340+0300] {dag.py:3452} INFO - Setting next_dagrun for dataset_consumes_1_never_scheduled to None, run_after=None
[2024-01-18T21:44:08.342+0300] {logging_mixin.py:137} INFO - [2024-01-18T21:44:08.342+0300] {dag.py:3452} INFO - Setting next_dagrun for dataset_consumes_unknown_never_scheduled to None, run_after=None
[2024-01-18T21:44:08.347+0300] {logging_mixin.py:137} INFO - [2024-01-18T21:44:08.347+0300] {dag.py:3452} INFO - Setting next_dagrun for dataset_produces_1 to 2024-01-17T00:00:00+00:00, run_after=2024-01-18T00:00:00+00:00
[2024-01-18T21:44:08.349+0300] {logging_mixin.py:137} INFO - [2024-01-18T21:44:08.349+0300] {dag.py:3452} INFO - Setting next_dagrun for dataset_produces_2 to None, run_after=None
[2024-01-18T21:44:08.414+0300] {processor.py:175} INFO - Processing /home/angry/mlops_4/venv4/lib/python3.10/site-packages/airflow/example_dags/example_datasets.py took 0.266 seconds
[2024-01-18T21:44:59.663+0300] {processor.py:153} INFO - Started process (PID=4545) to work on /home/angry/mlops_4/venv4/lib/python3.10/site-packages/airflow/example_dags/example_datasets.py
[2024-01-18T21:44:59.673+0300] {processor.py:743} INFO - Processing file /home/angry/mlops_4/venv4/lib/python3.10/site-packages/airflow/example_dags/example_datasets.py for tasks to queue
[2024-01-18T21:44:59.676+0300] {logging_mixin.py:137} INFO - [2024-01-18T21:44:59.675+0300] {dagbag.py:532} INFO - Filling up the DagBag from /home/angry/mlops_4/venv4/lib/python3.10/site-packages/airflow/example_dags/example_datasets.py
[2024-01-18T21:44:59.768+0300] {processor.py:753} INFO - DAG(s) dict_keys(['dataset_produces_2', 'dataset_consumes_1_never_scheduled', 'dataset_produces_1', 'dataset_consumes_1_and_2', 'dataset_consumes_1', 'dataset_consumes_unknown_never_scheduled']) retrieved from /home/angry/mlops_4/venv4/lib/python3.10/site-packages/airflow/example_dags/example_datasets.py
[2024-01-18T21:44:59.918+0300] {logging_mixin.py:137} INFO - [2024-01-18T21:44:59.917+0300] {dag.py:2705} INFO - Sync 6 DAGs
[2024-01-18T21:45:00.020+0300] {logging_mixin.py:137} INFO - [2024-01-18T21:45:00.019+0300] {dag.py:3452} INFO - Setting next_dagrun for dataset_consumes_1 to None, run_after=None
[2024-01-18T21:45:00.045+0300] {logging_mixin.py:137} INFO - [2024-01-18T21:45:00.044+0300] {dag.py:3452} INFO - Setting next_dagrun for dataset_consumes_1_and_2 to None, run_after=None
[2024-01-18T21:45:00.052+0300] {logging_mixin.py:137} INFO - [2024-01-18T21:45:00.051+0300] {dag.py:3452} INFO - Setting next_dagrun for dataset_consumes_1_never_scheduled to None, run_after=None
[2024-01-18T21:45:00.056+0300] {logging_mixin.py:137} INFO - [2024-01-18T21:45:00.056+0300] {dag.py:3452} INFO - Setting next_dagrun for dataset_consumes_unknown_never_scheduled to None, run_after=None
[2024-01-18T21:45:00.075+0300] {logging_mixin.py:137} INFO - [2024-01-18T21:45:00.075+0300] {dag.py:3452} INFO - Setting next_dagrun for dataset_produces_1 to 2024-01-17T00:00:00+00:00, run_after=2024-01-18T00:00:00+00:00
[2024-01-18T21:45:00.077+0300] {logging_mixin.py:137} INFO - [2024-01-18T21:45:00.077+0300] {dag.py:3452} INFO - Setting next_dagrun for dataset_produces_2 to None, run_after=None
[2024-01-18T21:45:00.160+0300] {processor.py:175} INFO - Processing /home/angry/mlops_4/venv4/lib/python3.10/site-packages/airflow/example_dags/example_datasets.py took 0.532 seconds
[2024-01-18T21:45:50.094+0300] {processor.py:153} INFO - Started process (PID=4621) to work on /home/angry/mlops_4/venv4/lib/python3.10/site-packages/airflow/example_dags/example_datasets.py
[2024-01-18T21:45:50.097+0300] {processor.py:743} INFO - Processing file /home/angry/mlops_4/venv4/lib/python3.10/site-packages/airflow/example_dags/example_datasets.py for tasks to queue
[2024-01-18T21:45:50.099+0300] {logging_mixin.py:137} INFO - [2024-01-18T21:45:50.098+0300] {dagbag.py:532} INFO - Filling up the DagBag from /home/angry/mlops_4/venv4/lib/python3.10/site-packages/airflow/example_dags/example_datasets.py
[2024-01-18T21:45:50.136+0300] {processor.py:753} INFO - DAG(s) dict_keys(['dataset_consumes_1', 'dataset_consumes_unknown_never_scheduled', 'dataset_produces_2', 'dataset_consumes_1_and_2', 'dataset_produces_1', 'dataset_consumes_1_never_scheduled']) retrieved from /home/angry/mlops_4/venv4/lib/python3.10/site-packages/airflow/example_dags/example_datasets.py
[2024-01-18T21:45:50.202+0300] {logging_mixin.py:137} INFO - [2024-01-18T21:45:50.202+0300] {dag.py:2705} INFO - Sync 6 DAGs
[2024-01-18T21:45:50.243+0300] {logging_mixin.py:137} INFO - [2024-01-18T21:45:50.243+0300] {dag.py:3452} INFO - Setting next_dagrun for dataset_consumes_1 to None, run_after=None
[2024-01-18T21:45:50.249+0300] {logging_mixin.py:137} INFO - [2024-01-18T21:45:50.249+0300] {dag.py:3452} INFO - Setting next_dagrun for dataset_consumes_1_and_2 to None, run_after=None
[2024-01-18T21:45:50.251+0300] {logging_mixin.py:137} INFO - [2024-01-18T21:45:50.251+0300] {dag.py:3452} INFO - Setting next_dagrun for dataset_consumes_1_never_scheduled to None, run_after=None
[2024-01-18T21:45:50.253+0300] {logging_mixin.py:137} INFO - [2024-01-18T21:45:50.252+0300] {dag.py:3452} INFO - Setting next_dagrun for dataset_consumes_unknown_never_scheduled to None, run_after=None
[2024-01-18T21:45:50.257+0300] {logging_mixin.py:137} INFO - [2024-01-18T21:45:50.257+0300] {dag.py:3452} INFO - Setting next_dagrun for dataset_produces_1 to 2024-01-17T00:00:00+00:00, run_after=2024-01-18T00:00:00+00:00
[2024-01-18T21:45:50.259+0300] {logging_mixin.py:137} INFO - [2024-01-18T21:45:50.259+0300] {dag.py:3452} INFO - Setting next_dagrun for dataset_produces_2 to None, run_after=None
[2024-01-18T21:45:50.318+0300] {processor.py:175} INFO - Processing /home/angry/mlops_4/venv4/lib/python3.10/site-packages/airflow/example_dags/example_datasets.py took 0.231 seconds
[2024-01-18T21:46:38.757+0300] {processor.py:153} INFO - Started process (PID=4692) to work on /home/angry/mlops_4/venv4/lib/python3.10/site-packages/airflow/example_dags/example_datasets.py
[2024-01-18T21:46:38.760+0300] {processor.py:743} INFO - Processing file /home/angry/mlops_4/venv4/lib/python3.10/site-packages/airflow/example_dags/example_datasets.py for tasks to queue
[2024-01-18T21:46:38.761+0300] {logging_mixin.py:137} INFO - [2024-01-18T21:46:38.761+0300] {dagbag.py:532} INFO - Filling up the DagBag from /home/angry/mlops_4/venv4/lib/python3.10/site-packages/airflow/example_dags/example_datasets.py
[2024-01-18T21:46:38.800+0300] {processor.py:753} INFO - DAG(s) dict_keys(['dataset_produces_2', 'dataset_consumes_1', 'dataset_consumes_unknown_never_scheduled', 'dataset_produces_1', 'dataset_consumes_1_never_scheduled', 'dataset_consumes_1_and_2']) retrieved from /home/angry/mlops_4/venv4/lib/python3.10/site-packages/airflow/example_dags/example_datasets.py
[2024-01-18T21:46:38.863+0300] {logging_mixin.py:137} INFO - [2024-01-18T21:46:38.863+0300] {dag.py:2705} INFO - Sync 6 DAGs
[2024-01-18T21:46:38.902+0300] {logging_mixin.py:137} INFO - [2024-01-18T21:46:38.902+0300] {dag.py:3452} INFO - Setting next_dagrun for dataset_consumes_1 to None, run_after=None
[2024-01-18T21:46:38.909+0300] {logging_mixin.py:137} INFO - [2024-01-18T21:46:38.908+0300] {dag.py:3452} INFO - Setting next_dagrun for dataset_consumes_1_and_2 to None, run_after=None
[2024-01-18T21:46:38.910+0300] {logging_mixin.py:137} INFO - [2024-01-18T21:46:38.910+0300] {dag.py:3452} INFO - Setting next_dagrun for dataset_consumes_1_never_scheduled to None, run_after=None
[2024-01-18T21:46:38.912+0300] {logging_mixin.py:137} INFO - [2024-01-18T21:46:38.912+0300] {dag.py:3452} INFO - Setting next_dagrun for dataset_consumes_unknown_never_scheduled to None, run_after=None
[2024-01-18T21:46:38.917+0300] {logging_mixin.py:137} INFO - [2024-01-18T21:46:38.916+0300] {dag.py:3452} INFO - Setting next_dagrun for dataset_produces_1 to 2024-01-17T00:00:00+00:00, run_after=2024-01-18T00:00:00+00:00
[2024-01-18T21:46:38.918+0300] {logging_mixin.py:137} INFO - [2024-01-18T21:46:38.918+0300] {dag.py:3452} INFO - Setting next_dagrun for dataset_produces_2 to None, run_after=None
[2024-01-18T21:46:38.976+0300] {processor.py:175} INFO - Processing /home/angry/mlops_4/venv4/lib/python3.10/site-packages/airflow/example_dags/example_datasets.py took 0.226 seconds
[2024-01-18T21:47:28.961+0300] {processor.py:153} INFO - Started process (PID=4757) to work on /home/angry/mlops_4/venv4/lib/python3.10/site-packages/airflow/example_dags/example_datasets.py
[2024-01-18T21:47:28.964+0300] {processor.py:743} INFO - Processing file /home/angry/mlops_4/venv4/lib/python3.10/site-packages/airflow/example_dags/example_datasets.py for tasks to queue
[2024-01-18T21:47:28.966+0300] {logging_mixin.py:137} INFO - [2024-01-18T21:47:28.965+0300] {dagbag.py:532} INFO - Filling up the DagBag from /home/angry/mlops_4/venv4/lib/python3.10/site-packages/airflow/example_dags/example_datasets.py
[2024-01-18T21:47:29.005+0300] {processor.py:753} INFO - DAG(s) dict_keys(['dataset_consumes_1_never_scheduled', 'dataset_consumes_1', 'dataset_consumes_unknown_never_scheduled', 'dataset_produces_2', 'dataset_consumes_1_and_2', 'dataset_produces_1']) retrieved from /home/angry/mlops_4/venv4/lib/python3.10/site-packages/airflow/example_dags/example_datasets.py
[2024-01-18T21:47:29.069+0300] {logging_mixin.py:137} INFO - [2024-01-18T21:47:29.068+0300] {dag.py:2705} INFO - Sync 6 DAGs
[2024-01-18T21:47:29.114+0300] {logging_mixin.py:137} INFO - [2024-01-18T21:47:29.113+0300] {dag.py:3452} INFO - Setting next_dagrun for dataset_consumes_1 to None, run_after=None
[2024-01-18T21:47:29.122+0300] {logging_mixin.py:137} INFO - [2024-01-18T21:47:29.122+0300] {dag.py:3452} INFO - Setting next_dagrun for dataset_consumes_1_and_2 to None, run_after=None
[2024-01-18T21:47:29.124+0300] {logging_mixin.py:137} INFO - [2024-01-18T21:47:29.123+0300] {dag.py:3452} INFO - Setting next_dagrun for dataset_consumes_1_never_scheduled to None, run_after=None
[2024-01-18T21:47:29.126+0300] {logging_mixin.py:137} INFO - [2024-01-18T21:47:29.125+0300] {dag.py:3452} INFO - Setting next_dagrun for dataset_consumes_unknown_never_scheduled to None, run_after=None
[2024-01-18T21:47:29.131+0300] {logging_mixin.py:137} INFO - [2024-01-18T21:47:29.130+0300] {dag.py:3452} INFO - Setting next_dagrun for dataset_produces_1 to 2024-01-17T00:00:00+00:00, run_after=2024-01-18T00:00:00+00:00
[2024-01-18T21:47:29.132+0300] {logging_mixin.py:137} INFO - [2024-01-18T21:47:29.132+0300] {dag.py:3452} INFO - Setting next_dagrun for dataset_produces_2 to None, run_after=None
[2024-01-18T21:47:29.191+0300] {processor.py:175} INFO - Processing /home/angry/mlops_4/venv4/lib/python3.10/site-packages/airflow/example_dags/example_datasets.py took 0.238 seconds
[2024-01-18T21:48:18.484+0300] {processor.py:153} INFO - Started process (PID=4823) to work on /home/angry/mlops_4/venv4/lib/python3.10/site-packages/airflow/example_dags/example_datasets.py
[2024-01-18T21:48:18.488+0300] {processor.py:743} INFO - Processing file /home/angry/mlops_4/venv4/lib/python3.10/site-packages/airflow/example_dags/example_datasets.py for tasks to queue
[2024-01-18T21:48:18.490+0300] {logging_mixin.py:137} INFO - [2024-01-18T21:48:18.490+0300] {dagbag.py:532} INFO - Filling up the DagBag from /home/angry/mlops_4/venv4/lib/python3.10/site-packages/airflow/example_dags/example_datasets.py
[2024-01-18T21:48:18.541+0300] {processor.py:753} INFO - DAG(s) dict_keys(['dataset_produces_2', 'dataset_consumes_1_never_scheduled', 'dataset_consumes_1_and_2', 'dataset_consumes_unknown_never_scheduled', 'dataset_consumes_1', 'dataset_produces_1']) retrieved from /home/angry/mlops_4/venv4/lib/python3.10/site-packages/airflow/example_dags/example_datasets.py
[2024-01-18T21:48:18.626+0300] {logging_mixin.py:137} INFO - [2024-01-18T21:48:18.625+0300] {dag.py:2705} INFO - Sync 6 DAGs
[2024-01-18T21:48:18.685+0300] {logging_mixin.py:137} INFO - [2024-01-18T21:48:18.685+0300] {dag.py:3452} INFO - Setting next_dagrun for dataset_consumes_1 to None, run_after=None
[2024-01-18T21:48:18.693+0300] {logging_mixin.py:137} INFO - [2024-01-18T21:48:18.693+0300] {dag.py:3452} INFO - Setting next_dagrun for dataset_consumes_1_and_2 to None, run_after=None
[2024-01-18T21:48:18.695+0300] {logging_mixin.py:137} INFO - [2024-01-18T21:48:18.694+0300] {dag.py:3452} INFO - Setting next_dagrun for dataset_consumes_1_never_scheduled to None, run_after=None
[2024-01-18T21:48:18.696+0300] {logging_mixin.py:137} INFO - [2024-01-18T21:48:18.696+0300] {dag.py:3452} INFO - Setting next_dagrun for dataset_consumes_unknown_never_scheduled to None, run_after=None
[2024-01-18T21:48:18.702+0300] {logging_mixin.py:137} INFO - [2024-01-18T21:48:18.702+0300] {dag.py:3452} INFO - Setting next_dagrun for dataset_produces_1 to 2024-01-17T00:00:00+00:00, run_after=2024-01-18T00:00:00+00:00
[2024-01-18T21:48:18.704+0300] {logging_mixin.py:137} INFO - [2024-01-18T21:48:18.704+0300] {dag.py:3452} INFO - Setting next_dagrun for dataset_produces_2 to None, run_after=None
[2024-01-18T21:48:18.761+0300] {processor.py:175} INFO - Processing /home/angry/mlops_4/venv4/lib/python3.10/site-packages/airflow/example_dags/example_datasets.py took 0.286 seconds
[2024-01-18T21:49:11.544+0300] {processor.py:153} INFO - Started process (PID=4875) to work on /home/angry/mlops_4/venv4/lib/python3.10/site-packages/airflow/example_dags/example_datasets.py
[2024-01-18T21:49:11.547+0300] {processor.py:743} INFO - Processing file /home/angry/mlops_4/venv4/lib/python3.10/site-packages/airflow/example_dags/example_datasets.py for tasks to queue
[2024-01-18T21:49:11.548+0300] {logging_mixin.py:137} INFO - [2024-01-18T21:49:11.548+0300] {dagbag.py:532} INFO - Filling up the DagBag from /home/angry/mlops_4/venv4/lib/python3.10/site-packages/airflow/example_dags/example_datasets.py
[2024-01-18T21:49:11.588+0300] {processor.py:753} INFO - DAG(s) dict_keys(['dataset_consumes_1', 'dataset_produces_2', 'dataset_consumes_1_and_2', 'dataset_consumes_unknown_never_scheduled', 'dataset_produces_1', 'dataset_consumes_1_never_scheduled']) retrieved from /home/angry/mlops_4/venv4/lib/python3.10/site-packages/airflow/example_dags/example_datasets.py
[2024-01-18T21:49:11.663+0300] {logging_mixin.py:137} INFO - [2024-01-18T21:49:11.663+0300] {dag.py:2705} INFO - Sync 6 DAGs
[2024-01-18T21:49:11.704+0300] {logging_mixin.py:137} INFO - [2024-01-18T21:49:11.704+0300] {dag.py:3452} INFO - Setting next_dagrun for dataset_consumes_1 to None, run_after=None
[2024-01-18T21:49:11.710+0300] {logging_mixin.py:137} INFO - [2024-01-18T21:49:11.709+0300] {dag.py:3452} INFO - Setting next_dagrun for dataset_consumes_1_and_2 to None, run_after=None
[2024-01-18T21:49:11.711+0300] {logging_mixin.py:137} INFO - [2024-01-18T21:49:11.711+0300] {dag.py:3452} INFO - Setting next_dagrun for dataset_consumes_1_never_scheduled to None, run_after=None
[2024-01-18T21:49:11.713+0300] {logging_mixin.py:137} INFO - [2024-01-18T21:49:11.713+0300] {dag.py:3452} INFO - Setting next_dagrun for dataset_consumes_unknown_never_scheduled to None, run_after=None
[2024-01-18T21:49:11.719+0300] {logging_mixin.py:137} INFO - [2024-01-18T21:49:11.718+0300] {dag.py:3452} INFO - Setting next_dagrun for dataset_produces_1 to 2024-01-17T00:00:00+00:00, run_after=2024-01-18T00:00:00+00:00
[2024-01-18T21:49:11.721+0300] {logging_mixin.py:137} INFO - [2024-01-18T21:49:11.721+0300] {dag.py:3452} INFO - Setting next_dagrun for dataset_produces_2 to None, run_after=None
[2024-01-18T21:49:11.779+0300] {processor.py:175} INFO - Processing /home/angry/mlops_4/venv4/lib/python3.10/site-packages/airflow/example_dags/example_datasets.py took 0.242 seconds
[2024-01-18T21:50:01.874+0300] {processor.py:153} INFO - Started process (PID=4922) to work on /home/angry/mlops_4/venv4/lib/python3.10/site-packages/airflow/example_dags/example_datasets.py
[2024-01-18T21:50:01.877+0300] {processor.py:743} INFO - Processing file /home/angry/mlops_4/venv4/lib/python3.10/site-packages/airflow/example_dags/example_datasets.py for tasks to queue
[2024-01-18T21:50:01.879+0300] {logging_mixin.py:137} INFO - [2024-01-18T21:50:01.878+0300] {dagbag.py:532} INFO - Filling up the DagBag from /home/angry/mlops_4/venv4/lib/python3.10/site-packages/airflow/example_dags/example_datasets.py
[2024-01-18T21:50:01.918+0300] {processor.py:753} INFO - DAG(s) dict_keys(['dataset_consumes_unknown_never_scheduled', 'dataset_produces_1', 'dataset_consumes_1_and_2', 'dataset_produces_2', 'dataset_consumes_1_never_scheduled', 'dataset_consumes_1']) retrieved from /home/angry/mlops_4/venv4/lib/python3.10/site-packages/airflow/example_dags/example_datasets.py
[2024-01-18T21:50:02.017+0300] {logging_mixin.py:137} INFO - [2024-01-18T21:50:02.017+0300] {dag.py:2705} INFO - Sync 6 DAGs
[2024-01-18T21:50:02.065+0300] {logging_mixin.py:137} INFO - [2024-01-18T21:50:02.064+0300] {dag.py:3452} INFO - Setting next_dagrun for dataset_consumes_1 to None, run_after=None
[2024-01-18T21:50:02.073+0300] {logging_mixin.py:137} INFO - [2024-01-18T21:50:02.073+0300] {dag.py:3452} INFO - Setting next_dagrun for dataset_consumes_1_and_2 to None, run_after=None
[2024-01-18T21:50:02.076+0300] {logging_mixin.py:137} INFO - [2024-01-18T21:50:02.075+0300] {dag.py:3452} INFO - Setting next_dagrun for dataset_consumes_1_never_scheduled to None, run_after=None
[2024-01-18T21:50:02.078+0300] {logging_mixin.py:137} INFO - [2024-01-18T21:50:02.078+0300] {dag.py:3452} INFO - Setting next_dagrun for dataset_consumes_unknown_never_scheduled to None, run_after=None
[2024-01-18T21:50:02.083+0300] {logging_mixin.py:137} INFO - [2024-01-18T21:50:02.083+0300] {dag.py:3452} INFO - Setting next_dagrun for dataset_produces_1 to 2024-01-17T00:00:00+00:00, run_after=2024-01-18T00:00:00+00:00
[2024-01-18T21:50:02.085+0300] {logging_mixin.py:137} INFO - [2024-01-18T21:50:02.085+0300] {dag.py:3452} INFO - Setting next_dagrun for dataset_produces_2 to None, run_after=None
[2024-01-18T21:50:02.145+0300] {processor.py:175} INFO - Processing /home/angry/mlops_4/venv4/lib/python3.10/site-packages/airflow/example_dags/example_datasets.py took 0.280 seconds
[2024-01-18T21:50:52.863+0300] {processor.py:153} INFO - Started process (PID=4972) to work on /home/angry/mlops_4/venv4/lib/python3.10/site-packages/airflow/example_dags/example_datasets.py
[2024-01-18T21:50:52.866+0300] {processor.py:743} INFO - Processing file /home/angry/mlops_4/venv4/lib/python3.10/site-packages/airflow/example_dags/example_datasets.py for tasks to queue
[2024-01-18T21:50:52.867+0300] {logging_mixin.py:137} INFO - [2024-01-18T21:50:52.867+0300] {dagbag.py:532} INFO - Filling up the DagBag from /home/angry/mlops_4/venv4/lib/python3.10/site-packages/airflow/example_dags/example_datasets.py
[2024-01-18T21:50:52.918+0300] {processor.py:753} INFO - DAG(s) dict_keys(['dataset_consumes_1', 'dataset_consumes_1_and_2', 'dataset_produces_1', 'dataset_consumes_unknown_never_scheduled', 'dataset_consumes_1_never_scheduled', 'dataset_produces_2']) retrieved from /home/angry/mlops_4/venv4/lib/python3.10/site-packages/airflow/example_dags/example_datasets.py
[2024-01-18T21:50:52.995+0300] {logging_mixin.py:137} INFO - [2024-01-18T21:50:52.994+0300] {dag.py:2705} INFO - Sync 6 DAGs
[2024-01-18T21:50:53.037+0300] {logging_mixin.py:137} INFO - [2024-01-18T21:50:53.037+0300] {dag.py:3452} INFO - Setting next_dagrun for dataset_consumes_1 to None, run_after=None
[2024-01-18T21:50:53.043+0300] {logging_mixin.py:137} INFO - [2024-01-18T21:50:53.043+0300] {dag.py:3452} INFO - Setting next_dagrun for dataset_consumes_1_and_2 to None, run_after=None
[2024-01-18T21:50:53.045+0300] {logging_mixin.py:137} INFO - [2024-01-18T21:50:53.045+0300] {dag.py:3452} INFO - Setting next_dagrun for dataset_consumes_1_never_scheduled to None, run_after=None
[2024-01-18T21:50:53.048+0300] {logging_mixin.py:137} INFO - [2024-01-18T21:50:53.047+0300] {dag.py:3452} INFO - Setting next_dagrun for dataset_consumes_unknown_never_scheduled to None, run_after=None
[2024-01-18T21:50:53.055+0300] {logging_mixin.py:137} INFO - [2024-01-18T21:50:53.055+0300] {dag.py:3452} INFO - Setting next_dagrun for dataset_produces_1 to 2024-01-17T00:00:00+00:00, run_after=2024-01-18T00:00:00+00:00
[2024-01-18T21:50:53.058+0300] {logging_mixin.py:137} INFO - [2024-01-18T21:50:53.058+0300] {dag.py:3452} INFO - Setting next_dagrun for dataset_produces_2 to None, run_after=None
[2024-01-18T21:50:53.122+0300] {processor.py:175} INFO - Processing /home/angry/mlops_4/venv4/lib/python3.10/site-packages/airflow/example_dags/example_datasets.py took 0.269 seconds
[2024-01-18T21:51:44.527+0300] {processor.py:153} INFO - Started process (PID=5020) to work on /home/angry/mlops_4/venv4/lib/python3.10/site-packages/airflow/example_dags/example_datasets.py
[2024-01-18T21:51:44.531+0300] {processor.py:743} INFO - Processing file /home/angry/mlops_4/venv4/lib/python3.10/site-packages/airflow/example_dags/example_datasets.py for tasks to queue
[2024-01-18T21:51:44.533+0300] {logging_mixin.py:137} INFO - [2024-01-18T21:51:44.533+0300] {dagbag.py:532} INFO - Filling up the DagBag from /home/angry/mlops_4/venv4/lib/python3.10/site-packages/airflow/example_dags/example_datasets.py
[2024-01-18T21:51:44.574+0300] {processor.py:753} INFO - DAG(s) dict_keys(['dataset_produces_2', 'dataset_produces_1', 'dataset_consumes_1_never_scheduled', 'dataset_consumes_unknown_never_scheduled', 'dataset_consumes_1_and_2', 'dataset_consumes_1']) retrieved from /home/angry/mlops_4/venv4/lib/python3.10/site-packages/airflow/example_dags/example_datasets.py
[2024-01-18T21:51:44.649+0300] {logging_mixin.py:137} INFO - [2024-01-18T21:51:44.649+0300] {dag.py:2705} INFO - Sync 6 DAGs
[2024-01-18T21:51:44.690+0300] {logging_mixin.py:137} INFO - [2024-01-18T21:51:44.690+0300] {dag.py:3452} INFO - Setting next_dagrun for dataset_consumes_1 to None, run_after=None
[2024-01-18T21:51:44.697+0300] {logging_mixin.py:137} INFO - [2024-01-18T21:51:44.697+0300] {dag.py:3452} INFO - Setting next_dagrun for dataset_consumes_1_and_2 to None, run_after=None
[2024-01-18T21:51:44.699+0300] {logging_mixin.py:137} INFO - [2024-01-18T21:51:44.699+0300] {dag.py:3452} INFO - Setting next_dagrun for dataset_consumes_1_never_scheduled to None, run_after=None
[2024-01-18T21:51:44.702+0300] {logging_mixin.py:137} INFO - [2024-01-18T21:51:44.701+0300] {dag.py:3452} INFO - Setting next_dagrun for dataset_consumes_unknown_never_scheduled to None, run_after=None
[2024-01-18T21:51:44.706+0300] {logging_mixin.py:137} INFO - [2024-01-18T21:51:44.706+0300] {dag.py:3452} INFO - Setting next_dagrun for dataset_produces_1 to 2024-01-17T00:00:00+00:00, run_after=2024-01-18T00:00:00+00:00
[2024-01-18T21:51:44.709+0300] {logging_mixin.py:137} INFO - [2024-01-18T21:51:44.708+0300] {dag.py:3452} INFO - Setting next_dagrun for dataset_produces_2 to None, run_after=None
[2024-01-18T21:51:44.772+0300] {processor.py:175} INFO - Processing /home/angry/mlops_4/venv4/lib/python3.10/site-packages/airflow/example_dags/example_datasets.py took 0.253 seconds
[2024-01-18T21:52:39.702+0300] {processor.py:153} INFO - Started process (PID=5074) to work on /home/angry/mlops_4/venv4/lib/python3.10/site-packages/airflow/example_dags/example_datasets.py
[2024-01-18T21:52:39.705+0300] {processor.py:743} INFO - Processing file /home/angry/mlops_4/venv4/lib/python3.10/site-packages/airflow/example_dags/example_datasets.py for tasks to queue
[2024-01-18T21:52:39.707+0300] {logging_mixin.py:137} INFO - [2024-01-18T21:52:39.707+0300] {dagbag.py:532} INFO - Filling up the DagBag from /home/angry/mlops_4/venv4/lib/python3.10/site-packages/airflow/example_dags/example_datasets.py
[2024-01-18T21:52:39.778+0300] {processor.py:753} INFO - DAG(s) dict_keys(['dataset_consumes_1_and_2', 'dataset_produces_2', 'dataset_consumes_1_never_scheduled', 'dataset_consumes_unknown_never_scheduled', 'dataset_produces_1', 'dataset_consumes_1']) retrieved from /home/angry/mlops_4/venv4/lib/python3.10/site-packages/airflow/example_dags/example_datasets.py
[2024-01-18T21:52:39.898+0300] {logging_mixin.py:137} INFO - [2024-01-18T21:52:39.898+0300] {dag.py:2705} INFO - Sync 6 DAGs
[2024-01-18T21:52:39.975+0300] {logging_mixin.py:137} INFO - [2024-01-18T21:52:39.975+0300] {dag.py:3452} INFO - Setting next_dagrun for dataset_consumes_1 to None, run_after=None
[2024-01-18T21:52:40.000+0300] {logging_mixin.py:137} INFO - [2024-01-18T21:52:39.999+0300] {dag.py:3452} INFO - Setting next_dagrun for dataset_consumes_1_and_2 to None, run_after=None
[2024-01-18T21:52:40.007+0300] {logging_mixin.py:137} INFO - [2024-01-18T21:52:40.007+0300] {dag.py:3452} INFO - Setting next_dagrun for dataset_consumes_1_never_scheduled to None, run_after=None
[2024-01-18T21:52:40.010+0300] {logging_mixin.py:137} INFO - [2024-01-18T21:52:40.010+0300] {dag.py:3452} INFO - Setting next_dagrun for dataset_consumes_unknown_never_scheduled to None, run_after=None
[2024-01-18T21:52:40.026+0300] {logging_mixin.py:137} INFO - [2024-01-18T21:52:40.026+0300] {dag.py:3452} INFO - Setting next_dagrun for dataset_produces_1 to 2024-01-17T00:00:00+00:00, run_after=2024-01-18T00:00:00+00:00
[2024-01-18T21:52:40.036+0300] {logging_mixin.py:137} INFO - [2024-01-18T21:52:40.036+0300] {dag.py:3452} INFO - Setting next_dagrun for dataset_produces_2 to None, run_after=None
[2024-01-18T21:52:40.172+0300] {processor.py:175} INFO - Processing /home/angry/mlops_4/venv4/lib/python3.10/site-packages/airflow/example_dags/example_datasets.py took 0.486 seconds
[2024-01-18T21:53:38.352+0300] {processor.py:153} INFO - Started process (PID=5130) to work on /home/angry/mlops_4/venv4/lib/python3.10/site-packages/airflow/example_dags/example_datasets.py
[2024-01-18T21:53:38.361+0300] {processor.py:743} INFO - Processing file /home/angry/mlops_4/venv4/lib/python3.10/site-packages/airflow/example_dags/example_datasets.py for tasks to queue
[2024-01-18T21:53:38.362+0300] {logging_mixin.py:137} INFO - [2024-01-18T21:53:38.362+0300] {dagbag.py:532} INFO - Filling up the DagBag from /home/angry/mlops_4/venv4/lib/python3.10/site-packages/airflow/example_dags/example_datasets.py
[2024-01-18T21:53:38.404+0300] {processor.py:753} INFO - DAG(s) dict_keys(['dataset_consumes_1_and_2', 'dataset_produces_2', 'dataset_consumes_unknown_never_scheduled', 'dataset_produces_1', 'dataset_consumes_1', 'dataset_consumes_1_never_scheduled']) retrieved from /home/angry/mlops_4/venv4/lib/python3.10/site-packages/airflow/example_dags/example_datasets.py
[2024-01-18T21:53:38.498+0300] {logging_mixin.py:137} INFO - [2024-01-18T21:53:38.498+0300] {dag.py:2705} INFO - Sync 6 DAGs
[2024-01-18T21:53:38.547+0300] {logging_mixin.py:137} INFO - [2024-01-18T21:53:38.547+0300] {dag.py:3452} INFO - Setting next_dagrun for dataset_consumes_1 to None, run_after=None
[2024-01-18T21:53:38.554+0300] {logging_mixin.py:137} INFO - [2024-01-18T21:53:38.554+0300] {dag.py:3452} INFO - Setting next_dagrun for dataset_consumes_1_and_2 to None, run_after=None
[2024-01-18T21:53:38.556+0300] {logging_mixin.py:137} INFO - [2024-01-18T21:53:38.556+0300] {dag.py:3452} INFO - Setting next_dagrun for dataset_consumes_1_never_scheduled to None, run_after=None
[2024-01-18T21:53:38.558+0300] {logging_mixin.py:137} INFO - [2024-01-18T21:53:38.558+0300] {dag.py:3452} INFO - Setting next_dagrun for dataset_consumes_unknown_never_scheduled to None, run_after=None
[2024-01-18T21:53:38.565+0300] {logging_mixin.py:137} INFO - [2024-01-18T21:53:38.565+0300] {dag.py:3452} INFO - Setting next_dagrun for dataset_produces_1 to 2024-01-17T00:00:00+00:00, run_after=2024-01-18T00:00:00+00:00
[2024-01-18T21:53:38.567+0300] {logging_mixin.py:137} INFO - [2024-01-18T21:53:38.567+0300] {dag.py:3452} INFO - Setting next_dagrun for dataset_produces_2 to None, run_after=None
[2024-01-18T21:53:38.639+0300] {processor.py:175} INFO - Processing /home/angry/mlops_4/venv4/lib/python3.10/site-packages/airflow/example_dags/example_datasets.py took 0.300 seconds
[2024-01-18T22:00:48.471+0300] {processor.py:153} INFO - Started process (PID=5516) to work on /home/angry/mlops_4/venv4/lib/python3.10/site-packages/airflow/example_dags/example_datasets.py
[2024-01-18T22:00:48.475+0300] {processor.py:743} INFO - Processing file /home/angry/mlops_4/venv4/lib/python3.10/site-packages/airflow/example_dags/example_datasets.py for tasks to queue
[2024-01-18T22:00:48.482+0300] {logging_mixin.py:137} INFO - [2024-01-18T22:00:48.481+0300] {dagbag.py:532} INFO - Filling up the DagBag from /home/angry/mlops_4/venv4/lib/python3.10/site-packages/airflow/example_dags/example_datasets.py
[2024-01-18T22:00:48.542+0300] {processor.py:753} INFO - DAG(s) dict_keys(['dataset_produces_1', 'dataset_consumes_unknown_never_scheduled', 'dataset_produces_2', 'dataset_consumes_1_and_2', 'dataset_consumes_1_never_scheduled', 'dataset_consumes_1']) retrieved from /home/angry/mlops_4/venv4/lib/python3.10/site-packages/airflow/example_dags/example_datasets.py
[2024-01-18T22:00:48.710+0300] {logging_mixin.py:137} INFO - [2024-01-18T22:00:48.709+0300] {dag.py:2705} INFO - Sync 6 DAGs
[2024-01-18T22:00:48.828+0300] {logging_mixin.py:137} INFO - [2024-01-18T22:00:48.827+0300] {dag.py:3452} INFO - Setting next_dagrun for dataset_consumes_1 to None, run_after=None
[2024-01-18T22:00:48.841+0300] {logging_mixin.py:137} INFO - [2024-01-18T22:00:48.840+0300] {dag.py:3452} INFO - Setting next_dagrun for dataset_consumes_1_and_2 to None, run_after=None
[2024-01-18T22:00:48.844+0300] {logging_mixin.py:137} INFO - [2024-01-18T22:00:48.844+0300] {dag.py:3452} INFO - Setting next_dagrun for dataset_consumes_1_never_scheduled to None, run_after=None
[2024-01-18T22:00:48.846+0300] {logging_mixin.py:137} INFO - [2024-01-18T22:00:48.846+0300] {dag.py:3452} INFO - Setting next_dagrun for dataset_consumes_unknown_never_scheduled to None, run_after=None
[2024-01-18T22:00:48.855+0300] {logging_mixin.py:137} INFO - [2024-01-18T22:00:48.854+0300] {dag.py:3452} INFO - Setting next_dagrun for dataset_produces_1 to 2024-01-17T00:00:00+00:00, run_after=2024-01-18T00:00:00+00:00
[2024-01-18T22:00:48.865+0300] {logging_mixin.py:137} INFO - [2024-01-18T22:00:48.863+0300] {dag.py:3452} INFO - Setting next_dagrun for dataset_produces_2 to None, run_after=None
[2024-01-18T22:00:49.000+0300] {processor.py:175} INFO - Processing /home/angry/mlops_4/venv4/lib/python3.10/site-packages/airflow/example_dags/example_datasets.py took 0.547 seconds
