[2024-01-18T21:36:51.154+0300] {processor.py:153} INFO - Started process (PID=3301) to work on /home/angry/mlops_4/venv4/lib/python3.10/site-packages/airflow/example_dags/example_time_delta_sensor_async.py
[2024-01-18T21:36:51.156+0300] {processor.py:743} INFO - Processing file /home/angry/mlops_4/venv4/lib/python3.10/site-packages/airflow/example_dags/example_time_delta_sensor_async.py for tasks to queue
[2024-01-18T21:36:51.157+0300] {logging_mixin.py:137} INFO - [2024-01-18T21:36:51.157+0300] {dagbag.py:532} INFO - Filling up the DagBag from /home/angry/mlops_4/venv4/lib/python3.10/site-packages/airflow/example_dags/example_time_delta_sensor_async.py
[2024-01-18T21:36:51.185+0300] {processor.py:753} INFO - DAG(s) dict_keys(['example_time_delta_sensor_async']) retrieved from /home/angry/mlops_4/venv4/lib/python3.10/site-packages/airflow/example_dags/example_time_delta_sensor_async.py
[2024-01-18T21:36:51.201+0300] {logging_mixin.py:137} INFO - [2024-01-18T21:36:51.201+0300] {dag.py:2705} INFO - Sync 1 DAGs
[2024-01-18T21:36:51.242+0300] {logging_mixin.py:137} INFO - [2024-01-18T21:36:51.242+0300] {dag.py:3452} INFO - Setting next_dagrun for example_time_delta_sensor_async to None, run_after=None
[2024-01-18T21:36:51.283+0300] {processor.py:175} INFO - Processing /home/angry/mlops_4/venv4/lib/python3.10/site-packages/airflow/example_dags/example_time_delta_sensor_async.py took 0.136 seconds
[2024-01-18T21:37:46.391+0300] {processor.py:153} INFO - Started process (PID=3365) to work on /home/angry/mlops_4/venv4/lib/python3.10/site-packages/airflow/example_dags/example_time_delta_sensor_async.py
[2024-01-18T21:37:46.395+0300] {processor.py:743} INFO - Processing file /home/angry/mlops_4/venv4/lib/python3.10/site-packages/airflow/example_dags/example_time_delta_sensor_async.py for tasks to queue
[2024-01-18T21:37:46.396+0300] {logging_mixin.py:137} INFO - [2024-01-18T21:37:46.396+0300] {dagbag.py:532} INFO - Filling up the DagBag from /home/angry/mlops_4/venv4/lib/python3.10/site-packages/airflow/example_dags/example_time_delta_sensor_async.py
[2024-01-18T21:37:46.427+0300] {processor.py:753} INFO - DAG(s) dict_keys(['example_time_delta_sensor_async']) retrieved from /home/angry/mlops_4/venv4/lib/python3.10/site-packages/airflow/example_dags/example_time_delta_sensor_async.py
[2024-01-18T21:37:46.469+0300] {logging_mixin.py:137} INFO - [2024-01-18T21:37:46.469+0300] {dag.py:2705} INFO - Sync 1 DAGs
[2024-01-18T21:37:46.517+0300] {logging_mixin.py:137} INFO - [2024-01-18T21:37:46.517+0300] {dag.py:3452} INFO - Setting next_dagrun for example_time_delta_sensor_async to None, run_after=None
[2024-01-18T21:37:46.743+0300] {processor.py:175} INFO - Processing /home/angry/mlops_4/venv4/lib/python3.10/site-packages/airflow/example_dags/example_time_delta_sensor_async.py took 0.363 seconds
[2024-01-18T21:38:57.447+0300] {processor.py:153} INFO - Started process (PID=4123) to work on /home/angry/mlops_4/venv4/lib/python3.10/site-packages/airflow/example_dags/example_time_delta_sensor_async.py
[2024-01-18T21:38:57.457+0300] {processor.py:743} INFO - Processing file /home/angry/mlops_4/venv4/lib/python3.10/site-packages/airflow/example_dags/example_time_delta_sensor_async.py for tasks to queue
[2024-01-18T21:38:57.462+0300] {logging_mixin.py:137} INFO - [2024-01-18T21:38:57.459+0300] {dagbag.py:532} INFO - Filling up the DagBag from /home/angry/mlops_4/venv4/lib/python3.10/site-packages/airflow/example_dags/example_time_delta_sensor_async.py
[2024-01-18T21:38:57.534+0300] {processor.py:753} INFO - DAG(s) dict_keys(['example_time_delta_sensor_async']) retrieved from /home/angry/mlops_4/venv4/lib/python3.10/site-packages/airflow/example_dags/example_time_delta_sensor_async.py
[2024-01-18T21:38:57.634+0300] {logging_mixin.py:137} INFO - [2024-01-18T21:38:57.633+0300] {dag.py:2705} INFO - Sync 1 DAGs
[2024-01-18T21:38:58.034+0300] {logging_mixin.py:137} INFO - [2024-01-18T21:38:58.034+0300] {dag.py:3452} INFO - Setting next_dagrun for example_time_delta_sensor_async to None, run_after=None
[2024-01-18T21:38:58.070+0300] {processor.py:175} INFO - Processing /home/angry/mlops_4/venv4/lib/python3.10/site-packages/airflow/example_dags/example_time_delta_sensor_async.py took 0.644 seconds
[2024-01-18T21:40:01.609+0300] {processor.py:153} INFO - Started process (PID=4190) to work on /home/angry/mlops_4/venv4/lib/python3.10/site-packages/airflow/example_dags/example_time_delta_sensor_async.py
[2024-01-18T21:40:01.612+0300] {processor.py:743} INFO - Processing file /home/angry/mlops_4/venv4/lib/python3.10/site-packages/airflow/example_dags/example_time_delta_sensor_async.py for tasks to queue
[2024-01-18T21:40:01.614+0300] {logging_mixin.py:137} INFO - [2024-01-18T21:40:01.613+0300] {dagbag.py:532} INFO - Filling up the DagBag from /home/angry/mlops_4/venv4/lib/python3.10/site-packages/airflow/example_dags/example_time_delta_sensor_async.py
[2024-01-18T21:40:01.641+0300] {processor.py:753} INFO - DAG(s) dict_keys(['example_time_delta_sensor_async']) retrieved from /home/angry/mlops_4/venv4/lib/python3.10/site-packages/airflow/example_dags/example_time_delta_sensor_async.py
[2024-01-18T21:40:01.719+0300] {logging_mixin.py:137} INFO - [2024-01-18T21:40:01.719+0300] {dag.py:2705} INFO - Sync 1 DAGs
[2024-01-18T21:40:01.957+0300] {logging_mixin.py:137} INFO - [2024-01-18T21:40:01.957+0300] {dag.py:3452} INFO - Setting next_dagrun for example_time_delta_sensor_async to None, run_after=None
[2024-01-18T21:40:01.998+0300] {processor.py:175} INFO - Processing /home/angry/mlops_4/venv4/lib/python3.10/site-packages/airflow/example_dags/example_time_delta_sensor_async.py took 0.396 seconds
[2024-01-18T21:41:05.671+0300] {processor.py:153} INFO - Started process (PID=4278) to work on /home/angry/mlops_4/venv4/lib/python3.10/site-packages/airflow/example_dags/example_time_delta_sensor_async.py
[2024-01-18T21:41:05.674+0300] {processor.py:743} INFO - Processing file /home/angry/mlops_4/venv4/lib/python3.10/site-packages/airflow/example_dags/example_time_delta_sensor_async.py for tasks to queue
[2024-01-18T21:41:05.677+0300] {logging_mixin.py:137} INFO - [2024-01-18T21:41:05.677+0300] {dagbag.py:532} INFO - Filling up the DagBag from /home/angry/mlops_4/venv4/lib/python3.10/site-packages/airflow/example_dags/example_time_delta_sensor_async.py
[2024-01-18T21:41:05.707+0300] {processor.py:753} INFO - DAG(s) dict_keys(['example_time_delta_sensor_async']) retrieved from /home/angry/mlops_4/venv4/lib/python3.10/site-packages/airflow/example_dags/example_time_delta_sensor_async.py
[2024-01-18T21:41:05.953+0300] {logging_mixin.py:137} INFO - [2024-01-18T21:41:05.953+0300] {dag.py:2705} INFO - Sync 1 DAGs
[2024-01-18T21:41:05.993+0300] {logging_mixin.py:137} INFO - [2024-01-18T21:41:05.993+0300] {dag.py:3452} INFO - Setting next_dagrun for example_time_delta_sensor_async to None, run_after=None
[2024-01-18T21:41:06.028+0300] {processor.py:175} INFO - Processing /home/angry/mlops_4/venv4/lib/python3.10/site-packages/airflow/example_dags/example_time_delta_sensor_async.py took 0.364 seconds
[2024-01-18T21:42:06.691+0300] {processor.py:153} INFO - Started process (PID=4358) to work on /home/angry/mlops_4/venv4/lib/python3.10/site-packages/airflow/example_dags/example_time_delta_sensor_async.py
[2024-01-18T21:42:06.694+0300] {processor.py:743} INFO - Processing file /home/angry/mlops_4/venv4/lib/python3.10/site-packages/airflow/example_dags/example_time_delta_sensor_async.py for tasks to queue
[2024-01-18T21:42:06.695+0300] {logging_mixin.py:137} INFO - [2024-01-18T21:42:06.695+0300] {dagbag.py:532} INFO - Filling up the DagBag from /home/angry/mlops_4/venv4/lib/python3.10/site-packages/airflow/example_dags/example_time_delta_sensor_async.py
[2024-01-18T21:42:06.924+0300] {processor.py:753} INFO - DAG(s) dict_keys(['example_time_delta_sensor_async']) retrieved from /home/angry/mlops_4/venv4/lib/python3.10/site-packages/airflow/example_dags/example_time_delta_sensor_async.py
[2024-01-18T21:42:06.955+0300] {logging_mixin.py:137} INFO - [2024-01-18T21:42:06.954+0300] {dag.py:2705} INFO - Sync 1 DAGs
[2024-01-18T21:42:06.995+0300] {logging_mixin.py:137} INFO - [2024-01-18T21:42:06.994+0300] {dag.py:3452} INFO - Setting next_dagrun for example_time_delta_sensor_async to None, run_after=None
[2024-01-18T21:42:07.032+0300] {processor.py:175} INFO - Processing /home/angry/mlops_4/venv4/lib/python3.10/site-packages/airflow/example_dags/example_time_delta_sensor_async.py took 0.347 seconds
[2024-01-18T21:43:03.852+0300] {processor.py:153} INFO - Started process (PID=4412) to work on /home/angry/mlops_4/venv4/lib/python3.10/site-packages/airflow/example_dags/example_time_delta_sensor_async.py
[2024-01-18T21:43:03.855+0300] {processor.py:743} INFO - Processing file /home/angry/mlops_4/venv4/lib/python3.10/site-packages/airflow/example_dags/example_time_delta_sensor_async.py for tasks to queue
[2024-01-18T21:43:03.856+0300] {logging_mixin.py:137} INFO - [2024-01-18T21:43:03.856+0300] {dagbag.py:532} INFO - Filling up the DagBag from /home/angry/mlops_4/venv4/lib/python3.10/site-packages/airflow/example_dags/example_time_delta_sensor_async.py
[2024-01-18T21:43:03.902+0300] {processor.py:753} INFO - DAG(s) dict_keys(['example_time_delta_sensor_async']) retrieved from /home/angry/mlops_4/venv4/lib/python3.10/site-packages/airflow/example_dags/example_time_delta_sensor_async.py
[2024-01-18T21:43:03.959+0300] {logging_mixin.py:137} INFO - [2024-01-18T21:43:03.958+0300] {dag.py:2705} INFO - Sync 1 DAGs
[2024-01-18T21:43:04.006+0300] {logging_mixin.py:137} INFO - [2024-01-18T21:43:04.006+0300] {dag.py:3452} INFO - Setting next_dagrun for example_time_delta_sensor_async to None, run_after=None
[2024-01-18T21:43:04.050+0300] {processor.py:175} INFO - Processing /home/angry/mlops_4/venv4/lib/python3.10/site-packages/airflow/example_dags/example_time_delta_sensor_async.py took 0.208 seconds
[2024-01-18T21:43:52.220+0300] {processor.py:153} INFO - Started process (PID=4466) to work on /home/angry/mlops_4/venv4/lib/python3.10/site-packages/airflow/example_dags/example_time_delta_sensor_async.py
[2024-01-18T21:43:52.222+0300] {processor.py:743} INFO - Processing file /home/angry/mlops_4/venv4/lib/python3.10/site-packages/airflow/example_dags/example_time_delta_sensor_async.py for tasks to queue
[2024-01-18T21:43:52.223+0300] {logging_mixin.py:137} INFO - [2024-01-18T21:43:52.223+0300] {dagbag.py:532} INFO - Filling up the DagBag from /home/angry/mlops_4/venv4/lib/python3.10/site-packages/airflow/example_dags/example_time_delta_sensor_async.py
[2024-01-18T21:43:52.254+0300] {processor.py:753} INFO - DAG(s) dict_keys(['example_time_delta_sensor_async']) retrieved from /home/angry/mlops_4/venv4/lib/python3.10/site-packages/airflow/example_dags/example_time_delta_sensor_async.py
[2024-01-18T21:43:52.294+0300] {logging_mixin.py:137} INFO - [2024-01-18T21:43:52.294+0300] {dag.py:2705} INFO - Sync 1 DAGs
[2024-01-18T21:43:52.333+0300] {logging_mixin.py:137} INFO - [2024-01-18T21:43:52.332+0300] {dag.py:3452} INFO - Setting next_dagrun for example_time_delta_sensor_async to None, run_after=None
[2024-01-18T21:43:52.371+0300] {processor.py:175} INFO - Processing /home/angry/mlops_4/venv4/lib/python3.10/site-packages/airflow/example_dags/example_time_delta_sensor_async.py took 0.159 seconds
[2024-01-18T21:44:42.436+0300] {processor.py:153} INFO - Started process (PID=4521) to work on /home/angry/mlops_4/venv4/lib/python3.10/site-packages/airflow/example_dags/example_time_delta_sensor_async.py
[2024-01-18T21:44:42.438+0300] {processor.py:743} INFO - Processing file /home/angry/mlops_4/venv4/lib/python3.10/site-packages/airflow/example_dags/example_time_delta_sensor_async.py for tasks to queue
[2024-01-18T21:44:42.440+0300] {logging_mixin.py:137} INFO - [2024-01-18T21:44:42.440+0300] {dagbag.py:532} INFO - Filling up the DagBag from /home/angry/mlops_4/venv4/lib/python3.10/site-packages/airflow/example_dags/example_time_delta_sensor_async.py
[2024-01-18T21:44:42.469+0300] {processor.py:753} INFO - DAG(s) dict_keys(['example_time_delta_sensor_async']) retrieved from /home/angry/mlops_4/venv4/lib/python3.10/site-packages/airflow/example_dags/example_time_delta_sensor_async.py
[2024-01-18T21:44:42.511+0300] {logging_mixin.py:137} INFO - [2024-01-18T21:44:42.511+0300] {dag.py:2705} INFO - Sync 1 DAGs
[2024-01-18T21:44:42.559+0300] {logging_mixin.py:137} INFO - [2024-01-18T21:44:42.558+0300] {dag.py:3452} INFO - Setting next_dagrun for example_time_delta_sensor_async to None, run_after=None
[2024-01-18T21:44:42.601+0300] {processor.py:175} INFO - Processing /home/angry/mlops_4/venv4/lib/python3.10/site-packages/airflow/example_dags/example_time_delta_sensor_async.py took 0.172 seconds
[2024-01-18T21:45:34.812+0300] {processor.py:153} INFO - Started process (PID=4607) to work on /home/angry/mlops_4/venv4/lib/python3.10/site-packages/airflow/example_dags/example_time_delta_sensor_async.py
[2024-01-18T21:45:34.815+0300] {processor.py:743} INFO - Processing file /home/angry/mlops_4/venv4/lib/python3.10/site-packages/airflow/example_dags/example_time_delta_sensor_async.py for tasks to queue
[2024-01-18T21:45:34.816+0300] {logging_mixin.py:137} INFO - [2024-01-18T21:45:34.816+0300] {dagbag.py:532} INFO - Filling up the DagBag from /home/angry/mlops_4/venv4/lib/python3.10/site-packages/airflow/example_dags/example_time_delta_sensor_async.py
[2024-01-18T21:45:34.846+0300] {processor.py:753} INFO - DAG(s) dict_keys(['example_time_delta_sensor_async']) retrieved from /home/angry/mlops_4/venv4/lib/python3.10/site-packages/airflow/example_dags/example_time_delta_sensor_async.py
[2024-01-18T21:45:34.889+0300] {logging_mixin.py:137} INFO - [2024-01-18T21:45:34.889+0300] {dag.py:2705} INFO - Sync 1 DAGs
[2024-01-18T21:45:34.934+0300] {logging_mixin.py:137} INFO - [2024-01-18T21:45:34.933+0300] {dag.py:3452} INFO - Setting next_dagrun for example_time_delta_sensor_async to None, run_after=None
[2024-01-18T21:45:34.972+0300] {processor.py:175} INFO - Processing /home/angry/mlops_4/venv4/lib/python3.10/site-packages/airflow/example_dags/example_time_delta_sensor_async.py took 0.167 seconds
[2024-01-18T21:46:26.102+0300] {processor.py:153} INFO - Started process (PID=4673) to work on /home/angry/mlops_4/venv4/lib/python3.10/site-packages/airflow/example_dags/example_time_delta_sensor_async.py
[2024-01-18T21:46:26.105+0300] {processor.py:743} INFO - Processing file /home/angry/mlops_4/venv4/lib/python3.10/site-packages/airflow/example_dags/example_time_delta_sensor_async.py for tasks to queue
[2024-01-18T21:46:26.106+0300] {logging_mixin.py:137} INFO - [2024-01-18T21:46:26.106+0300] {dagbag.py:532} INFO - Filling up the DagBag from /home/angry/mlops_4/venv4/lib/python3.10/site-packages/airflow/example_dags/example_time_delta_sensor_async.py
[2024-01-18T21:46:26.136+0300] {processor.py:753} INFO - DAG(s) dict_keys(['example_time_delta_sensor_async']) retrieved from /home/angry/mlops_4/venv4/lib/python3.10/site-packages/airflow/example_dags/example_time_delta_sensor_async.py
[2024-01-18T21:46:26.176+0300] {logging_mixin.py:137} INFO - [2024-01-18T21:46:26.176+0300] {dag.py:2705} INFO - Sync 1 DAGs
[2024-01-18T21:46:26.218+0300] {logging_mixin.py:137} INFO - [2024-01-18T21:46:26.218+0300] {dag.py:3452} INFO - Setting next_dagrun for example_time_delta_sensor_async to None, run_after=None
[2024-01-18T21:46:26.256+0300] {processor.py:175} INFO - Processing /home/angry/mlops_4/venv4/lib/python3.10/site-packages/airflow/example_dags/example_time_delta_sensor_async.py took 0.162 seconds
[2024-01-18T21:47:13.035+0300] {processor.py:153} INFO - Started process (PID=4726) to work on /home/angry/mlops_4/venv4/lib/python3.10/site-packages/airflow/example_dags/example_time_delta_sensor_async.py
[2024-01-18T21:47:13.039+0300] {processor.py:743} INFO - Processing file /home/angry/mlops_4/venv4/lib/python3.10/site-packages/airflow/example_dags/example_time_delta_sensor_async.py for tasks to queue
[2024-01-18T21:47:13.040+0300] {logging_mixin.py:137} INFO - [2024-01-18T21:47:13.040+0300] {dagbag.py:532} INFO - Filling up the DagBag from /home/angry/mlops_4/venv4/lib/python3.10/site-packages/airflow/example_dags/example_time_delta_sensor_async.py
[2024-01-18T21:47:13.071+0300] {processor.py:753} INFO - DAG(s) dict_keys(['example_time_delta_sensor_async']) retrieved from /home/angry/mlops_4/venv4/lib/python3.10/site-packages/airflow/example_dags/example_time_delta_sensor_async.py
[2024-01-18T21:47:13.113+0300] {logging_mixin.py:137} INFO - [2024-01-18T21:47:13.112+0300] {dag.py:2705} INFO - Sync 1 DAGs
[2024-01-18T21:47:13.152+0300] {logging_mixin.py:137} INFO - [2024-01-18T21:47:13.151+0300] {dag.py:3452} INFO - Setting next_dagrun for example_time_delta_sensor_async to None, run_after=None
[2024-01-18T21:47:13.193+0300] {processor.py:175} INFO - Processing /home/angry/mlops_4/venv4/lib/python3.10/site-packages/airflow/example_dags/example_time_delta_sensor_async.py took 0.166 seconds
[2024-01-18T21:48:04.559+0300] {processor.py:153} INFO - Started process (PID=4809) to work on /home/angry/mlops_4/venv4/lib/python3.10/site-packages/airflow/example_dags/example_time_delta_sensor_async.py
[2024-01-18T21:48:04.562+0300] {processor.py:743} INFO - Processing file /home/angry/mlops_4/venv4/lib/python3.10/site-packages/airflow/example_dags/example_time_delta_sensor_async.py for tasks to queue
[2024-01-18T21:48:04.563+0300] {logging_mixin.py:137} INFO - [2024-01-18T21:48:04.563+0300] {dagbag.py:532} INFO - Filling up the DagBag from /home/angry/mlops_4/venv4/lib/python3.10/site-packages/airflow/example_dags/example_time_delta_sensor_async.py
[2024-01-18T21:48:04.593+0300] {processor.py:753} INFO - DAG(s) dict_keys(['example_time_delta_sensor_async']) retrieved from /home/angry/mlops_4/venv4/lib/python3.10/site-packages/airflow/example_dags/example_time_delta_sensor_async.py
[2024-01-18T21:48:04.635+0300] {logging_mixin.py:137} INFO - [2024-01-18T21:48:04.634+0300] {dag.py:2705} INFO - Sync 1 DAGs
[2024-01-18T21:48:04.681+0300] {logging_mixin.py:137} INFO - [2024-01-18T21:48:04.680+0300] {dag.py:3452} INFO - Setting next_dagrun for example_time_delta_sensor_async to None, run_after=None
[2024-01-18T21:48:04.724+0300] {processor.py:175} INFO - Processing /home/angry/mlops_4/venv4/lib/python3.10/site-packages/airflow/example_dags/example_time_delta_sensor_async.py took 0.172 seconds
[2024-01-18T21:48:55.493+0300] {processor.py:153} INFO - Started process (PID=4859) to work on /home/angry/mlops_4/venv4/lib/python3.10/site-packages/airflow/example_dags/example_time_delta_sensor_async.py
[2024-01-18T21:48:55.496+0300] {processor.py:743} INFO - Processing file /home/angry/mlops_4/venv4/lib/python3.10/site-packages/airflow/example_dags/example_time_delta_sensor_async.py for tasks to queue
[2024-01-18T21:48:55.498+0300] {logging_mixin.py:137} INFO - [2024-01-18T21:48:55.498+0300] {dagbag.py:532} INFO - Filling up the DagBag from /home/angry/mlops_4/venv4/lib/python3.10/site-packages/airflow/example_dags/example_time_delta_sensor_async.py
[2024-01-18T21:48:55.530+0300] {processor.py:753} INFO - DAG(s) dict_keys(['example_time_delta_sensor_async']) retrieved from /home/angry/mlops_4/venv4/lib/python3.10/site-packages/airflow/example_dags/example_time_delta_sensor_async.py
[2024-01-18T21:48:55.570+0300] {logging_mixin.py:137} INFO - [2024-01-18T21:48:55.569+0300] {dag.py:2705} INFO - Sync 1 DAGs
[2024-01-18T21:48:55.611+0300] {logging_mixin.py:137} INFO - [2024-01-18T21:48:55.610+0300] {dag.py:3452} INFO - Setting next_dagrun for example_time_delta_sensor_async to None, run_after=None
[2024-01-18T21:48:55.650+0300] {processor.py:175} INFO - Processing /home/angry/mlops_4/venv4/lib/python3.10/site-packages/airflow/example_dags/example_time_delta_sensor_async.py took 0.165 seconds
[2024-01-18T21:49:44.715+0300] {processor.py:153} INFO - Started process (PID=4908) to work on /home/angry/mlops_4/venv4/lib/python3.10/site-packages/airflow/example_dags/example_time_delta_sensor_async.py
[2024-01-18T21:49:44.718+0300] {processor.py:743} INFO - Processing file /home/angry/mlops_4/venv4/lib/python3.10/site-packages/airflow/example_dags/example_time_delta_sensor_async.py for tasks to queue
[2024-01-18T21:49:44.719+0300] {logging_mixin.py:137} INFO - [2024-01-18T21:49:44.719+0300] {dagbag.py:532} INFO - Filling up the DagBag from /home/angry/mlops_4/venv4/lib/python3.10/site-packages/airflow/example_dags/example_time_delta_sensor_async.py
[2024-01-18T21:49:44.749+0300] {processor.py:753} INFO - DAG(s) dict_keys(['example_time_delta_sensor_async']) retrieved from /home/angry/mlops_4/venv4/lib/python3.10/site-packages/airflow/example_dags/example_time_delta_sensor_async.py
[2024-01-18T21:49:44.789+0300] {logging_mixin.py:137} INFO - [2024-01-18T21:49:44.789+0300] {dag.py:2705} INFO - Sync 1 DAGs
[2024-01-18T21:49:44.828+0300] {logging_mixin.py:137} INFO - [2024-01-18T21:49:44.828+0300] {dag.py:3452} INFO - Setting next_dagrun for example_time_delta_sensor_async to None, run_after=None
[2024-01-18T21:49:44.867+0300] {processor.py:175} INFO - Processing /home/angry/mlops_4/venv4/lib/python3.10/site-packages/airflow/example_dags/example_time_delta_sensor_async.py took 0.160 seconds
[2024-01-18T21:50:37.118+0300] {processor.py:153} INFO - Started process (PID=4957) to work on /home/angry/mlops_4/venv4/lib/python3.10/site-packages/airflow/example_dags/example_time_delta_sensor_async.py
[2024-01-18T21:50:37.121+0300] {processor.py:743} INFO - Processing file /home/angry/mlops_4/venv4/lib/python3.10/site-packages/airflow/example_dags/example_time_delta_sensor_async.py for tasks to queue
[2024-01-18T21:50:37.123+0300] {logging_mixin.py:137} INFO - [2024-01-18T21:50:37.122+0300] {dagbag.py:532} INFO - Filling up the DagBag from /home/angry/mlops_4/venv4/lib/python3.10/site-packages/airflow/example_dags/example_time_delta_sensor_async.py
[2024-01-18T21:50:37.153+0300] {processor.py:753} INFO - DAG(s) dict_keys(['example_time_delta_sensor_async']) retrieved from /home/angry/mlops_4/venv4/lib/python3.10/site-packages/airflow/example_dags/example_time_delta_sensor_async.py
[2024-01-18T21:50:37.203+0300] {logging_mixin.py:137} INFO - [2024-01-18T21:50:37.203+0300] {dag.py:2705} INFO - Sync 1 DAGs
[2024-01-18T21:50:37.250+0300] {logging_mixin.py:137} INFO - [2024-01-18T21:50:37.250+0300] {dag.py:3452} INFO - Setting next_dagrun for example_time_delta_sensor_async to None, run_after=None
[2024-01-18T21:50:37.291+0300] {processor.py:175} INFO - Processing /home/angry/mlops_4/venv4/lib/python3.10/site-packages/airflow/example_dags/example_time_delta_sensor_async.py took 0.180 seconds
[2024-01-18T21:51:26.692+0300] {processor.py:153} INFO - Started process (PID=5004) to work on /home/angry/mlops_4/venv4/lib/python3.10/site-packages/airflow/example_dags/example_time_delta_sensor_async.py
[2024-01-18T21:51:26.695+0300] {processor.py:743} INFO - Processing file /home/angry/mlops_4/venv4/lib/python3.10/site-packages/airflow/example_dags/example_time_delta_sensor_async.py for tasks to queue
[2024-01-18T21:51:26.696+0300] {logging_mixin.py:137} INFO - [2024-01-18T21:51:26.696+0300] {dagbag.py:532} INFO - Filling up the DagBag from /home/angry/mlops_4/venv4/lib/python3.10/site-packages/airflow/example_dags/example_time_delta_sensor_async.py
[2024-01-18T21:51:26.725+0300] {processor.py:753} INFO - DAG(s) dict_keys(['example_time_delta_sensor_async']) retrieved from /home/angry/mlops_4/venv4/lib/python3.10/site-packages/airflow/example_dags/example_time_delta_sensor_async.py
[2024-01-18T21:51:26.766+0300] {logging_mixin.py:137} INFO - [2024-01-18T21:51:26.766+0300] {dag.py:2705} INFO - Sync 1 DAGs
[2024-01-18T21:51:26.813+0300] {logging_mixin.py:137} INFO - [2024-01-18T21:51:26.812+0300] {dag.py:3452} INFO - Setting next_dagrun for example_time_delta_sensor_async to None, run_after=None
[2024-01-18T21:51:26.851+0300] {processor.py:175} INFO - Processing /home/angry/mlops_4/venv4/lib/python3.10/site-packages/airflow/example_dags/example_time_delta_sensor_async.py took 0.166 seconds
[2024-01-18T21:52:22.395+0300] {processor.py:153} INFO - Started process (PID=5059) to work on /home/angry/mlops_4/venv4/lib/python3.10/site-packages/airflow/example_dags/example_time_delta_sensor_async.py
[2024-01-18T21:52:22.398+0300] {processor.py:743} INFO - Processing file /home/angry/mlops_4/venv4/lib/python3.10/site-packages/airflow/example_dags/example_time_delta_sensor_async.py for tasks to queue
[2024-01-18T21:52:22.400+0300] {logging_mixin.py:137} INFO - [2024-01-18T21:52:22.399+0300] {dagbag.py:532} INFO - Filling up the DagBag from /home/angry/mlops_4/venv4/lib/python3.10/site-packages/airflow/example_dags/example_time_delta_sensor_async.py
[2024-01-18T21:52:22.435+0300] {processor.py:753} INFO - DAG(s) dict_keys(['example_time_delta_sensor_async']) retrieved from /home/angry/mlops_4/venv4/lib/python3.10/site-packages/airflow/example_dags/example_time_delta_sensor_async.py
[2024-01-18T21:52:22.501+0300] {logging_mixin.py:137} INFO - [2024-01-18T21:52:22.500+0300] {dag.py:2705} INFO - Sync 1 DAGs
[2024-01-18T21:52:22.541+0300] {logging_mixin.py:137} INFO - [2024-01-18T21:52:22.541+0300] {dag.py:3452} INFO - Setting next_dagrun for example_time_delta_sensor_async to None, run_after=None
[2024-01-18T21:52:22.589+0300] {processor.py:175} INFO - Processing /home/angry/mlops_4/venv4/lib/python3.10/site-packages/airflow/example_dags/example_time_delta_sensor_async.py took 0.203 seconds
[2024-01-18T21:53:21.437+0300] {processor.py:153} INFO - Started process (PID=5114) to work on /home/angry/mlops_4/venv4/lib/python3.10/site-packages/airflow/example_dags/example_time_delta_sensor_async.py
[2024-01-18T21:53:21.439+0300] {processor.py:743} INFO - Processing file /home/angry/mlops_4/venv4/lib/python3.10/site-packages/airflow/example_dags/example_time_delta_sensor_async.py for tasks to queue
[2024-01-18T21:53:21.441+0300] {logging_mixin.py:137} INFO - [2024-01-18T21:53:21.441+0300] {dagbag.py:532} INFO - Filling up the DagBag from /home/angry/mlops_4/venv4/lib/python3.10/site-packages/airflow/example_dags/example_time_delta_sensor_async.py
[2024-01-18T21:53:21.475+0300] {processor.py:753} INFO - DAG(s) dict_keys(['example_time_delta_sensor_async']) retrieved from /home/angry/mlops_4/venv4/lib/python3.10/site-packages/airflow/example_dags/example_time_delta_sensor_async.py
[2024-01-18T21:53:21.545+0300] {logging_mixin.py:137} INFO - [2024-01-18T21:53:21.545+0300] {dag.py:2705} INFO - Sync 1 DAGs
[2024-01-18T21:53:21.594+0300] {logging_mixin.py:137} INFO - [2024-01-18T21:53:21.594+0300] {dag.py:3452} INFO - Setting next_dagrun for example_time_delta_sensor_async to None, run_after=None
[2024-01-18T21:53:21.643+0300] {processor.py:175} INFO - Processing /home/angry/mlops_4/venv4/lib/python3.10/site-packages/airflow/example_dags/example_time_delta_sensor_async.py took 0.214 seconds
[2024-01-18T21:54:19.882+0300] {processor.py:153} INFO - Started process (PID=5165) to work on /home/angry/mlops_4/venv4/lib/python3.10/site-packages/airflow/example_dags/example_time_delta_sensor_async.py
[2024-01-18T21:54:19.886+0300] {processor.py:743} INFO - Processing file /home/angry/mlops_4/venv4/lib/python3.10/site-packages/airflow/example_dags/example_time_delta_sensor_async.py for tasks to queue
[2024-01-18T21:54:19.888+0300] {logging_mixin.py:137} INFO - [2024-01-18T21:54:19.887+0300] {dagbag.py:532} INFO - Filling up the DagBag from /home/angry/mlops_4/venv4/lib/python3.10/site-packages/airflow/example_dags/example_time_delta_sensor_async.py
[2024-01-18T21:54:19.921+0300] {processor.py:753} INFO - DAG(s) dict_keys(['example_time_delta_sensor_async']) retrieved from /home/angry/mlops_4/venv4/lib/python3.10/site-packages/airflow/example_dags/example_time_delta_sensor_async.py
[2024-01-18T21:54:19.976+0300] {logging_mixin.py:137} INFO - [2024-01-18T21:54:19.976+0300] {dag.py:2705} INFO - Sync 1 DAGs
[2024-01-18T21:54:20.063+0300] {logging_mixin.py:137} INFO - [2024-01-18T21:54:20.063+0300] {dag.py:3452} INFO - Setting next_dagrun for example_time_delta_sensor_async to None, run_after=None
[2024-01-18T21:54:20.139+0300] {processor.py:175} INFO - Processing /home/angry/mlops_4/venv4/lib/python3.10/site-packages/airflow/example_dags/example_time_delta_sensor_async.py took 0.266 seconds
[2024-01-18T22:00:30.597+0300] {processor.py:153} INFO - Started process (PID=5501) to work on /home/angry/mlops_4/venv4/lib/python3.10/site-packages/airflow/example_dags/example_time_delta_sensor_async.py
[2024-01-18T22:00:30.610+0300] {processor.py:743} INFO - Processing file /home/angry/mlops_4/venv4/lib/python3.10/site-packages/airflow/example_dags/example_time_delta_sensor_async.py for tasks to queue
[2024-01-18T22:00:30.613+0300] {logging_mixin.py:137} INFO - [2024-01-18T22:00:30.612+0300] {dagbag.py:532} INFO - Filling up the DagBag from /home/angry/mlops_4/venv4/lib/python3.10/site-packages/airflow/example_dags/example_time_delta_sensor_async.py
[2024-01-18T22:00:30.652+0300] {processor.py:753} INFO - DAG(s) dict_keys(['example_time_delta_sensor_async']) retrieved from /home/angry/mlops_4/venv4/lib/python3.10/site-packages/airflow/example_dags/example_time_delta_sensor_async.py
[2024-01-18T22:00:30.770+0300] {logging_mixin.py:137} INFO - [2024-01-18T22:00:30.770+0300] {dag.py:2705} INFO - Sync 1 DAGs
[2024-01-18T22:00:30.844+0300] {logging_mixin.py:137} INFO - [2024-01-18T22:00:30.844+0300] {dag.py:3452} INFO - Setting next_dagrun for example_time_delta_sensor_async to None, run_after=None
[2024-01-18T22:00:30.932+0300] {processor.py:175} INFO - Processing /home/angry/mlops_4/venv4/lib/python3.10/site-packages/airflow/example_dags/example_time_delta_sensor_async.py took 0.358 seconds
