[2024-01-18T21:37:18.614+0300] {processor.py:153} INFO - Started process (PID=3327) to work on /home/angry/mlops_4/venv4/lib/python3.10/site-packages/airflow/example_dags/example_branch_datetime_operator.py
[2024-01-18T21:37:18.616+0300] {processor.py:743} INFO - Processing file /home/angry/mlops_4/venv4/lib/python3.10/site-packages/airflow/example_dags/example_branch_datetime_operator.py for tasks to queue
[2024-01-18T21:37:18.617+0300] {logging_mixin.py:137} INFO - [2024-01-18T21:37:18.617+0300] {dagbag.py:532} INFO - Filling up the DagBag from /home/angry/mlops_4/venv4/lib/python3.10/site-packages/airflow/example_dags/example_branch_datetime_operator.py
[2024-01-18T21:37:18.654+0300] {processor.py:753} INFO - DAG(s) dict_keys(['example_branch_datetime_operator', 'example_branch_datetime_operator_3', 'example_branch_datetime_operator_2']) retrieved from /home/angry/mlops_4/venv4/lib/python3.10/site-packages/airflow/example_dags/example_branch_datetime_operator.py
[2024-01-18T21:37:18.706+0300] {logging_mixin.py:137} INFO - [2024-01-18T21:37:18.706+0300] {dag.py:2705} INFO - Sync 3 DAGs
[2024-01-18T21:37:18.748+0300] {logging_mixin.py:137} INFO - [2024-01-18T21:37:18.747+0300] {dag.py:3452} INFO - Setting next_dagrun for example_branch_datetime_operator to 2024-01-17T00:00:00+00:00, run_after=2024-01-18T00:00:00+00:00
[2024-01-18T21:37:18.755+0300] {logging_mixin.py:137} INFO - [2024-01-18T21:37:18.755+0300] {dag.py:3452} INFO - Setting next_dagrun for example_branch_datetime_operator_2 to 2024-01-17T00:00:00+00:00, run_after=2024-01-18T00:00:00+00:00
[2024-01-18T21:37:18.759+0300] {logging_mixin.py:137} INFO - [2024-01-18T21:37:18.759+0300] {dag.py:3452} INFO - Setting next_dagrun for example_branch_datetime_operator_3 to 2024-01-17T00:00:00+00:00, run_after=2024-01-18T00:00:00+00:00
[2024-01-18T21:37:18.971+0300] {processor.py:175} INFO - Processing /home/angry/mlops_4/venv4/lib/python3.10/site-packages/airflow/example_dags/example_branch_datetime_operator.py took 0.365 seconds
[2024-01-18T21:38:25.086+0300] {processor.py:153} INFO - Started process (PID=3884) to work on /home/angry/mlops_4/venv4/lib/python3.10/site-packages/airflow/example_dags/example_branch_datetime_operator.py
[2024-01-18T21:38:25.090+0300] {processor.py:743} INFO - Processing file /home/angry/mlops_4/venv4/lib/python3.10/site-packages/airflow/example_dags/example_branch_datetime_operator.py for tasks to queue
[2024-01-18T21:38:25.094+0300] {logging_mixin.py:137} INFO - [2024-01-18T21:38:25.092+0300] {dagbag.py:532} INFO - Filling up the DagBag from /home/angry/mlops_4/venv4/lib/python3.10/site-packages/airflow/example_dags/example_branch_datetime_operator.py
[2024-01-18T21:38:25.142+0300] {processor.py:753} INFO - DAG(s) dict_keys(['example_branch_datetime_operator_3', 'example_branch_datetime_operator', 'example_branch_datetime_operator_2']) retrieved from /home/angry/mlops_4/venv4/lib/python3.10/site-packages/airflow/example_dags/example_branch_datetime_operator.py
[2024-01-18T21:38:25.370+0300] {logging_mixin.py:137} INFO - [2024-01-18T21:38:25.370+0300] {dag.py:2705} INFO - Sync 3 DAGs
[2024-01-18T21:38:26.090+0300] {logging_mixin.py:137} INFO - [2024-01-18T21:38:26.089+0300] {dag.py:3452} INFO - Setting next_dagrun for example_branch_datetime_operator to 2024-01-17T00:00:00+00:00, run_after=2024-01-18T00:00:00+00:00
[2024-01-18T21:38:26.135+0300] {logging_mixin.py:137} INFO - [2024-01-18T21:38:26.123+0300] {dag.py:3452} INFO - Setting next_dagrun for example_branch_datetime_operator_2 to 2024-01-17T00:00:00+00:00, run_after=2024-01-18T00:00:00+00:00
[2024-01-18T21:38:26.156+0300] {logging_mixin.py:137} INFO - [2024-01-18T21:38:26.155+0300] {dag.py:3452} INFO - Setting next_dagrun for example_branch_datetime_operator_3 to 2024-01-17T00:00:00+00:00, run_after=2024-01-18T00:00:00+00:00
[2024-01-18T21:38:26.231+0300] {processor.py:175} INFO - Processing /home/angry/mlops_4/venv4/lib/python3.10/site-packages/airflow/example_dags/example_branch_datetime_operator.py took 1.163 seconds
[2024-01-18T21:39:35.439+0300] {processor.py:153} INFO - Started process (PID=4161) to work on /home/angry/mlops_4/venv4/lib/python3.10/site-packages/airflow/example_dags/example_branch_datetime_operator.py
[2024-01-18T21:39:35.449+0300] {processor.py:743} INFO - Processing file /home/angry/mlops_4/venv4/lib/python3.10/site-packages/airflow/example_dags/example_branch_datetime_operator.py for tasks to queue
[2024-01-18T21:39:35.452+0300] {logging_mixin.py:137} INFO - [2024-01-18T21:39:35.451+0300] {dagbag.py:532} INFO - Filling up the DagBag from /home/angry/mlops_4/venv4/lib/python3.10/site-packages/airflow/example_dags/example_branch_datetime_operator.py
[2024-01-18T21:39:35.553+0300] {processor.py:753} INFO - DAG(s) dict_keys(['example_branch_datetime_operator_3', 'example_branch_datetime_operator_2', 'example_branch_datetime_operator']) retrieved from /home/angry/mlops_4/venv4/lib/python3.10/site-packages/airflow/example_dags/example_branch_datetime_operator.py
[2024-01-18T21:39:35.666+0300] {logging_mixin.py:137} INFO - [2024-01-18T21:39:35.665+0300] {dag.py:2705} INFO - Sync 3 DAGs
[2024-01-18T21:39:35.970+0300] {logging_mixin.py:137} INFO - [2024-01-18T21:39:35.970+0300] {dag.py:3452} INFO - Setting next_dagrun for example_branch_datetime_operator to 2024-01-17T00:00:00+00:00, run_after=2024-01-18T00:00:00+00:00
[2024-01-18T21:39:35.983+0300] {logging_mixin.py:137} INFO - [2024-01-18T21:39:35.982+0300] {dag.py:3452} INFO - Setting next_dagrun for example_branch_datetime_operator_2 to 2024-01-17T00:00:00+00:00, run_after=2024-01-18T00:00:00+00:00
[2024-01-18T21:39:35.988+0300] {logging_mixin.py:137} INFO - [2024-01-18T21:39:35.988+0300] {dag.py:3452} INFO - Setting next_dagrun for example_branch_datetime_operator_3 to 2024-01-17T00:00:00+00:00, run_after=2024-01-18T00:00:00+00:00
[2024-01-18T21:39:36.025+0300] {processor.py:175} INFO - Processing /home/angry/mlops_4/venv4/lib/python3.10/site-packages/airflow/example_dags/example_branch_datetime_operator.py took 0.604 seconds
[2024-01-18T21:40:33.122+0300] {processor.py:153} INFO - Started process (PID=4219) to work on /home/angry/mlops_4/venv4/lib/python3.10/site-packages/airflow/example_dags/example_branch_datetime_operator.py
[2024-01-18T21:40:33.128+0300] {processor.py:743} INFO - Processing file /home/angry/mlops_4/venv4/lib/python3.10/site-packages/airflow/example_dags/example_branch_datetime_operator.py for tasks to queue
[2024-01-18T21:40:33.129+0300] {logging_mixin.py:137} INFO - [2024-01-18T21:40:33.129+0300] {dagbag.py:532} INFO - Filling up the DagBag from /home/angry/mlops_4/venv4/lib/python3.10/site-packages/airflow/example_dags/example_branch_datetime_operator.py
[2024-01-18T21:40:33.181+0300] {processor.py:753} INFO - DAG(s) dict_keys(['example_branch_datetime_operator_3', 'example_branch_datetime_operator_2', 'example_branch_datetime_operator']) retrieved from /home/angry/mlops_4/venv4/lib/python3.10/site-packages/airflow/example_dags/example_branch_datetime_operator.py
[2024-01-18T21:40:33.483+0300] {logging_mixin.py:137} INFO - [2024-01-18T21:40:33.483+0300] {dag.py:2705} INFO - Sync 3 DAGs
[2024-01-18T21:40:33.522+0300] {logging_mixin.py:137} INFO - [2024-01-18T21:40:33.522+0300] {dag.py:3452} INFO - Setting next_dagrun for example_branch_datetime_operator to 2024-01-17T00:00:00+00:00, run_after=2024-01-18T00:00:00+00:00
[2024-01-18T21:40:33.531+0300] {logging_mixin.py:137} INFO - [2024-01-18T21:40:33.530+0300] {dag.py:3452} INFO - Setting next_dagrun for example_branch_datetime_operator_2 to 2024-01-17T00:00:00+00:00, run_after=2024-01-18T00:00:00+00:00
[2024-01-18T21:40:33.535+0300] {logging_mixin.py:137} INFO - [2024-01-18T21:40:33.535+0300] {dag.py:3452} INFO - Setting next_dagrun for example_branch_datetime_operator_3 to 2024-01-17T00:00:00+00:00, run_after=2024-01-18T00:00:00+00:00
[2024-01-18T21:40:33.582+0300] {processor.py:175} INFO - Processing /home/angry/mlops_4/venv4/lib/python3.10/site-packages/airflow/example_dags/example_branch_datetime_operator.py took 0.468 seconds
[2024-01-18T21:41:40.807+0300] {processor.py:153} INFO - Started process (PID=4333) to work on /home/angry/mlops_4/venv4/lib/python3.10/site-packages/airflow/example_dags/example_branch_datetime_operator.py
[2024-01-18T21:41:40.812+0300] {processor.py:743} INFO - Processing file /home/angry/mlops_4/venv4/lib/python3.10/site-packages/airflow/example_dags/example_branch_datetime_operator.py for tasks to queue
[2024-01-18T21:41:40.814+0300] {logging_mixin.py:137} INFO - [2024-01-18T21:41:40.814+0300] {dagbag.py:532} INFO - Filling up the DagBag from /home/angry/mlops_4/venv4/lib/python3.10/site-packages/airflow/example_dags/example_branch_datetime_operator.py
[2024-01-18T21:41:40.862+0300] {processor.py:753} INFO - DAG(s) dict_keys(['example_branch_datetime_operator_2', 'example_branch_datetime_operator', 'example_branch_datetime_operator_3']) retrieved from /home/angry/mlops_4/venv4/lib/python3.10/site-packages/airflow/example_dags/example_branch_datetime_operator.py
[2024-01-18T21:41:41.165+0300] {logging_mixin.py:137} INFO - [2024-01-18T21:41:41.164+0300] {dag.py:2705} INFO - Sync 3 DAGs
[2024-01-18T21:41:41.211+0300] {logging_mixin.py:137} INFO - [2024-01-18T21:41:41.210+0300] {dag.py:3452} INFO - Setting next_dagrun for example_branch_datetime_operator to 2024-01-17T00:00:00+00:00, run_after=2024-01-18T00:00:00+00:00
[2024-01-18T21:41:41.219+0300] {logging_mixin.py:137} INFO - [2024-01-18T21:41:41.219+0300] {dag.py:3452} INFO - Setting next_dagrun for example_branch_datetime_operator_2 to 2024-01-17T00:00:00+00:00, run_after=2024-01-18T00:00:00+00:00
[2024-01-18T21:41:41.224+0300] {logging_mixin.py:137} INFO - [2024-01-18T21:41:41.224+0300] {dag.py:3452} INFO - Setting next_dagrun for example_branch_datetime_operator_3 to 2024-01-17T00:00:00+00:00, run_after=2024-01-18T00:00:00+00:00
[2024-01-18T21:41:41.260+0300] {processor.py:175} INFO - Processing /home/angry/mlops_4/venv4/lib/python3.10/site-packages/airflow/example_dags/example_branch_datetime_operator.py took 0.463 seconds
[2024-01-18T21:42:37.236+0300] {processor.py:153} INFO - Started process (PID=4387) to work on /home/angry/mlops_4/venv4/lib/python3.10/site-packages/airflow/example_dags/example_branch_datetime_operator.py
[2024-01-18T21:42:37.239+0300] {processor.py:743} INFO - Processing file /home/angry/mlops_4/venv4/lib/python3.10/site-packages/airflow/example_dags/example_branch_datetime_operator.py for tasks to queue
[2024-01-18T21:42:37.240+0300] {logging_mixin.py:137} INFO - [2024-01-18T21:42:37.239+0300] {dagbag.py:532} INFO - Filling up the DagBag from /home/angry/mlops_4/venv4/lib/python3.10/site-packages/airflow/example_dags/example_branch_datetime_operator.py
[2024-01-18T21:42:37.490+0300] {processor.py:753} INFO - DAG(s) dict_keys(['example_branch_datetime_operator_3', 'example_branch_datetime_operator_2', 'example_branch_datetime_operator']) retrieved from /home/angry/mlops_4/venv4/lib/python3.10/site-packages/airflow/example_dags/example_branch_datetime_operator.py
[2024-01-18T21:42:37.530+0300] {logging_mixin.py:137} INFO - [2024-01-18T21:42:37.530+0300] {dag.py:2705} INFO - Sync 3 DAGs
[2024-01-18T21:42:37.577+0300] {logging_mixin.py:137} INFO - [2024-01-18T21:42:37.577+0300] {dag.py:3452} INFO - Setting next_dagrun for example_branch_datetime_operator to 2024-01-17T00:00:00+00:00, run_after=2024-01-18T00:00:00+00:00
[2024-01-18T21:42:37.585+0300] {logging_mixin.py:137} INFO - [2024-01-18T21:42:37.584+0300] {dag.py:3452} INFO - Setting next_dagrun for example_branch_datetime_operator_2 to 2024-01-17T00:00:00+00:00, run_after=2024-01-18T00:00:00+00:00
[2024-01-18T21:42:37.590+0300] {logging_mixin.py:137} INFO - [2024-01-18T21:42:37.590+0300] {dag.py:3452} INFO - Setting next_dagrun for example_branch_datetime_operator_3 to 2024-01-17T00:00:00+00:00, run_after=2024-01-18T00:00:00+00:00
[2024-01-18T21:42:37.630+0300] {processor.py:175} INFO - Processing /home/angry/mlops_4/venv4/lib/python3.10/site-packages/airflow/example_dags/example_branch_datetime_operator.py took 0.406 seconds
[2024-01-18T21:43:30.753+0300] {processor.py:153} INFO - Started process (PID=4441) to work on /home/angry/mlops_4/venv4/lib/python3.10/site-packages/airflow/example_dags/example_branch_datetime_operator.py
[2024-01-18T21:43:30.756+0300] {processor.py:743} INFO - Processing file /home/angry/mlops_4/venv4/lib/python3.10/site-packages/airflow/example_dags/example_branch_datetime_operator.py for tasks to queue
[2024-01-18T21:43:30.757+0300] {logging_mixin.py:137} INFO - [2024-01-18T21:43:30.757+0300] {dagbag.py:532} INFO - Filling up the DagBag from /home/angry/mlops_4/venv4/lib/python3.10/site-packages/airflow/example_dags/example_branch_datetime_operator.py
[2024-01-18T21:43:30.797+0300] {processor.py:753} INFO - DAG(s) dict_keys(['example_branch_datetime_operator', 'example_branch_datetime_operator_2', 'example_branch_datetime_operator_3']) retrieved from /home/angry/mlops_4/venv4/lib/python3.10/site-packages/airflow/example_dags/example_branch_datetime_operator.py
[2024-01-18T21:43:30.849+0300] {logging_mixin.py:137} INFO - [2024-01-18T21:43:30.848+0300] {dag.py:2705} INFO - Sync 3 DAGs
[2024-01-18T21:43:30.891+0300] {logging_mixin.py:137} INFO - [2024-01-18T21:43:30.891+0300] {dag.py:3452} INFO - Setting next_dagrun for example_branch_datetime_operator to 2024-01-17T00:00:00+00:00, run_after=2024-01-18T00:00:00+00:00
[2024-01-18T21:43:30.900+0300] {logging_mixin.py:137} INFO - [2024-01-18T21:43:30.899+0300] {dag.py:3452} INFO - Setting next_dagrun for example_branch_datetime_operator_2 to 2024-01-17T00:00:00+00:00, run_after=2024-01-18T00:00:00+00:00
[2024-01-18T21:43:30.904+0300] {logging_mixin.py:137} INFO - [2024-01-18T21:43:30.903+0300] {dag.py:3452} INFO - Setting next_dagrun for example_branch_datetime_operator_3 to 2024-01-17T00:00:00+00:00, run_after=2024-01-18T00:00:00+00:00
[2024-01-18T21:43:30.939+0300] {processor.py:175} INFO - Processing /home/angry/mlops_4/venv4/lib/python3.10/site-packages/airflow/example_dags/example_branch_datetime_operator.py took 0.194 seconds
[2024-01-18T21:44:18.367+0300] {processor.py:153} INFO - Started process (PID=4494) to work on /home/angry/mlops_4/venv4/lib/python3.10/site-packages/airflow/example_dags/example_branch_datetime_operator.py
[2024-01-18T21:44:18.370+0300] {processor.py:743} INFO - Processing file /home/angry/mlops_4/venv4/lib/python3.10/site-packages/airflow/example_dags/example_branch_datetime_operator.py for tasks to queue
[2024-01-18T21:44:18.371+0300] {logging_mixin.py:137} INFO - [2024-01-18T21:44:18.371+0300] {dagbag.py:532} INFO - Filling up the DagBag from /home/angry/mlops_4/venv4/lib/python3.10/site-packages/airflow/example_dags/example_branch_datetime_operator.py
[2024-01-18T21:44:18.417+0300] {processor.py:753} INFO - DAG(s) dict_keys(['example_branch_datetime_operator_3', 'example_branch_datetime_operator_2', 'example_branch_datetime_operator']) retrieved from /home/angry/mlops_4/venv4/lib/python3.10/site-packages/airflow/example_dags/example_branch_datetime_operator.py
[2024-01-18T21:44:18.470+0300] {logging_mixin.py:137} INFO - [2024-01-18T21:44:18.470+0300] {dag.py:2705} INFO - Sync 3 DAGs
[2024-01-18T21:44:18.534+0300] {logging_mixin.py:137} INFO - [2024-01-18T21:44:18.533+0300] {dag.py:3452} INFO - Setting next_dagrun for example_branch_datetime_operator to 2024-01-17T00:00:00+00:00, run_after=2024-01-18T00:00:00+00:00
[2024-01-18T21:44:18.557+0300] {logging_mixin.py:137} INFO - [2024-01-18T21:44:18.557+0300] {dag.py:3452} INFO - Setting next_dagrun for example_branch_datetime_operator_2 to 2024-01-17T00:00:00+00:00, run_after=2024-01-18T00:00:00+00:00
[2024-01-18T21:44:18.562+0300] {logging_mixin.py:137} INFO - [2024-01-18T21:44:18.562+0300] {dag.py:3452} INFO - Setting next_dagrun for example_branch_datetime_operator_3 to 2024-01-17T00:00:00+00:00, run_after=2024-01-18T00:00:00+00:00
[2024-01-18T21:44:18.634+0300] {processor.py:175} INFO - Processing /home/angry/mlops_4/venv4/lib/python3.10/site-packages/airflow/example_dags/example_branch_datetime_operator.py took 0.275 seconds
[2024-01-18T21:45:12.133+0300] {processor.py:153} INFO - Started process (PID=4568) to work on /home/angry/mlops_4/venv4/lib/python3.10/site-packages/airflow/example_dags/example_branch_datetime_operator.py
[2024-01-18T21:45:12.136+0300] {processor.py:743} INFO - Processing file /home/angry/mlops_4/venv4/lib/python3.10/site-packages/airflow/example_dags/example_branch_datetime_operator.py for tasks to queue
[2024-01-18T21:45:12.138+0300] {logging_mixin.py:137} INFO - [2024-01-18T21:45:12.138+0300] {dagbag.py:532} INFO - Filling up the DagBag from /home/angry/mlops_4/venv4/lib/python3.10/site-packages/airflow/example_dags/example_branch_datetime_operator.py
[2024-01-18T21:45:12.182+0300] {processor.py:753} INFO - DAG(s) dict_keys(['example_branch_datetime_operator_2', 'example_branch_datetime_operator', 'example_branch_datetime_operator_3']) retrieved from /home/angry/mlops_4/venv4/lib/python3.10/site-packages/airflow/example_dags/example_branch_datetime_operator.py
[2024-01-18T21:45:12.239+0300] {logging_mixin.py:137} INFO - [2024-01-18T21:45:12.238+0300] {dag.py:2705} INFO - Sync 3 DAGs
[2024-01-18T21:45:12.286+0300] {logging_mixin.py:137} INFO - [2024-01-18T21:45:12.285+0300] {dag.py:3452} INFO - Setting next_dagrun for example_branch_datetime_operator to 2024-01-17T00:00:00+00:00, run_after=2024-01-18T00:00:00+00:00
[2024-01-18T21:45:12.295+0300] {logging_mixin.py:137} INFO - [2024-01-18T21:45:12.295+0300] {dag.py:3452} INFO - Setting next_dagrun for example_branch_datetime_operator_2 to 2024-01-17T00:00:00+00:00, run_after=2024-01-18T00:00:00+00:00
[2024-01-18T21:45:12.301+0300] {logging_mixin.py:137} INFO - [2024-01-18T21:45:12.300+0300] {dag.py:3452} INFO - Setting next_dagrun for example_branch_datetime_operator_3 to 2024-01-17T00:00:00+00:00, run_after=2024-01-18T00:00:00+00:00
[2024-01-18T21:45:12.339+0300] {processor.py:175} INFO - Processing /home/angry/mlops_4/venv4/lib/python3.10/site-packages/airflow/example_dags/example_branch_datetime_operator.py took 0.215 seconds
[2024-01-18T21:46:01.096+0300] {processor.py:153} INFO - Started process (PID=4632) to work on /home/angry/mlops_4/venv4/lib/python3.10/site-packages/airflow/example_dags/example_branch_datetime_operator.py
[2024-01-18T21:46:01.098+0300] {processor.py:743} INFO - Processing file /home/angry/mlops_4/venv4/lib/python3.10/site-packages/airflow/example_dags/example_branch_datetime_operator.py for tasks to queue
[2024-01-18T21:46:01.100+0300] {logging_mixin.py:137} INFO - [2024-01-18T21:46:01.099+0300] {dagbag.py:532} INFO - Filling up the DagBag from /home/angry/mlops_4/venv4/lib/python3.10/site-packages/airflow/example_dags/example_branch_datetime_operator.py
[2024-01-18T21:46:01.155+0300] {processor.py:753} INFO - DAG(s) dict_keys(['example_branch_datetime_operator_3', 'example_branch_datetime_operator_2', 'example_branch_datetime_operator']) retrieved from /home/angry/mlops_4/venv4/lib/python3.10/site-packages/airflow/example_dags/example_branch_datetime_operator.py
[2024-01-18T21:46:01.223+0300] {logging_mixin.py:137} INFO - [2024-01-18T21:46:01.223+0300] {dag.py:2705} INFO - Sync 3 DAGs
[2024-01-18T21:46:01.270+0300] {logging_mixin.py:137} INFO - [2024-01-18T21:46:01.270+0300] {dag.py:3452} INFO - Setting next_dagrun for example_branch_datetime_operator to 2024-01-17T00:00:00+00:00, run_after=2024-01-18T00:00:00+00:00
[2024-01-18T21:46:01.280+0300] {logging_mixin.py:137} INFO - [2024-01-18T21:46:01.280+0300] {dag.py:3452} INFO - Setting next_dagrun for example_branch_datetime_operator_2 to 2024-01-17T00:00:00+00:00, run_after=2024-01-18T00:00:00+00:00
[2024-01-18T21:46:01.286+0300] {logging_mixin.py:137} INFO - [2024-01-18T21:46:01.286+0300] {dag.py:3452} INFO - Setting next_dagrun for example_branch_datetime_operator_3 to 2024-01-17T00:00:00+00:00, run_after=2024-01-18T00:00:00+00:00
[2024-01-18T21:46:01.329+0300] {processor.py:175} INFO - Processing /home/angry/mlops_4/venv4/lib/python3.10/site-packages/airflow/example_dags/example_branch_datetime_operator.py took 0.243 seconds
[2024-01-18T21:46:49.152+0300] {processor.py:153} INFO - Started process (PID=4702) to work on /home/angry/mlops_4/venv4/lib/python3.10/site-packages/airflow/example_dags/example_branch_datetime_operator.py
[2024-01-18T21:46:49.155+0300] {processor.py:743} INFO - Processing file /home/angry/mlops_4/venv4/lib/python3.10/site-packages/airflow/example_dags/example_branch_datetime_operator.py for tasks to queue
[2024-01-18T21:46:49.157+0300] {logging_mixin.py:137} INFO - [2024-01-18T21:46:49.156+0300] {dagbag.py:532} INFO - Filling up the DagBag from /home/angry/mlops_4/venv4/lib/python3.10/site-packages/airflow/example_dags/example_branch_datetime_operator.py
[2024-01-18T21:46:49.198+0300] {processor.py:753} INFO - DAG(s) dict_keys(['example_branch_datetime_operator_3', 'example_branch_datetime_operator', 'example_branch_datetime_operator_2']) retrieved from /home/angry/mlops_4/venv4/lib/python3.10/site-packages/airflow/example_dags/example_branch_datetime_operator.py
[2024-01-18T21:46:49.250+0300] {logging_mixin.py:137} INFO - [2024-01-18T21:46:49.250+0300] {dag.py:2705} INFO - Sync 3 DAGs
[2024-01-18T21:46:49.291+0300] {logging_mixin.py:137} INFO - [2024-01-18T21:46:49.291+0300] {dag.py:3452} INFO - Setting next_dagrun for example_branch_datetime_operator to 2024-01-17T00:00:00+00:00, run_after=2024-01-18T00:00:00+00:00
[2024-01-18T21:46:49.302+0300] {logging_mixin.py:137} INFO - [2024-01-18T21:46:49.302+0300] {dag.py:3452} INFO - Setting next_dagrun for example_branch_datetime_operator_2 to 2024-01-17T00:00:00+00:00, run_after=2024-01-18T00:00:00+00:00
[2024-01-18T21:46:49.307+0300] {logging_mixin.py:137} INFO - [2024-01-18T21:46:49.306+0300] {dag.py:3452} INFO - Setting next_dagrun for example_branch_datetime_operator_3 to 2024-01-17T00:00:00+00:00, run_after=2024-01-18T00:00:00+00:00
[2024-01-18T21:46:49.342+0300] {processor.py:175} INFO - Processing /home/angry/mlops_4/venv4/lib/python3.10/site-packages/airflow/example_dags/example_branch_datetime_operator.py took 0.197 seconds
[2024-01-18T21:47:39.617+0300] {processor.py:153} INFO - Started process (PID=4767) to work on /home/angry/mlops_4/venv4/lib/python3.10/site-packages/airflow/example_dags/example_branch_datetime_operator.py
[2024-01-18T21:47:39.623+0300] {processor.py:743} INFO - Processing file /home/angry/mlops_4/venv4/lib/python3.10/site-packages/airflow/example_dags/example_branch_datetime_operator.py for tasks to queue
[2024-01-18T21:47:39.630+0300] {logging_mixin.py:137} INFO - [2024-01-18T21:47:39.628+0300] {dagbag.py:532} INFO - Filling up the DagBag from /home/angry/mlops_4/venv4/lib/python3.10/site-packages/airflow/example_dags/example_branch_datetime_operator.py
[2024-01-18T21:47:39.757+0300] {processor.py:753} INFO - DAG(s) dict_keys(['example_branch_datetime_operator_3', 'example_branch_datetime_operator_2', 'example_branch_datetime_operator']) retrieved from /home/angry/mlops_4/venv4/lib/python3.10/site-packages/airflow/example_dags/example_branch_datetime_operator.py
[2024-01-18T21:47:39.842+0300] {logging_mixin.py:137} INFO - [2024-01-18T21:47:39.841+0300] {dag.py:2705} INFO - Sync 3 DAGs
[2024-01-18T21:47:39.905+0300] {logging_mixin.py:137} INFO - [2024-01-18T21:47:39.905+0300] {dag.py:3452} INFO - Setting next_dagrun for example_branch_datetime_operator to 2024-01-17T00:00:00+00:00, run_after=2024-01-18T00:00:00+00:00
[2024-01-18T21:47:39.913+0300] {logging_mixin.py:137} INFO - [2024-01-18T21:47:39.913+0300] {dag.py:3452} INFO - Setting next_dagrun for example_branch_datetime_operator_2 to 2024-01-17T00:00:00+00:00, run_after=2024-01-18T00:00:00+00:00
[2024-01-18T21:47:39.918+0300] {logging_mixin.py:137} INFO - [2024-01-18T21:47:39.918+0300] {dag.py:3452} INFO - Setting next_dagrun for example_branch_datetime_operator_3 to 2024-01-17T00:00:00+00:00, run_after=2024-01-18T00:00:00+00:00
[2024-01-18T21:47:39.958+0300] {processor.py:175} INFO - Processing /home/angry/mlops_4/venv4/lib/python3.10/site-packages/airflow/example_dags/example_branch_datetime_operator.py took 0.353 seconds
[2024-01-18T21:48:30.355+0300] {processor.py:153} INFO - Started process (PID=4836) to work on /home/angry/mlops_4/venv4/lib/python3.10/site-packages/airflow/example_dags/example_branch_datetime_operator.py
[2024-01-18T21:48:30.357+0300] {processor.py:743} INFO - Processing file /home/angry/mlops_4/venv4/lib/python3.10/site-packages/airflow/example_dags/example_branch_datetime_operator.py for tasks to queue
[2024-01-18T21:48:30.359+0300] {logging_mixin.py:137} INFO - [2024-01-18T21:48:30.359+0300] {dagbag.py:532} INFO - Filling up the DagBag from /home/angry/mlops_4/venv4/lib/python3.10/site-packages/airflow/example_dags/example_branch_datetime_operator.py
[2024-01-18T21:48:30.411+0300] {processor.py:753} INFO - DAG(s) dict_keys(['example_branch_datetime_operator', 'example_branch_datetime_operator_2', 'example_branch_datetime_operator_3']) retrieved from /home/angry/mlops_4/venv4/lib/python3.10/site-packages/airflow/example_dags/example_branch_datetime_operator.py
[2024-01-18T21:48:30.463+0300] {logging_mixin.py:137} INFO - [2024-01-18T21:48:30.463+0300] {dag.py:2705} INFO - Sync 3 DAGs
[2024-01-18T21:48:30.505+0300] {logging_mixin.py:137} INFO - [2024-01-18T21:48:30.505+0300] {dag.py:3452} INFO - Setting next_dagrun for example_branch_datetime_operator to 2024-01-17T00:00:00+00:00, run_after=2024-01-18T00:00:00+00:00
[2024-01-18T21:48:30.513+0300] {logging_mixin.py:137} INFO - [2024-01-18T21:48:30.513+0300] {dag.py:3452} INFO - Setting next_dagrun for example_branch_datetime_operator_2 to 2024-01-17T00:00:00+00:00, run_after=2024-01-18T00:00:00+00:00
[2024-01-18T21:48:30.517+0300] {logging_mixin.py:137} INFO - [2024-01-18T21:48:30.517+0300] {dag.py:3452} INFO - Setting next_dagrun for example_branch_datetime_operator_3 to 2024-01-17T00:00:00+00:00, run_after=2024-01-18T00:00:00+00:00
[2024-01-18T21:48:30.559+0300] {processor.py:175} INFO - Processing /home/angry/mlops_4/venv4/lib/python3.10/site-packages/airflow/example_dags/example_branch_datetime_operator.py took 0.213 seconds
[2024-01-18T21:49:22.102+0300] {processor.py:153} INFO - Started process (PID=4885) to work on /home/angry/mlops_4/venv4/lib/python3.10/site-packages/airflow/example_dags/example_branch_datetime_operator.py
[2024-01-18T21:49:22.105+0300] {processor.py:743} INFO - Processing file /home/angry/mlops_4/venv4/lib/python3.10/site-packages/airflow/example_dags/example_branch_datetime_operator.py for tasks to queue
[2024-01-18T21:49:22.107+0300] {logging_mixin.py:137} INFO - [2024-01-18T21:49:22.107+0300] {dagbag.py:532} INFO - Filling up the DagBag from /home/angry/mlops_4/venv4/lib/python3.10/site-packages/airflow/example_dags/example_branch_datetime_operator.py
[2024-01-18T21:49:22.159+0300] {processor.py:753} INFO - DAG(s) dict_keys(['example_branch_datetime_operator', 'example_branch_datetime_operator_3', 'example_branch_datetime_operator_2']) retrieved from /home/angry/mlops_4/venv4/lib/python3.10/site-packages/airflow/example_dags/example_branch_datetime_operator.py
[2024-01-18T21:49:22.222+0300] {logging_mixin.py:137} INFO - [2024-01-18T21:49:22.221+0300] {dag.py:2705} INFO - Sync 3 DAGs
[2024-01-18T21:49:22.270+0300] {logging_mixin.py:137} INFO - [2024-01-18T21:49:22.269+0300] {dag.py:3452} INFO - Setting next_dagrun for example_branch_datetime_operator to 2024-01-17T00:00:00+00:00, run_after=2024-01-18T00:00:00+00:00
[2024-01-18T21:49:22.282+0300] {logging_mixin.py:137} INFO - [2024-01-18T21:49:22.282+0300] {dag.py:3452} INFO - Setting next_dagrun for example_branch_datetime_operator_2 to 2024-01-17T00:00:00+00:00, run_after=2024-01-18T00:00:00+00:00
[2024-01-18T21:49:22.288+0300] {logging_mixin.py:137} INFO - [2024-01-18T21:49:22.288+0300] {dag.py:3452} INFO - Setting next_dagrun for example_branch_datetime_operator_3 to 2024-01-17T00:00:00+00:00, run_after=2024-01-18T00:00:00+00:00
[2024-01-18T21:49:22.329+0300] {processor.py:175} INFO - Processing /home/angry/mlops_4/venv4/lib/python3.10/site-packages/airflow/example_dags/example_branch_datetime_operator.py took 0.236 seconds
[2024-01-18T21:50:11.788+0300] {processor.py:153} INFO - Started process (PID=4932) to work on /home/angry/mlops_4/venv4/lib/python3.10/site-packages/airflow/example_dags/example_branch_datetime_operator.py
[2024-01-18T21:50:11.792+0300] {processor.py:743} INFO - Processing file /home/angry/mlops_4/venv4/lib/python3.10/site-packages/airflow/example_dags/example_branch_datetime_operator.py for tasks to queue
[2024-01-18T21:50:11.795+0300] {logging_mixin.py:137} INFO - [2024-01-18T21:50:11.794+0300] {dagbag.py:532} INFO - Filling up the DagBag from /home/angry/mlops_4/venv4/lib/python3.10/site-packages/airflow/example_dags/example_branch_datetime_operator.py
[2024-01-18T21:50:11.839+0300] {processor.py:753} INFO - DAG(s) dict_keys(['example_branch_datetime_operator_3', 'example_branch_datetime_operator', 'example_branch_datetime_operator_2']) retrieved from /home/angry/mlops_4/venv4/lib/python3.10/site-packages/airflow/example_dags/example_branch_datetime_operator.py
[2024-01-18T21:50:11.902+0300] {logging_mixin.py:137} INFO - [2024-01-18T21:50:11.902+0300] {dag.py:2705} INFO - Sync 3 DAGs
[2024-01-18T21:50:11.943+0300] {logging_mixin.py:137} INFO - [2024-01-18T21:50:11.942+0300] {dag.py:3452} INFO - Setting next_dagrun for example_branch_datetime_operator to 2024-01-17T00:00:00+00:00, run_after=2024-01-18T00:00:00+00:00
[2024-01-18T21:50:11.951+0300] {logging_mixin.py:137} INFO - [2024-01-18T21:50:11.951+0300] {dag.py:3452} INFO - Setting next_dagrun for example_branch_datetime_operator_2 to 2024-01-17T00:00:00+00:00, run_after=2024-01-18T00:00:00+00:00
[2024-01-18T21:50:11.956+0300] {logging_mixin.py:137} INFO - [2024-01-18T21:50:11.956+0300] {dag.py:3452} INFO - Setting next_dagrun for example_branch_datetime_operator_3 to 2024-01-17T00:00:00+00:00, run_after=2024-01-18T00:00:00+00:00
[2024-01-18T21:50:11.994+0300] {processor.py:175} INFO - Processing /home/angry/mlops_4/venv4/lib/python3.10/site-packages/airflow/example_dags/example_branch_datetime_operator.py took 0.213 seconds
[2024-01-18T21:51:03.321+0300] {processor.py:153} INFO - Started process (PID=4981) to work on /home/angry/mlops_4/venv4/lib/python3.10/site-packages/airflow/example_dags/example_branch_datetime_operator.py
[2024-01-18T21:51:03.324+0300] {processor.py:743} INFO - Processing file /home/angry/mlops_4/venv4/lib/python3.10/site-packages/airflow/example_dags/example_branch_datetime_operator.py for tasks to queue
[2024-01-18T21:51:03.326+0300] {logging_mixin.py:137} INFO - [2024-01-18T21:51:03.325+0300] {dagbag.py:532} INFO - Filling up the DagBag from /home/angry/mlops_4/venv4/lib/python3.10/site-packages/airflow/example_dags/example_branch_datetime_operator.py
[2024-01-18T21:51:03.379+0300] {processor.py:753} INFO - DAG(s) dict_keys(['example_branch_datetime_operator_3', 'example_branch_datetime_operator', 'example_branch_datetime_operator_2']) retrieved from /home/angry/mlops_4/venv4/lib/python3.10/site-packages/airflow/example_dags/example_branch_datetime_operator.py
[2024-01-18T21:51:03.435+0300] {logging_mixin.py:137} INFO - [2024-01-18T21:51:03.434+0300] {dag.py:2705} INFO - Sync 3 DAGs
[2024-01-18T21:51:03.484+0300] {logging_mixin.py:137} INFO - [2024-01-18T21:51:03.484+0300] {dag.py:3452} INFO - Setting next_dagrun for example_branch_datetime_operator to 2024-01-17T00:00:00+00:00, run_after=2024-01-18T00:00:00+00:00
[2024-01-18T21:51:03.494+0300] {logging_mixin.py:137} INFO - [2024-01-18T21:51:03.493+0300] {dag.py:3452} INFO - Setting next_dagrun for example_branch_datetime_operator_2 to 2024-01-17T00:00:00+00:00, run_after=2024-01-18T00:00:00+00:00
[2024-01-18T21:51:03.498+0300] {logging_mixin.py:137} INFO - [2024-01-18T21:51:03.498+0300] {dag.py:3452} INFO - Setting next_dagrun for example_branch_datetime_operator_3 to 2024-01-17T00:00:00+00:00, run_after=2024-01-18T00:00:00+00:00
[2024-01-18T21:51:03.539+0300] {processor.py:175} INFO - Processing /home/angry/mlops_4/venv4/lib/python3.10/site-packages/airflow/example_dags/example_branch_datetime_operator.py took 0.225 seconds
[2024-01-18T21:51:55.169+0300] {processor.py:153} INFO - Started process (PID=5032) to work on /home/angry/mlops_4/venv4/lib/python3.10/site-packages/airflow/example_dags/example_branch_datetime_operator.py
[2024-01-18T21:51:55.171+0300] {processor.py:743} INFO - Processing file /home/angry/mlops_4/venv4/lib/python3.10/site-packages/airflow/example_dags/example_branch_datetime_operator.py for tasks to queue
[2024-01-18T21:51:55.173+0300] {logging_mixin.py:137} INFO - [2024-01-18T21:51:55.172+0300] {dagbag.py:532} INFO - Filling up the DagBag from /home/angry/mlops_4/venv4/lib/python3.10/site-packages/airflow/example_dags/example_branch_datetime_operator.py
[2024-01-18T21:51:55.217+0300] {processor.py:753} INFO - DAG(s) dict_keys(['example_branch_datetime_operator', 'example_branch_datetime_operator_3', 'example_branch_datetime_operator_2']) retrieved from /home/angry/mlops_4/venv4/lib/python3.10/site-packages/airflow/example_dags/example_branch_datetime_operator.py
[2024-01-18T21:51:55.275+0300] {logging_mixin.py:137} INFO - [2024-01-18T21:51:55.275+0300] {dag.py:2705} INFO - Sync 3 DAGs
[2024-01-18T21:51:55.317+0300] {logging_mixin.py:137} INFO - [2024-01-18T21:51:55.317+0300] {dag.py:3452} INFO - Setting next_dagrun for example_branch_datetime_operator to 2024-01-17T00:00:00+00:00, run_after=2024-01-18T00:00:00+00:00
[2024-01-18T21:51:55.325+0300] {logging_mixin.py:137} INFO - [2024-01-18T21:51:55.325+0300] {dag.py:3452} INFO - Setting next_dagrun for example_branch_datetime_operator_2 to 2024-01-17T00:00:00+00:00, run_after=2024-01-18T00:00:00+00:00
[2024-01-18T21:51:55.329+0300] {logging_mixin.py:137} INFO - [2024-01-18T21:51:55.329+0300] {dag.py:3452} INFO - Setting next_dagrun for example_branch_datetime_operator_3 to 2024-01-17T00:00:00+00:00, run_after=2024-01-18T00:00:00+00:00
[2024-01-18T21:51:55.365+0300] {processor.py:175} INFO - Processing /home/angry/mlops_4/venv4/lib/python3.10/site-packages/airflow/example_dags/example_branch_datetime_operator.py took 0.205 seconds
[2024-01-18T21:52:52.968+0300] {processor.py:153} INFO - Started process (PID=5086) to work on /home/angry/mlops_4/venv4/lib/python3.10/site-packages/airflow/example_dags/example_branch_datetime_operator.py
[2024-01-18T21:52:52.973+0300] {processor.py:743} INFO - Processing file /home/angry/mlops_4/venv4/lib/python3.10/site-packages/airflow/example_dags/example_branch_datetime_operator.py for tasks to queue
[2024-01-18T21:52:52.974+0300] {logging_mixin.py:137} INFO - [2024-01-18T21:52:52.974+0300] {dagbag.py:532} INFO - Filling up the DagBag from /home/angry/mlops_4/venv4/lib/python3.10/site-packages/airflow/example_dags/example_branch_datetime_operator.py
[2024-01-18T21:52:53.045+0300] {processor.py:753} INFO - DAG(s) dict_keys(['example_branch_datetime_operator', 'example_branch_datetime_operator_2', 'example_branch_datetime_operator_3']) retrieved from /home/angry/mlops_4/venv4/lib/python3.10/site-packages/airflow/example_dags/example_branch_datetime_operator.py
[2024-01-18T21:52:53.151+0300] {logging_mixin.py:137} INFO - [2024-01-18T21:52:53.151+0300] {dag.py:2705} INFO - Sync 3 DAGs
[2024-01-18T21:52:53.230+0300] {logging_mixin.py:137} INFO - [2024-01-18T21:52:53.230+0300] {dag.py:3452} INFO - Setting next_dagrun for example_branch_datetime_operator to 2024-01-17T00:00:00+00:00, run_after=2024-01-18T00:00:00+00:00
[2024-01-18T21:52:53.249+0300] {logging_mixin.py:137} INFO - [2024-01-18T21:52:53.249+0300] {dag.py:3452} INFO - Setting next_dagrun for example_branch_datetime_operator_2 to 2024-01-17T00:00:00+00:00, run_after=2024-01-18T00:00:00+00:00
[2024-01-18T21:52:53.256+0300] {logging_mixin.py:137} INFO - [2024-01-18T21:52:53.255+0300] {dag.py:3452} INFO - Setting next_dagrun for example_branch_datetime_operator_3 to 2024-01-17T00:00:00+00:00, run_after=2024-01-18T00:00:00+00:00
[2024-01-18T21:52:53.316+0300] {processor.py:175} INFO - Processing /home/angry/mlops_4/venv4/lib/python3.10/site-packages/airflow/example_dags/example_branch_datetime_operator.py took 0.360 seconds
[2024-01-18T21:53:50.898+0300] {processor.py:153} INFO - Started process (PID=5140) to work on /home/angry/mlops_4/venv4/lib/python3.10/site-packages/airflow/example_dags/example_branch_datetime_operator.py
[2024-01-18T21:53:50.902+0300] {processor.py:743} INFO - Processing file /home/angry/mlops_4/venv4/lib/python3.10/site-packages/airflow/example_dags/example_branch_datetime_operator.py for tasks to queue
[2024-01-18T21:53:50.906+0300] {logging_mixin.py:137} INFO - [2024-01-18T21:53:50.904+0300] {dagbag.py:532} INFO - Filling up the DagBag from /home/angry/mlops_4/venv4/lib/python3.10/site-packages/airflow/example_dags/example_branch_datetime_operator.py
[2024-01-18T21:53:50.984+0300] {processor.py:753} INFO - DAG(s) dict_keys(['example_branch_datetime_operator_2', 'example_branch_datetime_operator_3', 'example_branch_datetime_operator']) retrieved from /home/angry/mlops_4/venv4/lib/python3.10/site-packages/airflow/example_dags/example_branch_datetime_operator.py
[2024-01-18T21:53:51.061+0300] {logging_mixin.py:137} INFO - [2024-01-18T21:53:51.061+0300] {dag.py:2705} INFO - Sync 3 DAGs
[2024-01-18T21:53:51.132+0300] {logging_mixin.py:137} INFO - [2024-01-18T21:53:51.132+0300] {dag.py:3452} INFO - Setting next_dagrun for example_branch_datetime_operator to 2024-01-17T00:00:00+00:00, run_after=2024-01-18T00:00:00+00:00
[2024-01-18T21:53:51.148+0300] {logging_mixin.py:137} INFO - [2024-01-18T21:53:51.148+0300] {dag.py:3452} INFO - Setting next_dagrun for example_branch_datetime_operator_2 to 2024-01-17T00:00:00+00:00, run_after=2024-01-18T00:00:00+00:00
[2024-01-18T21:53:51.159+0300] {logging_mixin.py:137} INFO - [2024-01-18T21:53:51.159+0300] {dag.py:3452} INFO - Setting next_dagrun for example_branch_datetime_operator_3 to 2024-01-17T00:00:00+00:00, run_after=2024-01-18T00:00:00+00:00
[2024-01-18T21:53:51.221+0300] {processor.py:175} INFO - Processing /home/angry/mlops_4/venv4/lib/python3.10/site-packages/airflow/example_dags/example_branch_datetime_operator.py took 0.336 seconds
[2024-01-18T22:01:01.754+0300] {processor.py:153} INFO - Started process (PID=5538) to work on /home/angry/mlops_4/venv4/lib/python3.10/site-packages/airflow/example_dags/example_branch_datetime_operator.py
[2024-01-18T22:01:01.762+0300] {processor.py:743} INFO - Processing file /home/angry/mlops_4/venv4/lib/python3.10/site-packages/airflow/example_dags/example_branch_datetime_operator.py for tasks to queue
[2024-01-18T22:01:01.764+0300] {logging_mixin.py:137} INFO - [2024-01-18T22:01:01.764+0300] {dagbag.py:532} INFO - Filling up the DagBag from /home/angry/mlops_4/venv4/lib/python3.10/site-packages/airflow/example_dags/example_branch_datetime_operator.py
[2024-01-18T22:01:01.802+0300] {processor.py:753} INFO - DAG(s) dict_keys(['example_branch_datetime_operator', 'example_branch_datetime_operator_2', 'example_branch_datetime_operator_3']) retrieved from /home/angry/mlops_4/venv4/lib/python3.10/site-packages/airflow/example_dags/example_branch_datetime_operator.py
[2024-01-18T22:01:01.876+0300] {logging_mixin.py:137} INFO - [2024-01-18T22:01:01.876+0300] {dag.py:2705} INFO - Sync 3 DAGs
[2024-01-18T22:01:01.938+0300] {logging_mixin.py:137} INFO - [2024-01-18T22:01:01.938+0300] {dag.py:3452} INFO - Setting next_dagrun for example_branch_datetime_operator to 2024-01-17T00:00:00+00:00, run_after=2024-01-18T00:00:00+00:00
[2024-01-18T22:01:01.952+0300] {logging_mixin.py:137} INFO - [2024-01-18T22:01:01.951+0300] {dag.py:3452} INFO - Setting next_dagrun for example_branch_datetime_operator_2 to 2024-01-17T00:00:00+00:00, run_after=2024-01-18T00:00:00+00:00
[2024-01-18T22:01:01.966+0300] {logging_mixin.py:137} INFO - [2024-01-18T22:01:01.966+0300] {dag.py:3452} INFO - Setting next_dagrun for example_branch_datetime_operator_3 to 2024-01-17T00:00:00+00:00, run_after=2024-01-18T00:00:00+00:00
[2024-01-18T22:01:02.047+0300] {processor.py:175} INFO - Processing /home/angry/mlops_4/venv4/lib/python3.10/site-packages/airflow/example_dags/example_branch_datetime_operator.py took 0.332 seconds
