[2024-01-18T21:36:38.013+0300] {processor.py:153} INFO - Started process (PID=3280) to work on /home/angry/mlops_4/venv4/lib/python3.10/site-packages/airflow/example_dags/tutorial_taskflow_api.py
[2024-01-18T21:36:38.015+0300] {processor.py:743} INFO - Processing file /home/angry/mlops_4/venv4/lib/python3.10/site-packages/airflow/example_dags/tutorial_taskflow_api.py for tasks to queue
[2024-01-18T21:36:38.016+0300] {logging_mixin.py:137} INFO - [2024-01-18T21:36:38.016+0300] {dagbag.py:532} INFO - Filling up the DagBag from /home/angry/mlops_4/venv4/lib/python3.10/site-packages/airflow/example_dags/tutorial_taskflow_api.py
[2024-01-18T21:36:38.071+0300] {processor.py:753} INFO - DAG(s) dict_keys(['tutorial_taskflow_api']) retrieved from /home/angry/mlops_4/venv4/lib/python3.10/site-packages/airflow/example_dags/tutorial_taskflow_api.py
[2024-01-18T21:36:38.088+0300] {logging_mixin.py:137} INFO - [2024-01-18T21:36:38.087+0300] {dag.py:2705} INFO - Sync 1 DAGs
[2024-01-18T21:36:38.130+0300] {logging_mixin.py:137} INFO - [2024-01-18T21:36:38.129+0300] {dag.py:3452} INFO - Setting next_dagrun for tutorial_taskflow_api to None, run_after=None
[2024-01-18T21:36:38.167+0300] {processor.py:175} INFO - Processing /home/angry/mlops_4/venv4/lib/python3.10/site-packages/airflow/example_dags/tutorial_taskflow_api.py took 0.161 seconds
[2024-01-18T21:37:29.648+0300] {processor.py:153} INFO - Started process (PID=3341) to work on /home/angry/mlops_4/venv4/lib/python3.10/site-packages/airflow/example_dags/tutorial_taskflow_api.py
[2024-01-18T21:37:29.658+0300] {processor.py:743} INFO - Processing file /home/angry/mlops_4/venv4/lib/python3.10/site-packages/airflow/example_dags/tutorial_taskflow_api.py for tasks to queue
[2024-01-18T21:37:29.659+0300] {logging_mixin.py:137} INFO - [2024-01-18T21:37:29.659+0300] {dagbag.py:532} INFO - Filling up the DagBag from /home/angry/mlops_4/venv4/lib/python3.10/site-packages/airflow/example_dags/tutorial_taskflow_api.py
[2024-01-18T21:37:29.816+0300] {processor.py:753} INFO - DAG(s) dict_keys(['tutorial_taskflow_api']) retrieved from /home/angry/mlops_4/venv4/lib/python3.10/site-packages/airflow/example_dags/tutorial_taskflow_api.py
[2024-01-18T21:37:29.911+0300] {logging_mixin.py:137} INFO - [2024-01-18T21:37:29.911+0300] {dag.py:2705} INFO - Sync 1 DAGs
[2024-01-18T21:37:30.163+0300] {logging_mixin.py:137} INFO - [2024-01-18T21:37:30.163+0300] {dag.py:3452} INFO - Setting next_dagrun for tutorial_taskflow_api to None, run_after=None
[2024-01-18T21:37:30.229+0300] {processor.py:175} INFO - Processing /home/angry/mlops_4/venv4/lib/python3.10/site-packages/airflow/example_dags/tutorial_taskflow_api.py took 0.603 seconds
[2024-01-18T21:38:38.060+0300] {processor.py:153} INFO - Started process (PID=4068) to work on /home/angry/mlops_4/venv4/lib/python3.10/site-packages/airflow/example_dags/tutorial_taskflow_api.py
[2024-01-18T21:38:38.067+0300] {processor.py:743} INFO - Processing file /home/angry/mlops_4/venv4/lib/python3.10/site-packages/airflow/example_dags/tutorial_taskflow_api.py for tasks to queue
[2024-01-18T21:38:38.076+0300] {logging_mixin.py:137} INFO - [2024-01-18T21:38:38.071+0300] {dagbag.py:532} INFO - Filling up the DagBag from /home/angry/mlops_4/venv4/lib/python3.10/site-packages/airflow/example_dags/tutorial_taskflow_api.py
[2024-01-18T21:38:38.198+0300] {processor.py:753} INFO - DAG(s) dict_keys(['tutorial_taskflow_api']) retrieved from /home/angry/mlops_4/venv4/lib/python3.10/site-packages/airflow/example_dags/tutorial_taskflow_api.py
[2024-01-18T21:38:38.283+0300] {logging_mixin.py:137} INFO - [2024-01-18T21:38:38.282+0300] {dag.py:2705} INFO - Sync 1 DAGs
[2024-01-18T21:38:38.638+0300] {logging_mixin.py:137} INFO - [2024-01-18T21:38:38.637+0300] {dag.py:3452} INFO - Setting next_dagrun for tutorial_taskflow_api to None, run_after=None
[2024-01-18T21:38:38.702+0300] {processor.py:175} INFO - Processing /home/angry/mlops_4/venv4/lib/python3.10/site-packages/airflow/example_dags/tutorial_taskflow_api.py took 0.661 seconds
[2024-01-18T21:39:45.960+0300] {processor.py:153} INFO - Started process (PID=4171) to work on /home/angry/mlops_4/venv4/lib/python3.10/site-packages/airflow/example_dags/tutorial_taskflow_api.py
[2024-01-18T21:39:45.962+0300] {processor.py:743} INFO - Processing file /home/angry/mlops_4/venv4/lib/python3.10/site-packages/airflow/example_dags/tutorial_taskflow_api.py for tasks to queue
[2024-01-18T21:39:45.964+0300] {logging_mixin.py:137} INFO - [2024-01-18T21:39:45.963+0300] {dagbag.py:532} INFO - Filling up the DagBag from /home/angry/mlops_4/venv4/lib/python3.10/site-packages/airflow/example_dags/tutorial_taskflow_api.py
[2024-01-18T21:39:46.015+0300] {processor.py:753} INFO - DAG(s) dict_keys(['tutorial_taskflow_api']) retrieved from /home/angry/mlops_4/venv4/lib/python3.10/site-packages/airflow/example_dags/tutorial_taskflow_api.py
[2024-01-18T21:39:46.247+0300] {logging_mixin.py:137} INFO - [2024-01-18T21:39:46.246+0300] {dag.py:2705} INFO - Sync 1 DAGs
[2024-01-18T21:39:46.284+0300] {logging_mixin.py:137} INFO - [2024-01-18T21:39:46.283+0300] {dag.py:3452} INFO - Setting next_dagrun for tutorial_taskflow_api to None, run_after=None
[2024-01-18T21:39:46.323+0300] {processor.py:175} INFO - Processing /home/angry/mlops_4/venv4/lib/python3.10/site-packages/airflow/example_dags/tutorial_taskflow_api.py took 0.372 seconds
[2024-01-18T21:40:44.090+0300] {processor.py:153} INFO - Started process (PID=4229) to work on /home/angry/mlops_4/venv4/lib/python3.10/site-packages/airflow/example_dags/tutorial_taskflow_api.py
[2024-01-18T21:40:44.098+0300] {processor.py:743} INFO - Processing file /home/angry/mlops_4/venv4/lib/python3.10/site-packages/airflow/example_dags/tutorial_taskflow_api.py for tasks to queue
[2024-01-18T21:40:44.101+0300] {logging_mixin.py:137} INFO - [2024-01-18T21:40:44.100+0300] {dagbag.py:532} INFO - Filling up the DagBag from /home/angry/mlops_4/venv4/lib/python3.10/site-packages/airflow/example_dags/tutorial_taskflow_api.py
[2024-01-18T21:40:44.191+0300] {processor.py:753} INFO - DAG(s) dict_keys(['tutorial_taskflow_api']) retrieved from /home/angry/mlops_4/venv4/lib/python3.10/site-packages/airflow/example_dags/tutorial_taskflow_api.py
[2024-01-18T21:40:44.484+0300] {logging_mixin.py:137} INFO - [2024-01-18T21:40:44.483+0300] {dag.py:2705} INFO - Sync 1 DAGs
[2024-01-18T21:40:44.523+0300] {logging_mixin.py:137} INFO - [2024-01-18T21:40:44.523+0300] {dag.py:3452} INFO - Setting next_dagrun for tutorial_taskflow_api to None, run_after=None
[2024-01-18T21:40:44.571+0300] {processor.py:175} INFO - Processing /home/angry/mlops_4/venv4/lib/python3.10/site-packages/airflow/example_dags/tutorial_taskflow_api.py took 0.515 seconds
[2024-01-18T21:41:51.544+0300] {processor.py:153} INFO - Started process (PID=4344) to work on /home/angry/mlops_4/venv4/lib/python3.10/site-packages/airflow/example_dags/tutorial_taskflow_api.py
[2024-01-18T21:41:51.547+0300] {processor.py:743} INFO - Processing file /home/angry/mlops_4/venv4/lib/python3.10/site-packages/airflow/example_dags/tutorial_taskflow_api.py for tasks to queue
[2024-01-18T21:41:51.548+0300] {logging_mixin.py:137} INFO - [2024-01-18T21:41:51.548+0300] {dagbag.py:532} INFO - Filling up the DagBag from /home/angry/mlops_4/venv4/lib/python3.10/site-packages/airflow/example_dags/tutorial_taskflow_api.py
[2024-01-18T21:41:51.806+0300] {processor.py:753} INFO - DAG(s) dict_keys(['tutorial_taskflow_api']) retrieved from /home/angry/mlops_4/venv4/lib/python3.10/site-packages/airflow/example_dags/tutorial_taskflow_api.py
[2024-01-18T21:41:51.836+0300] {logging_mixin.py:137} INFO - [2024-01-18T21:41:51.835+0300] {dag.py:2705} INFO - Sync 1 DAGs
[2024-01-18T21:41:51.867+0300] {logging_mixin.py:137} INFO - [2024-01-18T21:41:51.866+0300] {dag.py:3452} INFO - Setting next_dagrun for tutorial_taskflow_api to None, run_after=None
[2024-01-18T21:41:51.905+0300] {processor.py:175} INFO - Processing /home/angry/mlops_4/venv4/lib/python3.10/site-packages/airflow/example_dags/tutorial_taskflow_api.py took 0.368 seconds
[2024-01-18T21:42:48.641+0300] {processor.py:153} INFO - Started process (PID=4397) to work on /home/angry/mlops_4/venv4/lib/python3.10/site-packages/airflow/example_dags/tutorial_taskflow_api.py
[2024-01-18T21:42:48.644+0300] {processor.py:743} INFO - Processing file /home/angry/mlops_4/venv4/lib/python3.10/site-packages/airflow/example_dags/tutorial_taskflow_api.py for tasks to queue
[2024-01-18T21:42:48.646+0300] {logging_mixin.py:137} INFO - [2024-01-18T21:42:48.645+0300] {dagbag.py:532} INFO - Filling up the DagBag from /home/angry/mlops_4/venv4/lib/python3.10/site-packages/airflow/example_dags/tutorial_taskflow_api.py
[2024-01-18T21:42:48.961+0300] {processor.py:753} INFO - DAG(s) dict_keys(['tutorial_taskflow_api']) retrieved from /home/angry/mlops_4/venv4/lib/python3.10/site-packages/airflow/example_dags/tutorial_taskflow_api.py
[2024-01-18T21:42:49.014+0300] {logging_mixin.py:137} INFO - [2024-01-18T21:42:49.014+0300] {dag.py:2705} INFO - Sync 1 DAGs
[2024-01-18T21:42:49.073+0300] {logging_mixin.py:137} INFO - [2024-01-18T21:42:49.073+0300] {dag.py:3452} INFO - Setting next_dagrun for tutorial_taskflow_api to None, run_after=None
[2024-01-18T21:42:49.108+0300] {processor.py:175} INFO - Processing /home/angry/mlops_4/venv4/lib/python3.10/site-packages/airflow/example_dags/tutorial_taskflow_api.py took 0.474 seconds
[2024-01-18T21:43:39.177+0300] {processor.py:153} INFO - Started process (PID=4451) to work on /home/angry/mlops_4/venv4/lib/python3.10/site-packages/airflow/example_dags/tutorial_taskflow_api.py
[2024-01-18T21:43:39.180+0300] {processor.py:743} INFO - Processing file /home/angry/mlops_4/venv4/lib/python3.10/site-packages/airflow/example_dags/tutorial_taskflow_api.py for tasks to queue
[2024-01-18T21:43:39.182+0300] {logging_mixin.py:137} INFO - [2024-01-18T21:43:39.182+0300] {dagbag.py:532} INFO - Filling up the DagBag from /home/angry/mlops_4/venv4/lib/python3.10/site-packages/airflow/example_dags/tutorial_taskflow_api.py
[2024-01-18T21:43:39.236+0300] {processor.py:753} INFO - DAG(s) dict_keys(['tutorial_taskflow_api']) retrieved from /home/angry/mlops_4/venv4/lib/python3.10/site-packages/airflow/example_dags/tutorial_taskflow_api.py
[2024-01-18T21:43:39.280+0300] {logging_mixin.py:137} INFO - [2024-01-18T21:43:39.280+0300] {dag.py:2705} INFO - Sync 1 DAGs
[2024-01-18T21:43:39.346+0300] {logging_mixin.py:137} INFO - [2024-01-18T21:43:39.346+0300] {dag.py:3452} INFO - Setting next_dagrun for tutorial_taskflow_api to None, run_after=None
[2024-01-18T21:43:39.386+0300] {processor.py:175} INFO - Processing /home/angry/mlops_4/venv4/lib/python3.10/site-packages/airflow/example_dags/tutorial_taskflow_api.py took 0.217 seconds
[2024-01-18T21:44:27.955+0300] {processor.py:153} INFO - Started process (PID=4504) to work on /home/angry/mlops_4/venv4/lib/python3.10/site-packages/airflow/example_dags/tutorial_taskflow_api.py
[2024-01-18T21:44:27.958+0300] {processor.py:743} INFO - Processing file /home/angry/mlops_4/venv4/lib/python3.10/site-packages/airflow/example_dags/tutorial_taskflow_api.py for tasks to queue
[2024-01-18T21:44:27.960+0300] {logging_mixin.py:137} INFO - [2024-01-18T21:44:27.959+0300] {dagbag.py:532} INFO - Filling up the DagBag from /home/angry/mlops_4/venv4/lib/python3.10/site-packages/airflow/example_dags/tutorial_taskflow_api.py
[2024-01-18T21:44:28.017+0300] {processor.py:753} INFO - DAG(s) dict_keys(['tutorial_taskflow_api']) retrieved from /home/angry/mlops_4/venv4/lib/python3.10/site-packages/airflow/example_dags/tutorial_taskflow_api.py
[2024-01-18T21:44:28.067+0300] {logging_mixin.py:137} INFO - [2024-01-18T21:44:28.066+0300] {dag.py:2705} INFO - Sync 1 DAGs
[2024-01-18T21:44:28.103+0300] {logging_mixin.py:137} INFO - [2024-01-18T21:44:28.103+0300] {dag.py:3452} INFO - Setting next_dagrun for tutorial_taskflow_api to None, run_after=None
[2024-01-18T21:44:28.142+0300] {processor.py:175} INFO - Processing /home/angry/mlops_4/venv4/lib/python3.10/site-packages/airflow/example_dags/tutorial_taskflow_api.py took 0.195 seconds
[2024-01-18T21:45:20.834+0300] {processor.py:153} INFO - Started process (PID=4584) to work on /home/angry/mlops_4/venv4/lib/python3.10/site-packages/airflow/example_dags/tutorial_taskflow_api.py
[2024-01-18T21:45:20.838+0300] {processor.py:743} INFO - Processing file /home/angry/mlops_4/venv4/lib/python3.10/site-packages/airflow/example_dags/tutorial_taskflow_api.py for tasks to queue
[2024-01-18T21:45:20.840+0300] {logging_mixin.py:137} INFO - [2024-01-18T21:45:20.839+0300] {dagbag.py:532} INFO - Filling up the DagBag from /home/angry/mlops_4/venv4/lib/python3.10/site-packages/airflow/example_dags/tutorial_taskflow_api.py
[2024-01-18T21:45:20.911+0300] {processor.py:753} INFO - DAG(s) dict_keys(['tutorial_taskflow_api']) retrieved from /home/angry/mlops_4/venv4/lib/python3.10/site-packages/airflow/example_dags/tutorial_taskflow_api.py
[2024-01-18T21:45:20.973+0300] {logging_mixin.py:137} INFO - [2024-01-18T21:45:20.973+0300] {dag.py:2705} INFO - Sync 1 DAGs
[2024-01-18T21:45:21.031+0300] {logging_mixin.py:137} INFO - [2024-01-18T21:45:21.031+0300] {dag.py:3452} INFO - Setting next_dagrun for tutorial_taskflow_api to None, run_after=None
[2024-01-18T21:45:21.088+0300] {processor.py:175} INFO - Processing /home/angry/mlops_4/venv4/lib/python3.10/site-packages/airflow/example_dags/tutorial_taskflow_api.py took 0.270 seconds
[2024-01-18T21:46:10.309+0300] {processor.py:153} INFO - Started process (PID=4655) to work on /home/angry/mlops_4/venv4/lib/python3.10/site-packages/airflow/example_dags/tutorial_taskflow_api.py
[2024-01-18T21:46:10.317+0300] {processor.py:743} INFO - Processing file /home/angry/mlops_4/venv4/lib/python3.10/site-packages/airflow/example_dags/tutorial_taskflow_api.py for tasks to queue
[2024-01-18T21:46:10.319+0300] {logging_mixin.py:137} INFO - [2024-01-18T21:46:10.318+0300] {dagbag.py:532} INFO - Filling up the DagBag from /home/angry/mlops_4/venv4/lib/python3.10/site-packages/airflow/example_dags/tutorial_taskflow_api.py
[2024-01-18T21:46:10.388+0300] {processor.py:753} INFO - DAG(s) dict_keys(['tutorial_taskflow_api']) retrieved from /home/angry/mlops_4/venv4/lib/python3.10/site-packages/airflow/example_dags/tutorial_taskflow_api.py
[2024-01-18T21:46:10.433+0300] {logging_mixin.py:137} INFO - [2024-01-18T21:46:10.433+0300] {dag.py:2705} INFO - Sync 1 DAGs
[2024-01-18T21:46:10.474+0300] {logging_mixin.py:137} INFO - [2024-01-18T21:46:10.474+0300] {dag.py:3452} INFO - Setting next_dagrun for tutorial_taskflow_api to None, run_after=None
[2024-01-18T21:46:10.514+0300] {processor.py:175} INFO - Processing /home/angry/mlops_4/venv4/lib/python3.10/site-packages/airflow/example_dags/tutorial_taskflow_api.py took 0.212 seconds
[2024-01-18T21:46:59.479+0300] {processor.py:153} INFO - Started process (PID=4712) to work on /home/angry/mlops_4/venv4/lib/python3.10/site-packages/airflow/example_dags/tutorial_taskflow_api.py
[2024-01-18T21:46:59.483+0300] {processor.py:743} INFO - Processing file /home/angry/mlops_4/venv4/lib/python3.10/site-packages/airflow/example_dags/tutorial_taskflow_api.py for tasks to queue
[2024-01-18T21:46:59.486+0300] {logging_mixin.py:137} INFO - [2024-01-18T21:46:59.486+0300] {dagbag.py:532} INFO - Filling up the DagBag from /home/angry/mlops_4/venv4/lib/python3.10/site-packages/airflow/example_dags/tutorial_taskflow_api.py
[2024-01-18T21:46:59.597+0300] {processor.py:753} INFO - DAG(s) dict_keys(['tutorial_taskflow_api']) retrieved from /home/angry/mlops_4/venv4/lib/python3.10/site-packages/airflow/example_dags/tutorial_taskflow_api.py
[2024-01-18T21:46:59.649+0300] {logging_mixin.py:137} INFO - [2024-01-18T21:46:59.648+0300] {dag.py:2705} INFO - Sync 1 DAGs
[2024-01-18T21:46:59.696+0300] {logging_mixin.py:137} INFO - [2024-01-18T21:46:59.695+0300] {dag.py:3452} INFO - Setting next_dagrun for tutorial_taskflow_api to None, run_after=None
[2024-01-18T21:46:59.751+0300] {processor.py:175} INFO - Processing /home/angry/mlops_4/venv4/lib/python3.10/site-packages/airflow/example_dags/tutorial_taskflow_api.py took 0.289 seconds
[2024-01-18T21:47:50.285+0300] {processor.py:153} INFO - Started process (PID=4781) to work on /home/angry/mlops_4/venv4/lib/python3.10/site-packages/airflow/example_dags/tutorial_taskflow_api.py
[2024-01-18T21:47:50.290+0300] {processor.py:743} INFO - Processing file /home/angry/mlops_4/venv4/lib/python3.10/site-packages/airflow/example_dags/tutorial_taskflow_api.py for tasks to queue
[2024-01-18T21:47:50.292+0300] {logging_mixin.py:137} INFO - [2024-01-18T21:47:50.292+0300] {dagbag.py:532} INFO - Filling up the DagBag from /home/angry/mlops_4/venv4/lib/python3.10/site-packages/airflow/example_dags/tutorial_taskflow_api.py
[2024-01-18T21:47:50.375+0300] {processor.py:753} INFO - DAG(s) dict_keys(['tutorial_taskflow_api']) retrieved from /home/angry/mlops_4/venv4/lib/python3.10/site-packages/airflow/example_dags/tutorial_taskflow_api.py
[2024-01-18T21:47:50.433+0300] {logging_mixin.py:137} INFO - [2024-01-18T21:47:50.432+0300] {dag.py:2705} INFO - Sync 1 DAGs
[2024-01-18T21:47:50.497+0300] {logging_mixin.py:137} INFO - [2024-01-18T21:47:50.497+0300] {dag.py:3452} INFO - Setting next_dagrun for tutorial_taskflow_api to None, run_after=None
[2024-01-18T21:47:50.554+0300] {processor.py:175} INFO - Processing /home/angry/mlops_4/venv4/lib/python3.10/site-packages/airflow/example_dags/tutorial_taskflow_api.py took 0.288 seconds
[2024-01-18T21:48:40.082+0300] {processor.py:153} INFO - Started process (PID=4846) to work on /home/angry/mlops_4/venv4/lib/python3.10/site-packages/airflow/example_dags/tutorial_taskflow_api.py
[2024-01-18T21:48:40.085+0300] {processor.py:743} INFO - Processing file /home/angry/mlops_4/venv4/lib/python3.10/site-packages/airflow/example_dags/tutorial_taskflow_api.py for tasks to queue
[2024-01-18T21:48:40.089+0300] {logging_mixin.py:137} INFO - [2024-01-18T21:48:40.089+0300] {dagbag.py:532} INFO - Filling up the DagBag from /home/angry/mlops_4/venv4/lib/python3.10/site-packages/airflow/example_dags/tutorial_taskflow_api.py
[2024-01-18T21:48:40.148+0300] {processor.py:753} INFO - DAG(s) dict_keys(['tutorial_taskflow_api']) retrieved from /home/angry/mlops_4/venv4/lib/python3.10/site-packages/airflow/example_dags/tutorial_taskflow_api.py
[2024-01-18T21:48:40.190+0300] {logging_mixin.py:137} INFO - [2024-01-18T21:48:40.190+0300] {dag.py:2705} INFO - Sync 1 DAGs
[2024-01-18T21:48:40.230+0300] {logging_mixin.py:137} INFO - [2024-01-18T21:48:40.229+0300] {dag.py:3452} INFO - Setting next_dagrun for tutorial_taskflow_api to None, run_after=None
[2024-01-18T21:48:40.268+0300] {processor.py:175} INFO - Processing /home/angry/mlops_4/venv4/lib/python3.10/site-packages/airflow/example_dags/tutorial_taskflow_api.py took 0.194 seconds
[2024-01-18T21:49:31.295+0300] {processor.py:153} INFO - Started process (PID=4895) to work on /home/angry/mlops_4/venv4/lib/python3.10/site-packages/airflow/example_dags/tutorial_taskflow_api.py
[2024-01-18T21:49:31.298+0300] {processor.py:743} INFO - Processing file /home/angry/mlops_4/venv4/lib/python3.10/site-packages/airflow/example_dags/tutorial_taskflow_api.py for tasks to queue
[2024-01-18T21:49:31.300+0300] {logging_mixin.py:137} INFO - [2024-01-18T21:49:31.300+0300] {dagbag.py:532} INFO - Filling up the DagBag from /home/angry/mlops_4/venv4/lib/python3.10/site-packages/airflow/example_dags/tutorial_taskflow_api.py
[2024-01-18T21:49:31.353+0300] {processor.py:753} INFO - DAG(s) dict_keys(['tutorial_taskflow_api']) retrieved from /home/angry/mlops_4/venv4/lib/python3.10/site-packages/airflow/example_dags/tutorial_taskflow_api.py
[2024-01-18T21:49:31.398+0300] {logging_mixin.py:137} INFO - [2024-01-18T21:49:31.398+0300] {dag.py:2705} INFO - Sync 1 DAGs
[2024-01-18T21:49:31.437+0300] {logging_mixin.py:137} INFO - [2024-01-18T21:49:31.437+0300] {dag.py:3452} INFO - Setting next_dagrun for tutorial_taskflow_api to None, run_after=None
[2024-01-18T21:49:31.475+0300] {processor.py:175} INFO - Processing /home/angry/mlops_4/venv4/lib/python3.10/site-packages/airflow/example_dags/tutorial_taskflow_api.py took 0.188 seconds
[2024-01-18T21:50:22.015+0300] {processor.py:153} INFO - Started process (PID=4942) to work on /home/angry/mlops_4/venv4/lib/python3.10/site-packages/airflow/example_dags/tutorial_taskflow_api.py
[2024-01-18T21:50:22.017+0300] {processor.py:743} INFO - Processing file /home/angry/mlops_4/venv4/lib/python3.10/site-packages/airflow/example_dags/tutorial_taskflow_api.py for tasks to queue
[2024-01-18T21:50:22.020+0300] {logging_mixin.py:137} INFO - [2024-01-18T21:50:22.019+0300] {dagbag.py:532} INFO - Filling up the DagBag from /home/angry/mlops_4/venv4/lib/python3.10/site-packages/airflow/example_dags/tutorial_taskflow_api.py
[2024-01-18T21:50:22.074+0300] {processor.py:753} INFO - DAG(s) dict_keys(['tutorial_taskflow_api']) retrieved from /home/angry/mlops_4/venv4/lib/python3.10/site-packages/airflow/example_dags/tutorial_taskflow_api.py
[2024-01-18T21:50:22.121+0300] {logging_mixin.py:137} INFO - [2024-01-18T21:50:22.121+0300] {dag.py:2705} INFO - Sync 1 DAGs
[2024-01-18T21:50:22.160+0300] {logging_mixin.py:137} INFO - [2024-01-18T21:50:22.160+0300] {dag.py:3452} INFO - Setting next_dagrun for tutorial_taskflow_api to None, run_after=None
[2024-01-18T21:50:22.200+0300] {processor.py:175} INFO - Processing /home/angry/mlops_4/venv4/lib/python3.10/site-packages/airflow/example_dags/tutorial_taskflow_api.py took 0.193 seconds
[2024-01-18T21:51:12.530+0300] {processor.py:153} INFO - Started process (PID=4991) to work on /home/angry/mlops_4/venv4/lib/python3.10/site-packages/airflow/example_dags/tutorial_taskflow_api.py
[2024-01-18T21:51:12.533+0300] {processor.py:743} INFO - Processing file /home/angry/mlops_4/venv4/lib/python3.10/site-packages/airflow/example_dags/tutorial_taskflow_api.py for tasks to queue
[2024-01-18T21:51:12.535+0300] {logging_mixin.py:137} INFO - [2024-01-18T21:51:12.534+0300] {dagbag.py:532} INFO - Filling up the DagBag from /home/angry/mlops_4/venv4/lib/python3.10/site-packages/airflow/example_dags/tutorial_taskflow_api.py
[2024-01-18T21:51:12.584+0300] {processor.py:753} INFO - DAG(s) dict_keys(['tutorial_taskflow_api']) retrieved from /home/angry/mlops_4/venv4/lib/python3.10/site-packages/airflow/example_dags/tutorial_taskflow_api.py
[2024-01-18T21:51:12.628+0300] {logging_mixin.py:137} INFO - [2024-01-18T21:51:12.627+0300] {dag.py:2705} INFO - Sync 1 DAGs
[2024-01-18T21:51:12.667+0300] {logging_mixin.py:137} INFO - [2024-01-18T21:51:12.667+0300] {dag.py:3452} INFO - Setting next_dagrun for tutorial_taskflow_api to None, run_after=None
[2024-01-18T21:51:12.705+0300] {processor.py:175} INFO - Processing /home/angry/mlops_4/venv4/lib/python3.10/site-packages/airflow/example_dags/tutorial_taskflow_api.py took 0.182 seconds
[2024-01-18T21:52:05.831+0300] {processor.py:153} INFO - Started process (PID=5044) to work on /home/angry/mlops_4/venv4/lib/python3.10/site-packages/airflow/example_dags/tutorial_taskflow_api.py
[2024-01-18T21:52:05.839+0300] {processor.py:743} INFO - Processing file /home/angry/mlops_4/venv4/lib/python3.10/site-packages/airflow/example_dags/tutorial_taskflow_api.py for tasks to queue
[2024-01-18T21:52:05.847+0300] {logging_mixin.py:137} INFO - [2024-01-18T21:52:05.844+0300] {dagbag.py:532} INFO - Filling up the DagBag from /home/angry/mlops_4/venv4/lib/python3.10/site-packages/airflow/example_dags/tutorial_taskflow_api.py
[2024-01-18T21:52:05.982+0300] {processor.py:753} INFO - DAG(s) dict_keys(['tutorial_taskflow_api']) retrieved from /home/angry/mlops_4/venv4/lib/python3.10/site-packages/airflow/example_dags/tutorial_taskflow_api.py
[2024-01-18T21:52:06.072+0300] {logging_mixin.py:137} INFO - [2024-01-18T21:52:06.072+0300] {dag.py:2705} INFO - Sync 1 DAGs
[2024-01-18T21:52:06.135+0300] {logging_mixin.py:137} INFO - [2024-01-18T21:52:06.135+0300] {dag.py:3452} INFO - Setting next_dagrun for tutorial_taskflow_api to None, run_after=None
[2024-01-18T21:52:06.190+0300] {processor.py:175} INFO - Processing /home/angry/mlops_4/venv4/lib/python3.10/site-packages/airflow/example_dags/tutorial_taskflow_api.py took 0.370 seconds
[2024-01-18T21:53:05.402+0300] {processor.py:153} INFO - Started process (PID=5097) to work on /home/angry/mlops_4/venv4/lib/python3.10/site-packages/airflow/example_dags/tutorial_taskflow_api.py
[2024-01-18T21:53:05.414+0300] {processor.py:743} INFO - Processing file /home/angry/mlops_4/venv4/lib/python3.10/site-packages/airflow/example_dags/tutorial_taskflow_api.py for tasks to queue
[2024-01-18T21:53:05.417+0300] {logging_mixin.py:137} INFO - [2024-01-18T21:53:05.416+0300] {dagbag.py:532} INFO - Filling up the DagBag from /home/angry/mlops_4/venv4/lib/python3.10/site-packages/airflow/example_dags/tutorial_taskflow_api.py
[2024-01-18T21:53:05.488+0300] {processor.py:753} INFO - DAG(s) dict_keys(['tutorial_taskflow_api']) retrieved from /home/angry/mlops_4/venv4/lib/python3.10/site-packages/airflow/example_dags/tutorial_taskflow_api.py
[2024-01-18T21:53:05.531+0300] {logging_mixin.py:137} INFO - [2024-01-18T21:53:05.531+0300] {dag.py:2705} INFO - Sync 1 DAGs
[2024-01-18T21:53:05.571+0300] {logging_mixin.py:137} INFO - [2024-01-18T21:53:05.571+0300] {dag.py:3452} INFO - Setting next_dagrun for tutorial_taskflow_api to None, run_after=None
[2024-01-18T21:53:05.612+0300] {processor.py:175} INFO - Processing /home/angry/mlops_4/venv4/lib/python3.10/site-packages/airflow/example_dags/tutorial_taskflow_api.py took 0.220 seconds
[2024-01-18T21:54:04.311+0300] {processor.py:153} INFO - Started process (PID=5152) to work on /home/angry/mlops_4/venv4/lib/python3.10/site-packages/airflow/example_dags/tutorial_taskflow_api.py
[2024-01-18T21:54:04.314+0300] {processor.py:743} INFO - Processing file /home/angry/mlops_4/venv4/lib/python3.10/site-packages/airflow/example_dags/tutorial_taskflow_api.py for tasks to queue
[2024-01-18T21:54:04.315+0300] {logging_mixin.py:137} INFO - [2024-01-18T21:54:04.315+0300] {dagbag.py:532} INFO - Filling up the DagBag from /home/angry/mlops_4/venv4/lib/python3.10/site-packages/airflow/example_dags/tutorial_taskflow_api.py
[2024-01-18T21:54:04.443+0300] {processor.py:753} INFO - DAG(s) dict_keys(['tutorial_taskflow_api']) retrieved from /home/angry/mlops_4/venv4/lib/python3.10/site-packages/airflow/example_dags/tutorial_taskflow_api.py
[2024-01-18T21:54:04.534+0300] {logging_mixin.py:137} INFO - [2024-01-18T21:54:04.533+0300] {dag.py:2705} INFO - Sync 1 DAGs
[2024-01-18T21:54:04.629+0300] {logging_mixin.py:137} INFO - [2024-01-18T21:54:04.629+0300] {dag.py:3452} INFO - Setting next_dagrun for tutorial_taskflow_api to None, run_after=None
[2024-01-18T21:54:04.702+0300] {processor.py:175} INFO - Processing /home/angry/mlops_4/venv4/lib/python3.10/site-packages/airflow/example_dags/tutorial_taskflow_api.py took 0.404 seconds
[2024-01-18T21:57:25.045+0300] {processor.py:153} INFO - Started process (PID=5324) to work on /home/angry/mlops_4/venv4/lib/python3.10/site-packages/airflow/example_dags/tutorial_taskflow_api.py
[2024-01-18T21:57:25.048+0300] {processor.py:743} INFO - Processing file /home/angry/mlops_4/venv4/lib/python3.10/site-packages/airflow/example_dags/tutorial_taskflow_api.py for tasks to queue
[2024-01-18T21:57:25.050+0300] {logging_mixin.py:137} INFO - [2024-01-18T21:57:25.049+0300] {dagbag.py:532} INFO - Filling up the DagBag from /home/angry/mlops_4/venv4/lib/python3.10/site-packages/airflow/example_dags/tutorial_taskflow_api.py
[2024-01-18T21:57:25.105+0300] {processor.py:753} INFO - DAG(s) dict_keys(['tutorial_taskflow_api']) retrieved from /home/angry/mlops_4/venv4/lib/python3.10/site-packages/airflow/example_dags/tutorial_taskflow_api.py
[2024-01-18T21:57:25.165+0300] {logging_mixin.py:137} INFO - [2024-01-18T21:57:25.165+0300] {dag.py:2705} INFO - Sync 1 DAGs
[2024-01-18T21:57:25.219+0300] {logging_mixin.py:137} INFO - [2024-01-18T21:57:25.218+0300] {dag.py:3452} INFO - Setting next_dagrun for tutorial_taskflow_api to None, run_after=None
[2024-01-18T21:57:25.277+0300] {processor.py:175} INFO - Processing /home/angry/mlops_4/venv4/lib/python3.10/site-packages/airflow/example_dags/tutorial_taskflow_api.py took 0.246 seconds
[2024-01-18T22:00:13.959+0300] {processor.py:153} INFO - Started process (PID=5487) to work on /home/angry/mlops_4/venv4/lib/python3.10/site-packages/airflow/example_dags/tutorial_taskflow_api.py
[2024-01-18T22:00:13.963+0300] {processor.py:743} INFO - Processing file /home/angry/mlops_4/venv4/lib/python3.10/site-packages/airflow/example_dags/tutorial_taskflow_api.py for tasks to queue
[2024-01-18T22:00:13.968+0300] {logging_mixin.py:137} INFO - [2024-01-18T22:00:13.967+0300] {dagbag.py:532} INFO - Filling up the DagBag from /home/angry/mlops_4/venv4/lib/python3.10/site-packages/airflow/example_dags/tutorial_taskflow_api.py
[2024-01-18T22:00:14.045+0300] {processor.py:753} INFO - DAG(s) dict_keys(['tutorial_taskflow_api']) retrieved from /home/angry/mlops_4/venv4/lib/python3.10/site-packages/airflow/example_dags/tutorial_taskflow_api.py
[2024-01-18T22:00:14.100+0300] {logging_mixin.py:137} INFO - [2024-01-18T22:00:14.099+0300] {dag.py:2705} INFO - Sync 1 DAGs
[2024-01-18T22:00:14.157+0300] {logging_mixin.py:137} INFO - [2024-01-18T22:00:14.157+0300] {dag.py:3452} INFO - Setting next_dagrun for tutorial_taskflow_api to None, run_after=None
[2024-01-18T22:00:14.214+0300] {processor.py:175} INFO - Processing /home/angry/mlops_4/venv4/lib/python3.10/site-packages/airflow/example_dags/tutorial_taskflow_api.py took 0.265 seconds
[2024-01-18T22:04:23.234+0300] {processor.py:153} INFO - Started process (PID=5713) to work on /home/angry/mlops_4/venv4/lib/python3.10/site-packages/airflow/example_dags/tutorial_taskflow_api.py
[2024-01-18T22:04:23.246+0300] {processor.py:743} INFO - Processing file /home/angry/mlops_4/venv4/lib/python3.10/site-packages/airflow/example_dags/tutorial_taskflow_api.py for tasks to queue
[2024-01-18T22:04:23.250+0300] {logging_mixin.py:137} INFO - [2024-01-18T22:04:23.250+0300] {dagbag.py:532} INFO - Filling up the DagBag from /home/angry/mlops_4/venv4/lib/python3.10/site-packages/airflow/example_dags/tutorial_taskflow_api.py
[2024-01-18T22:04:23.352+0300] {processor.py:753} INFO - DAG(s) dict_keys(['tutorial_taskflow_api']) retrieved from /home/angry/mlops_4/venv4/lib/python3.10/site-packages/airflow/example_dags/tutorial_taskflow_api.py
[2024-01-18T22:04:23.457+0300] {logging_mixin.py:137} INFO - [2024-01-18T22:04:23.457+0300] {dag.py:2705} INFO - Sync 1 DAGs
[2024-01-18T22:04:23.562+0300] {logging_mixin.py:137} INFO - [2024-01-18T22:04:23.561+0300] {dag.py:3452} INFO - Setting next_dagrun for tutorial_taskflow_api to None, run_after=None
[2024-01-18T22:04:23.654+0300] {processor.py:175} INFO - Processing /home/angry/mlops_4/venv4/lib/python3.10/site-packages/airflow/example_dags/tutorial_taskflow_api.py took 0.439 seconds
