[2024-01-18T21:36:43.011+0300] {processor.py:153} INFO - Started process (PID=3285) to work on /home/angry/mlops_4/venv4/lib/python3.10/site-packages/airflow/example_dags/tutorial_taskflow_api_virtualenv.py
[2024-01-18T21:36:43.013+0300] {processor.py:743} INFO - Processing file /home/angry/mlops_4/venv4/lib/python3.10/site-packages/airflow/example_dags/tutorial_taskflow_api_virtualenv.py for tasks to queue
[2024-01-18T21:36:43.015+0300] {logging_mixin.py:137} INFO - [2024-01-18T21:36:43.014+0300] {dagbag.py:532} INFO - Filling up the DagBag from /home/angry/mlops_4/venv4/lib/python3.10/site-packages/airflow/example_dags/tutorial_taskflow_api_virtualenv.py
[2024-01-18T21:36:43.046+0300] {logging_mixin.py:137} INFO - [2024-01-18T21:36:43.045+0300] {tutorial_taskflow_api_virtualenv.py:29} WARNING - The tutorial_taskflow_api_virtualenv example DAG requires virtualenv, please install it.
[2024-01-18T21:36:43.046+0300] {processor.py:755} WARNING - No viable dags retrieved from /home/angry/mlops_4/venv4/lib/python3.10/site-packages/airflow/example_dags/tutorial_taskflow_api_virtualenv.py
[2024-01-18T21:36:43.066+0300] {processor.py:175} INFO - Processing /home/angry/mlops_4/venv4/lib/python3.10/site-packages/airflow/example_dags/tutorial_taskflow_api_virtualenv.py took 0.062 seconds
[2024-01-18T21:37:35.128+0300] {processor.py:153} INFO - Started process (PID=3356) to work on /home/angry/mlops_4/venv4/lib/python3.10/site-packages/airflow/example_dags/tutorial_taskflow_api_virtualenv.py
[2024-01-18T21:37:35.130+0300] {processor.py:743} INFO - Processing file /home/angry/mlops_4/venv4/lib/python3.10/site-packages/airflow/example_dags/tutorial_taskflow_api_virtualenv.py for tasks to queue
[2024-01-18T21:37:35.133+0300] {logging_mixin.py:137} INFO - [2024-01-18T21:37:35.133+0300] {dagbag.py:532} INFO - Filling up the DagBag from /home/angry/mlops_4/venv4/lib/python3.10/site-packages/airflow/example_dags/tutorial_taskflow_api_virtualenv.py
[2024-01-18T21:37:35.165+0300] {logging_mixin.py:137} INFO - [2024-01-18T21:37:35.165+0300] {tutorial_taskflow_api_virtualenv.py:29} WARNING - The tutorial_taskflow_api_virtualenv example DAG requires virtualenv, please install it.
[2024-01-18T21:37:35.166+0300] {processor.py:755} WARNING - No viable dags retrieved from /home/angry/mlops_4/venv4/lib/python3.10/site-packages/airflow/example_dags/tutorial_taskflow_api_virtualenv.py
[2024-01-18T21:37:35.184+0300] {processor.py:175} INFO - Processing /home/angry/mlops_4/venv4/lib/python3.10/site-packages/airflow/example_dags/tutorial_taskflow_api_virtualenv.py took 0.064 seconds
[2024-01-18T21:38:43.871+0300] {processor.py:153} INFO - Started process (PID=4073) to work on /home/angry/mlops_4/venv4/lib/python3.10/site-packages/airflow/example_dags/tutorial_taskflow_api_virtualenv.py
[2024-01-18T21:38:43.874+0300] {processor.py:743} INFO - Processing file /home/angry/mlops_4/venv4/lib/python3.10/site-packages/airflow/example_dags/tutorial_taskflow_api_virtualenv.py for tasks to queue
[2024-01-18T21:38:43.875+0300] {logging_mixin.py:137} INFO - [2024-01-18T21:38:43.875+0300] {dagbag.py:532} INFO - Filling up the DagBag from /home/angry/mlops_4/venv4/lib/python3.10/site-packages/airflow/example_dags/tutorial_taskflow_api_virtualenv.py
[2024-01-18T21:38:43.911+0300] {logging_mixin.py:137} INFO - [2024-01-18T21:38:43.911+0300] {tutorial_taskflow_api_virtualenv.py:29} WARNING - The tutorial_taskflow_api_virtualenv example DAG requires virtualenv, please install it.
[2024-01-18T21:38:43.911+0300] {processor.py:755} WARNING - No viable dags retrieved from /home/angry/mlops_4/venv4/lib/python3.10/site-packages/airflow/example_dags/tutorial_taskflow_api_virtualenv.py
[2024-01-18T21:38:43.933+0300] {processor.py:175} INFO - Processing /home/angry/mlops_4/venv4/lib/python3.10/site-packages/airflow/example_dags/tutorial_taskflow_api_virtualenv.py took 0.070 seconds
[2024-01-18T21:39:51.860+0300] {processor.py:153} INFO - Started process (PID=4177) to work on /home/angry/mlops_4/venv4/lib/python3.10/site-packages/airflow/example_dags/tutorial_taskflow_api_virtualenv.py
[2024-01-18T21:39:51.863+0300] {processor.py:743} INFO - Processing file /home/angry/mlops_4/venv4/lib/python3.10/site-packages/airflow/example_dags/tutorial_taskflow_api_virtualenv.py for tasks to queue
[2024-01-18T21:39:51.871+0300] {logging_mixin.py:137} INFO - [2024-01-18T21:39:51.870+0300] {dagbag.py:532} INFO - Filling up the DagBag from /home/angry/mlops_4/venv4/lib/python3.10/site-packages/airflow/example_dags/tutorial_taskflow_api_virtualenv.py
[2024-01-18T21:39:51.918+0300] {logging_mixin.py:137} INFO - [2024-01-18T21:39:51.918+0300] {tutorial_taskflow_api_virtualenv.py:29} WARNING - The tutorial_taskflow_api_virtualenv example DAG requires virtualenv, please install it.
[2024-01-18T21:39:51.920+0300] {processor.py:755} WARNING - No viable dags retrieved from /home/angry/mlops_4/venv4/lib/python3.10/site-packages/airflow/example_dags/tutorial_taskflow_api_virtualenv.py
[2024-01-18T21:39:51.942+0300] {processor.py:175} INFO - Processing /home/angry/mlops_4/venv4/lib/python3.10/site-packages/airflow/example_dags/tutorial_taskflow_api_virtualenv.py took 0.093 seconds
[2024-01-18T21:40:50.928+0300] {processor.py:153} INFO - Started process (PID=4238) to work on /home/angry/mlops_4/venv4/lib/python3.10/site-packages/airflow/example_dags/tutorial_taskflow_api_virtualenv.py
[2024-01-18T21:40:50.937+0300] {processor.py:743} INFO - Processing file /home/angry/mlops_4/venv4/lib/python3.10/site-packages/airflow/example_dags/tutorial_taskflow_api_virtualenv.py for tasks to queue
[2024-01-18T21:40:50.939+0300] {logging_mixin.py:137} INFO - [2024-01-18T21:40:50.938+0300] {dagbag.py:532} INFO - Filling up the DagBag from /home/angry/mlops_4/venv4/lib/python3.10/site-packages/airflow/example_dags/tutorial_taskflow_api_virtualenv.py
[2024-01-18T21:40:51.000+0300] {logging_mixin.py:137} INFO - [2024-01-18T21:40:51.000+0300] {tutorial_taskflow_api_virtualenv.py:29} WARNING - The tutorial_taskflow_api_virtualenv example DAG requires virtualenv, please install it.
[2024-01-18T21:40:51.001+0300] {processor.py:755} WARNING - No viable dags retrieved from /home/angry/mlops_4/venv4/lib/python3.10/site-packages/airflow/example_dags/tutorial_taskflow_api_virtualenv.py
[2024-01-18T21:40:51.024+0300] {processor.py:175} INFO - Processing /home/angry/mlops_4/venv4/lib/python3.10/site-packages/airflow/example_dags/tutorial_taskflow_api_virtualenv.py took 0.110 seconds
[2024-01-18T21:41:57.088+0300] {processor.py:153} INFO - Started process (PID=4348) to work on /home/angry/mlops_4/venv4/lib/python3.10/site-packages/airflow/example_dags/tutorial_taskflow_api_virtualenv.py
[2024-01-18T21:41:57.090+0300] {processor.py:743} INFO - Processing file /home/angry/mlops_4/venv4/lib/python3.10/site-packages/airflow/example_dags/tutorial_taskflow_api_virtualenv.py for tasks to queue
[2024-01-18T21:41:57.094+0300] {logging_mixin.py:137} INFO - [2024-01-18T21:41:57.093+0300] {dagbag.py:532} INFO - Filling up the DagBag from /home/angry/mlops_4/venv4/lib/python3.10/site-packages/airflow/example_dags/tutorial_taskflow_api_virtualenv.py
[2024-01-18T21:41:57.332+0300] {logging_mixin.py:137} INFO - [2024-01-18T21:41:57.332+0300] {tutorial_taskflow_api_virtualenv.py:29} WARNING - The tutorial_taskflow_api_virtualenv example DAG requires virtualenv, please install it.
[2024-01-18T21:41:57.332+0300] {processor.py:755} WARNING - No viable dags retrieved from /home/angry/mlops_4/venv4/lib/python3.10/site-packages/airflow/example_dags/tutorial_taskflow_api_virtualenv.py
[2024-01-18T21:41:57.345+0300] {processor.py:175} INFO - Processing /home/angry/mlops_4/venv4/lib/python3.10/site-packages/airflow/example_dags/tutorial_taskflow_api_virtualenv.py took 0.265 seconds
[2024-01-18T21:42:54.460+0300] {processor.py:153} INFO - Started process (PID=4403) to work on /home/angry/mlops_4/venv4/lib/python3.10/site-packages/airflow/example_dags/tutorial_taskflow_api_virtualenv.py
[2024-01-18T21:42:54.463+0300] {processor.py:743} INFO - Processing file /home/angry/mlops_4/venv4/lib/python3.10/site-packages/airflow/example_dags/tutorial_taskflow_api_virtualenv.py for tasks to queue
[2024-01-18T21:42:54.464+0300] {logging_mixin.py:137} INFO - [2024-01-18T21:42:54.464+0300] {dagbag.py:532} INFO - Filling up the DagBag from /home/angry/mlops_4/venv4/lib/python3.10/site-packages/airflow/example_dags/tutorial_taskflow_api_virtualenv.py
[2024-01-18T21:42:54.706+0300] {logging_mixin.py:137} INFO - [2024-01-18T21:42:54.706+0300] {tutorial_taskflow_api_virtualenv.py:29} WARNING - The tutorial_taskflow_api_virtualenv example DAG requires virtualenv, please install it.
[2024-01-18T21:42:54.706+0300] {processor.py:755} WARNING - No viable dags retrieved from /home/angry/mlops_4/venv4/lib/python3.10/site-packages/airflow/example_dags/tutorial_taskflow_api_virtualenv.py
[2024-01-18T21:42:54.719+0300] {processor.py:175} INFO - Processing /home/angry/mlops_4/venv4/lib/python3.10/site-packages/airflow/example_dags/tutorial_taskflow_api_virtualenv.py took 0.266 seconds
[2024-01-18T21:43:43.296+0300] {processor.py:153} INFO - Started process (PID=4457) to work on /home/angry/mlops_4/venv4/lib/python3.10/site-packages/airflow/example_dags/tutorial_taskflow_api_virtualenv.py
[2024-01-18T21:43:43.299+0300] {processor.py:743} INFO - Processing file /home/angry/mlops_4/venv4/lib/python3.10/site-packages/airflow/example_dags/tutorial_taskflow_api_virtualenv.py for tasks to queue
[2024-01-18T21:43:43.301+0300] {logging_mixin.py:137} INFO - [2024-01-18T21:43:43.301+0300] {dagbag.py:532} INFO - Filling up the DagBag from /home/angry/mlops_4/venv4/lib/python3.10/site-packages/airflow/example_dags/tutorial_taskflow_api_virtualenv.py
[2024-01-18T21:43:43.335+0300] {logging_mixin.py:137} INFO - [2024-01-18T21:43:43.335+0300] {tutorial_taskflow_api_virtualenv.py:29} WARNING - The tutorial_taskflow_api_virtualenv example DAG requires virtualenv, please install it.
[2024-01-18T21:43:43.336+0300] {processor.py:755} WARNING - No viable dags retrieved from /home/angry/mlops_4/venv4/lib/python3.10/site-packages/airflow/example_dags/tutorial_taskflow_api_virtualenv.py
[2024-01-18T21:43:43.354+0300] {processor.py:175} INFO - Processing /home/angry/mlops_4/venv4/lib/python3.10/site-packages/airflow/example_dags/tutorial_taskflow_api_virtualenv.py took 0.066 seconds
[2024-01-18T21:44:33.364+0300] {processor.py:153} INFO - Started process (PID=4508) to work on /home/angry/mlops_4/venv4/lib/python3.10/site-packages/airflow/example_dags/tutorial_taskflow_api_virtualenv.py
[2024-01-18T21:44:33.367+0300] {processor.py:743} INFO - Processing file /home/angry/mlops_4/venv4/lib/python3.10/site-packages/airflow/example_dags/tutorial_taskflow_api_virtualenv.py for tasks to queue
[2024-01-18T21:44:33.368+0300] {logging_mixin.py:137} INFO - [2024-01-18T21:44:33.368+0300] {dagbag.py:532} INFO - Filling up the DagBag from /home/angry/mlops_4/venv4/lib/python3.10/site-packages/airflow/example_dags/tutorial_taskflow_api_virtualenv.py
[2024-01-18T21:44:33.402+0300] {logging_mixin.py:137} INFO - [2024-01-18T21:44:33.402+0300] {tutorial_taskflow_api_virtualenv.py:29} WARNING - The tutorial_taskflow_api_virtualenv example DAG requires virtualenv, please install it.
[2024-01-18T21:44:33.402+0300] {processor.py:755} WARNING - No viable dags retrieved from /home/angry/mlops_4/venv4/lib/python3.10/site-packages/airflow/example_dags/tutorial_taskflow_api_virtualenv.py
[2024-01-18T21:44:33.421+0300] {processor.py:175} INFO - Processing /home/angry/mlops_4/venv4/lib/python3.10/site-packages/airflow/example_dags/tutorial_taskflow_api_virtualenv.py took 0.066 seconds
[2024-01-18T21:45:25.529+0300] {processor.py:153} INFO - Started process (PID=4597) to work on /home/angry/mlops_4/venv4/lib/python3.10/site-packages/airflow/example_dags/tutorial_taskflow_api_virtualenv.py
[2024-01-18T21:45:25.533+0300] {processor.py:743} INFO - Processing file /home/angry/mlops_4/venv4/lib/python3.10/site-packages/airflow/example_dags/tutorial_taskflow_api_virtualenv.py for tasks to queue
[2024-01-18T21:45:25.534+0300] {logging_mixin.py:137} INFO - [2024-01-18T21:45:25.534+0300] {dagbag.py:532} INFO - Filling up the DagBag from /home/angry/mlops_4/venv4/lib/python3.10/site-packages/airflow/example_dags/tutorial_taskflow_api_virtualenv.py
[2024-01-18T21:45:25.570+0300] {logging_mixin.py:137} INFO - [2024-01-18T21:45:25.570+0300] {tutorial_taskflow_api_virtualenv.py:29} WARNING - The tutorial_taskflow_api_virtualenv example DAG requires virtualenv, please install it.
[2024-01-18T21:45:25.571+0300] {processor.py:755} WARNING - No viable dags retrieved from /home/angry/mlops_4/venv4/lib/python3.10/site-packages/airflow/example_dags/tutorial_taskflow_api_virtualenv.py
[2024-01-18T21:45:25.593+0300] {processor.py:175} INFO - Processing /home/angry/mlops_4/venv4/lib/python3.10/site-packages/airflow/example_dags/tutorial_taskflow_api_virtualenv.py took 0.072 seconds
[2024-01-18T21:46:15.819+0300] {processor.py:153} INFO - Started process (PID=4663) to work on /home/angry/mlops_4/venv4/lib/python3.10/site-packages/airflow/example_dags/tutorial_taskflow_api_virtualenv.py
[2024-01-18T21:46:15.822+0300] {processor.py:743} INFO - Processing file /home/angry/mlops_4/venv4/lib/python3.10/site-packages/airflow/example_dags/tutorial_taskflow_api_virtualenv.py for tasks to queue
[2024-01-18T21:46:15.823+0300] {logging_mixin.py:137} INFO - [2024-01-18T21:46:15.823+0300] {dagbag.py:532} INFO - Filling up the DagBag from /home/angry/mlops_4/venv4/lib/python3.10/site-packages/airflow/example_dags/tutorial_taskflow_api_virtualenv.py
[2024-01-18T21:46:15.856+0300] {logging_mixin.py:137} INFO - [2024-01-18T21:46:15.855+0300] {tutorial_taskflow_api_virtualenv.py:29} WARNING - The tutorial_taskflow_api_virtualenv example DAG requires virtualenv, please install it.
[2024-01-18T21:46:15.856+0300] {processor.py:755} WARNING - No viable dags retrieved from /home/angry/mlops_4/venv4/lib/python3.10/site-packages/airflow/example_dags/tutorial_taskflow_api_virtualenv.py
[2024-01-18T21:46:15.875+0300] {processor.py:175} INFO - Processing /home/angry/mlops_4/venv4/lib/python3.10/site-packages/airflow/example_dags/tutorial_taskflow_api_virtualenv.py took 0.063 seconds
[2024-01-18T21:47:05.022+0300] {processor.py:153} INFO - Started process (PID=4717) to work on /home/angry/mlops_4/venv4/lib/python3.10/site-packages/airflow/example_dags/tutorial_taskflow_api_virtualenv.py
[2024-01-18T21:47:05.025+0300] {processor.py:743} INFO - Processing file /home/angry/mlops_4/venv4/lib/python3.10/site-packages/airflow/example_dags/tutorial_taskflow_api_virtualenv.py for tasks to queue
[2024-01-18T21:47:05.026+0300] {logging_mixin.py:137} INFO - [2024-01-18T21:47:05.026+0300] {dagbag.py:532} INFO - Filling up the DagBag from /home/angry/mlops_4/venv4/lib/python3.10/site-packages/airflow/example_dags/tutorial_taskflow_api_virtualenv.py
[2024-01-18T21:47:05.066+0300] {logging_mixin.py:137} INFO - [2024-01-18T21:47:05.066+0300] {tutorial_taskflow_api_virtualenv.py:29} WARNING - The tutorial_taskflow_api_virtualenv example DAG requires virtualenv, please install it.
[2024-01-18T21:47:05.067+0300] {processor.py:755} WARNING - No viable dags retrieved from /home/angry/mlops_4/venv4/lib/python3.10/site-packages/airflow/example_dags/tutorial_taskflow_api_virtualenv.py
[2024-01-18T21:47:05.087+0300] {processor.py:175} INFO - Processing /home/angry/mlops_4/venv4/lib/python3.10/site-packages/airflow/example_dags/tutorial_taskflow_api_virtualenv.py took 0.073 seconds
[2024-01-18T21:47:55.449+0300] {processor.py:153} INFO - Started process (PID=4791) to work on /home/angry/mlops_4/venv4/lib/python3.10/site-packages/airflow/example_dags/tutorial_taskflow_api_virtualenv.py
[2024-01-18T21:47:55.454+0300] {processor.py:743} INFO - Processing file /home/angry/mlops_4/venv4/lib/python3.10/site-packages/airflow/example_dags/tutorial_taskflow_api_virtualenv.py for tasks to queue
[2024-01-18T21:47:55.455+0300] {logging_mixin.py:137} INFO - [2024-01-18T21:47:55.455+0300] {dagbag.py:532} INFO - Filling up the DagBag from /home/angry/mlops_4/venv4/lib/python3.10/site-packages/airflow/example_dags/tutorial_taskflow_api_virtualenv.py
[2024-01-18T21:47:55.501+0300] {logging_mixin.py:137} INFO - [2024-01-18T21:47:55.500+0300] {tutorial_taskflow_api_virtualenv.py:29} WARNING - The tutorial_taskflow_api_virtualenv example DAG requires virtualenv, please install it.
[2024-01-18T21:47:55.501+0300] {processor.py:755} WARNING - No viable dags retrieved from /home/angry/mlops_4/venv4/lib/python3.10/site-packages/airflow/example_dags/tutorial_taskflow_api_virtualenv.py
[2024-01-18T21:47:55.526+0300] {processor.py:175} INFO - Processing /home/angry/mlops_4/venv4/lib/python3.10/site-packages/airflow/example_dags/tutorial_taskflow_api_virtualenv.py took 0.086 seconds
[2024-01-18T21:48:44.969+0300] {processor.py:153} INFO - Started process (PID=4850) to work on /home/angry/mlops_4/venv4/lib/python3.10/site-packages/airflow/example_dags/tutorial_taskflow_api_virtualenv.py
[2024-01-18T21:48:44.971+0300] {processor.py:743} INFO - Processing file /home/angry/mlops_4/venv4/lib/python3.10/site-packages/airflow/example_dags/tutorial_taskflow_api_virtualenv.py for tasks to queue
[2024-01-18T21:48:44.973+0300] {logging_mixin.py:137} INFO - [2024-01-18T21:48:44.973+0300] {dagbag.py:532} INFO - Filling up the DagBag from /home/angry/mlops_4/venv4/lib/python3.10/site-packages/airflow/example_dags/tutorial_taskflow_api_virtualenv.py
[2024-01-18T21:48:45.007+0300] {logging_mixin.py:137} INFO - [2024-01-18T21:48:45.006+0300] {tutorial_taskflow_api_virtualenv.py:29} WARNING - The tutorial_taskflow_api_virtualenv example DAG requires virtualenv, please install it.
[2024-01-18T21:48:45.007+0300] {processor.py:755} WARNING - No viable dags retrieved from /home/angry/mlops_4/venv4/lib/python3.10/site-packages/airflow/example_dags/tutorial_taskflow_api_virtualenv.py
[2024-01-18T21:48:45.031+0300] {processor.py:175} INFO - Processing /home/angry/mlops_4/venv4/lib/python3.10/site-packages/airflow/example_dags/tutorial_taskflow_api_virtualenv.py took 0.070 seconds
[2024-01-18T21:49:35.816+0300] {processor.py:153} INFO - Started process (PID=4899) to work on /home/angry/mlops_4/venv4/lib/python3.10/site-packages/airflow/example_dags/tutorial_taskflow_api_virtualenv.py
[2024-01-18T21:49:35.819+0300] {processor.py:743} INFO - Processing file /home/angry/mlops_4/venv4/lib/python3.10/site-packages/airflow/example_dags/tutorial_taskflow_api_virtualenv.py for tasks to queue
[2024-01-18T21:49:35.821+0300] {logging_mixin.py:137} INFO - [2024-01-18T21:49:35.820+0300] {dagbag.py:532} INFO - Filling up the DagBag from /home/angry/mlops_4/venv4/lib/python3.10/site-packages/airflow/example_dags/tutorial_taskflow_api_virtualenv.py
[2024-01-18T21:49:35.855+0300] {logging_mixin.py:137} INFO - [2024-01-18T21:49:35.854+0300] {tutorial_taskflow_api_virtualenv.py:29} WARNING - The tutorial_taskflow_api_virtualenv example DAG requires virtualenv, please install it.
[2024-01-18T21:49:35.855+0300] {processor.py:755} WARNING - No viable dags retrieved from /home/angry/mlops_4/venv4/lib/python3.10/site-packages/airflow/example_dags/tutorial_taskflow_api_virtualenv.py
[2024-01-18T21:49:35.877+0300] {processor.py:175} INFO - Processing /home/angry/mlops_4/venv4/lib/python3.10/site-packages/airflow/example_dags/tutorial_taskflow_api_virtualenv.py took 0.069 seconds
[2024-01-18T21:50:27.043+0300] {processor.py:153} INFO - Started process (PID=4946) to work on /home/angry/mlops_4/venv4/lib/python3.10/site-packages/airflow/example_dags/tutorial_taskflow_api_virtualenv.py
[2024-01-18T21:50:27.047+0300] {processor.py:743} INFO - Processing file /home/angry/mlops_4/venv4/lib/python3.10/site-packages/airflow/example_dags/tutorial_taskflow_api_virtualenv.py for tasks to queue
[2024-01-18T21:50:27.052+0300] {logging_mixin.py:137} INFO - [2024-01-18T21:50:27.052+0300] {dagbag.py:532} INFO - Filling up the DagBag from /home/angry/mlops_4/venv4/lib/python3.10/site-packages/airflow/example_dags/tutorial_taskflow_api_virtualenv.py
[2024-01-18T21:50:27.086+0300] {logging_mixin.py:137} INFO - [2024-01-18T21:50:27.086+0300] {tutorial_taskflow_api_virtualenv.py:29} WARNING - The tutorial_taskflow_api_virtualenv example DAG requires virtualenv, please install it.
[2024-01-18T21:50:27.086+0300] {processor.py:755} WARNING - No viable dags retrieved from /home/angry/mlops_4/venv4/lib/python3.10/site-packages/airflow/example_dags/tutorial_taskflow_api_virtualenv.py
[2024-01-18T21:50:27.107+0300] {processor.py:175} INFO - Processing /home/angry/mlops_4/venv4/lib/python3.10/site-packages/airflow/example_dags/tutorial_taskflow_api_virtualenv.py took 0.071 seconds
[2024-01-18T21:51:17.315+0300] {processor.py:153} INFO - Started process (PID=4996) to work on /home/angry/mlops_4/venv4/lib/python3.10/site-packages/airflow/example_dags/tutorial_taskflow_api_virtualenv.py
[2024-01-18T21:51:17.317+0300] {processor.py:743} INFO - Processing file /home/angry/mlops_4/venv4/lib/python3.10/site-packages/airflow/example_dags/tutorial_taskflow_api_virtualenv.py for tasks to queue
[2024-01-18T21:51:17.319+0300] {logging_mixin.py:137} INFO - [2024-01-18T21:51:17.318+0300] {dagbag.py:532} INFO - Filling up the DagBag from /home/angry/mlops_4/venv4/lib/python3.10/site-packages/airflow/example_dags/tutorial_taskflow_api_virtualenv.py
[2024-01-18T21:51:17.352+0300] {logging_mixin.py:137} INFO - [2024-01-18T21:51:17.352+0300] {tutorial_taskflow_api_virtualenv.py:29} WARNING - The tutorial_taskflow_api_virtualenv example DAG requires virtualenv, please install it.
[2024-01-18T21:51:17.353+0300] {processor.py:755} WARNING - No viable dags retrieved from /home/angry/mlops_4/venv4/lib/python3.10/site-packages/airflow/example_dags/tutorial_taskflow_api_virtualenv.py
[2024-01-18T21:51:17.375+0300] {processor.py:175} INFO - Processing /home/angry/mlops_4/venv4/lib/python3.10/site-packages/airflow/example_dags/tutorial_taskflow_api_virtualenv.py took 0.067 seconds
[2024-01-18T21:52:11.466+0300] {processor.py:153} INFO - Started process (PID=5049) to work on /home/angry/mlops_4/venv4/lib/python3.10/site-packages/airflow/example_dags/tutorial_taskflow_api_virtualenv.py
[2024-01-18T21:52:11.472+0300] {processor.py:743} INFO - Processing file /home/angry/mlops_4/venv4/lib/python3.10/site-packages/airflow/example_dags/tutorial_taskflow_api_virtualenv.py for tasks to queue
[2024-01-18T21:52:11.476+0300] {logging_mixin.py:137} INFO - [2024-01-18T21:52:11.475+0300] {dagbag.py:532} INFO - Filling up the DagBag from /home/angry/mlops_4/venv4/lib/python3.10/site-packages/airflow/example_dags/tutorial_taskflow_api_virtualenv.py
[2024-01-18T21:52:11.552+0300] {logging_mixin.py:137} INFO - [2024-01-18T21:52:11.551+0300] {tutorial_taskflow_api_virtualenv.py:29} WARNING - The tutorial_taskflow_api_virtualenv example DAG requires virtualenv, please install it.
[2024-01-18T21:52:11.552+0300] {processor.py:755} WARNING - No viable dags retrieved from /home/angry/mlops_4/venv4/lib/python3.10/site-packages/airflow/example_dags/tutorial_taskflow_api_virtualenv.py
[2024-01-18T21:52:11.582+0300] {processor.py:175} INFO - Processing /home/angry/mlops_4/venv4/lib/python3.10/site-packages/airflow/example_dags/tutorial_taskflow_api_virtualenv.py took 0.137 seconds
[2024-01-18T21:53:11.019+0300] {processor.py:153} INFO - Started process (PID=5101) to work on /home/angry/mlops_4/venv4/lib/python3.10/site-packages/airflow/example_dags/tutorial_taskflow_api_virtualenv.py
[2024-01-18T21:53:11.024+0300] {processor.py:743} INFO - Processing file /home/angry/mlops_4/venv4/lib/python3.10/site-packages/airflow/example_dags/tutorial_taskflow_api_virtualenv.py for tasks to queue
[2024-01-18T21:53:11.028+0300] {logging_mixin.py:137} INFO - [2024-01-18T21:53:11.027+0300] {dagbag.py:532} INFO - Filling up the DagBag from /home/angry/mlops_4/venv4/lib/python3.10/site-packages/airflow/example_dags/tutorial_taskflow_api_virtualenv.py
[2024-01-18T21:53:11.109+0300] {logging_mixin.py:137} INFO - [2024-01-18T21:53:11.108+0300] {tutorial_taskflow_api_virtualenv.py:29} WARNING - The tutorial_taskflow_api_virtualenv example DAG requires virtualenv, please install it.
[2024-01-18T21:53:11.109+0300] {processor.py:755} WARNING - No viable dags retrieved from /home/angry/mlops_4/venv4/lib/python3.10/site-packages/airflow/example_dags/tutorial_taskflow_api_virtualenv.py
[2024-01-18T21:53:11.137+0300] {processor.py:175} INFO - Processing /home/angry/mlops_4/venv4/lib/python3.10/site-packages/airflow/example_dags/tutorial_taskflow_api_virtualenv.py took 0.131 seconds
[2024-01-18T21:54:10.252+0300] {processor.py:153} INFO - Started process (PID=5156) to work on /home/angry/mlops_4/venv4/lib/python3.10/site-packages/airflow/example_dags/tutorial_taskflow_api_virtualenv.py
[2024-01-18T21:54:10.256+0300] {processor.py:743} INFO - Processing file /home/angry/mlops_4/venv4/lib/python3.10/site-packages/airflow/example_dags/tutorial_taskflow_api_virtualenv.py for tasks to queue
[2024-01-18T21:54:10.259+0300] {logging_mixin.py:137} INFO - [2024-01-18T21:54:10.258+0300] {dagbag.py:532} INFO - Filling up the DagBag from /home/angry/mlops_4/venv4/lib/python3.10/site-packages/airflow/example_dags/tutorial_taskflow_api_virtualenv.py
[2024-01-18T21:54:10.331+0300] {logging_mixin.py:137} INFO - [2024-01-18T21:54:10.331+0300] {tutorial_taskflow_api_virtualenv.py:29} WARNING - The tutorial_taskflow_api_virtualenv example DAG requires virtualenv, please install it.
[2024-01-18T21:54:10.333+0300] {processor.py:755} WARNING - No viable dags retrieved from /home/angry/mlops_4/venv4/lib/python3.10/site-packages/airflow/example_dags/tutorial_taskflow_api_virtualenv.py
[2024-01-18T21:54:10.376+0300] {processor.py:175} INFO - Processing /home/angry/mlops_4/venv4/lib/python3.10/site-packages/airflow/example_dags/tutorial_taskflow_api_virtualenv.py took 0.136 seconds
[2024-01-18T22:00:19.280+0300] {processor.py:153} INFO - Started process (PID=5492) to work on /home/angry/mlops_4/venv4/lib/python3.10/site-packages/airflow/example_dags/tutorial_taskflow_api_virtualenv.py
[2024-01-18T22:00:19.284+0300] {processor.py:743} INFO - Processing file /home/angry/mlops_4/venv4/lib/python3.10/site-packages/airflow/example_dags/tutorial_taskflow_api_virtualenv.py for tasks to queue
[2024-01-18T22:00:19.287+0300] {logging_mixin.py:137} INFO - [2024-01-18T22:00:19.286+0300] {dagbag.py:532} INFO - Filling up the DagBag from /home/angry/mlops_4/venv4/lib/python3.10/site-packages/airflow/example_dags/tutorial_taskflow_api_virtualenv.py
[2024-01-18T22:00:19.377+0300] {logging_mixin.py:137} INFO - [2024-01-18T22:00:19.377+0300] {tutorial_taskflow_api_virtualenv.py:29} WARNING - The tutorial_taskflow_api_virtualenv example DAG requires virtualenv, please install it.
[2024-01-18T22:00:19.378+0300] {processor.py:755} WARNING - No viable dags retrieved from /home/angry/mlops_4/venv4/lib/python3.10/site-packages/airflow/example_dags/tutorial_taskflow_api_virtualenv.py
[2024-01-18T22:00:19.407+0300] {processor.py:175} INFO - Processing /home/angry/mlops_4/venv4/lib/python3.10/site-packages/airflow/example_dags/tutorial_taskflow_api_virtualenv.py took 0.137 seconds
