[2024-01-18T21:36:41.960+0300] {processor.py:153} INFO - Started process (PID=3284) to work on /home/angry/mlops_4/venv4/lib/python3.10/site-packages/airflow/example_dags/tutorial.py
[2024-01-18T21:36:41.965+0300] {processor.py:743} INFO - Processing file /home/angry/mlops_4/venv4/lib/python3.10/site-packages/airflow/example_dags/tutorial.py for tasks to queue
[2024-01-18T21:36:41.967+0300] {logging_mixin.py:137} INFO - [2024-01-18T21:36:41.966+0300] {dagbag.py:532} INFO - Filling up the DagBag from /home/angry/mlops_4/venv4/lib/python3.10/site-packages/airflow/example_dags/tutorial.py
[2024-01-18T21:36:42.018+0300] {processor.py:753} INFO - DAG(s) dict_keys(['tutorial']) retrieved from /home/angry/mlops_4/venv4/lib/python3.10/site-packages/airflow/example_dags/tutorial.py
[2024-01-18T21:36:42.042+0300] {logging_mixin.py:137} INFO - [2024-01-18T21:36:42.042+0300] {dag.py:2705} INFO - Sync 1 DAGs
[2024-01-18T21:36:42.087+0300] {logging_mixin.py:137} INFO - [2024-01-18T21:36:42.087+0300] {dag.py:3452} INFO - Setting next_dagrun for tutorial to 2024-01-17T18:36:42.087175+00:00, run_after=2024-01-18T18:36:42.087175+00:00
[2024-01-18T21:36:42.129+0300] {processor.py:175} INFO - Processing /home/angry/mlops_4/venv4/lib/python3.10/site-packages/airflow/example_dags/tutorial.py took 0.179 seconds
[2024-01-18T21:37:34.123+0300] {processor.py:153} INFO - Started process (PID=3355) to work on /home/angry/mlops_4/venv4/lib/python3.10/site-packages/airflow/example_dags/tutorial.py
[2024-01-18T21:37:34.127+0300] {processor.py:743} INFO - Processing file /home/angry/mlops_4/venv4/lib/python3.10/site-packages/airflow/example_dags/tutorial.py for tasks to queue
[2024-01-18T21:37:34.129+0300] {logging_mixin.py:137} INFO - [2024-01-18T21:37:34.129+0300] {dagbag.py:532} INFO - Filling up the DagBag from /home/angry/mlops_4/venv4/lib/python3.10/site-packages/airflow/example_dags/tutorial.py
[2024-01-18T21:37:34.170+0300] {processor.py:753} INFO - DAG(s) dict_keys(['tutorial']) retrieved from /home/angry/mlops_4/venv4/lib/python3.10/site-packages/airflow/example_dags/tutorial.py
[2024-01-18T21:37:34.219+0300] {logging_mixin.py:137} INFO - [2024-01-18T21:37:34.219+0300] {dag.py:2705} INFO - Sync 1 DAGs
[2024-01-18T21:37:34.279+0300] {logging_mixin.py:137} INFO - [2024-01-18T21:37:34.278+0300] {dag.py:3452} INFO - Setting next_dagrun for tutorial to 2024-01-17T18:37:34.278284+00:00, run_after=2024-01-18T18:37:34.278284+00:00
[2024-01-18T21:37:34.496+0300] {processor.py:175} INFO - Processing /home/angry/mlops_4/venv4/lib/python3.10/site-packages/airflow/example_dags/tutorial.py took 0.382 seconds
[2024-01-18T21:38:42.952+0300] {processor.py:153} INFO - Started process (PID=4072) to work on /home/angry/mlops_4/venv4/lib/python3.10/site-packages/airflow/example_dags/tutorial.py
[2024-01-18T21:38:42.958+0300] {processor.py:743} INFO - Processing file /home/angry/mlops_4/venv4/lib/python3.10/site-packages/airflow/example_dags/tutorial.py for tasks to queue
[2024-01-18T21:38:42.960+0300] {logging_mixin.py:137} INFO - [2024-01-18T21:38:42.960+0300] {dagbag.py:532} INFO - Filling up the DagBag from /home/angry/mlops_4/venv4/lib/python3.10/site-packages/airflow/example_dags/tutorial.py
[2024-01-18T21:38:43.017+0300] {processor.py:753} INFO - DAG(s) dict_keys(['tutorial']) retrieved from /home/angry/mlops_4/venv4/lib/python3.10/site-packages/airflow/example_dags/tutorial.py
[2024-01-18T21:38:43.078+0300] {logging_mixin.py:137} INFO - [2024-01-18T21:38:43.078+0300] {dag.py:2705} INFO - Sync 1 DAGs
[2024-01-18T21:38:43.361+0300] {logging_mixin.py:137} INFO - [2024-01-18T21:38:43.360+0300] {dag.py:3452} INFO - Setting next_dagrun for tutorial to 2024-01-17T18:38:43.360476+00:00, run_after=2024-01-18T18:38:43.360476+00:00
[2024-01-18T21:38:43.401+0300] {processor.py:175} INFO - Processing /home/angry/mlops_4/venv4/lib/python3.10/site-packages/airflow/example_dags/tutorial.py took 0.463 seconds
[2024-01-18T21:39:50.383+0300] {processor.py:153} INFO - Started process (PID=4174) to work on /home/angry/mlops_4/venv4/lib/python3.10/site-packages/airflow/example_dags/tutorial.py
[2024-01-18T21:39:50.387+0300] {processor.py:743} INFO - Processing file /home/angry/mlops_4/venv4/lib/python3.10/site-packages/airflow/example_dags/tutorial.py for tasks to queue
[2024-01-18T21:39:50.389+0300] {logging_mixin.py:137} INFO - [2024-01-18T21:39:50.388+0300] {dagbag.py:532} INFO - Filling up the DagBag from /home/angry/mlops_4/venv4/lib/python3.10/site-packages/airflow/example_dags/tutorial.py
[2024-01-18T21:39:50.429+0300] {processor.py:753} INFO - DAG(s) dict_keys(['tutorial']) retrieved from /home/angry/mlops_4/venv4/lib/python3.10/site-packages/airflow/example_dags/tutorial.py
[2024-01-18T21:39:50.477+0300] {logging_mixin.py:137} INFO - [2024-01-18T21:39:50.477+0300] {dag.py:2705} INFO - Sync 1 DAGs
[2024-01-18T21:39:50.709+0300] {logging_mixin.py:137} INFO - [2024-01-18T21:39:50.709+0300] {dag.py:3452} INFO - Setting next_dagrun for tutorial to 2024-01-17T18:39:50.708929+00:00, run_after=2024-01-18T18:39:50.708929+00:00
[2024-01-18T21:39:50.746+0300] {processor.py:175} INFO - Processing /home/angry/mlops_4/venv4/lib/python3.10/site-packages/airflow/example_dags/tutorial.py took 0.371 seconds
[2024-01-18T21:40:49.209+0300] {processor.py:153} INFO - Started process (PID=4236) to work on /home/angry/mlops_4/venv4/lib/python3.10/site-packages/airflow/example_dags/tutorial.py
[2024-01-18T21:40:49.212+0300] {processor.py:743} INFO - Processing file /home/angry/mlops_4/venv4/lib/python3.10/site-packages/airflow/example_dags/tutorial.py for tasks to queue
[2024-01-18T21:40:49.214+0300] {logging_mixin.py:137} INFO - [2024-01-18T21:40:49.214+0300] {dagbag.py:532} INFO - Filling up the DagBag from /home/angry/mlops_4/venv4/lib/python3.10/site-packages/airflow/example_dags/tutorial.py
[2024-01-18T21:40:49.252+0300] {processor.py:753} INFO - DAG(s) dict_keys(['tutorial']) retrieved from /home/angry/mlops_4/venv4/lib/python3.10/site-packages/airflow/example_dags/tutorial.py
[2024-01-18T21:40:49.559+0300] {logging_mixin.py:137} INFO - [2024-01-18T21:40:49.559+0300] {dag.py:2705} INFO - Sync 1 DAGs
[2024-01-18T21:40:49.647+0300] {logging_mixin.py:137} INFO - [2024-01-18T21:40:49.646+0300] {dag.py:3452} INFO - Setting next_dagrun for tutorial to 2024-01-17T18:40:49.645790+00:00, run_after=2024-01-18T18:40:49.645790+00:00
[2024-01-18T21:40:49.707+0300] {processor.py:175} INFO - Processing /home/angry/mlops_4/venv4/lib/python3.10/site-packages/airflow/example_dags/tutorial.py took 0.509 seconds
[2024-01-18T21:41:55.550+0300] {processor.py:153} INFO - Started process (PID=4347) to work on /home/angry/mlops_4/venv4/lib/python3.10/site-packages/airflow/example_dags/tutorial.py
[2024-01-18T21:41:55.553+0300] {processor.py:743} INFO - Processing file /home/angry/mlops_4/venv4/lib/python3.10/site-packages/airflow/example_dags/tutorial.py for tasks to queue
[2024-01-18T21:41:55.555+0300] {logging_mixin.py:137} INFO - [2024-01-18T21:41:55.554+0300] {dagbag.py:532} INFO - Filling up the DagBag from /home/angry/mlops_4/venv4/lib/python3.10/site-packages/airflow/example_dags/tutorial.py
[2024-01-18T21:41:55.801+0300] {processor.py:753} INFO - DAG(s) dict_keys(['tutorial']) retrieved from /home/angry/mlops_4/venv4/lib/python3.10/site-packages/airflow/example_dags/tutorial.py
[2024-01-18T21:41:55.831+0300] {logging_mixin.py:137} INFO - [2024-01-18T21:41:55.831+0300] {dag.py:2705} INFO - Sync 1 DAGs
[2024-01-18T21:41:55.864+0300] {logging_mixin.py:137} INFO - [2024-01-18T21:41:55.864+0300] {dag.py:3452} INFO - Setting next_dagrun for tutorial to 2024-01-17T18:41:55.863995+00:00, run_after=2024-01-18T18:41:55.863995+00:00
[2024-01-18T21:41:55.912+0300] {processor.py:175} INFO - Processing /home/angry/mlops_4/venv4/lib/python3.10/site-packages/airflow/example_dags/tutorial.py took 0.369 seconds
[2024-01-18T21:42:52.953+0300] {processor.py:153} INFO - Started process (PID=4402) to work on /home/angry/mlops_4/venv4/lib/python3.10/site-packages/airflow/example_dags/tutorial.py
[2024-01-18T21:42:52.956+0300] {processor.py:743} INFO - Processing file /home/angry/mlops_4/venv4/lib/python3.10/site-packages/airflow/example_dags/tutorial.py for tasks to queue
[2024-01-18T21:42:52.958+0300] {logging_mixin.py:137} INFO - [2024-01-18T21:42:52.957+0300] {dagbag.py:532} INFO - Filling up the DagBag from /home/angry/mlops_4/venv4/lib/python3.10/site-packages/airflow/example_dags/tutorial.py
[2024-01-18T21:42:53.183+0300] {processor.py:753} INFO - DAG(s) dict_keys(['tutorial']) retrieved from /home/angry/mlops_4/venv4/lib/python3.10/site-packages/airflow/example_dags/tutorial.py
[2024-01-18T21:42:53.213+0300] {logging_mixin.py:137} INFO - [2024-01-18T21:42:53.212+0300] {dag.py:2705} INFO - Sync 1 DAGs
[2024-01-18T21:42:53.253+0300] {logging_mixin.py:137} INFO - [2024-01-18T21:42:53.253+0300] {dag.py:3452} INFO - Setting next_dagrun for tutorial to 2024-01-17T18:42:53.253031+00:00, run_after=2024-01-18T18:42:53.253031+00:00
[2024-01-18T21:42:53.334+0300] {processor.py:175} INFO - Processing /home/angry/mlops_4/venv4/lib/python3.10/site-packages/airflow/example_dags/tutorial.py took 0.388 seconds
[2024-01-18T21:43:42.825+0300] {processor.py:153} INFO - Started process (PID=4456) to work on /home/angry/mlops_4/venv4/lib/python3.10/site-packages/airflow/example_dags/tutorial.py
[2024-01-18T21:43:42.828+0300] {processor.py:743} INFO - Processing file /home/angry/mlops_4/venv4/lib/python3.10/site-packages/airflow/example_dags/tutorial.py for tasks to queue
[2024-01-18T21:43:42.829+0300] {logging_mixin.py:137} INFO - [2024-01-18T21:43:42.829+0300] {dagbag.py:532} INFO - Filling up the DagBag from /home/angry/mlops_4/venv4/lib/python3.10/site-packages/airflow/example_dags/tutorial.py
[2024-01-18T21:43:42.864+0300] {processor.py:753} INFO - DAG(s) dict_keys(['tutorial']) retrieved from /home/angry/mlops_4/venv4/lib/python3.10/site-packages/airflow/example_dags/tutorial.py
[2024-01-18T21:43:42.902+0300] {logging_mixin.py:137} INFO - [2024-01-18T21:43:42.902+0300] {dag.py:2705} INFO - Sync 1 DAGs
[2024-01-18T21:43:42.942+0300] {logging_mixin.py:137} INFO - [2024-01-18T21:43:42.941+0300] {dag.py:3452} INFO - Setting next_dagrun for tutorial to 2024-01-17T18:43:42.941537+00:00, run_after=2024-01-18T18:43:42.941537+00:00
[2024-01-18T21:43:42.981+0300] {processor.py:175} INFO - Processing /home/angry/mlops_4/venv4/lib/python3.10/site-packages/airflow/example_dags/tutorial.py took 0.163 seconds
[2024-01-18T21:44:32.031+0300] {processor.py:153} INFO - Started process (PID=4507) to work on /home/angry/mlops_4/venv4/lib/python3.10/site-packages/airflow/example_dags/tutorial.py
[2024-01-18T21:44:32.034+0300] {processor.py:743} INFO - Processing file /home/angry/mlops_4/venv4/lib/python3.10/site-packages/airflow/example_dags/tutorial.py for tasks to queue
[2024-01-18T21:44:32.035+0300] {logging_mixin.py:137} INFO - [2024-01-18T21:44:32.035+0300] {dagbag.py:532} INFO - Filling up the DagBag from /home/angry/mlops_4/venv4/lib/python3.10/site-packages/airflow/example_dags/tutorial.py
[2024-01-18T21:44:32.076+0300] {processor.py:753} INFO - DAG(s) dict_keys(['tutorial']) retrieved from /home/angry/mlops_4/venv4/lib/python3.10/site-packages/airflow/example_dags/tutorial.py
[2024-01-18T21:44:32.121+0300] {logging_mixin.py:137} INFO - [2024-01-18T21:44:32.121+0300] {dag.py:2705} INFO - Sync 1 DAGs
[2024-01-18T21:44:32.173+0300] {logging_mixin.py:137} INFO - [2024-01-18T21:44:32.173+0300] {dag.py:3452} INFO - Setting next_dagrun for tutorial to 2024-01-17T18:44:32.172601+00:00, run_after=2024-01-18T18:44:32.172601+00:00
[2024-01-18T21:44:32.217+0300] {processor.py:175} INFO - Processing /home/angry/mlops_4/venv4/lib/python3.10/site-packages/airflow/example_dags/tutorial.py took 0.194 seconds
[2024-01-18T21:45:24.159+0300] {processor.py:153} INFO - Started process (PID=4595) to work on /home/angry/mlops_4/venv4/lib/python3.10/site-packages/airflow/example_dags/tutorial.py
[2024-01-18T21:45:24.162+0300] {processor.py:743} INFO - Processing file /home/angry/mlops_4/venv4/lib/python3.10/site-packages/airflow/example_dags/tutorial.py for tasks to queue
[2024-01-18T21:45:24.163+0300] {logging_mixin.py:137} INFO - [2024-01-18T21:45:24.163+0300] {dagbag.py:532} INFO - Filling up the DagBag from /home/angry/mlops_4/venv4/lib/python3.10/site-packages/airflow/example_dags/tutorial.py
[2024-01-18T21:45:24.205+0300] {processor.py:753} INFO - DAG(s) dict_keys(['tutorial']) retrieved from /home/angry/mlops_4/venv4/lib/python3.10/site-packages/airflow/example_dags/tutorial.py
[2024-01-18T21:45:24.272+0300] {logging_mixin.py:137} INFO - [2024-01-18T21:45:24.271+0300] {dag.py:2705} INFO - Sync 1 DAGs
[2024-01-18T21:45:24.316+0300] {logging_mixin.py:137} INFO - [2024-01-18T21:45:24.315+0300] {dag.py:3452} INFO - Setting next_dagrun for tutorial to 2024-01-17T18:45:24.315224+00:00, run_after=2024-01-18T18:45:24.315224+00:00
[2024-01-18T21:45:24.359+0300] {processor.py:175} INFO - Processing /home/angry/mlops_4/venv4/lib/python3.10/site-packages/airflow/example_dags/tutorial.py took 0.211 seconds
[2024-01-18T21:46:14.291+0300] {processor.py:153} INFO - Started process (PID=4661) to work on /home/angry/mlops_4/venv4/lib/python3.10/site-packages/airflow/example_dags/tutorial.py
[2024-01-18T21:46:14.294+0300] {processor.py:743} INFO - Processing file /home/angry/mlops_4/venv4/lib/python3.10/site-packages/airflow/example_dags/tutorial.py for tasks to queue
[2024-01-18T21:46:14.295+0300] {logging_mixin.py:137} INFO - [2024-01-18T21:46:14.295+0300] {dagbag.py:532} INFO - Filling up the DagBag from /home/angry/mlops_4/venv4/lib/python3.10/site-packages/airflow/example_dags/tutorial.py
[2024-01-18T21:46:14.337+0300] {processor.py:753} INFO - DAG(s) dict_keys(['tutorial']) retrieved from /home/angry/mlops_4/venv4/lib/python3.10/site-packages/airflow/example_dags/tutorial.py
[2024-01-18T21:46:14.379+0300] {logging_mixin.py:137} INFO - [2024-01-18T21:46:14.379+0300] {dag.py:2705} INFO - Sync 1 DAGs
[2024-01-18T21:46:14.422+0300] {logging_mixin.py:137} INFO - [2024-01-18T21:46:14.422+0300] {dag.py:3452} INFO - Setting next_dagrun for tutorial to 2024-01-17T18:46:14.421606+00:00, run_after=2024-01-18T18:46:14.421606+00:00
[2024-01-18T21:46:14.473+0300] {processor.py:175} INFO - Processing /home/angry/mlops_4/venv4/lib/python3.10/site-packages/airflow/example_dags/tutorial.py took 0.190 seconds
[2024-01-18T21:47:03.646+0300] {processor.py:153} INFO - Started process (PID=4716) to work on /home/angry/mlops_4/venv4/lib/python3.10/site-packages/airflow/example_dags/tutorial.py
[2024-01-18T21:47:03.651+0300] {processor.py:743} INFO - Processing file /home/angry/mlops_4/venv4/lib/python3.10/site-packages/airflow/example_dags/tutorial.py for tasks to queue
[2024-01-18T21:47:03.653+0300] {logging_mixin.py:137} INFO - [2024-01-18T21:47:03.653+0300] {dagbag.py:532} INFO - Filling up the DagBag from /home/angry/mlops_4/venv4/lib/python3.10/site-packages/airflow/example_dags/tutorial.py
[2024-01-18T21:47:03.690+0300] {processor.py:753} INFO - DAG(s) dict_keys(['tutorial']) retrieved from /home/angry/mlops_4/venv4/lib/python3.10/site-packages/airflow/example_dags/tutorial.py
[2024-01-18T21:47:03.733+0300] {logging_mixin.py:137} INFO - [2024-01-18T21:47:03.733+0300] {dag.py:2705} INFO - Sync 1 DAGs
[2024-01-18T21:47:03.775+0300] {logging_mixin.py:137} INFO - [2024-01-18T21:47:03.774+0300] {dag.py:3452} INFO - Setting next_dagrun for tutorial to 2024-01-17T18:47:03.774271+00:00, run_after=2024-01-18T18:47:03.774271+00:00
[2024-01-18T21:47:03.821+0300] {processor.py:175} INFO - Processing /home/angry/mlops_4/venv4/lib/python3.10/site-packages/airflow/example_dags/tutorial.py took 0.190 seconds
[2024-01-18T21:47:54.174+0300] {processor.py:153} INFO - Started process (PID=4790) to work on /home/angry/mlops_4/venv4/lib/python3.10/site-packages/airflow/example_dags/tutorial.py
[2024-01-18T21:47:54.177+0300] {processor.py:743} INFO - Processing file /home/angry/mlops_4/venv4/lib/python3.10/site-packages/airflow/example_dags/tutorial.py for tasks to queue
[2024-01-18T21:47:54.178+0300] {logging_mixin.py:137} INFO - [2024-01-18T21:47:54.178+0300] {dagbag.py:532} INFO - Filling up the DagBag from /home/angry/mlops_4/venv4/lib/python3.10/site-packages/airflow/example_dags/tutorial.py
[2024-01-18T21:47:54.214+0300] {processor.py:753} INFO - DAG(s) dict_keys(['tutorial']) retrieved from /home/angry/mlops_4/venv4/lib/python3.10/site-packages/airflow/example_dags/tutorial.py
[2024-01-18T21:47:54.255+0300] {logging_mixin.py:137} INFO - [2024-01-18T21:47:54.255+0300] {dag.py:2705} INFO - Sync 1 DAGs
[2024-01-18T21:47:54.294+0300] {logging_mixin.py:137} INFO - [2024-01-18T21:47:54.293+0300] {dag.py:3452} INFO - Setting next_dagrun for tutorial to 2024-01-17T18:47:54.293429+00:00, run_after=2024-01-18T18:47:54.293429+00:00
[2024-01-18T21:47:54.341+0300] {processor.py:175} INFO - Processing /home/angry/mlops_4/venv4/lib/python3.10/site-packages/airflow/example_dags/tutorial.py took 0.174 seconds
[2024-01-18T21:48:43.675+0300] {processor.py:153} INFO - Started process (PID=4849) to work on /home/angry/mlops_4/venv4/lib/python3.10/site-packages/airflow/example_dags/tutorial.py
[2024-01-18T21:48:43.678+0300] {processor.py:743} INFO - Processing file /home/angry/mlops_4/venv4/lib/python3.10/site-packages/airflow/example_dags/tutorial.py for tasks to queue
[2024-01-18T21:48:43.680+0300] {logging_mixin.py:137} INFO - [2024-01-18T21:48:43.679+0300] {dagbag.py:532} INFO - Filling up the DagBag from /home/angry/mlops_4/venv4/lib/python3.10/site-packages/airflow/example_dags/tutorial.py
[2024-01-18T21:48:43.716+0300] {processor.py:753} INFO - DAG(s) dict_keys(['tutorial']) retrieved from /home/angry/mlops_4/venv4/lib/python3.10/site-packages/airflow/example_dags/tutorial.py
[2024-01-18T21:48:43.761+0300] {logging_mixin.py:137} INFO - [2024-01-18T21:48:43.760+0300] {dag.py:2705} INFO - Sync 1 DAGs
[2024-01-18T21:48:43.802+0300] {logging_mixin.py:137} INFO - [2024-01-18T21:48:43.802+0300] {dag.py:3452} INFO - Setting next_dagrun for tutorial to 2024-01-17T18:48:43.801980+00:00, run_after=2024-01-18T18:48:43.801980+00:00
[2024-01-18T21:48:43.843+0300] {processor.py:175} INFO - Processing /home/angry/mlops_4/venv4/lib/python3.10/site-packages/airflow/example_dags/tutorial.py took 0.176 seconds
[2024-01-18T21:49:34.538+0300] {processor.py:153} INFO - Started process (PID=4898) to work on /home/angry/mlops_4/venv4/lib/python3.10/site-packages/airflow/example_dags/tutorial.py
[2024-01-18T21:49:34.541+0300] {processor.py:743} INFO - Processing file /home/angry/mlops_4/venv4/lib/python3.10/site-packages/airflow/example_dags/tutorial.py for tasks to queue
[2024-01-18T21:49:34.542+0300] {logging_mixin.py:137} INFO - [2024-01-18T21:49:34.542+0300] {dagbag.py:532} INFO - Filling up the DagBag from /home/angry/mlops_4/venv4/lib/python3.10/site-packages/airflow/example_dags/tutorial.py
[2024-01-18T21:49:34.577+0300] {processor.py:753} INFO - DAG(s) dict_keys(['tutorial']) retrieved from /home/angry/mlops_4/venv4/lib/python3.10/site-packages/airflow/example_dags/tutorial.py
[2024-01-18T21:49:34.618+0300] {logging_mixin.py:137} INFO - [2024-01-18T21:49:34.618+0300] {dag.py:2705} INFO - Sync 1 DAGs
[2024-01-18T21:49:34.661+0300] {logging_mixin.py:137} INFO - [2024-01-18T21:49:34.661+0300] {dag.py:3452} INFO - Setting next_dagrun for tutorial to 2024-01-17T18:49:34.660478+00:00, run_after=2024-01-18T18:49:34.660478+00:00
[2024-01-18T21:49:34.704+0300] {processor.py:175} INFO - Processing /home/angry/mlops_4/venv4/lib/python3.10/site-packages/airflow/example_dags/tutorial.py took 0.175 seconds
[2024-01-18T21:50:25.749+0300] {processor.py:153} INFO - Started process (PID=4945) to work on /home/angry/mlops_4/venv4/lib/python3.10/site-packages/airflow/example_dags/tutorial.py
[2024-01-18T21:50:25.751+0300] {processor.py:743} INFO - Processing file /home/angry/mlops_4/venv4/lib/python3.10/site-packages/airflow/example_dags/tutorial.py for tasks to queue
[2024-01-18T21:50:25.753+0300] {logging_mixin.py:137} INFO - [2024-01-18T21:50:25.752+0300] {dagbag.py:532} INFO - Filling up the DagBag from /home/angry/mlops_4/venv4/lib/python3.10/site-packages/airflow/example_dags/tutorial.py
[2024-01-18T21:50:25.794+0300] {processor.py:753} INFO - DAG(s) dict_keys(['tutorial']) retrieved from /home/angry/mlops_4/venv4/lib/python3.10/site-packages/airflow/example_dags/tutorial.py
[2024-01-18T21:50:25.838+0300] {logging_mixin.py:137} INFO - [2024-01-18T21:50:25.838+0300] {dag.py:2705} INFO - Sync 1 DAGs
[2024-01-18T21:50:25.879+0300] {logging_mixin.py:137} INFO - [2024-01-18T21:50:25.879+0300] {dag.py:3452} INFO - Setting next_dagrun for tutorial to 2024-01-17T18:50:25.878997+00:00, run_after=2024-01-18T18:50:25.878997+00:00
[2024-01-18T21:50:25.918+0300] {processor.py:175} INFO - Processing /home/angry/mlops_4/venv4/lib/python3.10/site-packages/airflow/example_dags/tutorial.py took 0.183 seconds
[2024-01-18T21:51:16.493+0300] {processor.py:153} INFO - Started process (PID=4995) to work on /home/angry/mlops_4/venv4/lib/python3.10/site-packages/airflow/example_dags/tutorial.py
[2024-01-18T21:51:16.495+0300] {processor.py:743} INFO - Processing file /home/angry/mlops_4/venv4/lib/python3.10/site-packages/airflow/example_dags/tutorial.py for tasks to queue
[2024-01-18T21:51:16.497+0300] {logging_mixin.py:137} INFO - [2024-01-18T21:51:16.496+0300] {dagbag.py:532} INFO - Filling up the DagBag from /home/angry/mlops_4/venv4/lib/python3.10/site-packages/airflow/example_dags/tutorial.py
[2024-01-18T21:51:16.531+0300] {processor.py:753} INFO - DAG(s) dict_keys(['tutorial']) retrieved from /home/angry/mlops_4/venv4/lib/python3.10/site-packages/airflow/example_dags/tutorial.py
[2024-01-18T21:51:16.581+0300] {logging_mixin.py:137} INFO - [2024-01-18T21:51:16.581+0300] {dag.py:2705} INFO - Sync 1 DAGs
[2024-01-18T21:51:16.620+0300] {logging_mixin.py:137} INFO - [2024-01-18T21:51:16.620+0300] {dag.py:3452} INFO - Setting next_dagrun for tutorial to 2024-01-17T18:51:16.620203+00:00, run_after=2024-01-18T18:51:16.620203+00:00
[2024-01-18T21:51:16.659+0300] {processor.py:175} INFO - Processing /home/angry/mlops_4/venv4/lib/python3.10/site-packages/airflow/example_dags/tutorial.py took 0.174 seconds
[2024-01-18T21:52:10.596+0300] {processor.py:153} INFO - Started process (PID=5048) to work on /home/angry/mlops_4/venv4/lib/python3.10/site-packages/airflow/example_dags/tutorial.py
[2024-01-18T21:52:10.602+0300] {processor.py:743} INFO - Processing file /home/angry/mlops_4/venv4/lib/python3.10/site-packages/airflow/example_dags/tutorial.py for tasks to queue
[2024-01-18T21:52:10.604+0300] {logging_mixin.py:137} INFO - [2024-01-18T21:52:10.603+0300] {dagbag.py:532} INFO - Filling up the DagBag from /home/angry/mlops_4/venv4/lib/python3.10/site-packages/airflow/example_dags/tutorial.py
[2024-01-18T21:52:10.694+0300] {processor.py:753} INFO - DAG(s) dict_keys(['tutorial']) retrieved from /home/angry/mlops_4/venv4/lib/python3.10/site-packages/airflow/example_dags/tutorial.py
[2024-01-18T21:52:10.825+0300] {logging_mixin.py:137} INFO - [2024-01-18T21:52:10.824+0300] {dag.py:2705} INFO - Sync 1 DAGs
[2024-01-18T21:52:10.918+0300] {logging_mixin.py:137} INFO - [2024-01-18T21:52:10.917+0300] {dag.py:3452} INFO - Setting next_dagrun for tutorial to 2024-01-17T18:52:10.915616+00:00, run_after=2024-01-18T18:52:10.915616+00:00
[2024-01-18T21:52:11.025+0300] {processor.py:175} INFO - Processing /home/angry/mlops_4/venv4/lib/python3.10/site-packages/airflow/example_dags/tutorial.py took 0.444 seconds
[2024-01-18T21:53:09.373+0300] {processor.py:153} INFO - Started process (PID=5100) to work on /home/angry/mlops_4/venv4/lib/python3.10/site-packages/airflow/example_dags/tutorial.py
[2024-01-18T21:53:09.377+0300] {processor.py:743} INFO - Processing file /home/angry/mlops_4/venv4/lib/python3.10/site-packages/airflow/example_dags/tutorial.py for tasks to queue
[2024-01-18T21:53:09.379+0300] {logging_mixin.py:137} INFO - [2024-01-18T21:53:09.379+0300] {dagbag.py:532} INFO - Filling up the DagBag from /home/angry/mlops_4/venv4/lib/python3.10/site-packages/airflow/example_dags/tutorial.py
[2024-01-18T21:53:09.438+0300] {processor.py:753} INFO - DAG(s) dict_keys(['tutorial']) retrieved from /home/angry/mlops_4/venv4/lib/python3.10/site-packages/airflow/example_dags/tutorial.py
[2024-01-18T21:53:09.557+0300] {logging_mixin.py:137} INFO - [2024-01-18T21:53:09.555+0300] {dag.py:2705} INFO - Sync 1 DAGs
[2024-01-18T21:53:09.689+0300] {logging_mixin.py:137} INFO - [2024-01-18T21:53:09.689+0300] {dag.py:3452} INFO - Setting next_dagrun for tutorial to 2024-01-17T18:53:09.687426+00:00, run_after=2024-01-18T18:53:09.687426+00:00
[2024-01-18T21:53:09.789+0300] {processor.py:175} INFO - Processing /home/angry/mlops_4/venv4/lib/python3.10/site-packages/airflow/example_dags/tutorial.py took 0.426 seconds
[2024-01-18T21:54:08.672+0300] {processor.py:153} INFO - Started process (PID=5155) to work on /home/angry/mlops_4/venv4/lib/python3.10/site-packages/airflow/example_dags/tutorial.py
[2024-01-18T21:54:08.679+0300] {processor.py:743} INFO - Processing file /home/angry/mlops_4/venv4/lib/python3.10/site-packages/airflow/example_dags/tutorial.py for tasks to queue
[2024-01-18T21:54:08.681+0300] {logging_mixin.py:137} INFO - [2024-01-18T21:54:08.680+0300] {dagbag.py:532} INFO - Filling up the DagBag from /home/angry/mlops_4/venv4/lib/python3.10/site-packages/airflow/example_dags/tutorial.py
[2024-01-18T21:54:08.749+0300] {processor.py:753} INFO - DAG(s) dict_keys(['tutorial']) retrieved from /home/angry/mlops_4/venv4/lib/python3.10/site-packages/airflow/example_dags/tutorial.py
[2024-01-18T21:54:08.832+0300] {logging_mixin.py:137} INFO - [2024-01-18T21:54:08.832+0300] {dag.py:2705} INFO - Sync 1 DAGs
[2024-01-18T21:54:08.916+0300] {logging_mixin.py:137} INFO - [2024-01-18T21:54:08.916+0300] {dag.py:3452} INFO - Setting next_dagrun for tutorial to 2024-01-17T18:54:08.916039+00:00, run_after=2024-01-18T18:54:08.916039+00:00
[2024-01-18T21:54:09.020+0300] {processor.py:175} INFO - Processing /home/angry/mlops_4/venv4/lib/python3.10/site-packages/airflow/example_dags/tutorial.py took 0.361 seconds
[2024-01-18T22:00:17.680+0300] {processor.py:153} INFO - Started process (PID=5491) to work on /home/angry/mlops_4/venv4/lib/python3.10/site-packages/airflow/example_dags/tutorial.py
[2024-01-18T22:00:17.688+0300] {processor.py:743} INFO - Processing file /home/angry/mlops_4/venv4/lib/python3.10/site-packages/airflow/example_dags/tutorial.py for tasks to queue
[2024-01-18T22:00:17.698+0300] {logging_mixin.py:137} INFO - [2024-01-18T22:00:17.698+0300] {dagbag.py:532} INFO - Filling up the DagBag from /home/angry/mlops_4/venv4/lib/python3.10/site-packages/airflow/example_dags/tutorial.py
[2024-01-18T22:00:17.738+0300] {processor.py:753} INFO - DAG(s) dict_keys(['tutorial']) retrieved from /home/angry/mlops_4/venv4/lib/python3.10/site-packages/airflow/example_dags/tutorial.py
[2024-01-18T22:00:17.837+0300] {logging_mixin.py:137} INFO - [2024-01-18T22:00:17.837+0300] {dag.py:2705} INFO - Sync 1 DAGs
[2024-01-18T22:00:17.919+0300] {logging_mixin.py:137} INFO - [2024-01-18T22:00:17.919+0300] {dag.py:3452} INFO - Setting next_dagrun for tutorial to 2024-01-17T19:00:17.919069+00:00, run_after=2024-01-18T19:00:17.919069+00:00
[2024-01-18T22:00:17.996+0300] {processor.py:175} INFO - Processing /home/angry/mlops_4/venv4/lib/python3.10/site-packages/airflow/example_dags/tutorial.py took 0.335 seconds
